TN:
SF:/Users/tgermaneri/git/canvas-datagrid/lib/contextMenu.js
FN:3,(anonymous_1)
FN:5,(anonymous_2)
FN:7,createContextMenu
FN:16,createItems
FN:17,(anonymous_5)
FN:20,removeChildContext
FN:34,contextAddCallback
FN:53,createChildContext
FN:60,(anonymous_9)
FN:70,addItem
FN:71,addContent
FN:80,(anonymous_12)
FN:83,(anonymous_13)
FN:97,(anonymous_14)
FN:102,(anonymous_15)
FN:111,clickIndex
FN:114,checkArrowVisibility
FN:127,startHoverScroll
FN:128,t
FN:136,endHoverScroll
FN:137,(anonymous_21)
FN:141,init
FN:153,(anonymous_23)
FN:167,(anonymous_24)
FN:218,(anonymous_25)
FN:220,(anonymous_26)
FN:223,(anonymous_27)
FN:228,(anonymous_28)
FN:231,(anonymous_29)
FN:242,(anonymous_30)
FN:252,createFilterContextMenuItems
FN:260,checkRegExpErrorState
FN:268,fillAutoComplete
FN:270,(anonymous_34)
FN:270,(anonymous_35)
FN:275,(anonymous_36)
FN:284,(anonymous_37)
FN:288,createAutoCompleteContext
FN:311,(anonymous_39)
FN:335,(anonymous_40)
FN:339,(anonymous_41)
FN:344,(anonymous_42)
FN:351,(anonymous_43)
FN:361,(anonymous_44)
FN:365,removeFilterClick
FN:374,addDefaultContextMenuItem
FN:382,(anonymous_47)
FN:387,(anonymous_48)
FN:399,(anonymous_49)
FN:418,(anonymous_50)
FN:426,(anonymous_51)
FN:435,(anonymous_52)
FN:441,(anonymous_53)
FN:450,(anonymous_54)
FN:454,createDiposeEvent
FN:455,(anonymous_56)
FNF:56
FNH:46
FNDA:1,(anonymous_1)
FNDA:168,(anonymous_2)
FNDA:26,createContextMenu
FNDA:26,createItems
FNDA:469,(anonymous_5)
FNDA:1,removeChildContext
FNDA:4,contextAddCallback
FNDA:4,createChildContext
FNDA:1,(anonymous_9)
FNDA:469,addItem
FNDA:469,addContent
FNDA:4,(anonymous_12)
FNDA:1,(anonymous_13)
FNDA:1,(anonymous_14)
FNDA:5,(anonymous_15)
FNDA:3,clickIndex
FNDA:406,checkArrowVisibility
FNDA:52,startHoverScroll
FNDA:381,t
FNDA:52,endHoverScroll
FNDA:2,(anonymous_21)
FNDA:26,init
FNDA:52,(anonymous_23)
FNDA:0,(anonymous_24)
FNDA:26,(anonymous_25)
FNDA:3,(anonymous_26)
FNDA:78,(anonymous_27)
FNDA:6,(anonymous_28)
FNDA:11,(anonymous_29)
FNDA:16,(anonymous_30)
FNDA:13,createFilterContextMenuItems
FNDA:28,checkRegExpErrorState
FNDA:8,fillAutoComplete
FNDA:10,(anonymous_34)
FNDA:10,(anonymous_35)
FNDA:3,(anonymous_36)
FNDA:10,(anonymous_37)
FNDA:8,createAutoCompleteContext
FNDA:7,(anonymous_39)
FNDA:8,(anonymous_40)
FNDA:65,(anonymous_41)
FNDA:0,(anonymous_42)
FNDA:0,(anonymous_43)
FNDA:0,(anonymous_44)
FNDA:0,removeFilterClick
FNDA:14,addDefaultContextMenuItem
FNDA:0,(anonymous_47)
FNDA:0,(anonymous_48)
FNDA:1,(anonymous_49)
FNDA:1,(anonymous_50)
FNDA:0,(anonymous_51)
FNDA:167,(anonymous_52)
FNDA:164,(anonymous_53)
FNDA:14,(anonymous_54)
FNDA:0,createDiposeEvent
FNDA:0,(anonymous_56)
DA:3,1
DA:5,1
DA:6,168
DA:7,1
DA:8,26
DA:15,26
DA:16,1
DA:17,26
DA:18,469
DA:20,1
DA:21,1
DA:25,0
DA:26,1
DA:27,1
DA:28,1
DA:29,1
DA:30,1
DA:31,1
DA:32,1
DA:34,1
DA:36,4
DA:38,0
DA:40,4
DA:41,4
DA:47,4
DA:48,4
DA:49,4
DA:50,4
DA:51,4
DA:53,1
DA:54,4
DA:55,4
DA:56,0
DA:58,4
DA:59,4
DA:60,3
DA:61,1
DA:63,3
DA:64,2
DA:66,3
DA:68,1
DA:70,1
DA:71,1
DA:72,469
DA:73,0
DA:75,469
DA:76,13
DA:77,13
DA:79,456
DA:80,456
DA:81,4
DA:83,456
DA:84,1
DA:86,456
DA:87,456
DA:89,469
DA:90,469
DA:91,469
DA:92,4
DA:93,4
DA:94,4
DA:95,4
DA:96,4
DA:97,4
DA:98,1
DA:101,469
DA:102,52
DA:103,5
DA:107,469
DA:108,469
DA:111,1
DA:112,3
DA:114,1
DA:115,406
DA:116,379
DA:117,27
DA:118,27
DA:120,406
DA:121,20
DA:122,386
DA:124,386
DA:127,1
DA:128,52
DA:129,381
DA:130,381
DA:131,380
DA:132,380
DA:133,380
DA:136,1
DA:137,52
DA:138,2
DA:141,1
DA:142,26
DA:144,26
DA:145,26
DA:146,26
DA:147,26
DA:148,26
DA:149,26
DA:150,26
DA:151,26
DA:152,26
DA:153,26
DA:154,52
DA:155,52
DA:156,52
DA:158,26
DA:159,26
DA:160,8
DA:161,8
DA:162,8
DA:164,26
DA:165,26
DA:166,26
DA:167,26
DA:168,0
DA:169,0
DA:170,0
DA:172,0
DA:174,26
DA:175,26
DA:176,26
DA:177,26
DA:178,26
DA:179,26
DA:180,26
DA:181,16
DA:182,16
DA:183,16
DA:184,4
DA:187,26
DA:188,1
DA:189,1
DA:191,0
DA:194,26
DA:195,26
DA:196,26
DA:197,26
DA:198,26
DA:199,26
DA:200,26
DA:201,26
DA:202,26
DA:203,26
DA:204,26
DA:205,26
DA:206,26
DA:207,26
DA:209,26
DA:210,26
DA:211,26
DA:212,26
DA:213,26
DA:214,26
DA:215,26
DA:216,26
DA:217,26
DA:218,26
DA:219,26
DA:220,26
DA:221,3
DA:223,26
DA:224,78
DA:227,26
DA:229,6
DA:232,11
DA:233,0
DA:235,11
DA:236,11
DA:237,0
DA:239,11
DA:240,0
DA:242,11
DA:243,16
DA:244,11
DA:246,5
DA:250,26
DA:252,1
DA:253,13
DA:260,1
DA:261,28
DA:262,28
DA:263,28
DA:264,0
DA:265,0
DA:268,1
DA:269,8
DA:270,10
DA:271,10
DA:272,10
DA:273,10
DA:276,3
DA:277,3
DA:278,3
DA:279,3
DA:280,3
DA:284,8
DA:285,10
DA:288,1
DA:289,8
DA:290,8
DA:291,8
DA:292,8
DA:293,3
DA:294,3
DA:296,8
DA:304,8
DA:306,13
DA:307,13
DA:308,13
DA:309,13
DA:310,13
DA:311,13
DA:313,7
DA:314,2
DA:317,7
DA:318,1
DA:321,7
DA:322,2
DA:323,2
DA:326,7
DA:327,1
DA:328,1
DA:331,7
DA:332,1
DA:335,13
DA:336,8
DA:338,13
DA:339,13
DA:340,65
DA:342,13
DA:343,13
DA:344,13
DA:345,0
DA:346,0
DA:348,0
DA:350,13
DA:351,13
DA:352,0
DA:354,13
DA:355,13
DA:356,13
DA:357,13
DA:360,13
DA:361,0
DA:362,0
DA:363,0
DA:366,0
DA:367,0
DA:368,0
DA:374,1
DA:375,14
DA:378,14
DA:379,13
DA:381,14
DA:383,0
DA:385,0
DA:388,0
DA:389,0
DA:390,0
DA:394,14
DA:397,14
DA:400,1
DA:401,1
DA:402,1
DA:403,1
DA:404,1
DA:405,1
DA:406,1
DA:407,1
DA:408,1
DA:409,1
DA:410,1
DA:411,1
DA:415,14
DA:416,14
DA:419,1
DA:420,1
DA:421,1
DA:424,14
DA:427,0
DA:428,0
DA:429,0
DA:430,0
DA:435,168
DA:436,167
DA:437,5
DA:438,5
DA:441,168
DA:442,164
DA:443,164
DA:444,164
DA:445,164
DA:446,14
DA:448,164
DA:450,168
DA:451,14
DA:452,0
DA:454,1
DA:455,0
DA:456,0
DA:457,0
DA:460,14
DA:467,14
DA:468,14
DA:470,14
DA:471,0
DA:473,14
DA:474,14
DA:475,0
DA:477,14
DA:485,14
DA:486,14
DA:489,168
LF:314
LH:275
BRDA:15,1,0,0
BRDA:15,1,1,26
BRDA:21,2,0,0
BRDA:21,2,1,1
BRDA:21,3,0,1
BRDA:21,3,1,1
BRDA:21,3,2,1
BRDA:21,3,3,1
BRDA:36,4,0,0
BRDA:36,4,1,4
BRDA:36,5,0,4
BRDA:36,5,1,4
BRDA:55,6,0,0
BRDA:55,6,1,4
BRDA:59,7,0,3
BRDA:59,7,1,1
BRDA:63,8,0,2
BRDA:63,8,1,1
BRDA:63,9,0,3
BRDA:63,9,1,2
BRDA:72,10,0,0
BRDA:72,10,1,469
BRDA:75,11,0,13
BRDA:75,11,1,456
BRDA:91,12,0,4
BRDA:91,12,1,465
BRDA:91,13,0,469
BRDA:91,13,1,4
BRDA:91,13,2,467
BRDA:101,14,0,52
BRDA:101,14,1,417
BRDA:115,15,0,379
BRDA:115,15,1,27
BRDA:117,16,0,27
BRDA:117,16,1,0
BRDA:120,17,0,20
BRDA:120,17,1,386
BRDA:120,18,0,406
BRDA:120,18,1,20
BRDA:122,19,0,386
BRDA:122,19,1,0
BRDA:122,20,0,386
BRDA:122,20,1,386
BRDA:130,21,0,1
BRDA:130,21,1,380
BRDA:130,22,0,381
BRDA:130,22,1,191
BRDA:131,23,0,0
BRDA:131,23,1,380
BRDA:131,24,0,380
BRDA:131,24,1,190
BRDA:132,25,0,190
BRDA:132,25,1,190
BRDA:159,26,0,8
BRDA:159,26,1,18
BRDA:159,27,0,26
BRDA:159,27,1,12
BRDA:168,28,0,0
BRDA:168,28,1,0
BRDA:180,29,0,16
BRDA:180,29,1,10
BRDA:180,30,0,26
BRDA:180,30,1,16
BRDA:180,31,0,16
BRDA:180,31,1,4
BRDA:182,32,0,4
BRDA:182,32,1,12
BRDA:183,33,0,4
BRDA:183,33,1,12
BRDA:187,34,0,1
BRDA:187,34,1,25
BRDA:188,35,0,1
BRDA:188,35,1,0
BRDA:224,36,0,32
BRDA:224,36,1,46
BRDA:232,37,0,0
BRDA:232,37,1,11
BRDA:232,38,0,11
BRDA:232,38,1,11
BRDA:232,39,0,11
BRDA:232,39,1,9
BRDA:236,40,0,0
BRDA:236,40,1,11
BRDA:239,41,0,0
BRDA:239,41,1,11
BRDA:243,42,0,11
BRDA:243,42,1,5
BRDA:257,43,0,13
BRDA:257,43,1,0
BRDA:257,44,0,13
BRDA:257,44,1,13
BRDA:257,45,0,13
BRDA:257,45,1,0
BRDA:263,46,0,0
BRDA:263,46,1,28
BRDA:272,47,0,0
BRDA:272,47,1,10
BRDA:274,48,0,10
BRDA:274,48,1,0
BRDA:289,49,0,0
BRDA:289,49,1,8
BRDA:289,50,0,8
BRDA:289,50,1,8
BRDA:292,51,0,3
BRDA:292,51,1,5
BRDA:313,52,0,2
BRDA:313,52,1,5
BRDA:317,53,0,1
BRDA:317,53,1,6
BRDA:321,54,0,2
BRDA:321,54,1,5
BRDA:326,55,0,1
BRDA:326,55,1,6
BRDA:331,56,0,1
BRDA:331,56,1,6
BRDA:342,57,0,13
BRDA:342,57,1,0
BRDA:342,58,0,13
BRDA:342,58,1,13
BRDA:345,59,0,0
BRDA:345,59,1,0
BRDA:360,60,0,0
BRDA:360,60,1,13
BRDA:364,61,0,0
BRDA:364,61,1,0
BRDA:375,62,0,14
BRDA:375,62,1,14
BRDA:375,63,0,14
BRDA:375,63,1,14
BRDA:375,63,2,14
BRDA:375,63,3,14
BRDA:375,63,4,14
BRDA:378,64,0,13
BRDA:378,64,1,1
BRDA:378,65,0,14
BRDA:378,65,1,13
BRDA:381,66,0,0
BRDA:381,66,1,14
BRDA:381,67,0,14
BRDA:381,67,1,14
BRDA:394,68,0,14
BRDA:394,68,1,0
BRDA:394,69,0,14
BRDA:394,69,1,14
BRDA:394,69,2,14
BRDA:394,69,3,14
BRDA:415,70,0,14
BRDA:415,70,1,0
BRDA:415,71,0,14
BRDA:415,71,1,14
BRDA:415,71,2,14
BRDA:417,72,0,14
BRDA:417,72,1,0
BRDA:425,73,0,14
BRDA:425,73,1,0
BRDA:436,74,0,5
BRDA:436,74,1,162
BRDA:445,75,0,14
BRDA:445,75,1,150
BRDA:451,76,0,0
BRDA:451,76,1,14
BRDA:451,77,0,14
BRDA:451,77,1,14
BRDA:461,78,0,14
BRDA:461,78,1,14
BRDA:467,79,0,14
BRDA:467,79,1,0
BRDA:470,80,0,0
BRDA:470,80,1,14
BRDA:473,81,0,14
BRDA:473,81,1,0
BRDA:474,82,0,0
BRDA:474,82,1,14
BRF:173
BRH:137
end_of_record
TN:
SF:/Users/tgermaneri/git/canvas-datagrid/lib/defaults.js
FN:3,(anonymous_1)
FN:5,(anonymous_2)
FNF:2
FNH:2
FNDA:1,(anonymous_1)
FNDA:169,(anonymous_2)
DA:3,1
DA:5,1
DA:6,169
LF:3
LH:3
BRF:0
BRH:0
end_of_record
TN:
SF:/Users/tgermaneri/git/canvas-datagrid/lib/dom.js
FN:3,(anonymous_1)
FN:5,(anonymous_2)
FN:13,(anonymous_3)
FN:16,abortEdit
FN:63,(anonymous_5)
FN:77,postDraw
FN:87,(anonymous_7)
FN:109,(anonymous_8)
FN:126,(anonymous_9)
FN:171,(anonymous_10)
FN:311,(anonymous_11)
FN:317,(anonymous_12)
FN:354,(anonymous_13)
FN:361,(anonymous_14)
FN:362,(anonymous_15)
FN:366,(anonymous_16)
FN:385,(anonymous_17)
FNF:17
FNH:14
FNDA:1,(anonymous_1)
FNDA:168,(anonymous_2)
FNDA:19,(anonymous_3)
FNDA:1,abortEdit
FNDA:20,(anonymous_5)
FNDA:19,postDraw
FNDA:6,(anonymous_7)
FNDA:0,(anonymous_8)
FNDA:10,(anonymous_9)
FNDA:727,(anonymous_10)
FNDA:7106,(anonymous_11)
FNDA:168,(anonymous_12)
FNDA:78,(anonymous_13)
FNDA:0,(anonymous_14)
FNDA:0,(anonymous_15)
FNDA:168,(anonymous_16)
FNDA:168,(anonymous_17)
DA:3,1
DA:5,1
DA:13,168
DA:14,19
DA:16,1
DA:17,1
DA:19,19
DA:25,0
DA:26,19
DA:27,4
DA:28,4
DA:29,4
DA:30,4
DA:31,1
DA:37,0
DA:38,1
DA:39,1
DA:40,1
DA:42,4
DA:44,19
DA:45,19
DA:46,19
DA:52,19
DA:53,19
DA:63,168
DA:64,20
DA:65,19
DA:68,19
DA:69,19
DA:70,19
DA:71,19
DA:72,2
DA:74,17
DA:77,1
DA:78,19
DA:79,19
DA:80,19
DA:82,2
DA:83,0
DA:84,2
DA:85,2
DA:87,2
DA:88,6
DA:91,6
DA:92,3
DA:93,3
DA:95,3
DA:96,3
DA:98,6
DA:99,6
DA:100,6
DA:101,6
DA:103,2
DA:104,2
DA:105,2
DA:106,2
DA:107,2
DA:109,2
DA:110,0
DA:111,0
DA:114,19
DA:115,19
DA:116,19
DA:117,19
DA:118,19
DA:119,19
DA:120,19
DA:121,19
DA:122,19
DA:123,19
DA:124,19
DA:125,19
DA:126,19
DA:127,10
DA:130,10
DA:131,1
DA:132,1
DA:134,9
DA:137,4
DA:138,4
DA:139,5
DA:140,5
DA:141,5
DA:142,0
DA:144,5
DA:145,1
DA:147,4
DA:149,5
DA:150,1
DA:151,1
DA:153,5
DA:154,1
DA:155,1
DA:157,5
DA:158,1
DA:160,5
DA:161,0
DA:163,5
DA:164,5
DA:168,19
DA:169,19
DA:171,168
DA:172,727
DA:310,727
DA:311,727
DA:312,7106
DA:315,727
DA:317,168
DA:318,168
DA:319,168
DA:320,168
DA:321,168
DA:322,6
DA:323,6
DA:324,6
DA:325,6
DA:326,6
DA:327,6
DA:328,6
DA:330,162
DA:331,162
DA:332,162
DA:333,162
DA:334,162
DA:335,162
DA:336,162
DA:337,162
DA:338,0
DA:339,0
DA:340,0
DA:341,0
DA:342,162
DA:343,1
DA:344,1
DA:346,161
DA:347,161
DA:348,161
DA:350,162
DA:351,162
DA:352,162
DA:354,168
DA:355,78
DA:356,78
DA:359,168
DA:360,168
DA:361,168
DA:362,0
DA:363,0
DA:366,168
DA:367,168
DA:368,167
DA:371,168
DA:372,168
DA:373,168
DA:374,168
DA:375,168
DA:376,168
DA:377,168
DA:378,168
DA:379,168
DA:380,168
DA:381,168
DA:382,168
DA:383,168
DA:385,168
DA:386,168
LF:166
LH:153
BRDA:19,1,0,0
BRDA:19,1,1,19
BRDA:26,2,0,4
BRDA:26,2,1,15
BRDA:26,3,0,19
BRDA:26,3,1,5
BRDA:27,4,0,4
BRDA:27,4,1,4
BRDA:30,5,0,1
BRDA:30,5,1,3
BRDA:31,6,0,0
BRDA:31,6,1,1
BRDA:64,7,0,1
BRDA:64,7,1,19
BRDA:68,8,0,0
BRDA:68,8,1,19
BRDA:71,9,0,2
BRDA:71,9,1,17
BRDA:74,10,0,1
BRDA:74,10,1,16
BRDA:80,11,0,2
BRDA:80,11,1,17
BRDA:82,12,0,0
BRDA:82,12,1,2
BRDA:84,13,0,2
BRDA:84,13,1,0
BRDA:91,14,0,3
BRDA:91,14,1,3
BRDA:98,15,0,0
BRDA:98,15,1,6
BRDA:103,16,0,2
BRDA:103,16,1,0
BRDA:130,17,0,1
BRDA:130,17,1,9
BRDA:134,18,0,4
BRDA:134,18,1,5
BRDA:134,19,0,9
BRDA:134,19,1,4
BRDA:134,19,2,0
BRDA:134,19,3,0
BRDA:139,20,0,5
BRDA:139,20,1,0
BRDA:141,21,0,0
BRDA:141,21,1,5
BRDA:144,22,0,1
BRDA:144,22,1,4
BRDA:149,23,0,1
BRDA:149,23,1,4
BRDA:153,24,0,1
BRDA:153,24,1,4
BRDA:157,25,0,1
BRDA:157,25,1,4
BRDA:160,26,0,0
BRDA:160,26,1,5
BRDA:310,27,0,727
BRDA:310,27,1,0
BRDA:318,28,0,168
BRDA:318,28,1,1
BRDA:321,29,0,6
BRDA:321,29,1,162
BRDA:321,30,0,168
BRDA:321,30,1,168
BRDA:337,31,0,0
BRDA:337,31,1,162
BRDA:342,32,0,1
BRDA:342,32,1,161
BRDA:355,33,0,78
BRDA:355,33,1,0
BRDA:360,34,0,168
BRDA:360,34,1,0
BRDA:367,35,0,1
BRDA:367,35,1,167
BRDA:380,36,0,6
BRDA:380,36,1,162
BRF:74
BRH:58
end_of_record
TN:
SF:/Users/tgermaneri/git/canvas-datagrid/lib/draw.js
FN:3,(anonymous_1)
FN:5,(anonymous_2)
FN:10,drawOnAllImagesLoaded
FN:12,(anonymous_4)
FN:21,drawHtml
FN:40,(anonymous_6)
FN:54,drawOrderByArrow
FN:79,drawTreeArrow
FN:104,radiusRect
FN:119,fillRect
FN:124,strokeRect
FN:129,fillText
FN:134,addBorderLine
FN:137,(anonymous_14)
FN:141,(anonymous_15)
FN:145,(anonymous_16)
FN:149,(anonymous_17)
FN:157,addEllipsis
FN:169,drawText
FN:198,(anonymous_20)
FN:226,drawScrollBars
FN:340,drawCell
FN:341,drawEach
FN:576,drawRowHeader
FN:595,drawHeaders
FN:597,(anonymous_26)
FN:661,drawRow
FN:724,initDraw
FN:736,drawBackground
FN:742,drawRows
FN:768,drawReorderMarkers
FN:813,drawBorder
FN:818,drawSelectionBorders
FN:821,(anonymous_34)
FN:825,drawActiveCell
FN:839,drawDebug
FN:845,(anonymous_37)
FN:849,(anonymous_38)
FN:875,(anonymous_39)
FNF:39
FNH:35
FNDA:1,(anonymous_1)
FNDA:168,(anonymous_2)
FNDA:0,drawOnAllImagesLoaded
FNDA:0,(anonymous_4)
FNDA:0,drawHtml
FNDA:0,(anonymous_6)
FNDA:34,drawOrderByArrow
FNDA:355,drawTreeArrow
FNDA:30649,radiusRect
FNDA:30615,fillRect
FNDA:32353,strokeRect
FNDA:24398,fillText
FNDA:2090,addBorderLine
FNDA:459,(anonymous_14)
FNDA:562,(anonymous_15)
FNDA:453,(anonymous_16)
FNDA:616,(anonymous_17)
FNDA:24291,addEllipsis
FNDA:24291,drawText
FNDA:2214,(anonymous_20)
FNDA:2069,drawScrollBars
FNDA:24317,drawCell
FNDA:24317,drawEach
FNDA:5698,drawRowHeader
FNDA:2069,drawHeaders
FNDA:5698,(anonymous_26)
FNDA:6038,drawRow
FNDA:2069,initDraw
FNDA:2069,drawBackground
FNDA:2069,drawRows
FNDA:2069,drawReorderMarkers
FNDA:2069,drawBorder
FNDA:2069,drawSelectionBorders
FNDA:2080,(anonymous_34)
FNDA:2069,drawActiveCell
FNDA:2069,drawDebug
FNDA:28,(anonymous_37)
FNDA:28,(anonymous_38)
FNDA:107,(anonymous_39)
DA:3,1
DA:5,1
DA:6,168
DA:9,168
DA:10,1
DA:11,0
DA:12,0
DA:13,0
DA:14,0
DA:17,0
DA:18,0
DA:21,1
DA:22,0
DA:26,0
DA:27,0
DA:28,0
DA:30,0
DA:32,0
DA:33,0
DA:35,0
DA:38,0
DA:39,0
DA:40,0
DA:41,0
DA:42,0
DA:44,0
DA:54,1
DA:55,34
DA:56,34
DA:57,34
DA:58,34
DA:59,34
DA:60,34
DA:61,34
DA:62,34
DA:63,32
DA:64,32
DA:65,32
DA:66,32
DA:68,2
DA:69,2
DA:70,2
DA:71,2
DA:73,34
DA:74,34
DA:75,34
DA:79,1
DA:80,355
DA:81,355
DA:82,355
DA:83,355
DA:84,355
DA:85,355
DA:86,355
DA:87,355
DA:88,143
DA:89,143
DA:90,143
DA:91,143
DA:93,212
DA:94,212
DA:95,212
DA:96,212
DA:98,355
DA:99,355
DA:100,355
DA:104,1
DA:105,30649
DA:106,30649
DA:107,30649
DA:108,30649
DA:109,30649
DA:110,30649
DA:111,30649
DA:112,30649
DA:113,30649
DA:114,30649
DA:115,30649
DA:116,30649
DA:117,30649
DA:119,1
DA:120,30615
DA:121,30615
DA:122,30615
DA:124,1
DA:125,32353
DA:126,32353
DA:127,32353
DA:129,1
DA:130,24398
DA:131,24398
DA:132,24398
DA:134,1
DA:135,2090
DA:136,2090
DA:138,459
DA:139,459
DA:142,562
DA:143,562
DA:146,453
DA:147,453
DA:150,616
DA:151,616
DA:154,2090
DA:155,2090
DA:157,1
DA:158,24291
DA:159,24291
DA:160,14540
DA:163,9751
DA:164,9751
DA:165,9751
DA:166,9751
DA:167,9751
DA:169,1
DA:170,24291
DA:176,24291
DA:177,24291
DA:178,24291
DA:179,0
DA:180,24291
DA:181,0
DA:183,24291
DA:184,0
DA:185,24291
DA:186,0
DA:188,24291
DA:189,24291
DA:190,24291
DA:198,168
DA:199,2214
DA:200,2214
DA:201,0
DA:203,2214
DA:204,145
DA:205,145
DA:207,2069
DA:208,0
DA:211,2069
DA:220,2069
DA:221,2069
DA:223,2069
DA:224,161
DA:226,1
DA:227,2069
DA:266,2069
DA:267,2069
DA:269,2069
DA:270,2069
DA:271,2069
DA:272,2069
DA:273,2069
DA:274,2069
DA:275,2069
DA:277,2069
DA:278,2069
DA:281,2069
DA:282,2069
DA:283,2069
DA:284,2069
DA:285,23
DA:287,2069
DA:288,476
DA:289,476
DA:290,476
DA:293,2069
DA:294,2069
DA:295,2069
DA:296,2069
DA:297,2069
DA:298,2069
DA:299,2069
DA:301,2069
DA:302,2069
DA:305,2069
DA:306,2069
DA:307,2069
DA:308,2069
DA:309,63
DA:311,2069
DA:312,1718
DA:313,1718
DA:314,1718
DA:317,2069
DA:318,2069
DA:319,2069
DA:320,2069
DA:321,2069
DA:322,2069
DA:323,2069
DA:324,2069
DA:325,2069
DA:326,2069
DA:327,2069
DA:328,2069
DA:329,2069
DA:330,2069
DA:331,2069
DA:335,2069
DA:340,1
DA:341,24317
DA:342,24317
DA:367,24317
DA:368,378
DA:371,24317
DA:372,64
DA:374,24317
DA:375,49
DA:377,24317
DA:378,1845
DA:380,24317
DA:381,7767
DA:383,24317
DA:384,24317
DA:385,24317
DA:386,24317
DA:387,24317
DA:388,2069
DA:389,2069
DA:390,22248
DA:391,5698
DA:392,16550
DA:393,4683
DA:395,24317
DA:435,24317
DA:436,24317
DA:437,24317
DA:438,24317
DA:439,24317
DA:440,24317
DA:441,24317
DA:442,24317
DA:443,24317
DA:444,223
DA:445,223
DA:447,24317
DA:448,1161
DA:449,1161
DA:451,24317
DA:452,3914
DA:454,24317
DA:455,24317
DA:456,26
DA:457,0
DA:458,0
DA:460,26
DA:462,24317
DA:463,287
DA:465,24317
DA:466,24291
DA:467,24291
DA:469,24317
DA:470,24317
DA:471,24317
DA:472,24317
DA:473,24317
DA:474,0
DA:475,0
DA:477,24317
DA:478,0
DA:479,0
DA:481,24317
DA:482,355
DA:483,355
DA:486,24317
DA:488,24317
DA:489,26
DA:490,3
DA:491,3
DA:492,3
DA:493,3
DA:494,3
DA:495,3
DA:497,3
DA:499,26
DA:500,26
DA:501,26
DA:502,26
DA:503,26
DA:505,24291
DA:506,0
DA:508,24291
DA:509,34
DA:510,34
DA:513,24291
DA:514,24291
DA:515,223
DA:517,24291
DA:518,1161
DA:520,24291
DA:521,3914
DA:523,24291
DA:524,24291
DA:525,24291
DA:526,24291
DA:527,24291
DA:529,24291
DA:530,0
DA:531,0
DA:534,24291
DA:535,24291
DA:536,54
DA:538,24291
DA:539,24291
DA:540,0
DA:542,24291
DA:547,24317
DA:548,1845
DA:550,24317
DA:551,1129
DA:555,453
DA:557,1129
DA:559,453
DA:561,1129
DA:563,612
DA:565,1129
DA:567,562
DA:570,24317
DA:571,24317
DA:572,24317
DA:576,1
DA:577,5698
DA:578,5698
DA:579,5698
DA:580,5698
DA:581,5698
DA:582,5698
DA:590,5698
DA:591,5698
DA:592,5698
DA:595,1
DA:596,2069
DA:597,2069
DA:598,5698
DA:599,5698
DA:600,5698
DA:602,2069
DA:603,2069
DA:604,2069
DA:605,2069
DA:607,2069
DA:609,2069
DA:610,2069
DA:611,4683
DA:612,4683
DA:613,4683
DA:622,4683
DA:623,4683
DA:624,4683
DA:625,4683
DA:626,4683
DA:627,1605
DA:631,2069
DA:632,378
DA:641,378
DA:642,378
DA:645,2069
DA:646,2069
DA:647,2069
DA:648,2069
DA:649,2069
DA:656,2069
DA:657,2069
DA:661,1
DA:662,6038
DA:663,6038
DA:664,358
DA:666,5680
DA:667,5680
DA:668,5680
DA:669,5680
DA:670,5680
DA:671,5680
DA:672,0
DA:674,5680
DA:675,5680
DA:677,5680
DA:678,5680
DA:679,11471
DA:680,11471
DA:681,11471
DA:682,4831
DA:686,5680
DA:687,5680
DA:689,5680
DA:690,5680
DA:691,143
DA:692,143
DA:705,143
DA:715,143
DA:716,5537
DA:717,0
DA:718,0
DA:720,5680
DA:721,5680
DA:722,5680
DA:724,1
DA:725,2069
DA:726,2069
DA:727,2069
DA:728,2069
DA:729,2069
DA:730,2069
DA:731,2069
DA:732,2069
DA:733,1900
DA:736,1
DA:737,2069
DA:738,2069
DA:739,2069
DA:740,2069
DA:742,1
DA:743,2069
DA:744,2069
DA:745,2069
DA:746,2069
DA:747,6038
DA:748,6038
DA:749,358
DA:752,2069
DA:753,18
DA:754,18
DA:756,18
DA:757,18
DA:758,18
DA:759,18
DA:760,18
DA:761,18
DA:762,0
DA:765,18
DA:768,1
DA:769,2069
DA:770,10
DA:782,10
DA:783,10
DA:784,10
DA:785,10
DA:786,6
DA:787,6
DA:788,6
DA:789,6
DA:790,6
DA:791,6
DA:792,6
DA:793,6
DA:794,6
DA:796,6
DA:798,4
DA:799,4
DA:800,4
DA:801,4
DA:802,4
DA:803,4
DA:804,4
DA:805,4
DA:806,4
DA:807,4
DA:809,4
DA:813,1
DA:814,2069
DA:815,2069
DA:816,2069
DA:818,1
DA:819,2069
DA:820,2069
DA:821,2069
DA:822,2080
DA:825,1
DA:826,2069
DA:827,1845
DA:828,9
DA:829,9
DA:830,9
DA:831,9
DA:834,1836
DA:835,1836
DA:836,1836
DA:839,1
DA:840,2069
DA:841,2069
DA:842,2069
DA:843,7
DA:844,7
DA:845,7
DA:846,28
DA:849,28
DA:850,7
DA:851,7
DA:852,7
DA:853,7
DA:854,7
DA:855,7
DA:857,7
DA:858,7
DA:859,7
DA:861,7
DA:862,7
DA:863,7
DA:864,7
DA:865,2
DA:866,2
DA:867,2
DA:868,2
DA:869,2
DA:870,2
DA:871,2
DA:872,2
DA:874,7
DA:875,7
DA:876,107
DA:878,107
DA:879,107
DA:880,107
DA:881,107
DA:883,7
DA:886,2069
DA:887,2069
DA:888,2069
DA:889,2069
DA:890,2069
DA:891,2069
DA:892,2069
DA:893,2069
DA:894,2069
DA:895,2069
DA:896,3
DA:898,2069
DA:899,2069
DA:900,2069
DA:901,2069
LF:530
LH:490
BRDA:13,1,0,0
BRDA:13,1,1,0
BRDA:17,2,0,0
BRDA:17,2,1,0
BRDA:23,3,0,0
BRDA:23,3,1,0
BRDA:26,4,0,0
BRDA:26,4,1,0
BRDA:28,5,0,0
BRDA:28,5,1,0
BRDA:28,6,0,0
BRDA:28,6,1,0
BRDA:32,7,0,0
BRDA:32,7,1,0
BRDA:62,8,0,32
BRDA:62,8,1,2
BRDA:87,9,0,143
BRDA:87,9,1,212
BRDA:159,10,0,14540
BRDA:159,10,1,9751
BRDA:159,11,0,24291
BRDA:159,11,1,15785
BRDA:164,12,0,9751
BRDA:164,12,1,8506
BRDA:178,13,0,0
BRDA:178,13,1,24291
BRDA:180,14,0,0
BRDA:180,14,1,24291
BRDA:183,15,0,0
BRDA:183,15,1,24291
BRDA:185,16,0,0
BRDA:185,16,1,24291
BRDA:199,17,0,0
BRDA:199,17,1,2214
BRDA:200,18,0,0
BRDA:200,18,1,2214
BRDA:200,19,0,2214
BRDA:200,19,1,1900
BRDA:200,19,2,1900
BRDA:203,20,0,145
BRDA:203,20,1,2069
BRDA:203,21,0,2214
BRDA:203,21,1,314
BRDA:207,22,0,0
BRDA:207,22,1,2069
BRDA:216,23,0,2069
BRDA:216,23,1,1679
BRDA:223,24,0,161
BRDA:223,24,1,1908
BRDA:284,25,0,23
BRDA:284,25,1,2046
BRDA:287,26,0,476
BRDA:287,26,1,1593
BRDA:308,27,0,63
BRDA:308,27,1,2006
BRDA:311,28,0,1718
BRDA:311,28,1,351
BRDA:342,29,0,24317
BRDA:342,29,1,11489
BRDA:349,30,0,24317
BRDA:349,30,1,1954
BRDA:350,31,0,24317
BRDA:350,31,1,599
BRDA:351,32,0,24317
BRDA:351,32,1,5906
BRDA:352,33,0,24317
BRDA:352,33,1,34
BRDA:352,33,2,26
BRDA:353,34,0,3914
BRDA:353,34,1,20403
BRDA:353,35,0,24317
BRDA:353,35,1,18411
BRDA:353,35,2,11230
BRDA:353,35,3,9256
BRDA:356,36,0,1974
BRDA:356,36,1,1940
BRDA:358,37,0,24317
BRDA:358,37,1,0
BRDA:361,38,0,24317
BRDA:361,38,1,16472
BRDA:361,39,0,5698
BRDA:361,39,1,18619
BRDA:367,40,0,378
BRDA:367,40,1,23939
BRDA:371,41,0,64
BRDA:371,41,1,24253
BRDA:374,42,0,49
BRDA:374,42,1,24268
BRDA:377,43,0,1845
BRDA:377,43,1,22472
BRDA:380,44,0,7767
BRDA:380,44,1,16550
BRDA:380,45,0,24317
BRDA:380,45,1,12450
BRDA:384,46,0,24317
BRDA:384,46,1,0
BRDA:387,47,0,2069
BRDA:387,47,1,22248
BRDA:390,48,0,5698
BRDA:390,48,1,16550
BRDA:392,49,0,4683
BRDA:392,49,1,11867
BRDA:396,50,0,26
BRDA:396,50,1,24291
BRDA:407,51,0,24317
BRDA:407,51,1,22472
BRDA:429,52,0,24317
BRDA:429,52,1,22709
BRDA:433,53,0,4683
BRDA:433,53,1,19634
BRDA:433,54,0,24317
BRDA:433,54,1,10381
BRDA:433,55,0,4683
BRDA:433,55,1,215
BRDA:436,56,0,10381
BRDA:436,56,1,13936
BRDA:437,57,0,10381
BRDA:437,57,1,13936
BRDA:443,58,0,223
BRDA:443,58,1,24094
BRDA:447,59,0,1161
BRDA:447,59,1,23156
BRDA:451,60,0,3914
BRDA:451,60,1,20403
BRDA:455,61,0,26
BRDA:455,61,1,24291
BRDA:456,62,0,0
BRDA:456,62,1,26
BRDA:457,63,0,0
BRDA:457,63,1,0
BRDA:460,64,0,26
BRDA:460,64,1,26
BRDA:462,65,0,287
BRDA:462,65,1,24030
BRDA:462,66,0,24317
BRDA:462,66,1,430
BRDA:463,67,0,287
BRDA:463,67,1,287
BRDA:465,68,0,24291
BRDA:465,68,1,26
BRDA:473,69,0,0
BRDA:473,69,1,24317
BRDA:473,70,0,24317
BRDA:473,70,1,287
BRDA:473,71,0,287
BRDA:473,71,1,287
BRDA:474,72,0,0
BRDA:474,72,1,0
BRDA:477,73,0,0
BRDA:477,73,1,24317
BRDA:481,74,0,355
BRDA:481,74,1,23962
BRDA:481,75,0,24317
BRDA:481,75,1,5698
BRDA:482,76,0,355
BRDA:482,76,1,0
BRDA:486,77,0,24317
BRDA:486,77,1,0
BRDA:486,78,0,24317
BRDA:486,78,1,24317
BRDA:486,78,2,18619
BRDA:488,79,0,26
BRDA:488,79,1,24291
BRDA:489,80,0,3
BRDA:489,80,1,23
BRDA:490,81,0,3
BRDA:490,81,1,3
BRDA:491,82,0,3
BRDA:491,82,1,0
BRDA:496,83,0,3
BRDA:496,83,1,3
BRDA:505,84,0,0
BRDA:505,84,1,24291
BRDA:508,85,0,34
BRDA:508,85,1,24257
BRDA:508,86,0,24291
BRDA:508,86,1,10381
BRDA:509,87,0,34
BRDA:509,87,1,0
BRDA:514,88,0,223
BRDA:514,88,1,24068
BRDA:517,89,0,1161
BRDA:517,89,1,23130
BRDA:520,90,0,3914
BRDA:520,90,1,20377
BRDA:527,91,0,0
BRDA:527,91,1,24291
BRDA:527,92,0,24267
BRDA:527,92,1,24
BRDA:529,93,0,0
BRDA:529,93,1,24291
BRDA:529,94,0,24291
BRDA:529,94,1,0
BRDA:534,95,0,24283
BRDA:534,95,1,8
BRDA:534,96,0,24291
BRDA:534,96,1,24291
BRDA:535,97,0,54
BRDA:535,97,1,24237
BRDA:535,98,0,24291
BRDA:535,98,1,24291
BRDA:535,98,2,54
BRDA:538,99,0,24291
BRDA:538,99,1,0
BRDA:539,100,0,0
BRDA:539,100,1,24291
BRDA:539,101,0,24291
BRDA:539,101,1,24291
BRDA:547,102,0,1845
BRDA:547,102,1,22472
BRDA:550,103,0,1129
BRDA:550,103,1,23188
BRDA:550,104,0,24317
BRDA:550,104,1,1161
BRDA:551,105,0,453
BRDA:551,105,1,676
BRDA:551,106,0,1129
BRDA:551,106,1,676
BRDA:551,106,2,676
BRDA:551,106,3,453
BRDA:557,107,0,453
BRDA:557,107,1,676
BRDA:557,108,0,1129
BRDA:557,108,1,678
BRDA:561,109,0,612
BRDA:561,109,1,517
BRDA:561,110,0,1129
BRDA:561,110,1,1129
BRDA:561,110,2,523
BRDA:565,111,0,562
BRDA:565,111,1,567
BRDA:565,112,0,1129
BRDA:565,112,1,1129
BRDA:565,112,2,1129
BRDA:578,113,0,5698
BRDA:578,113,1,0
BRDA:602,114,0,2069
BRDA:602,114,1,0
BRDA:604,115,0,2069
BRDA:604,115,1,0
BRDA:622,116,0,4683
BRDA:622,116,1,215
BRDA:626,117,0,1605
BRDA:626,117,1,3078
BRDA:631,118,0,378
BRDA:631,118,1,1691
BRDA:645,119,0,2069
BRDA:645,119,1,0
BRDA:663,120,0,358
BRDA:663,120,1,5680
BRDA:668,121,0,5680
BRDA:668,121,1,5648
BRDA:669,122,0,143
BRDA:669,122,1,5537
BRDA:671,123,0,0
BRDA:671,123,1,5680
BRDA:674,124,0,5680
BRDA:674,124,1,0
BRDA:681,125,0,4831
BRDA:681,125,1,6640
BRDA:690,126,0,143
BRDA:690,126,1,5537
BRDA:690,127,0,5680
BRDA:690,127,1,5680
BRDA:716,128,0,0
BRDA:716,128,1,5537
BRDA:728,129,0,169
BRDA:728,129,1,1900
BRDA:729,130,0,169
BRDA:729,130,1,1900
BRDA:732,131,0,1900
BRDA:732,131,1,169
BRDA:748,132,0,358
BRDA:748,132,1,5680
BRDA:752,133,0,18
BRDA:752,133,1,2051
BRDA:753,134,0,18
BRDA:753,134,1,0
BRDA:761,135,0,0
BRDA:761,135,1,18
BRDA:769,136,0,2059
BRDA:769,136,1,10
BRDA:785,137,0,6
BRDA:785,137,1,4
BRDA:794,138,0,6
BRDA:794,138,1,0
BRDA:794,139,0,6
BRDA:794,139,1,6
BRDA:798,140,0,4
BRDA:798,140,1,0
BRDA:798,141,0,4
BRDA:798,141,1,4
BRDA:807,142,0,4
BRDA:807,142,1,0
BRDA:807,143,0,4
BRDA:807,143,1,4
BRDA:826,144,0,224
BRDA:826,144,1,1845
BRDA:827,145,0,9
BRDA:827,145,1,1836
BRDA:828,146,0,9
BRDA:828,146,1,0
BRDA:828,147,0,9
BRDA:828,147,1,9
BRDA:842,148,0,7
BRDA:842,148,1,2062
BRDA:855,149,0,0
BRDA:855,149,1,7
BRDA:859,150,0,7
BRDA:859,150,1,0
BRDA:864,151,0,2
BRDA:864,151,1,5
BRDA:895,152,0,3
BRDA:895,152,1,2066
BRDA:900,153,0,0
BRDA:900,153,1,2069
BRF:316
BRH:260
end_of_record
TN:
SF:/Users/tgermaneri/git/canvas-datagrid/lib/events.js
FN:3,(anonymous_1)
FN:5,(anonymous_2)
FN:15,(anonymous_3)
FN:31,(anonymous_4)
FN:40,(anonymous_5)
FN:41,(anonymous_6)
FN:53,(anonymous_7)
FN:82,(anonymous_8)
FN:85,(anonymous_9)
FN:106,(anonymous_10)
FN:140,(anonymous_11)
FN:167,(anonymous_12)
FN:177,(anonymous_13)
FN:178,(anonymous_14)
FN:182,(anonymous_15)
FN:183,removeEachListener
FN:189,(anonymous_17)
FN:191,preventDefault
FN:195,dispatchEachEvent
FN:202,(anonymous_20)
FN:231,reduceData
FN:237,reduceSchema
FN:271,(anonymous_23)
FN:285,(anonymous_24)
FN:322,(anonymous_25)
FN:434,(anonymous_26)
FN:443,checkSelectionChange
FN:515,(anonymous_28)
FN:555,(anonymous_29)
FN:563,(anonymous_30)
FN:621,(anonymous_31)
FN:628,(anonymous_32)
FN:657,(anonymous_33)
FN:687,(anonymous_34)
FN:751,(anonymous_35)
FN:770,(anonymous_36)
FN:887,(anonymous_37)
FN:894,(anonymous_38)
FN:900,(anonymous_39)
FN:915,(anonymous_40)
FN:924,(anonymous_41)
FN:947,(anonymous_42)
FN:952,(anonymous_43)
FN:955,(anonymous_44)
FNF:44
FNH:42
FNDA:1,(anonymous_1)
FNDA:168,(anonymous_2)
FNDA:47,(anonymous_3)
FNDA:289,(anonymous_4)
FNDA:10,(anonymous_5)
FNDA:6,(anonymous_6)
FNDA:11,(anonymous_7)
FNDA:746,(anonymous_8)
FNDA:376,(anonymous_9)
FNDA:18,(anonymous_10)
FNDA:30,(anonymous_11)
FNDA:3,(anonymous_12)
FNDA:40,(anonymous_13)
FNDA:119,(anonymous_14)
FNDA:0,(anonymous_15)
FNDA:0,removeEachListener
FNDA:128693,(anonymous_17)
FNDA:3,preventDefault
FNDA:1051,dispatchEachEvent
FNDA:415,(anonymous_20)
FNDA:2005,reduceData
FNDA:11406,reduceSchema
FNDA:1371,(anonymous_23)
FNDA:937,(anonymous_24)
FNDA:73,(anonymous_25)
FNDA:24,(anonymous_26)
FNDA:17,checkSelectionChange
FNDA:4,(anonymous_28)
FNDA:4,(anonymous_29)
FNDA:82,(anonymous_30)
FNDA:148,(anonymous_31)
FNDA:5,(anonymous_32)
FNDA:7,(anonymous_33)
FNDA:31,(anonymous_34)
FNDA:11,(anonymous_35)
FNDA:31,(anonymous_36)
FNDA:1,(anonymous_37)
FNDA:1,(anonymous_38)
FNDA:1,(anonymous_39)
FNDA:3,(anonymous_40)
FNDA:3,(anonymous_41)
FNDA:1,(anonymous_42)
FNDA:2,(anonymous_43)
FNDA:4,(anonymous_44)
DA:3,1
DA:5,1
DA:6,168
DA:15,168
DA:16,47
DA:21,47
DA:22,4
DA:23,4
DA:25,47
DA:31,168
DA:32,289
DA:33,289
DA:34,289
DA:40,168
DA:41,10
DA:42,6
DA:43,6
DA:44,6
DA:45,5
DA:46,5
DA:47,5
DA:48,5
DA:49,5
DA:53,168
DA:54,11
DA:55,11
DA:56,11
DA:57,11
DA:58,10
DA:59,10
DA:60,10
DA:65,10
DA:72,10
DA:73,10
DA:74,10
DA:75,10
DA:76,10
DA:77,10
DA:78,10
DA:79,10
DA:80,10
DA:82,168
DA:83,746
DA:85,168
DA:86,376
DA:87,376
DA:92,376
DA:93,376
DA:94,376
DA:95,3
DA:96,3
DA:97,3
DA:98,3
DA:100,373
DA:101,373
DA:102,373
DA:103,373
DA:104,373
DA:106,168
DA:107,18
DA:108,16
DA:114,16
DA:115,8
DA:116,4
DA:117,4
DA:118,1
DA:119,1
DA:121,0
DA:122,0
DA:123,0
DA:126,8
DA:127,8
DA:128,8
DA:129,8
DA:130,8
DA:131,8
DA:132,8
DA:133,8
DA:134,8
DA:135,8
DA:136,8
DA:137,3
DA:140,168
DA:141,30
DA:142,30
DA:143,30
DA:144,30
DA:145,30
DA:146,22
DA:153,22
DA:154,0
DA:155,22
DA:156,6
DA:157,16
DA:158,4
DA:159,4
DA:161,12
DA:162,12
DA:167,168
DA:168,3
DA:169,3
DA:170,1
DA:171,1
DA:172,1
DA:173,1
DA:174,1
DA:175,1
DA:177,168
DA:178,168
DA:179,119
DA:180,119
DA:182,168
DA:183,0
DA:184,0
DA:185,0
DA:189,168
DA:190,128693
DA:191,1
DA:192,3
DA:194,128693
DA:195,1016
DA:196,1051
DA:197,1051
DA:198,1051
DA:200,1016
DA:202,168
DA:203,415
DA:212,415
DA:213,13
DA:214,13
DA:216,402
DA:217,400
DA:218,400
DA:219,400
DA:220,0
DA:221,0
DA:223,400
DA:224,400
DA:225,400
DA:226,400
DA:228,402
DA:229,402
DA:231,415
DA:232,2005
DA:237,415
DA:238,11406
DA:239,11406
DA:241,415
DA:242,6
DA:244,415
DA:245,415
DA:246,415
DA:247,415
DA:248,415
DA:249,415
DA:250,415
DA:252,415
DA:255,415
DA:257,415
DA:260,415
DA:261,415
DA:262,415
DA:263,415
DA:264,415
DA:265,415
DA:266,201
DA:268,415
DA:269,415
DA:271,168
DA:272,1371
DA:273,21
DA:278,21
DA:279,21
DA:280,21
DA:281,21
DA:282,21
DA:285,168
DA:286,937
DA:288,937
DA:289,937
DA:290,937
DA:291,937
DA:292,937
DA:293,325
DA:297,325
DA:299,937
DA:300,14111
DA:302,14111
DA:304,937
DA:305,905
DA:306,905
DA:308,905
DA:309,905
DA:313,937
DA:314,937
DA:315,937
DA:319,937
DA:320,937
DA:322,168
DA:323,73
DA:324,0
DA:326,73
DA:327,73
DA:338,73
DA:339,73
DA:340,1
DA:342,73
DA:343,0
DA:345,73
DA:347,31
DA:348,31
DA:349,31
DA:350,31
DA:351,31
DA:353,73
DA:354,73
DA:355,10
DA:357,63
DA:358,63
DA:361,47
DA:362,47
DA:363,47
DA:364,47
DA:365,43
DA:366,43
DA:368,47
DA:371,18
DA:372,18
DA:376,18
DA:377,0
DA:382,18
DA:388,18
DA:389,0
DA:390,0
DA:391,0
DA:392,0
DA:394,18
DA:396,4
DA:398,18
DA:399,17
DA:400,1
DA:402,16
DA:403,2
DA:404,1
DA:407,14
DA:408,14
DA:409,13
DA:414,18
DA:418,14
DA:419,14
DA:420,14
DA:421,1
DA:422,1
DA:425,13
DA:428,18
DA:431,63
DA:432,63
DA:434,168
DA:435,24
DA:439,24
DA:440,24
DA:441,0
DA:443,1
DA:444,17
DA:445,0
DA:451,24
DA:452,0
DA:454,24
DA:455,4
DA:456,4
DA:458,20
DA:459,20
DA:460,20
DA:461,0
DA:463,20
DA:464,20
DA:465,1
DA:466,1
DA:467,1
DA:468,1
DA:470,19
DA:471,10
DA:472,5
DA:473,1
DA:475,4
DA:477,5
DA:478,5
DA:479,5
DA:481,5
DA:482,5
DA:483,5
DA:484,5
DA:485,5
DA:488,9
DA:489,6
DA:491,9
DA:492,9
DA:493,3
DA:501,3
DA:502,3
DA:504,0
DA:505,0
DA:507,6
DA:508,0
DA:509,0
DA:512,6
DA:513,6
DA:515,168
DA:516,4
DA:517,4
DA:518,4
DA:519,4
DA:520,4
DA:521,1
DA:523,4
DA:524,0
DA:526,4
DA:527,4
DA:529,2
DA:530,2
DA:532,4
DA:533,2
DA:535,2
DA:536,0
DA:538,2
DA:539,2
DA:541,2
DA:542,2
DA:543,0
DA:544,2
DA:545,0
DA:547,2
DA:549,2
DA:550,2
DA:551,2
DA:553,0
DA:555,168
DA:556,4
DA:557,4
DA:558,4
DA:559,4
DA:560,4
DA:561,4
DA:563,168
DA:564,82
DA:565,82
DA:567,0
DA:568,0
DA:569,0
DA:570,0
DA:571,0
DA:573,82
DA:574,82
DA:575,1
DA:576,1
DA:577,1
DA:578,1
DA:579,1
DA:581,81
DA:582,3
DA:583,3
DA:584,3
DA:585,3
DA:586,3
DA:588,78
DA:590,1
DA:592,78
DA:594,1
DA:596,78
DA:597,78
DA:598,0
DA:600,78
DA:601,3
DA:603,75
DA:604,3
DA:605,3
DA:606,72
DA:607,14
DA:608,14
DA:610,78
DA:611,3
DA:613,75
DA:614,29
DA:615,29
DA:616,46
DA:617,26
DA:618,26
DA:621,168
DA:622,148
DA:623,148
DA:624,0
DA:626,148
DA:628,168
DA:629,5
DA:630,5
DA:631,5
DA:632,5
DA:633,5
DA:634,0
DA:636,5
DA:637,0
DA:639,5
DA:645,0
DA:647,5
DA:648,5
DA:649,5
DA:650,5
DA:654,5
DA:657,168
DA:658,7
DA:666,7
DA:667,7
DA:668,7
DA:670,4
DA:671,4
DA:678,4
DA:679,4
DA:680,4
DA:683,7
DA:684,7
DA:685,7
DA:687,168
DA:688,31
DA:689,31
DA:690,31
DA:691,0
DA:693,31
DA:694,31
DA:695,31
DA:696,31
DA:700,31
DA:701,31
DA:702,31
DA:704,22
DA:706,31
DA:707,0
DA:709,31
DA:710,8
DA:711,8
DA:712,8
DA:713,8
DA:715,0
DA:719,0
DA:721,8
DA:722,8
DA:723,8
DA:724,8
DA:726,23
DA:727,12
DA:728,12
DA:729,1
DA:731,12
DA:733,11
DA:734,4
DA:735,4
DA:736,0
DA:738,4
DA:740,4
DA:742,4
DA:743,4
DA:745,11
DA:746,7
DA:747,7
DA:748,7
DA:751,168
DA:752,11
DA:753,11
DA:754,11
DA:755,11
DA:756,11
DA:757,11
DA:758,11
DA:759,0
DA:761,11
DA:762,0
DA:764,11
DA:765,11
DA:766,11
DA:768,11
DA:770,168
DA:771,31
DA:777,31
DA:778,31
DA:779,1
DA:781,30
DA:782,30
DA:783,0
DA:785,30
DA:786,3
DA:789,30
DA:790,1
DA:791,1
DA:793,29
DA:794,1
DA:796,28
DA:797,6
DA:799,22
DA:800,2
DA:802,20
DA:803,3
DA:805,17
DA:806,7
DA:808,10
DA:809,1
DA:810,1
DA:812,9
DA:813,2
DA:814,2
DA:816,7
DA:817,0
DA:819,7
DA:820,0
DA:822,7
DA:823,0
DA:825,7
DA:826,0
DA:829,30
DA:830,2
DA:833,28
DA:834,5
DA:835,5
DA:836,5
DA:837,5
DA:838,5
DA:839,0
DA:840,0
DA:843,5
DA:845,5
DA:846,5
DA:847,5
DA:849,23
DA:850,0
DA:852,23
DA:853,0
DA:855,23
DA:856,0
DA:858,23
DA:859,0
DA:862,23
DA:863,6
DA:864,6
DA:865,6
DA:866,6
DA:867,6
DA:869,23
DA:870,21
DA:871,21
DA:872,21
DA:873,1
DA:874,1
DA:876,1
DA:877,1
DA:878,1
DA:884,21
DA:887,168
DA:888,1
DA:889,1
DA:890,0
DA:892,1
DA:894,168
DA:895,1
DA:896,0
DA:898,1
DA:900,168
DA:901,1
DA:902,1
DA:903,0
DA:905,1
DA:907,0
DA:908,1
DA:910,0
DA:911,1
DA:912,1
DA:915,168
DA:916,3
DA:921,3
DA:922,0
DA:924,3
DA:925,3
DA:926,0
DA:928,3
DA:929,3
DA:930,3
DA:931,3
DA:932,3
DA:935,3
DA:937,1
DA:939,3
DA:941,3
DA:942,3
DA:944,3
DA:947,168
DA:948,1
DA:949,1
DA:950,1
DA:951,1
DA:952,1
DA:953,2
DA:954,2
DA:955,2
DA:956,4
DA:960,4
DA:962,0
DA:964,2
DA:965,2
DA:968,1
DA:969,1
DA:972,168
LF:608
LH:543
BRDA:21,1,0,4
BRDA:21,1,1,43
BRDA:44,2,0,5
BRDA:44,2,1,1
BRDA:57,3,0,1
BRDA:57,3,1,10
BRDA:86,4,0,0
BRDA:86,4,1,376
BRDA:86,5,0,376
BRDA:86,5,1,376
BRDA:92,6,0,376
BRDA:92,6,1,3
BRDA:94,7,0,3
BRDA:94,7,1,373
BRDA:94,8,0,376
BRDA:94,8,1,373
BRDA:94,8,2,373
BRDA:107,9,0,2
BRDA:107,9,1,16
BRDA:114,10,0,8
BRDA:114,10,1,8
BRDA:115,11,0,4
BRDA:115,11,1,4
BRDA:117,12,0,1
BRDA:117,12,1,3
BRDA:118,13,0,1
BRDA:118,13,1,0
BRDA:136,14,0,3
BRDA:136,14,1,5
BRDA:136,15,0,8
BRDA:136,15,1,8
BRDA:136,15,2,7
BRDA:142,16,0,0
BRDA:142,16,1,30
BRDA:145,17,0,8
BRDA:145,17,1,22
BRDA:153,18,0,0
BRDA:153,18,1,22
BRDA:155,19,0,6
BRDA:155,19,1,16
BRDA:157,20,0,4
BRDA:157,20,1,12
BRDA:161,21,0,12
BRDA:161,21,1,0
BRDA:168,22,0,0
BRDA:168,22,1,3
BRDA:169,23,0,2
BRDA:169,23,1,1
BRDA:179,24,0,119
BRDA:179,24,1,96
BRDA:183,25,0,0
BRDA:183,25,1,0
BRDA:184,26,0,0
BRDA:184,26,1,0
BRDA:194,27,0,127677
BRDA:194,27,1,1016
BRDA:212,28,0,13
BRDA:212,28,1,402
BRDA:216,29,0,400
BRDA:216,29,1,2
BRDA:219,30,0,0
BRDA:219,30,1,400
BRDA:228,31,0,402
BRDA:228,31,1,402
BRDA:229,32,0,402
BRDA:229,32,1,402
BRDA:231,33,0,415
BRDA:231,33,1,32
BRDA:233,34,0,2005
BRDA:233,34,1,1999
BRDA:234,35,0,2005
BRDA:234,35,1,2002
BRDA:237,36,0,415
BRDA:237,36,1,0
BRDA:238,37,0,0
BRDA:238,37,1,11406
BRDA:239,38,0,11406
BRDA:239,38,1,11396
BRDA:239,38,2,31
BRDA:241,39,0,6
BRDA:241,39,1,409
BRDA:265,40,0,201
BRDA:265,40,1,214
BRDA:272,41,0,21
BRDA:272,41,1,1350
BRDA:276,42,0,21
BRDA:276,42,1,0
BRDA:292,43,0,1262
BRDA:292,43,1,325
BRDA:294,44,0,325
BRDA:294,44,1,325
BRDA:295,45,0,325
BRDA:295,45,1,325
BRDA:299,46,0,15048
BRDA:299,46,1,14119
BRDA:301,47,0,14111
BRDA:301,47,1,14111
BRDA:304,48,0,905
BRDA:304,48,1,32
BRDA:307,49,0,905
BRDA:307,49,1,897
BRDA:310,50,0,905
BRDA:310,50,1,901
BRDA:311,51,0,905
BRDA:311,51,1,899
BRDA:314,52,0,937
BRDA:314,52,1,0
BRDA:323,53,0,0
BRDA:323,53,1,73
BRDA:323,54,0,73
BRDA:323,54,1,73
BRDA:326,55,0,73
BRDA:326,55,1,59
BRDA:327,56,0,73
BRDA:327,56,1,71
BRDA:327,56,2,71
BRDA:339,57,0,1
BRDA:339,57,1,72
BRDA:342,58,0,0
BRDA:342,58,1,73
BRDA:345,59,0,31
BRDA:345,59,1,42
BRDA:345,60,0,73
BRDA:345,60,1,73
BRDA:345,60,2,41
BRDA:345,60,3,17
BRDA:354,61,0,10
BRDA:354,61,1,63
BRDA:358,62,0,47
BRDA:358,62,1,16
BRDA:358,63,0,63
BRDA:358,63,1,54
BRDA:358,63,2,54
BRDA:364,64,0,43
BRDA:364,64,1,4
BRDA:364,65,0,47
BRDA:364,65,1,43
BRDA:368,66,0,18
BRDA:368,66,1,29
BRDA:368,67,0,47
BRDA:368,67,1,29
BRDA:368,67,2,18
BRDA:368,67,3,18
BRDA:376,68,0,0
BRDA:376,68,1,18
BRDA:376,69,0,18
BRDA:376,69,1,18
BRDA:388,70,0,0
BRDA:388,70,1,18
BRDA:394,71,0,4
BRDA:394,71,1,14
BRDA:394,72,0,18
BRDA:394,72,1,14
BRDA:398,73,0,17
BRDA:398,73,1,1
BRDA:398,74,0,18
BRDA:398,74,1,7
BRDA:398,74,2,7
BRDA:398,74,3,1
BRDA:399,75,0,1
BRDA:399,75,1,16
BRDA:399,76,0,17
BRDA:399,76,1,16
BRDA:402,77,0,2
BRDA:402,77,1,14
BRDA:402,78,0,16
BRDA:402,78,1,2
BRDA:403,79,0,1
BRDA:403,79,1,1
BRDA:403,80,0,2
BRDA:403,80,1,1
BRDA:407,81,0,14
BRDA:407,81,1,13
BRDA:408,82,0,13
BRDA:408,82,1,1
BRDA:414,83,0,14
BRDA:414,83,1,4
BRDA:414,84,0,18
BRDA:414,84,1,8
BRDA:414,84,2,7
BRDA:414,84,3,7
BRDA:414,84,4,3
BRDA:414,84,5,15
BRDA:420,85,0,1
BRDA:420,85,1,13
BRDA:437,86,0,24
BRDA:437,86,1,23
BRDA:437,86,2,23
BRDA:438,87,0,24
BRDA:438,87,1,24
BRDA:440,88,0,0
BRDA:440,88,1,24
BRDA:444,89,0,17
BRDA:444,89,1,0
BRDA:451,90,0,0
BRDA:451,90,1,24
BRDA:454,91,0,4
BRDA:454,91,1,20
BRDA:459,92,0,0
BRDA:459,92,1,20
BRDA:460,93,0,0
BRDA:460,93,1,20
BRDA:463,94,0,20
BRDA:463,94,1,0
BRDA:464,95,0,1
BRDA:464,95,1,19
BRDA:470,96,0,10
BRDA:470,96,1,9
BRDA:471,97,0,5
BRDA:471,97,1,5
BRDA:472,98,0,1
BRDA:472,98,1,4
BRDA:473,99,0,1
BRDA:473,99,1,0
BRDA:481,100,0,5
BRDA:481,100,1,0
BRDA:488,101,0,6
BRDA:488,101,1,3
BRDA:488,102,0,9
BRDA:488,102,1,6
BRDA:491,103,0,9
BRDA:491,103,1,8
BRDA:492,104,0,3
BRDA:492,104,1,6
BRDA:492,105,0,9
BRDA:492,105,1,9
BRDA:493,106,0,3
BRDA:493,106,1,0
BRDA:493,107,0,3
BRDA:493,107,1,3
BRDA:493,107,2,3
BRDA:493,107,3,3
BRDA:493,107,4,3
BRDA:493,107,5,3
BRDA:507,108,0,0
BRDA:507,108,1,6
BRDA:507,109,0,6
BRDA:507,109,1,0
BRDA:520,110,0,1
BRDA:520,110,1,3
BRDA:523,111,0,0
BRDA:523,111,1,4
BRDA:526,112,0,0
BRDA:526,112,1,4
BRDA:527,113,0,2
BRDA:527,113,1,2
BRDA:527,114,0,4
BRDA:527,114,1,4
BRDA:532,115,0,2
BRDA:532,115,1,2
BRDA:533,116,0,0
BRDA:533,116,1,2
BRDA:535,117,0,0
BRDA:535,117,1,2
BRDA:541,118,0,2
BRDA:541,118,1,0
BRDA:542,119,0,0
BRDA:542,119,1,2
BRDA:544,120,0,0
BRDA:544,120,1,2
BRDA:565,121,0,0
BRDA:565,121,1,82
BRDA:565,122,0,82
BRDA:565,122,1,0
BRDA:565,122,2,0
BRDA:574,123,0,1
BRDA:574,123,1,81
BRDA:574,124,0,82
BRDA:574,124,1,3
BRDA:581,125,0,3
BRDA:581,125,1,78
BRDA:581,126,0,81
BRDA:581,126,1,5
BRDA:588,127,0,1
BRDA:588,127,1,77
BRDA:588,128,0,78
BRDA:588,128,1,3
BRDA:592,129,0,1
BRDA:592,129,1,77
BRDA:592,130,0,78
BRDA:592,130,1,3
BRDA:597,131,0,0
BRDA:597,131,1,78
BRDA:600,132,0,3
BRDA:600,132,1,75
BRDA:603,133,0,3
BRDA:603,133,1,72
BRDA:606,134,0,14
BRDA:606,134,1,58
BRDA:610,135,0,3
BRDA:610,135,1,75
BRDA:613,136,0,29
BRDA:613,136,1,46
BRDA:616,137,0,26
BRDA:616,137,1,20
BRDA:623,138,0,0
BRDA:623,138,1,148
BRDA:633,139,0,0
BRDA:633,139,1,5
BRDA:633,140,0,5
BRDA:633,140,1,0
BRDA:636,141,0,0
BRDA:636,141,1,5
BRDA:636,142,0,5
BRDA:636,142,1,3
BRDA:639,143,0,0
BRDA:639,143,1,5
BRDA:647,144,0,5
BRDA:647,144,1,0
BRDA:647,145,0,5
BRDA:647,145,1,2
BRDA:668,146,0,4
BRDA:668,146,1,3
BRDA:668,147,0,7
BRDA:668,147,1,4
BRDA:671,148,0,4
BRDA:671,148,1,0
BRDA:671,149,0,4
BRDA:671,149,1,4
BRDA:689,150,0,0
BRDA:689,150,1,31
BRDA:690,151,0,0
BRDA:690,151,1,31
BRDA:693,152,0,0
BRDA:693,152,1,31
BRDA:693,153,0,31
BRDA:693,153,1,31
BRDA:694,154,0,31
BRDA:694,154,1,30
BRDA:695,155,0,31
BRDA:695,155,1,26
BRDA:702,156,0,22
BRDA:702,156,1,9
BRDA:702,157,0,31
BRDA:702,157,1,30
BRDA:702,157,2,30
BRDA:702,157,3,28
BRDA:706,158,0,0
BRDA:706,158,1,31
BRDA:709,159,0,8
BRDA:709,159,1,23
BRDA:713,160,0,0
BRDA:713,160,1,8
BRDA:713,161,0,8
BRDA:713,161,1,0
BRDA:726,162,0,12
BRDA:726,162,1,11
BRDA:728,163,0,1
BRDA:728,163,1,11
BRDA:733,164,0,4
BRDA:733,164,1,7
BRDA:735,165,0,0
BRDA:735,165,1,4
BRDA:738,166,0,4
BRDA:738,166,1,4
BRDA:740,167,0,4
BRDA:740,167,1,3
BRDA:740,168,0,1
BRDA:740,168,1,3
BRDA:745,169,0,7
BRDA:745,169,1,4
BRDA:757,170,0,0
BRDA:757,170,1,11
BRDA:758,171,0,0
BRDA:758,171,1,11
BRDA:758,172,0,11
BRDA:758,172,1,0
BRDA:761,173,0,0
BRDA:761,173,1,11
BRDA:761,174,0,11
BRDA:761,174,1,11
BRDA:764,175,0,0
BRDA:764,175,1,11
BRDA:764,176,0,11
BRDA:764,176,1,11
BRDA:765,177,0,11
BRDA:765,177,1,0
BRDA:765,178,0,11
BRDA:765,178,1,11
BRDA:774,179,0,31
BRDA:774,179,1,29
BRDA:777,180,0,0
BRDA:777,180,1,31
BRDA:778,181,0,1
BRDA:778,181,1,30
BRDA:782,182,0,0
BRDA:782,182,1,30
BRDA:785,183,0,3
BRDA:785,183,1,27
BRDA:789,184,0,1
BRDA:789,184,1,29
BRDA:793,185,0,1
BRDA:793,185,1,28
BRDA:793,186,0,29
BRDA:793,186,1,1
BRDA:796,187,0,6
BRDA:796,187,1,22
BRDA:799,188,0,2
BRDA:799,188,1,20
BRDA:802,189,0,3
BRDA:802,189,1,17
BRDA:802,190,0,20
BRDA:802,190,1,18
BRDA:802,190,2,3
BRDA:805,191,0,7
BRDA:805,191,1,10
BRDA:805,192,0,17
BRDA:805,192,1,12
BRDA:805,192,2,12
BRDA:808,193,0,1
BRDA:808,193,1,9
BRDA:812,194,0,2
BRDA:812,194,1,7
BRDA:816,195,0,0
BRDA:816,195,1,7
BRDA:816,196,0,7
BRDA:816,196,1,7
BRDA:816,196,2,0
BRDA:819,197,0,0
BRDA:819,197,1,7
BRDA:819,198,0,7
BRDA:819,198,1,7
BRDA:819,198,2,0
BRDA:822,199,0,0
BRDA:822,199,1,7
BRDA:822,200,0,7
BRDA:822,200,1,0
BRDA:825,201,0,0
BRDA:825,201,1,7
BRDA:825,202,0,7
BRDA:825,202,1,0
BRDA:829,203,0,2
BRDA:829,203,1,28
BRDA:833,204,0,5
BRDA:833,204,1,23
BRDA:838,205,0,0
BRDA:838,205,1,5
BRDA:849,206,0,0
BRDA:849,206,1,23
BRDA:852,207,0,0
BRDA:852,207,1,23
BRDA:855,208,0,0
BRDA:855,208,1,23
BRDA:858,209,0,0
BRDA:858,209,1,23
BRDA:862,210,0,6
BRDA:862,210,1,17
BRDA:862,211,0,23
BRDA:862,211,1,7
BRDA:863,212,0,6
BRDA:863,212,1,2
BRDA:869,213,0,21
BRDA:869,213,1,2
BRDA:869,214,0,23
BRDA:869,214,1,13
BRDA:870,215,0,10
BRDA:870,215,1,11
BRDA:870,216,0,11
BRDA:870,216,1,10
BRDA:872,217,0,1
BRDA:872,217,1,20
BRDA:872,218,0,21
BRDA:872,218,1,14
BRDA:873,219,0,1
BRDA:873,219,1,0
BRDA:876,220,0,1
BRDA:876,220,1,1
BRDA:888,221,0,0
BRDA:888,221,1,1
BRDA:889,222,0,0
BRDA:889,222,1,1
BRDA:895,223,0,0
BRDA:895,223,1,1
BRDA:898,224,0,0
BRDA:898,224,1,1
BRDA:901,225,0,0
BRDA:901,225,1,1
BRDA:902,226,0,0
BRDA:902,226,1,1
BRDA:905,227,0,0
BRDA:905,227,1,1
BRDA:905,228,0,1
BRDA:905,228,1,0
BRDA:908,229,0,0
BRDA:908,229,1,1
BRDA:908,230,0,1
BRDA:908,230,1,0
BRDA:911,231,0,1
BRDA:911,231,1,0
BRDA:918,232,0,0
BRDA:918,232,1,3
BRDA:919,233,0,0
BRDA:919,233,1,3
BRDA:920,234,0,0
BRDA:920,234,1,3
BRDA:921,235,0,0
BRDA:921,235,1,3
BRDA:925,236,0,0
BRDA:925,236,1,3
BRDA:928,237,0,3
BRDA:928,237,1,3
BRDA:932,238,0,3
BRDA:932,238,1,0
BRDA:935,239,0,1
BRDA:935,239,1,2
BRDA:941,240,0,3
BRDA:941,240,1,0
BRDA:941,241,0,3
BRDA:941,241,1,1
BRDA:948,242,0,0
BRDA:948,242,1,1
BRDA:949,243,0,0
BRDA:949,243,1,1
BRDA:949,244,0,1
BRDA:949,244,1,1
BRDA:951,245,0,1
BRDA:951,245,1,0
BRDA:953,246,0,2
BRDA:953,246,1,0
BRDA:956,247,0,4
BRDA:956,247,1,0
BRDA:956,248,0,4
BRDA:956,248,1,4
BRDA:956,248,2,4
BRDA:956,248,3,4
BRF:525
BRH:425
end_of_record
TN:
SF:/Users/tgermaneri/git/canvas-datagrid/lib/intf.js
FN:3,(anonymous_1)
FN:5,(anonymous_2)
FN:37,(anonymous_3)
FN:65,(anonymous_4)
FN:67,(anonymous_5)
FN:75,(anonymous_6)
FN:79,(anonymous_7)
FN:87,(anonymous_8)
FN:99,(anonymous_9)
FN:115,(anonymous_10)
FN:131,(anonymous_11)
FN:139,(anonymous_12)
FN:143,(anonymous_13)
FN:147,(anonymous_14)
FN:162,(anonymous_15)
FN:165,(anonymous_16)
FN:169,(anonymous_17)
FN:172,(anonymous_18)
FN:173,(anonymous_19)
FN:175,(anonymous_20)
FN:182,(anonymous_21)
FN:186,forEachHeader
FN:190,(anonymous_23)
FN:198,(anonymous_24)
FN:206,(anonymous_25)
FN:216,(anonymous_26)
FN:217,(anonymous_27)
FN:221,(anonymous_28)
FN:222,(anonymous_29)
FN:226,(anonymous_30)
FN:259,(anonymous_31)
FN:281,(anonymous_32)
FN:305,(anonymous_33)
FN:306,(anonymous_34)
FN:310,(anonymous_35)
FN:314,(anonymous_36)
FN:320,(anonymous_37)
FN:323,(anonymous_38)
FN:324,eachAttribute
FN:328,(anonymous_40)
FN:329,eachStyle
FN:333,(anonymous_42)
FN:334,(anonymous_43)
FN:341,(anonymous_44)
FN:361,(anonymous_45)
FN:380,(anonymous_46)
FN:383,(anonymous_47)
FN:388,(anonymous_48)
FN:390,(anonymous_49)
FN:394,(anonymous_50)
FN:459,(anonymous_51)
FN:463,(anonymous_52)
FN:466,(anonymous_53)
FN:475,(anonymous_54)
FN:486,(anonymous_55)
FN:491,(anonymous_56)
FN:494,(anonymous_57)
FN:495,(anonymous_58)
FN:504,(anonymous_59)
FN:506,(anonymous_60)
FN:509,(anonymous_61)
FN:516,(anonymous_62)
FN:535,(anonymous_63)
FN:553,(anonymous_64)
FN:572,(anonymous_65)
FN:584,(anonymous_66)
FN:593,(anonymous_67)
FN:598,(anonymous_68)
FN:601,(anonymous_69)
FN:607,(anonymous_70)
FN:610,(anonymous_71)
FN:616,(anonymous_72)
FN:621,(anonymous_73)
FN:622,(anonymous_74)
FN:628,(anonymous_75)
FN:633,(anonymous_76)
FN:636,(anonymous_77)
FN:641,(anonymous_78)
FN:644,(anonymous_79)
FN:649,(anonymous_80)
FN:654,(anonymous_81)
FN:659,(anonymous_82)
FN:664,(anonymous_83)
FN:669,(anonymous_84)
FN:672,(anonymous_85)
FN:677,(anonymous_86)
FN:680,(anonymous_87)
FN:685,(anonymous_88)
FN:690,(anonymous_89)
FN:695,(anonymous_90)
FN:700,(anonymous_91)
FN:705,(anonymous_92)
FN:710,(anonymous_93)
FN:715,(anonymous_94)
FN:720,(anonymous_95)
FN:725,(anonymous_96)
FN:730,(anonymous_97)
FN:748,(anonymous_98)
FN:771,(anonymous_99)
FN:775,(anonymous_100)
FN:787,(anonymous_101)
FN:792,(anonymous_102)
FN:797,(anonymous_103)
FN:802,(anonymous_104)
FN:803,eachDataRow
FN:809,(anonymous_106)
FN:814,schemaGetter
FN:817,schemaSetter
FN:824,eachSchemaColumn
FN:843,dataGetter
FN:844,(anonymous_111)
FN:849,dataSetter
FN:850,(anonymous_113)
FN:851,eachDataRow
FN:884,(anonymous_115)
FN:893,setScrollTop
FN:911,setScrollLeft
FN:929,(anonymous_118)
FN:935,(anonymous_119)
FN:940,(anonymous_120)
FN:943,(anonymous_121)
FN:948,(anonymous_122)
FN:951,(anonymous_123)
FN:956,(anonymous_124)
FN:959,(anonymous_125)
FN:967,(anonymous_126)
FN:970,(anonymous_127)
FN:975,(anonymous_128)
FN:981,(anonymous_129)
FN:987,(anonymous_130)
FN:990,(anonymous_131)
FN:1001,(anonymous_132)
FN:1004,(anonymous_133)
FNF:133
FNH:114
FNDA:1,(anonymous_1)
FNDA:168,(anonymous_2)
FNDA:0,(anonymous_3)
FNDA:76,(anonymous_4)
FNDA:149,(anonymous_5)
FNDA:148,(anonymous_6)
FNDA:206,(anonymous_7)
FNDA:110,(anonymous_8)
FNDA:42,(anonymous_9)
FNDA:214,(anonymous_10)
FNDA:540,(anonymous_11)
FNDA:4600,(anonymous_12)
FNDA:2528,(anonymous_13)
FNDA:24,(anonymous_14)
FNDA:4154,(anonymous_15)
FNDA:199,(anonymous_16)
FNDA:341,(anonymous_17)
FNDA:3563,(anonymous_18)
FNDA:140427,(anonymous_19)
FNDA:5830,(anonymous_20)
FNDA:199,(anonymous_21)
FNDA:5825,forEachHeader
FNDA:5839,(anonymous_23)
FNDA:5821,(anonymous_24)
FNDA:5788,(anonymous_25)
FNDA:0,(anonymous_26)
FNDA:0,(anonymous_27)
FNDA:4,(anonymous_28)
FNDA:0,(anonymous_29)
FNDA:21,(anonymous_30)
FNDA:21,(anonymous_31)
FNDA:23,(anonymous_32)
FNDA:25,(anonymous_33)
FNDA:66,(anonymous_34)
FNDA:3,(anonymous_35)
FNDA:6,(anonymous_36)
FNDA:36960,(anonymous_37)
FNDA:168,(anonymous_38)
FNDA:8736,eachAttribute
FNDA:168,(anonymous_40)
FNDA:28224,eachStyle
FNDA:2,(anonymous_42)
FNDA:4,(anonymous_43)
FNDA:3,(anonymous_44)
FNDA:377,(anonymous_45)
FNDA:2184,(anonymous_46)
FNDA:28458,(anonymous_47)
FNDA:504,(anonymous_48)
FNDA:1,(anonymous_49)
FNDA:168,(anonymous_50)
FNDA:30408,(anonymous_51)
FNDA:181,(anonymous_52)
FNDA:234,(anonymous_53)
FNDA:10,(anonymous_54)
FNDA:2,(anonymous_55)
FNDA:416,(anonymous_56)
FNDA:0,(anonymous_57)
FNDA:0,(anonymous_58)
FNDA:8736,(anonymous_59)
FNDA:1,(anonymous_60)
FNDA:1,(anonymous_61)
FNDA:49,(anonymous_62)
FNDA:0,(anonymous_63)
FNDA:3,(anonymous_64)
FNDA:6,(anonymous_65)
FNDA:79,(anonymous_66)
FNDA:59,(anonymous_67)
FNDA:0,(anonymous_68)
FNDA:0,(anonymous_69)
FNDA:0,(anonymous_70)
FNDA:0,(anonymous_71)
FNDA:0,(anonymous_72)
FNDA:0,(anonymous_73)
FNDA:0,(anonymous_74)
FNDA:0,(anonymous_75)
FNDA:49644,(anonymous_76)
FNDA:169,(anonymous_77)
FNDA:1,(anonymous_78)
FNDA:6,(anonymous_79)
FNDA:1,(anonymous_80)
FNDA:1,(anonymous_81)
FNDA:2,(anonymous_82)
FNDA:2,(anonymous_83)
FNDA:7,(anonymous_84)
FNDA:1,(anonymous_85)
FNDA:11,(anonymous_86)
FNDA:1,(anonymous_87)
FNDA:0,(anonymous_88)
FNDA:6,(anonymous_89)
FNDA:39,(anonymous_90)
FNDA:1,(anonymous_91)
FNDA:1,(anonymous_92)
FNDA:1,(anonymous_93)
FNDA:3,(anonymous_94)
FNDA:0,(anonymous_95)
FNDA:0,(anonymous_96)
FNDA:182,(anonymous_97)
FNDA:2,(anonymous_98)
FNDA:3,(anonymous_99)
FNDA:3,(anonymous_100)
FNDA:0,(anonymous_101)
FNDA:26,(anonymous_102)
FNDA:5,(anonymous_103)
FNDA:1,(anonymous_104)
FNDA:2,eachDataRow
FNDA:904,(anonymous_106)
FNDA:5,schemaGetter
FNDA:19,schemaSetter
FNDA:35,eachSchemaColumn
FNDA:41,dataGetter
FNDA:95,(anonymous_111)
FNDA:179,dataSetter
FNDA:179,(anonymous_113)
FNDA:935,eachDataRow
FNDA:168,(anonymous_115)
FNDA:432,setScrollTop
FNDA:478,setScrollLeft
FNDA:7,(anonymous_118)
FNDA:388,(anonymous_119)
FNDA:4583,(anonymous_120)
FNDA:830,(anonymous_121)
FNDA:4623,(anonymous_122)
FNDA:830,(anonymous_123)
FNDA:1660,(anonymous_124)
FNDA:415,(anonymous_125)
FNDA:1660,(anonymous_126)
FNDA:415,(anonymous_127)
FNDA:30917,(anonymous_128)
FNDA:57190,(anonymous_129)
FNDA:2486,(anonymous_130)
FNDA:415,(anonymous_131)
FNDA:2496,(anonymous_132)
FNDA:415,(anonymous_133)
DA:3,1
DA:5,1
DA:6,168
DA:10,168
DA:11,168
DA:15,168
DA:16,168
DA:17,168
DA:18,168
DA:19,168
DA:20,168
DA:21,168
DA:22,168
DA:23,168
DA:24,168
DA:25,168
DA:32,168
DA:37,168
DA:38,0
DA:40,168
DA:41,168
DA:42,168
DA:43,168
DA:44,168
DA:45,168
DA:46,168
DA:47,168
DA:48,168
DA:49,168
DA:50,168
DA:51,168
DA:52,168
DA:53,168
DA:54,168
DA:55,168
DA:56,168
DA:64,168
DA:65,168
DA:66,76
DA:67,76
DA:68,149
DA:69,149
DA:70,2
DA:71,2
DA:73,147
DA:74,147
DA:75,50
DA:76,148
DA:79,97
DA:80,206
DA:81,184
DA:85,76
DA:87,168
DA:88,110
DA:89,110
DA:90,576
DA:92,576
DA:93,576
DA:95,576
DA:97,110
DA:99,168
DA:100,42
DA:101,42
DA:102,42
DA:103,42
DA:104,42
DA:105,42
DA:106,42
DA:108,42
DA:109,0
DA:111,42
DA:112,42
DA:113,42
DA:115,168
DA:116,214
DA:121,214
DA:122,0
DA:123,0
DA:125,214
DA:131,168
DA:132,540
DA:133,540
DA:134,540
DA:135,7698
DA:137,540
DA:139,168
DA:140,4600
DA:141,4600
DA:143,168
DA:144,2528
DA:145,2528
DA:147,168
DA:148,24
DA:149,23
DA:162,168
DA:163,4154
DA:165,168
DA:166,199
DA:167,199
DA:169,168
DA:170,341
DA:172,168
DA:173,140427
DA:175,168
DA:176,5830
DA:177,5830
DA:178,2
DA:180,5830
DA:182,168
DA:183,199
DA:184,199
DA:185,199
DA:186,199
DA:187,5825
DA:190,168
DA:191,5839
DA:192,5839
DA:193,0
DA:194,0
DA:196,5839
DA:198,168
DA:199,5821
DA:200,5821
DA:201,2
DA:202,2
DA:204,5821
DA:206,168
DA:207,5788
DA:208,5788
DA:209,160781
DA:210,3
DA:211,3
DA:214,5785
DA:216,168
DA:217,0
DA:218,0
DA:221,168
DA:222,4
DA:223,0
DA:226,168
DA:227,21
DA:244,21
DA:245,21
DA:246,21
DA:247,21
DA:248,21
DA:249,21
DA:250,21
DA:251,21
DA:252,21
DA:259,168
DA:260,21
DA:261,21
DA:262,21
DA:263,21
DA:281,168
DA:282,23
DA:285,23
DA:286,0
DA:287,0
DA:289,23
DA:290,0
DA:291,0
DA:293,23
DA:294,7
DA:295,7
DA:297,23
DA:298,14
DA:299,14
DA:301,23
DA:302,12
DA:305,168
DA:306,25
DA:307,66
DA:310,168
DA:311,3
DA:312,0
DA:314,6
DA:315,0
DA:318,3
DA:320,168
DA:321,36960
DA:323,168
DA:324,168
DA:325,8736
DA:328,168
DA:329,168
DA:330,28224
DA:333,168
DA:334,2
DA:335,4
DA:336,3
DA:339,2
DA:341,168
DA:342,3
DA:343,2
DA:345,3
DA:346,3
DA:347,3
DA:348,3
DA:349,3
DA:350,3
DA:351,3
DA:352,3
DA:353,3
DA:354,3
DA:355,3
DA:356,3
DA:357,3
DA:358,3
DA:361,168
DA:362,377
DA:363,377
DA:364,2
DA:365,2
DA:367,2
DA:368,2
DA:369,2
DA:371,2
DA:373,2
DA:375,2
DA:376,2
DA:380,168
DA:381,2184
DA:383,168
DA:384,28458
DA:385,2184
DA:388,168
DA:389,504
DA:390,1
DA:391,1
DA:394,168
DA:395,168
DA:396,168
DA:397,168
DA:398,168
DA:399,168
DA:400,168
DA:401,168
DA:402,168
DA:403,168
DA:404,168
DA:405,168
DA:406,168
DA:407,168
DA:408,168
DA:409,168
DA:410,168
DA:411,168
DA:412,168
DA:413,168
DA:414,168
DA:415,168
DA:416,168
DA:417,168
DA:418,168
DA:419,168
DA:420,168
DA:421,168
DA:422,168
DA:423,168
DA:424,168
DA:425,168
DA:426,168
DA:427,168
DA:428,168
DA:429,168
DA:430,168
DA:431,168
DA:432,168
DA:433,168
DA:434,168
DA:435,168
DA:436,168
DA:437,168
DA:438,168
DA:439,168
DA:440,168
DA:441,168
DA:442,168
DA:443,168
DA:444,168
DA:445,168
DA:446,168
DA:447,168
DA:448,168
DA:449,168
DA:450,168
DA:451,168
DA:452,168
DA:453,168
DA:454,168
DA:455,168
DA:456,168
DA:457,168
DA:458,168
DA:459,168
DA:461,30408
DA:462,30408
DA:464,181
DA:467,234
DA:468,234
DA:469,234
DA:470,234
DA:474,168
DA:476,10
DA:485,168
DA:487,2
DA:490,168
DA:492,416
DA:495,0
DA:496,0
DA:497,0
DA:499,0
DA:500,0
DA:503,168
DA:504,168
DA:505,8736
DA:507,1
DA:510,1
DA:511,1
DA:512,1
DA:516,168
DA:517,49
DA:522,49
DA:523,49
DA:524,4
DA:525,4
DA:527,2
DA:528,2
DA:530,2
DA:532,45
DA:535,168
DA:536,0
DA:537,0
DA:539,168
DA:540,11
DA:541,11
DA:542,1
DA:543,1
DA:545,0
DA:546,0
DA:549,11
DA:550,1
DA:551,1
DA:552,1
DA:553,1
DA:554,3
DA:555,0
DA:561,168
DA:562,168
DA:563,152
DA:565,168
DA:566,16
DA:568,168
DA:569,15
DA:571,168
DA:572,6
DA:574,162
DA:576,168
DA:584,168
DA:585,79
DA:593,168
DA:594,59
DA:595,59
DA:597,168
DA:599,0
DA:602,0
DA:603,0
DA:606,168
DA:608,0
DA:611,0
DA:612,0
DA:615,168
DA:617,0
DA:620,168
DA:622,0
DA:623,0
DA:627,168
DA:629,0
DA:632,168
DA:634,49644
DA:637,169
DA:640,168
DA:642,1
DA:645,6
DA:648,168
DA:650,1
DA:653,168
DA:655,1
DA:658,168
DA:660,2
DA:663,168
DA:665,2
DA:668,168
DA:670,7
DA:673,1
DA:676,168
DA:678,11
DA:681,1
DA:684,168
DA:686,0
DA:689,168
DA:691,6
DA:694,168
DA:696,39
DA:699,168
DA:701,1
DA:704,168
DA:706,1
DA:709,168
DA:711,1
DA:714,168
DA:716,3
DA:719,168
DA:721,0
DA:724,168
DA:726,0
DA:729,168
DA:730,168
DA:731,182
DA:732,182
DA:733,0
DA:735,182
DA:738,3
DA:740,182
DA:741,1
DA:743,182
DA:745,178
DA:747,4
DA:748,3
DA:749,2
DA:750,0
DA:752,2
DA:754,3
DA:755,1
DA:756,1
DA:758,3
DA:760,1
DA:761,0
DA:763,1
DA:764,1
DA:766,0
DA:769,1
DA:770,1
DA:771,1
DA:772,3
DA:775,1
DA:776,3
DA:777,3
DA:778,3
DA:779,9
DA:782,1
DA:784,0
DA:786,168
DA:788,0
DA:791,168
DA:793,26
DA:796,168
DA:798,5
DA:801,168
DA:803,1
DA:804,2
DA:808,168
DA:810,904
DA:813,168
DA:815,5
DA:818,19
DA:819,0
DA:821,19
DA:822,0
DA:824,19
DA:825,35
DA:826,35
DA:827,35
DA:828,35
DA:829,35
DA:830,35
DA:831,35
DA:832,35
DA:834,19
DA:835,19
DA:836,19
DA:837,19
DA:838,19
DA:839,19
DA:842,168
DA:844,41
DA:845,95
DA:846,95
DA:850,179
DA:851,179
DA:852,935
DA:853,935
DA:854,935
DA:856,179
DA:858,179
DA:859,179
DA:860,179
DA:862,179
DA:863,16
DA:864,16
DA:866,179
DA:867,179
DA:868,179
DA:869,179
DA:871,179
DA:872,179
DA:874,0
DA:876,179
DA:877,179
DA:878,179
DA:879,179
DA:880,179
DA:884,168
DA:885,168
DA:893,1
DA:894,432
DA:895,0
DA:897,432
DA:898,19
DA:900,432
DA:901,403
DA:903,432
DA:904,402
DA:906,432
DA:907,432
DA:908,432
DA:911,1
DA:912,478
DA:913,0
DA:915,478
DA:916,107
DA:918,478
DA:919,9
DA:921,478
DA:922,7
DA:924,478
DA:925,478
DA:926,90
DA:929,168
DA:930,7
DA:935,168
DA:936,388
DA:937,388
DA:939,168
DA:941,4583
DA:944,830
DA:947,168
DA:949,4623
DA:952,830
DA:955,168
DA:957,1660
DA:960,415
DA:961,386
DA:963,415
DA:966,168
DA:968,1660
DA:971,415
DA:974,168
DA:976,30917
DA:980,168
DA:982,57190
DA:986,168
DA:988,2486
DA:991,415
DA:992,350
DA:994,415
DA:995,386
DA:997,415
DA:1000,168
DA:1002,2496
DA:1005,415
DA:1006,118
DA:1008,415
DA:1012,168
LF:576
LH:527
BRDA:68,1,0,0
BRDA:68,1,1,149
BRDA:69,2,0,2
BRDA:69,2,1,147
BRDA:74,3,0,50
BRDA:74,3,1,97
BRDA:80,4,0,22
BRDA:80,4,1,184
BRDA:80,5,0,206
BRDA:80,5,1,195
BRDA:90,6,0,576
BRDA:90,6,1,0
BRDA:90,7,0,576
BRDA:90,7,1,576
BRDA:108,8,0,0
BRDA:108,8,1,42
BRDA:121,9,0,0
BRDA:121,9,1,214
BRDA:132,10,0,540
BRDA:132,10,1,540
BRDA:140,11,0,0
BRDA:140,11,1,4600
BRDA:141,12,0,4600
BRDA:141,12,1,4600
BRDA:144,13,0,0
BRDA:144,13,1,2528
BRDA:145,14,0,2528
BRDA:145,14,1,6
BRDA:148,15,0,1
BRDA:148,15,1,23
BRDA:163,16,0,4154
BRDA:163,16,1,3928
BRDA:176,17,0,5830
BRDA:176,17,1,5820
BRDA:177,18,0,2
BRDA:177,18,1,5828
BRDA:200,19,0,2
BRDA:200,19,1,5819
BRDA:200,20,0,5821
BRDA:200,20,1,25
BRDA:209,21,0,3
BRDA:209,21,1,160778
BRDA:211,22,0,3
BRDA:211,22,1,0
BRDA:253,23,0,21
BRDA:253,23,1,0
BRDA:254,24,0,21
BRDA:254,24,1,0
BRDA:255,25,0,21
BRDA:255,25,1,0
BRDA:256,26,0,21
BRDA:256,26,1,0
BRDA:261,27,0,0
BRDA:261,27,1,21
BRDA:262,28,0,0
BRDA:262,28,1,21
BRDA:285,29,0,0
BRDA:285,29,1,23
BRDA:285,30,0,23
BRDA:285,30,1,0
BRDA:289,31,0,0
BRDA:289,31,1,23
BRDA:289,32,0,23
BRDA:289,32,1,2
BRDA:293,33,0,7
BRDA:293,33,1,16
BRDA:297,34,0,14
BRDA:297,34,1,9
BRDA:301,35,0,12
BRDA:301,35,1,11
BRDA:301,36,0,23
BRDA:301,36,1,14
BRDA:301,36,2,14
BRDA:301,36,3,14
BRDA:311,37,0,0
BRDA:311,37,1,3
BRDA:314,38,0,0
BRDA:314,38,1,3
BRDA:321,39,0,36885
BRDA:321,39,1,75
BRDA:330,40,0,28224
BRDA:330,40,1,25704
BRDA:335,41,0,3
BRDA:335,41,1,1
BRDA:335,42,0,4
BRDA:335,42,1,3
BRDA:342,43,0,2
BRDA:342,43,1,1
BRDA:342,44,0,3
BRDA:342,44,1,2
BRDA:342,44,2,2
BRDA:357,45,0,3
BRDA:357,45,1,0
BRDA:357,46,0,3
BRDA:357,46,1,3
BRDA:363,47,0,2
BRDA:363,47,1,375
BRDA:363,48,0,377
BRDA:363,48,1,2
BRDA:364,49,0,2
BRDA:364,49,1,0
BRDA:368,50,0,2
BRDA:368,50,1,0
BRDA:371,51,0,0
BRDA:371,51,1,2
BRDA:373,52,0,0
BRDA:373,52,1,2
BRDA:375,53,0,2
BRDA:375,53,1,0
BRDA:375,54,0,2
BRDA:375,54,1,2
BRDA:384,55,0,2184
BRDA:384,55,1,26274
BRDA:389,56,0,503
BRDA:389,56,1,1
BRDA:520,57,0,4
BRDA:520,57,1,45
BRDA:523,58,0,4
BRDA:523,58,1,45
BRDA:523,59,0,49
BRDA:523,59,1,4
BRDA:532,60,0,45
BRDA:532,60,1,0
BRDA:536,61,0,0
BRDA:536,61,1,0
BRDA:539,62,0,11
BRDA:539,62,1,157
BRDA:539,63,0,168
BRDA:539,63,1,12
BRDA:541,64,0,1
BRDA:541,64,1,10
BRDA:549,65,0,1
BRDA:549,65,1,10
BRDA:550,66,0,1
BRDA:550,66,1,0
BRDA:554,67,0,0
BRDA:554,67,1,3
BRDA:562,68,0,152
BRDA:562,68,1,16
BRDA:565,69,0,16
BRDA:565,69,1,152
BRDA:568,70,0,15
BRDA:568,70,1,153
BRDA:571,71,0,6
BRDA:571,71,1,162
BRDA:732,72,0,0
BRDA:732,72,1,182
BRDA:732,73,0,182
BRDA:732,73,1,182
BRDA:732,73,2,182
BRDA:735,74,0,3
BRDA:735,74,1,179
BRDA:735,75,0,182
BRDA:735,75,1,181
BRDA:735,75,2,180
BRDA:740,76,0,1
BRDA:740,76,1,181
BRDA:740,77,0,182
BRDA:740,77,1,4
BRDA:743,78,0,178
BRDA:743,78,1,4
BRDA:743,79,0,182
BRDA:743,79,1,181
BRDA:743,79,2,162
BRDA:743,79,3,20
BRDA:743,79,4,17
BRDA:747,80,0,3
BRDA:747,80,1,1
BRDA:749,81,0,0
BRDA:749,81,1,2
BRDA:754,82,0,1
BRDA:754,82,1,2
BRDA:760,83,0,0
BRDA:760,83,1,1
BRDA:760,84,0,1
BRDA:760,84,1,0
BRDA:763,85,0,1
BRDA:763,85,1,0
BRDA:764,86,0,0
BRDA:764,86,1,1
BRDA:818,87,0,0
BRDA:818,87,1,19
BRDA:818,88,0,19
BRDA:818,88,1,19
BRDA:821,89,0,0
BRDA:821,89,1,19
BRDA:825,90,0,35
BRDA:825,90,1,27
BRDA:827,91,0,35
BRDA:827,91,1,33
BRDA:828,92,0,35
BRDA:828,92,1,23
BRDA:859,93,0,179
BRDA:859,93,1,0
BRDA:862,94,0,16
BRDA:862,94,1,163
BRDA:862,95,0,179
BRDA:862,95,1,179
BRDA:866,96,0,179
BRDA:866,96,1,0
BRDA:866,97,0,179
BRDA:866,97,1,179
BRDA:872,98,0,0
BRDA:872,98,1,179
BRDA:872,99,0,179
BRDA:872,99,1,0
BRDA:872,99,2,0
BRDA:877,100,0,172
BRDA:877,100,1,7
BRDA:877,101,0,179
BRDA:877,101,1,179
BRDA:894,102,0,0
BRDA:894,102,1,432
BRDA:897,103,0,19
BRDA:897,103,1,413
BRDA:900,104,0,403
BRDA:900,104,1,29
BRDA:903,105,0,402
BRDA:903,105,1,30
BRDA:907,106,0,432
BRDA:907,106,1,0
BRDA:912,107,0,0
BRDA:912,107,1,478
BRDA:915,108,0,107
BRDA:915,108,1,371
BRDA:918,109,0,9
BRDA:918,109,1,469
BRDA:921,110,0,7
BRDA:921,110,1,471
BRDA:925,111,0,90
BRDA:925,111,1,388
BRDA:960,112,0,386
BRDA:960,112,1,29
BRDA:991,113,0,350
BRDA:991,113,1,65
BRDA:994,114,0,386
BRDA:994,114,1,29
BRDA:1005,115,0,118
BRDA:1005,115,1,297
BRF:239
BRH:194
end_of_record
TN:
SF:/Users/tgermaneri/git/canvas-datagrid/lib/main.js
FN:11,context
FN:15,hyphenateProperty
FN:17,(anonymous_3)
FN:26,getDefaultItem
FN:30,(anonymous_5)
FN:38,(anonymous_6)
FN:45,(anonymous_7)
FN:47,(anonymous_8)
FN:61,(anonymous_9)
FN:68,(anonymous_10)
FN:71,(anonymous_11)
FN:74,(anonymous_12)
FN:78,Grid
FN:84,grid
FN:88,(anonymous_15)
FN:98,getObservableAttributes
FN:101,(anonymous_17)
FN:108,(anonymous_18)
FN:111,(anonymous_19)
FN:116,(anonymous_20)
FN:133,(anonymous_21)
FN:145,(anonymous_22)
FN:147,(anonymous_23)
FN:151,(anonymous_24)
FN:158,(anonymous_25)
FN:163,grid
FNF:26
FNH:7
FNDA:1,context
FNDA:0,hyphenateProperty
FNDA:0,(anonymous_3)
FNDA:0,getDefaultItem
FNDA:0,(anonymous_5)
FNDA:0,(anonymous_6)
FNDA:0,(anonymous_7)
FNDA:0,(anonymous_8)
FNDA:0,(anonymous_9)
FNDA:0,(anonymous_10)
FNDA:0,(anonymous_11)
FNDA:0,(anonymous_12)
FNDA:168,Grid
FNDA:6,grid
FNDA:1176,(anonymous_15)
FNDA:1,getObservableAttributes
FNDA:52,(anonymous_17)
FNDA:0,(anonymous_18)
FNDA:0,(anonymous_19)
FNDA:0,(anonymous_20)
FNDA:0,(anonymous_21)
FNDA:0,(anonymous_22)
FNDA:0,(anonymous_23)
FNDA:0,(anonymous_24)
FNDA:0,(anonymous_25)
FNDA:162,grid
DA:3,1
DA:13,1
DA:15,1
DA:16,0
DA:17,0
DA:18,0
DA:19,0
DA:20,0
DA:22,0
DA:24,0
DA:26,1
DA:27,0
DA:29,0
DA:30,0
DA:31,0
DA:35,0
DA:37,1
DA:39,0
DA:40,0
DA:42,0
DA:46,0
DA:47,0
DA:48,0
DA:49,0
DA:53,0
DA:54,0
DA:55,0
DA:57,0
DA:59,0
DA:62,0
DA:63,0
DA:65,0
DA:69,0
DA:72,0
DA:75,0
DA:78,1
DA:79,168
DA:80,168
DA:81,168
DA:82,168
DA:83,168
DA:84,168
DA:85,6
DA:86,6
DA:88,168
DA:89,1176
DA:91,168
DA:92,168
DA:93,168
DA:94,168
DA:96,168
DA:98,1
DA:99,1
DA:100,1
DA:101,1
DA:102,52
DA:104,1
DA:106,1
DA:107,1
DA:108,1
DA:109,0
DA:111,1
DA:112,0
DA:113,0
DA:114,0
DA:115,0
DA:116,0
DA:117,0
DA:119,0
DA:120,0
DA:122,0
DA:123,0
DA:124,0
DA:126,0
DA:127,0
DA:128,0
DA:130,0
DA:131,0
DA:133,1
DA:134,0
DA:135,0
DA:136,0
DA:137,0
DA:138,0
DA:144,0
DA:145,0
DA:146,0
DA:148,0
DA:149,0
DA:152,0
DA:157,1
DA:158,1
DA:160,1
DA:161,0
DA:163,1
DA:164,162
DA:165,162
DA:166,162
DA:168,1
LF:99
LH:40
BRDA:18,1,0,0
BRDA:18,1,1,0
BRDA:24,2,0,0
BRDA:24,2,1,0
BRDA:31,3,0,0
BRDA:31,3,1,0
BRDA:31,3,2,0
BRDA:48,4,0,0
BRDA:48,4,1,0
BRDA:53,5,0,0
BRDA:53,5,1,0
BRDA:79,6,0,168
BRDA:79,6,1,0
BRDA:82,7,0,0
BRDA:82,7,1,168
BRDA:93,8,0,168
BRDA:93,8,1,0
BRDA:113,9,0,0
BRDA:113,9,1,0
BRDA:115,10,0,0
BRDA:115,10,1,0
BRDA:122,11,0,0
BRDA:122,11,1,0
BRDA:126,12,0,0
BRDA:126,12,1,0
BRDA:135,13,0,0
BRDA:135,13,1,0
BRDA:157,14,0,1
BRDA:157,14,1,0
BRDA:157,15,0,1
BRDA:157,15,1,1
BRDA:157,15,2,1
BRDA:160,16,0,0
BRDA:160,16,1,1
BRDA:164,17,0,162
BRDA:164,17,1,1
BRF:36
BRH:10
end_of_record
TN:
SF:/Users/tgermaneri/git/canvas-datagrid/lib/publicMethods.js
FN:3,(anonymous_1)
FN:5,(anonymous_2)
FN:15,(anonymous_3)
FN:36,(anonymous_4)
FN:43,(anonymous_5)
FN:56,(anonymous_6)
FN:59,(anonymous_7)
FN:74,(anonymous_8)
FN:78,(anonymous_9)
FN:90,(anonymous_10)
FN:103,(anonymous_11)
FN:108,(anonymous_12)
FN:123,(anonymous_13)
FN:125,(anonymous_14)
FN:141,(anonymous_15)
FN:153,(anonymous_16)
FN:165,(anonymous_17)
FN:176,(anonymous_18)
FN:188,(anonymous_19)
FN:189,applyFilter
FN:191,(anonymous_21)
FN:197,(anonymous_22)
FN:222,(anonymous_23)
FN:245,(anonymous_24)
FN:264,(anonymous_25)
FN:279,(anonymous_26)
FN:290,(anonymous_27)
FN:291,(anonymous_28)
FN:310,(anonymous_29)
FN:322,(anonymous_30)
FN:337,(anonymous_31)
FN:339,(anonymous_32)
FN:356,(anonymous_33)
FN:358,addCol
FN:359,(anonymous_35)
FN:366,removeCol
FN:367,(anonymous_37)
FN:409,(anonymous_38)
FN:411,addRow
FN:414,(anonymous_40)
FN:452,(anonymous_41)
FN:477,(anonymous_42)
FN:523,(anonymous_43)
FN:539,(anonymous_44)
FN:555,(anonymous_45)
FN:571,(anonymous_46)
FN:591,(anonymous_47)
FN:593,(anonymous_48)
FN:610,(anonymous_49)
FN:628,(anonymous_50)
FN:629,(anonymous_51)
FN:642,(anonymous_52)
FN:763,(anonymous_53)
FN:766,(anonymous_54)
FN:792,(anonymous_55)
FN:793,mapEachSchemaColumn
FN:818,(anonymous_57)
FN:828,(anonymous_58)
FN:862,(anonymous_59)
FN:873,(anonymous_60)
FN:881,(anonymous_61)
FN:896,(anonymous_62)
FN:897,(anonymous_63)
FN:901,cellFormatterString
FN:909,(anonymous_65)
FN:911,(anonymous_66)
FN:926,(anonymous_67)
FN:928,(anonymous_68)
FN:935,(anonymous_69)
FN:937,(anonymous_70)
FNF:70
FNH:69
FNDA:1,(anonymous_1)
FNDA:168,(anonymous_2)
FNDA:6,(anonymous_3)
FNDA:4,(anonymous_4)
FNDA:2,(anonymous_5)
FNDA:1,(anonymous_6)
FNDA:1,(anonymous_7)
FNDA:1,(anonymous_8)
FNDA:1,(anonymous_9)
FNDA:1,(anonymous_10)
FNDA:2,(anonymous_11)
FNDA:2,(anonymous_12)
FNDA:2,(anonymous_13)
FNDA:4,(anonymous_14)
FNDA:2,(anonymous_15)
FNDA:2,(anonymous_16)
FNDA:1,(anonymous_17)
FNDA:1,(anonymous_18)
FNDA:25,(anonymous_19)
FNDA:25,applyFilter
FNDA:22,(anonymous_21)
FNDA:49,(anonymous_22)
FNDA:9,(anonymous_23)
FNDA:16,(anonymous_24)
FNDA:19,(anonymous_25)
FNDA:1,(anonymous_26)
FNDA:45,(anonymous_27)
FNDA:771,(anonymous_28)
FNDA:46,(anonymous_29)
FNDA:4,(anonymous_30)
FNDA:4,(anonymous_31)
FNDA:12,(anonymous_32)
FNDA:13,(anonymous_33)
FNDA:16,addCol
FNDA:48,(anonymous_35)
FNDA:1,removeCol
FNDA:3,(anonymous_37)
FNDA:11,(anonymous_38)
FNDA:12,addRow
FNDA:48,(anonymous_40)
FNDA:1,(anonymous_41)
FNDA:3,(anonymous_42)
FNDA:3,(anonymous_43)
FNDA:28,(anonymous_44)
FNDA:185,(anonymous_45)
FNDA:2,(anonymous_46)
FNDA:15,(anonymous_47)
FNDA:65,(anonymous_48)
FNDA:84,(anonymous_49)
FNDA:59,(anonymous_50)
FNDA:911,(anonymous_51)
FNDA:256,(anonymous_52)
FNDA:37,(anonymous_53)
FNDA:119,(anonymous_54)
FNDA:179,(anonymous_55)
FNDA:5788,mapEachSchemaColumn
FNDA:0,(anonymous_57)
FNDA:28,(anonymous_58)
FNDA:185,(anonymous_59)
FNDA:40,(anonymous_60)
FNDA:33,(anonymous_61)
FNDA:9,(anonymous_62)
FNDA:27,(anonymous_63)
FNDA:24260,cellFormatterString
FNDA:12,(anonymous_65)
FNDA:65,(anonymous_66)
FNDA:2,(anonymous_67)
FNDA:36,(anonymous_68)
FNDA:1,(anonymous_69)
FNDA:11,(anonymous_70)
DA:3,1
DA:5,1
DA:15,168
DA:16,6
DA:20,6
DA:21,6
DA:22,6
DA:24,6
DA:36,168
DA:37,4
DA:38,4
DA:39,2
DA:41,2
DA:42,2
DA:43,2
DA:44,2
DA:46,2
DA:56,168
DA:57,1
DA:59,1
DA:60,1
DA:62,1
DA:63,1
DA:74,168
DA:75,1
DA:76,1
DA:77,1
DA:78,1
DA:79,1
DA:81,1
DA:90,168
DA:91,1
DA:92,1
DA:93,1
DA:103,168
DA:104,2
DA:105,1
DA:107,1
DA:108,1
DA:109,2
DA:110,1
DA:113,1
DA:114,1
DA:123,168
DA:124,2
DA:125,2
DA:126,4
DA:127,1
DA:130,2
DA:131,2
DA:141,168
DA:142,2
DA:143,2
DA:153,168
DA:154,2
DA:155,2
DA:156,2
DA:165,168
DA:166,1
DA:167,1
DA:176,168
DA:177,1
DA:178,1
DA:188,168
DA:189,1
DA:190,25
DA:191,25
DA:192,22
DA:193,22
DA:194,0
DA:196,22
DA:197,22
DA:198,49
DA:201,25
DA:202,25
DA:204,25
DA:205,6
DA:206,6
DA:208,19
DA:209,2
DA:211,17
DA:213,19
DA:222,168
DA:223,9
DA:225,9
DA:226,9
DA:228,9
DA:229,0
DA:231,9
DA:232,29
DA:233,29
DA:236,9
DA:245,168
DA:246,16
DA:247,16
DA:248,0
DA:250,16
DA:251,13
DA:252,13
DA:254,16
DA:264,168
DA:265,19
DA:266,16
DA:268,19
DA:269,9
DA:279,168
DA:280,1
DA:290,168
DA:291,45
DA:292,771
DA:299,18
DA:310,168
DA:311,46
DA:322,168
DA:323,4
DA:337,168
DA:338,4
DA:339,4
DA:340,12
DA:341,9
DA:344,4
DA:356,168
DA:357,13
DA:358,1
DA:359,16
DA:360,48
DA:361,48
DA:362,42
DA:366,1
DA:367,1
DA:368,3
DA:369,3
DA:370,3
DA:374,13
DA:375,2
DA:376,2
DA:377,2
DA:378,2
DA:379,4
DA:382,13
DA:383,7
DA:384,7
DA:385,7
DA:387,13
DA:388,1
DA:390,12
DA:392,13
DA:393,8
DA:409,168
DA:410,11
DA:411,1
DA:412,12
DA:413,12
DA:414,12
DA:415,48
DA:418,11
DA:419,11
DA:420,2
DA:421,1
DA:422,1
DA:426,10
DA:427,10
DA:428,1
DA:429,1
DA:430,1
DA:431,1
DA:432,3
DA:435,9
DA:438,10
DA:439,7
DA:452,168
DA:453,1
DA:454,1
DA:459,1
DA:460,1
DA:461,1
DA:462,1
DA:463,1
DA:464,1
DA:467,1
DA:468,1
DA:477,168
DA:478,3
DA:483,3
DA:484,3
DA:502,3
DA:504,3
DA:505,3
DA:506,3
DA:511,3
DA:512,3
DA:513,3
DA:514,3
DA:523,168
DA:524,3
DA:525,3
DA:526,1
DA:528,2
DA:539,168
DA:540,28
DA:541,28
DA:542,37
DA:543,28
DA:555,168
DA:556,185
DA:558,185
DA:559,6
DA:560,6
DA:571,168
DA:572,2
DA:573,2
DA:574,32
DA:575,1
DA:578,1
DA:591,168
DA:592,15
DA:594,65
DA:596,15
DA:597,15
DA:598,0
DA:600,15
DA:601,15
DA:602,0
DA:604,15
DA:605,15
DA:606,15
DA:607,15
DA:608,15
DA:610,168
DA:611,84
DA:615,1
DA:617,83
DA:628,168
DA:629,59
DA:630,911
DA:642,168
DA:643,256
DA:644,256
DA:645,256
DA:646,256
DA:650,10
DA:651,10
DA:656,246
DA:657,2462
DA:658,2462
DA:659,39
DA:660,39
DA:661,39
DA:662,39
DA:664,2462
DA:668,244
DA:669,30
DA:670,30
DA:671,30
DA:672,30
DA:673,30
DA:674,19
DA:675,19
DA:676,11
DA:677,5
DA:678,5
DA:680,30
DA:681,30
DA:683,214
DA:684,70
DA:685,70
DA:686,70
DA:687,70
DA:688,70
DA:689,36
DA:690,36
DA:691,34
DA:692,29
DA:693,29
DA:695,70
DA:696,70
DA:698,144
DA:706,5
DA:707,5
DA:708,5
DA:710,139
DA:716,4
DA:717,4
DA:718,4
DA:720,135
DA:721,28
DA:722,28
DA:723,28
DA:725,107
DA:726,10
DA:727,10
DA:728,10
DA:730,97
DA:731,0
DA:732,0
DA:733,0
DA:734,0
DA:736,97
DA:737,8
DA:738,8
DA:739,8
DA:740,8
DA:742,89
DA:743,89
DA:744,89
DA:747,2
DA:748,2
DA:749,2
DA:763,168
DA:764,37
DA:766,37
DA:767,119
DA:768,119
DA:769,47
DA:770,47
DA:771,47
DA:772,47
DA:773,47
DA:774,47
DA:777,37
DA:792,168
DA:793,179
DA:794,5788
DA:803,5788
DA:804,163
DA:806,5788
DA:807,5788
DA:818,168
DA:819,0
DA:828,168
DA:829,28
DA:830,28
DA:831,28
DA:832,15
DA:834,28
DA:838,0
DA:840,28
DA:841,44
DA:842,44
DA:843,77
DA:844,77
DA:848,28
DA:862,168
DA:863,185
DA:864,185
DA:865,181
DA:866,181
DA:873,4
DA:874,40
DA:875,4
DA:876,4
DA:879,4
DA:881,4
DA:882,33
DA:883,33
DA:886,33
DA:888,4
DA:896,168
DA:897,9
DA:898,27
DA:901,168
DA:902,24260
DA:904,168
DA:905,168
DA:906,168
DA:907,168
DA:908,168
DA:909,168
DA:910,12
DA:911,12
DA:912,65
DA:913,5
DA:915,60
DA:916,0
DA:918,60
DA:919,43
DA:920,18
DA:922,17
DA:923,17
DA:926,168
DA:927,2
DA:928,2
DA:929,36
DA:930,25
DA:932,11
DA:935,168
DA:936,1
DA:937,1
DA:938,11
DA:939,0
DA:942,11
LF:391
LH:378
BRDA:38,1,0,2
BRDA:38,1,1,2
BRDA:104,2,0,1
BRDA:104,2,1,1
BRDA:109,3,0,1
BRDA:109,3,1,1
BRDA:126,4,0,1
BRDA:126,4,1,3
BRDA:193,5,0,0
BRDA:193,5,1,22
BRDA:196,6,0,22
BRDA:196,6,1,0
BRDA:196,7,0,0
BRDA:196,7,1,0
BRDA:204,8,0,6
BRDA:204,8,1,19
BRDA:204,9,0,25
BRDA:204,9,1,6
BRDA:208,10,0,2
BRDA:208,10,1,17
BRDA:208,11,0,19
BRDA:208,11,1,19
BRDA:208,11,2,18
BRDA:225,12,0,9
BRDA:225,12,1,0
BRDA:228,13,0,0
BRDA:228,13,1,9
BRDA:232,14,0,29
BRDA:232,14,1,29
BRDA:236,15,0,9
BRDA:236,15,1,9
BRDA:247,16,0,0
BRDA:247,16,1,16
BRDA:251,17,0,13
BRDA:251,17,1,13
BRDA:265,18,0,16
BRDA:265,18,1,3
BRDA:268,19,0,9
BRDA:268,19,1,10
BRDA:291,20,0,18
BRDA:291,20,1,27
BRDA:292,21,0,771
BRDA:292,21,1,625
BRDA:292,21,2,278
BRDA:292,21,3,216
BRDA:292,21,4,90
BRDA:292,21,5,68
BRDA:292,21,6,61
BRDA:292,21,7,29
BRDA:340,22,0,9
BRDA:340,22,1,3
BRDA:340,23,0,12
BRDA:340,23,1,12
BRDA:360,24,0,48
BRDA:360,24,1,21
BRDA:361,25,0,42
BRDA:361,25,1,6
BRDA:368,26,0,3
BRDA:368,26,1,0
BRDA:369,27,0,3
BRDA:369,27,1,0
BRDA:374,28,0,2
BRDA:374,28,1,11
BRDA:375,29,0,0
BRDA:375,29,1,2
BRDA:382,30,0,7
BRDA:382,30,1,6
BRDA:382,31,0,13
BRDA:382,31,1,9
BRDA:387,32,0,1
BRDA:387,32,1,12
BRDA:387,33,0,13
BRDA:387,33,1,4
BRDA:392,34,0,5
BRDA:392,34,1,8
BRDA:418,35,0,11
BRDA:418,35,1,0
BRDA:418,36,0,11
BRDA:418,36,1,11
BRDA:419,37,0,2
BRDA:419,37,1,9
BRDA:419,38,0,11
BRDA:419,38,1,2
BRDA:420,39,0,1
BRDA:420,39,1,1
BRDA:426,40,0,10
BRDA:426,40,1,0
BRDA:426,41,0,10
BRDA:426,41,1,7
BRDA:427,42,0,1
BRDA:427,42,1,9
BRDA:427,43,0,10
BRDA:427,43,1,1
BRDA:428,44,0,0
BRDA:428,44,1,1
BRDA:438,45,0,3
BRDA:438,45,1,7
BRDA:479,46,0,3
BRDA:479,46,1,0
BRDA:481,47,0,3
BRDA:481,47,1,3
BRDA:483,48,0,3
BRDA:483,48,1,0
BRDA:486,49,0,3
BRDA:486,49,1,0
BRDA:525,50,0,1
BRDA:525,50,1,2
BRDA:542,51,0,28
BRDA:542,51,1,9
BRDA:556,52,0,181
BRDA:556,52,1,4
BRDA:558,53,0,6
BRDA:558,53,1,179
BRDA:574,54,0,1
BRDA:574,54,1,31
BRDA:574,55,0,32
BRDA:574,55,1,8
BRDA:597,56,0,0
BRDA:597,56,1,15
BRDA:600,57,0,15
BRDA:600,57,1,14
BRDA:601,58,0,0
BRDA:601,58,1,15
BRDA:601,59,0,15
BRDA:601,59,1,0
BRDA:604,60,0,15
BRDA:604,60,1,0
BRDA:607,61,0,0
BRDA:607,61,1,15
BRDA:611,62,0,1
BRDA:611,62,1,83
BRDA:611,63,0,84
BRDA:611,63,1,84
BRDA:611,63,2,84
BRDA:611,63,3,83
BRDA:630,64,0,911
BRDA:630,64,1,205
BRDA:643,65,0,11
BRDA:643,65,1,245
BRDA:644,66,0,0
BRDA:644,66,1,256
BRDA:644,67,0,256
BRDA:644,67,1,256
BRDA:646,68,0,10
BRDA:646,68,1,246
BRDA:646,69,0,256
BRDA:646,69,1,247
BRDA:646,69,2,246
BRDA:646,69,3,246
BRDA:658,70,0,39
BRDA:658,70,1,2423
BRDA:658,71,0,2462
BRDA:658,71,1,168
BRDA:664,72,0,244
BRDA:664,72,1,2218
BRDA:664,73,0,2462
BRDA:664,73,1,1402
BRDA:664,73,2,815
BRDA:664,73,3,381
BRDA:668,74,0,30
BRDA:668,74,1,214
BRDA:673,75,0,19
BRDA:673,75,1,11
BRDA:676,76,0,5
BRDA:676,76,1,6
BRDA:683,77,0,70
BRDA:683,77,1,144
BRDA:688,78,0,36
BRDA:688,78,1,34
BRDA:691,79,0,29
BRDA:691,79,1,5
BRDA:698,80,0,5
BRDA:698,80,1,139
BRDA:698,81,0,144
BRDA:698,81,1,5
BRDA:698,81,2,5
BRDA:698,81,3,5
BRDA:698,81,4,2
BRDA:698,81,5,5
BRDA:698,81,6,5
BRDA:698,81,7,5
BRDA:698,81,8,5
BRDA:710,82,0,4
BRDA:710,82,1,135
BRDA:710,83,0,139
BRDA:710,83,1,7
BRDA:710,83,2,7
BRDA:710,83,3,7
BRDA:710,83,4,0
BRDA:710,83,5,7
BRDA:710,83,6,4
BRDA:720,84,0,28
BRDA:720,84,1,107
BRDA:725,85,0,10
BRDA:725,85,1,97
BRDA:730,86,0,0
BRDA:730,86,1,97
BRDA:736,87,0,8
BRDA:736,87,1,89
BRDA:768,88,0,47
BRDA:768,88,1,72
BRDA:768,89,0,119
BRDA:768,89,1,47
BRDA:769,90,0,27
BRDA:769,90,1,20
BRDA:770,91,0,47
BRDA:770,91,1,0
BRDA:773,92,0,27
BRDA:773,92,1,20
BRDA:774,93,0,27
BRDA:774,93,1,20
BRDA:793,94,0,179
BRDA:793,94,1,16
BRDA:797,95,0,5782
BRDA:797,95,1,6
BRDA:803,96,0,163
BRDA:803,96,1,5625
BRDA:829,97,0,28
BRDA:829,97,1,11
BRDA:831,98,0,15
BRDA:831,98,1,13
BRDA:834,99,0,0
BRDA:834,99,1,28
BRDA:834,100,0,28
BRDA:834,100,1,28
BRDA:834,100,2,28
BRDA:834,100,3,28
BRDA:843,101,0,77
BRDA:843,101,1,0
BRDA:864,102,0,181
BRDA:864,102,1,4
BRDA:866,103,0,2
BRDA:866,103,1,179
BRDA:870,104,0,3
BRDA:870,104,1,178
BRDA:874,105,0,36
BRDA:874,105,1,4
BRDA:876,106,0,4
BRDA:876,106,1,0
BRDA:879,107,0,0
BRDA:879,107,1,4
BRDA:886,108,0,5
BRDA:886,108,1,28
BRDA:902,109,0,23871
BRDA:902,109,1,389
BRDA:912,110,0,5
BRDA:912,110,1,60
BRDA:912,111,0,65
BRDA:912,111,1,62
BRDA:915,112,0,0
BRDA:915,112,1,60
BRDA:915,113,0,60
BRDA:915,113,1,60
BRDA:918,114,0,43
BRDA:918,114,1,17
BRDA:919,115,0,25
BRDA:919,115,1,18
BRDA:922,116,0,0
BRDA:922,116,1,17
BRDA:929,117,0,25
BRDA:929,117,1,11
BRDA:938,118,0,0
BRDA:938,118,1,11
BRF:263
BRH:231
end_of_record
