TN:
SF:/Users/tgermaneri/git/canvas-datagrid/lib/component.js
FN:3,(anonymous_1)
FN:5,(anonymous_2)
FN:8,hyphenateProperty
FN:10,(anonymous_4)
FN:19,getDefaultItem
FN:23,(anonymous_6)
FN:30,applyComponentStyle
FN:36,(anonymous_8)
FN:48,(anonymous_9)
FN:55,(anonymous_10)
FN:62,(anonymous_11)
FN:66,(anonymous_12)
FN:69,(anonymous_13)
FN:73,(anonymous_14)
FN:76,(anonymous_15)
FN:81,(anonymous_16)
FN:96,(anonymous_17)
FN:101,(anonymous_18)
FN:103,(anonymous_19)
FN:107,(anonymous_20)
FN:113,(anonymous_21)
FN:116,(anonymous_22)
FN:139,(anonymous_23)
FN:145,(anonymous_24)
FN:148,(anonymous_25)
FN:156,(anonymous_26)
FN:158,(anonymous_27)
FN:180,(anonymous_28)
FNF:28
FNH:2
FNDA:1,(anonymous_1)
FNDA:165,(anonymous_2)
FNDA:0,hyphenateProperty
FNDA:0,(anonymous_4)
FNDA:0,getDefaultItem
FNDA:0,(anonymous_6)
FNDA:0,applyComponentStyle
FNDA:0,(anonymous_8)
FNDA:0,(anonymous_9)
FNDA:0,(anonymous_10)
FNDA:0,(anonymous_11)
FNDA:0,(anonymous_12)
FNDA:0,(anonymous_13)
FNDA:0,(anonymous_14)
FNDA:0,(anonymous_15)
FNDA:0,(anonymous_16)
FNDA:0,(anonymous_17)
FNDA:0,(anonymous_18)
FNDA:0,(anonymous_19)
FNDA:0,(anonymous_20)
FNDA:0,(anonymous_21)
FNDA:0,(anonymous_22)
FNDA:0,(anonymous_23)
FNDA:0,(anonymous_24)
FNDA:0,(anonymous_25)
FNDA:0,(anonymous_26)
FNDA:0,(anonymous_27)
FNDA:0,(anonymous_28)
DA:3,1
DA:5,1
DA:6,165
DA:7,165
DA:8,1
DA:9,0
DA:10,0
DA:11,0
DA:12,0
DA:13,0
DA:15,0
DA:17,0
DA:19,1
DA:20,0
DA:22,0
DA:23,0
DA:24,0
DA:28,0
DA:30,1
DA:31,0
DA:33,0
DA:34,0
DA:35,0
DA:36,0
DA:37,0
DA:38,0
DA:39,0
DA:42,0
DA:43,0
DA:44,0
DA:47,165
DA:49,0
DA:50,0
DA:52,0
DA:56,0
DA:57,0
DA:59,0
DA:63,0
DA:64,0
DA:67,0
DA:70,0
DA:73,165
DA:74,0
DA:75,0
DA:76,0
DA:77,0
DA:79,0
DA:81,165
DA:82,0
DA:83,0
DA:84,0
DA:85,0
DA:86,0
DA:93,0
DA:94,0
DA:95,0
DA:96,0
DA:97,0
DA:98,0
DA:100,0
DA:101,0
DA:102,0
DA:104,0
DA:105,0
DA:108,0
DA:113,165
DA:114,0
DA:116,165
DA:117,0
DA:118,0
DA:119,0
DA:121,0
DA:122,0
DA:123,0
DA:125,0
DA:126,0
DA:127,0
DA:129,0
DA:130,0
DA:132,0
DA:133,0
DA:134,0
DA:135,0
DA:136,0
DA:138,0
DA:139,0
DA:140,0
DA:143,0
DA:145,165
DA:146,0
DA:147,0
DA:148,0
DA:155,0
DA:156,0
DA:157,0
DA:158,0
DA:159,0
DA:161,0
DA:162,0
DA:164,0
DA:165,0
DA:166,0
DA:168,0
DA:169,0
DA:172,0
DA:173,0
DA:175,0
DA:176,0
DA:179,0
DA:180,0
DA:181,0
DA:184,165
DA:185,165
LF:113
LH:15
BRDA:6,1,0,165
BRDA:6,1,1,1
BRDA:11,2,0,0
BRDA:11,2,1,0
BRDA:17,3,0,0
BRDA:17,3,1,0
BRDA:24,4,0,0
BRDA:24,4,1,0
BRDA:24,4,2,0
BRDA:38,5,0,0
BRDA:38,5,1,0
BRDA:43,6,0,0
BRDA:43,6,1,0
BRDA:64,7,0,0
BRDA:64,7,1,0
BRDA:83,8,0,0
BRDA:83,8,1,0
BRDA:97,9,0,0
BRDA:97,9,1,0
BRDA:118,10,0,0
BRDA:118,10,1,0
BRDA:121,11,0,0
BRDA:121,11,1,0
BRDA:125,12,0,0
BRDA:125,12,1,0
BRDA:129,13,0,0
BRDA:129,13,1,0
BRDA:129,14,0,0
BRDA:129,14,1,0
BRDA:133,15,0,0
BRDA:133,15,1,0
BRDA:138,16,0,0
BRDA:138,16,1,0
BRDA:147,17,0,0
BRDA:147,17,1,0
BRDA:159,18,0,0
BRDA:159,18,1,0
BRDA:159,19,0,0
BRDA:159,19,1,0
BRDA:164,20,0,0
BRDA:164,20,1,0
BRDA:168,21,0,0
BRDA:168,21,1,0
BRDA:168,22,0,0
BRDA:168,22,1,0
BRDA:172,23,0,0
BRDA:172,23,1,0
BRDA:175,24,0,0
BRDA:175,24,1,0
BRF:49
BRH:2
end_of_record
TN:
SF:/Users/tgermaneri/git/canvas-datagrid/lib/contextMenu.js
FN:3,(anonymous_1)
FN:5,(anonymous_2)
FN:7,applyContextItemStyle
FN:9,(anonymous_4)
FN:12,(anonymous_5)
FN:16,createContextMenu
FN:25,createItems
FN:26,(anonymous_8)
FN:29,removeChildContext
FN:43,contextAddCallback
FN:62,createChildContext
FN:69,(anonymous_12)
FN:79,addItem
FN:80,addContent
FN:101,(anonymous_15)
FN:106,(anonymous_16)
FN:115,clickIndex
FN:118,checkArrowVisibility
FN:131,startHoverScroll
FN:132,t
FN:140,endHoverScroll
FN:141,(anonymous_22)
FN:145,init
FN:157,(anonymous_24)
FN:171,(anonymous_25)
FN:222,(anonymous_26)
FN:224,(anonymous_27)
FN:227,(anonymous_28)
FN:232,(anonymous_29)
FN:235,(anonymous_30)
FN:246,(anonymous_31)
FN:256,createFilterContextMenuItems
FN:264,checkRegExpErrorState
FN:272,fillAutoComplete
FN:274,(anonymous_35)
FN:274,(anonymous_36)
FN:279,(anonymous_37)
FN:288,(anonymous_38)
FN:292,createAutoCompleteContext
FN:315,(anonymous_40)
FN:339,(anonymous_41)
FN:343,(anonymous_42)
FN:348,(anonymous_43)
FN:355,(anonymous_44)
FN:365,(anonymous_45)
FN:369,removeFilterClick
FN:378,addDefaultContextMenuItem
FN:386,(anonymous_48)
FN:391,(anonymous_49)
FN:401,(anonymous_50)
FN:410,(anonymous_51)
FN:412,(anonymous_52)
FN:413,toggleColumnVisibility
FN:437,(anonymous_54)
FN:451,(anonymous_55)
FN:470,(anonymous_56)
FN:478,(anonymous_57)
FN:487,(anonymous_58)
FN:493,(anonymous_59)
FN:502,(anonymous_60)
FN:506,createDiposeEvent
FN:507,(anonymous_62)
FNF:62
FNH:47
FNDA:1,(anonymous_1)
FNDA:164,(anonymous_2)
FNDA:494,applyContextItemStyle
FNDA:4,(anonymous_4)
FNDA:1,(anonymous_5)
FNDA:28,createContextMenu
FNDA:28,createItems
FNDA:509,(anonymous_8)
FNDA:1,removeChildContext
FNDA:4,contextAddCallback
FNDA:4,createChildContext
FNDA:1,(anonymous_12)
FNDA:509,addItem
FNDA:509,addContent
FNDA:1,(anonymous_15)
FNDA:5,(anonymous_16)
FNDA:3,clickIndex
FNDA:402,checkArrowVisibility
FNDA:56,startHoverScroll
FNDA:375,t
FNDA:56,endHoverScroll
FNDA:2,(anonymous_22)
FNDA:28,init
FNDA:56,(anonymous_24)
FNDA:0,(anonymous_25)
FNDA:28,(anonymous_26)
FNDA:3,(anonymous_27)
FNDA:84,(anonymous_28)
FNDA:6,(anonymous_29)
FNDA:11,(anonymous_30)
FNDA:16,(anonymous_31)
FNDA:15,createFilterContextMenuItems
FNDA:30,checkRegExpErrorState
FNDA:8,fillAutoComplete
FNDA:10,(anonymous_35)
FNDA:10,(anonymous_36)
FNDA:3,(anonymous_37)
FNDA:10,(anonymous_38)
FNDA:8,createAutoCompleteContext
FNDA:7,(anonymous_40)
FNDA:8,(anonymous_41)
FNDA:75,(anonymous_42)
FNDA:0,(anonymous_43)
FNDA:0,(anonymous_44)
FNDA:0,(anonymous_45)
FNDA:0,removeFilterClick
FNDA:16,addDefaultContextMenuItem
FNDA:0,(anonymous_48)
FNDA:0,(anonymous_49)
FNDA:0,(anonymous_50)
FNDA:0,(anonymous_51)
FNDA:0,(anonymous_52)
FNDA:0,toggleColumnVisibility
FNDA:0,(anonymous_54)
FNDA:1,(anonymous_55)
FNDA:1,(anonymous_56)
FNDA:0,(anonymous_57)
FNDA:169,(anonymous_58)
FNDA:166,(anonymous_59)
FNDA:16,(anonymous_60)
FNDA:0,createDiposeEvent
FNDA:0,(anonymous_62)
DA:3,1
DA:5,1
DA:6,164
DA:7,1
DA:8,494
DA:9,494
DA:10,4
DA:12,494
DA:13,1
DA:16,1
DA:17,28
DA:24,28
DA:25,1
DA:26,28
DA:27,509
DA:29,1
DA:30,1
DA:34,0
DA:35,1
DA:36,1
DA:37,1
DA:38,1
DA:39,1
DA:40,1
DA:41,1
DA:43,1
DA:45,4
DA:47,0
DA:49,4
DA:50,4
DA:56,4
DA:57,4
DA:58,4
DA:59,4
DA:60,4
DA:62,1
DA:63,4
DA:64,4
DA:65,0
DA:67,4
DA:68,4
DA:69,3
DA:70,1
DA:72,3
DA:73,2
DA:75,3
DA:77,1
DA:79,1
DA:80,1
DA:81,509
DA:82,509
DA:83,0
DA:85,509
DA:86,15
DA:87,15
DA:89,494
DA:90,494
DA:91,494
DA:93,509
DA:94,509
DA:95,509
DA:96,20
DA:97,20
DA:98,20
DA:99,20
DA:100,20
DA:101,20
DA:102,1
DA:105,509
DA:106,74
DA:107,5
DA:111,509
DA:112,509
DA:115,1
DA:116,3
DA:118,1
DA:119,402
DA:120,373
DA:121,29
DA:122,29
DA:124,402
DA:125,24
DA:126,378
DA:128,378
DA:131,1
DA:132,56
DA:133,375
DA:134,375
DA:135,374
DA:136,374
DA:137,374
DA:140,1
DA:141,56
DA:142,2
DA:145,1
DA:146,28
DA:148,28
DA:149,28
DA:150,28
DA:151,28
DA:152,28
DA:153,28
DA:154,28
DA:155,28
DA:156,28
DA:157,28
DA:158,56
DA:159,56
DA:160,56
DA:162,28
DA:163,28
DA:164,8
DA:165,8
DA:166,8
DA:168,28
DA:169,28
DA:170,28
DA:171,28
DA:172,0
DA:173,0
DA:174,0
DA:176,0
DA:178,28
DA:179,28
DA:180,28
DA:181,28
DA:182,28
DA:183,28
DA:184,28
DA:185,20
DA:186,20
DA:187,20
DA:188,4
DA:191,28
DA:192,3
DA:193,1
DA:195,2
DA:198,28
DA:199,28
DA:200,28
DA:201,28
DA:202,28
DA:203,28
DA:204,28
DA:205,28
DA:206,28
DA:207,28
DA:208,28
DA:209,28
DA:210,28
DA:211,28
DA:213,28
DA:214,28
DA:215,28
DA:216,28
DA:217,28
DA:218,28
DA:219,28
DA:220,28
DA:221,28
DA:222,28
DA:223,28
DA:224,28
DA:225,3
DA:227,28
DA:228,84
DA:231,28
DA:233,6
DA:236,11
DA:237,0
DA:239,11
DA:240,11
DA:241,0
DA:243,11
DA:244,0
DA:246,11
DA:247,16
DA:248,11
DA:250,5
DA:254,28
DA:256,1
DA:257,15
DA:264,1
DA:265,30
DA:266,30
DA:267,30
DA:268,0
DA:269,0
DA:272,1
DA:273,8
DA:274,10
DA:275,10
DA:276,10
DA:277,10
DA:280,3
DA:281,3
DA:282,3
DA:283,3
DA:284,3
DA:288,8
DA:289,10
DA:292,1
DA:293,8
DA:294,8
DA:295,8
DA:296,8
DA:297,3
DA:298,3
DA:300,8
DA:308,8
DA:310,15
DA:311,15
DA:312,15
DA:313,15
DA:314,15
DA:315,15
DA:317,7
DA:318,2
DA:321,7
DA:322,1
DA:325,7
DA:326,2
DA:327,2
DA:330,7
DA:331,1
DA:332,1
DA:335,7
DA:336,1
DA:339,15
DA:340,8
DA:342,15
DA:343,15
DA:344,75
DA:346,15
DA:347,15
DA:348,15
DA:349,0
DA:350,0
DA:352,0
DA:354,15
DA:355,15
DA:356,0
DA:358,15
DA:359,15
DA:360,15
DA:361,15
DA:364,15
DA:365,0
DA:366,0
DA:367,0
DA:370,0
DA:371,0
DA:372,0
DA:378,1
DA:379,16
DA:382,16
DA:383,15
DA:385,16
DA:387,0
DA:389,0
DA:392,0
DA:393,0
DA:394,0
DA:398,16
DA:399,0
DA:402,0
DA:403,0
DA:407,16
DA:408,16
DA:411,0
DA:412,0
DA:413,1
DA:414,0
DA:415,0
DA:416,0
DA:417,0
DA:418,0
DA:420,0
DA:421,0
DA:422,0
DA:423,0
DA:424,0
DA:427,0
DA:431,0
DA:434,16
DA:438,0
DA:439,0
DA:440,0
DA:441,0
DA:442,0
DA:446,16
DA:449,16
DA:452,1
DA:453,1
DA:454,1
DA:455,1
DA:456,1
DA:457,1
DA:458,1
DA:459,1
DA:460,1
DA:461,1
DA:462,1
DA:463,1
DA:467,16
DA:468,16
DA:471,1
DA:472,1
DA:473,1
DA:476,16
DA:479,0
DA:480,0
DA:481,0
DA:482,0
DA:487,164
DA:488,169
DA:489,5
DA:490,5
DA:493,164
DA:494,166
DA:495,166
DA:496,166
DA:497,166
DA:498,16
DA:500,166
DA:502,164
DA:503,16
DA:504,0
DA:506,1
DA:507,0
DA:508,0
DA:509,0
DA:512,16
DA:519,16
DA:520,16
DA:522,16
DA:523,0
DA:525,16
DA:526,16
DA:527,0
DA:529,16
DA:537,16
DA:538,16
DA:541,164
LF:344
LH:284
BRDA:24,1,0,0
BRDA:24,1,1,28
BRDA:30,2,0,0
BRDA:30,2,1,1
BRDA:30,3,0,1
BRDA:30,3,1,1
BRDA:30,3,2,1
BRDA:30,3,3,1
BRDA:45,4,0,0
BRDA:45,4,1,4
BRDA:45,5,0,4
BRDA:45,5,1,4
BRDA:64,6,0,0
BRDA:64,6,1,4
BRDA:68,7,0,3
BRDA:68,7,1,1
BRDA:72,8,0,2
BRDA:72,8,1,1
BRDA:72,9,0,3
BRDA:72,9,1,2
BRDA:81,10,0,0
BRDA:81,10,1,509
BRDA:82,11,0,0
BRDA:82,11,1,509
BRDA:85,12,0,15
BRDA:85,12,1,494
BRDA:95,13,0,20
BRDA:95,13,1,489
BRDA:95,14,0,509
BRDA:95,14,1,20
BRDA:95,14,2,507
BRDA:105,15,0,74
BRDA:105,15,1,435
BRDA:119,16,0,373
BRDA:119,16,1,29
BRDA:121,17,0,29
BRDA:121,17,1,0
BRDA:124,18,0,24
BRDA:124,18,1,378
BRDA:124,19,0,402
BRDA:124,19,1,24
BRDA:126,20,0,378
BRDA:126,20,1,0
BRDA:126,21,0,378
BRDA:126,21,1,378
BRDA:134,22,0,1
BRDA:134,22,1,374
BRDA:134,23,0,375
BRDA:134,23,1,188
BRDA:135,24,0,0
BRDA:135,24,1,374
BRDA:135,25,0,374
BRDA:135,25,1,187
BRDA:136,26,0,187
BRDA:136,26,1,187
BRDA:163,27,0,8
BRDA:163,27,1,20
BRDA:163,28,0,28
BRDA:163,28,1,12
BRDA:172,29,0,0
BRDA:172,29,1,0
BRDA:184,30,0,20
BRDA:184,30,1,8
BRDA:184,31,0,28
BRDA:184,31,1,20
BRDA:184,32,0,20
BRDA:184,32,1,4
BRDA:186,33,0,4
BRDA:186,33,1,16
BRDA:187,34,0,4
BRDA:187,34,1,16
BRDA:191,35,0,3
BRDA:191,35,1,25
BRDA:192,36,0,1
BRDA:192,36,1,2
BRDA:228,37,0,32
BRDA:228,37,1,52
BRDA:236,38,0,0
BRDA:236,38,1,11
BRDA:236,39,0,11
BRDA:236,39,1,11
BRDA:236,40,0,11
BRDA:236,40,1,9
BRDA:240,41,0,0
BRDA:240,41,1,11
BRDA:243,42,0,0
BRDA:243,42,1,11
BRDA:247,43,0,11
BRDA:247,43,1,5
BRDA:261,44,0,15
BRDA:261,44,1,0
BRDA:261,45,0,15
BRDA:261,45,1,15
BRDA:261,46,0,15
BRDA:261,46,1,0
BRDA:267,47,0,0
BRDA:267,47,1,30
BRDA:276,48,0,0
BRDA:276,48,1,10
BRDA:278,49,0,10
BRDA:278,49,1,0
BRDA:293,50,0,0
BRDA:293,50,1,8
BRDA:293,51,0,8
BRDA:293,51,1,8
BRDA:296,52,0,3
BRDA:296,52,1,5
BRDA:317,53,0,2
BRDA:317,53,1,5
BRDA:321,54,0,1
BRDA:321,54,1,6
BRDA:325,55,0,2
BRDA:325,55,1,5
BRDA:330,56,0,1
BRDA:330,56,1,6
BRDA:335,57,0,1
BRDA:335,57,1,6
BRDA:346,58,0,15
BRDA:346,58,1,0
BRDA:346,59,0,15
BRDA:346,59,1,15
BRDA:349,60,0,0
BRDA:349,60,1,0
BRDA:364,61,0,0
BRDA:364,61,1,15
BRDA:368,62,0,0
BRDA:368,62,1,0
BRDA:379,63,0,16
BRDA:379,63,1,16
BRDA:379,64,0,16
BRDA:379,64,1,16
BRDA:379,64,2,16
BRDA:379,64,3,16
BRDA:379,64,4,16
BRDA:382,65,0,15
BRDA:382,65,1,1
BRDA:382,66,0,16
BRDA:382,66,1,15
BRDA:385,67,0,0
BRDA:385,67,1,16
BRDA:385,68,0,16
BRDA:385,68,1,16
BRDA:398,69,0,0
BRDA:398,69,1,16
BRDA:398,70,0,16
BRDA:398,70,1,0
BRDA:407,71,0,16
BRDA:407,71,1,0
BRDA:424,72,0,0
BRDA:424,72,1,0
BRDA:426,73,0,0
BRDA:426,73,1,0
BRDA:436,74,0,16
BRDA:436,74,1,0
BRDA:446,75,0,16
BRDA:446,75,1,0
BRDA:446,76,0,16
BRDA:446,76,1,16
BRDA:446,76,2,16
BRDA:446,76,3,16
BRDA:467,77,0,16
BRDA:467,77,1,0
BRDA:467,78,0,16
BRDA:467,78,1,16
BRDA:467,78,2,16
BRDA:469,79,0,16
BRDA:469,79,1,0
BRDA:477,80,0,16
BRDA:477,80,1,0
BRDA:488,81,0,5
BRDA:488,81,1,164
BRDA:497,82,0,16
BRDA:497,82,1,150
BRDA:503,83,0,0
BRDA:503,83,1,16
BRDA:503,84,0,16
BRDA:503,84,1,14
BRDA:513,85,0,16
BRDA:513,85,1,14
BRDA:519,86,0,16
BRDA:519,86,1,0
BRDA:522,87,0,0
BRDA:522,87,1,16
BRDA:525,88,0,16
BRDA:525,88,1,0
BRDA:526,89,0,0
BRDA:526,89,1,16
BRF:187
BRH:143
end_of_record
TN:
SF:/Users/tgermaneri/git/canvas-datagrid/lib/defaults.js
FN:3,(anonymous_1)
FN:5,(anonymous_2)
FNF:2
FNH:2
FNDA:1,(anonymous_1)
FNDA:164,(anonymous_2)
DA:3,1
DA:5,1
DA:6,164
LF:3
LH:3
BRF:0
BRH:0
end_of_record
TN:
SF:/Users/tgermaneri/git/canvas-datagrid/lib/dom.js
FN:3,(anonymous_1)
FN:5,(anonymous_2)
FN:6,(anonymous_3)
FN:39,(anonymous_4)
FN:61,(anonymous_5)
FN:73,(anonymous_6)
FN:87,(anonymous_7)
FN:103,(anonymous_8)
FN:126,(anonymous_9)
FN:129,abortEdit
FN:176,(anonymous_11)
FN:202,(anonymous_12)
FN:224,(anonymous_13)
FN:241,(anonymous_14)
FN:284,(anonymous_15)
FN:425,(anonymous_16)
FN:431,(anonymous_17)
FN:470,(anonymous_18)
FN:477,(anonymous_19)
FN:478,(anonymous_20)
FN:482,(anonymous_21)
FN:503,(anonymous_22)
FNF:22
FNH:19
FNDA:1,(anonymous_1)
FNDA:164,(anonymous_2)
FNDA:20,(anonymous_3)
FNDA:20,(anonymous_4)
FNDA:108,(anonymous_5)
FNDA:1341,(anonymous_6)
FNDA:40,(anonymous_7)
FNDA:205,(anonymous_8)
FNDA:18,(anonymous_9)
FNDA:1,abortEdit
FNDA:19,(anonymous_11)
FNDA:6,(anonymous_12)
FNDA:0,(anonymous_13)
FNDA:9,(anonymous_14)
FNDA:942,(anonymous_15)
FNDA:8360,(anonymous_16)
FNDA:164,(anonymous_17)
FNDA:73,(anonymous_18)
FNDA:0,(anonymous_19)
FNDA:0,(anonymous_20)
FNDA:164,(anonymous_21)
FNDA:164,(anonymous_22)
DA:3,1
DA:5,1
DA:6,164
DA:7,20
DA:24,20
DA:25,20
DA:26,20
DA:27,20
DA:28,20
DA:29,20
DA:30,20
DA:31,20
DA:32,20
DA:39,164
DA:40,20
DA:41,20
DA:42,20
DA:43,20
DA:61,164
DA:62,108
DA:63,108
DA:64,568
DA:66,568
DA:67,568
DA:69,568
DA:71,108
DA:73,164
DA:74,1341
DA:75,20
DA:80,20
DA:81,20
DA:82,20
DA:83,20
DA:84,20
DA:87,164
DA:88,40
DA:89,40
DA:90,40
DA:91,40
DA:92,40
DA:93,40
DA:94,40
DA:96,40
DA:97,0
DA:99,40
DA:100,40
DA:101,40
DA:103,164
DA:104,205
DA:109,205
DA:110,0
DA:111,0
DA:113,205
DA:126,164
DA:127,18
DA:129,1
DA:130,1
DA:132,18
DA:138,0
DA:139,18
DA:140,4
DA:141,4
DA:142,4
DA:143,4
DA:144,1
DA:150,0
DA:151,1
DA:152,1
DA:153,1
DA:155,4
DA:157,18
DA:158,18
DA:159,18
DA:165,18
DA:166,18
DA:176,164
DA:177,19
DA:178,18
DA:185,18
DA:186,18
DA:187,18
DA:188,18
DA:189,2
DA:191,16
DA:194,18
DA:195,18
DA:197,2
DA:198,0
DA:199,2
DA:200,2
DA:202,2
DA:203,6
DA:206,6
DA:207,3
DA:208,3
DA:210,3
DA:211,3
DA:213,6
DA:214,6
DA:215,6
DA:216,6
DA:218,2
DA:219,2
DA:220,2
DA:221,2
DA:222,2
DA:224,2
DA:225,0
DA:226,0
DA:229,18
DA:230,18
DA:231,18
DA:232,18
DA:233,18
DA:234,18
DA:235,18
DA:236,18
DA:237,18
DA:238,18
DA:239,18
DA:240,18
DA:241,18
DA:242,9
DA:245,9
DA:246,1
DA:247,1
DA:249,8
DA:252,3
DA:253,3
DA:254,5
DA:255,5
DA:256,5
DA:257,0
DA:259,5
DA:260,1
DA:262,4
DA:264,5
DA:265,1
DA:266,1
DA:268,5
DA:269,1
DA:270,1
DA:272,5
DA:273,1
DA:275,5
DA:276,0
DA:278,5
DA:279,5
DA:282,18
DA:284,164
DA:285,942
DA:424,942
DA:425,942
DA:426,8360
DA:429,942
DA:431,164
DA:432,164
DA:433,164
DA:434,6
DA:435,6
DA:436,6
DA:437,6
DA:438,6
DA:439,6
DA:441,158
DA:442,158
DA:443,158
DA:444,158
DA:445,158
DA:446,158
DA:447,158
DA:448,158
DA:449,0
DA:450,0
DA:451,0
DA:452,0
DA:453,0
DA:454,0
DA:455,0
DA:456,158
DA:457,1
DA:458,1
DA:460,157
DA:461,157
DA:462,157
DA:464,158
DA:465,158
DA:466,158
DA:467,158
DA:469,164
DA:470,164
DA:471,73
DA:472,73
DA:475,164
DA:476,164
DA:477,164
DA:478,0
DA:479,0
DA:482,164
DA:483,164
DA:484,163
DA:487,164
DA:488,164
DA:489,164
DA:490,164
DA:491,164
DA:492,164
DA:493,164
DA:494,164
DA:495,164
DA:496,164
DA:497,164
DA:498,164
DA:499,164
DA:500,164
DA:501,164
DA:503,164
DA:504,164
DA:505,0
DA:506,0
DA:508,0
DA:510,0
DA:511,0
DA:513,164
LF:224
LH:200
BRDA:33,1,0,20
BRDA:33,1,1,0
BRDA:34,2,0,20
BRDA:34,2,1,0
BRDA:35,3,0,20
BRDA:35,3,1,0
BRDA:36,4,0,20
BRDA:36,4,1,0
BRDA:41,5,0,0
BRDA:41,5,1,20
BRDA:42,6,0,0
BRDA:42,6,1,20
BRDA:63,7,0,676
BRDA:63,7,1,568
BRDA:64,8,0,568
BRDA:64,8,1,0
BRDA:64,9,0,568
BRDA:64,9,1,568
BRDA:74,10,0,20
BRDA:74,10,1,1321
BRDA:78,11,0,20
BRDA:78,11,1,0
BRDA:89,12,0,80
BRDA:89,12,1,40
BRDA:96,13,0,0
BRDA:96,13,1,40
BRDA:109,14,0,0
BRDA:109,14,1,205
BRDA:132,15,0,0
BRDA:132,15,1,18
BRDA:139,16,0,4
BRDA:139,16,1,14
BRDA:139,17,0,18
BRDA:139,17,1,5
BRDA:140,18,0,4
BRDA:140,18,1,4
BRDA:143,19,0,1
BRDA:143,19,1,3
BRDA:144,20,0,0
BRDA:144,20,1,1
BRDA:177,21,0,1
BRDA:177,21,1,18
BRDA:185,22,0,0
BRDA:185,22,1,18
BRDA:188,23,0,2
BRDA:188,23,1,16
BRDA:191,24,0,1
BRDA:191,24,1,15
BRDA:195,25,0,2
BRDA:195,25,1,16
BRDA:197,26,0,0
BRDA:197,26,1,2
BRDA:199,27,0,2
BRDA:199,27,1,0
BRDA:206,28,0,3
BRDA:206,28,1,3
BRDA:213,29,0,0
BRDA:213,29,1,6
BRDA:218,30,0,2
BRDA:218,30,1,0
BRDA:245,31,0,1
BRDA:245,31,1,8
BRDA:249,32,0,3
BRDA:249,32,1,5
BRDA:249,33,0,8
BRDA:249,33,1,3
BRDA:249,33,2,0
BRDA:249,33,3,0
BRDA:254,34,0,5
BRDA:254,34,1,0
BRDA:256,35,0,0
BRDA:256,35,1,5
BRDA:259,36,0,1
BRDA:259,36,1,4
BRDA:264,37,0,1
BRDA:264,37,1,4
BRDA:268,38,0,1
BRDA:268,38,1,4
BRDA:272,39,0,1
BRDA:272,39,1,4
BRDA:275,40,0,0
BRDA:275,40,1,5
BRDA:424,41,0,942
BRDA:424,41,1,0
BRDA:432,42,0,164
BRDA:432,42,1,1
BRDA:433,43,0,6
BRDA:433,43,1,158
BRDA:433,44,0,164
BRDA:433,44,1,164
BRDA:448,45,0,0
BRDA:448,45,1,158
BRDA:456,46,0,1
BRDA:456,46,1,157
BRDA:471,47,0,73
BRDA:471,47,1,0
BRDA:476,48,0,164
BRDA:476,48,1,0
BRDA:483,49,0,1
BRDA:483,49,1,163
BRDA:504,50,0,0
BRDA:504,50,1,164
BRDA:504,51,0,164
BRDA:504,51,1,163
BRDA:505,52,0,0
BRDA:505,52,1,0
BRDA:510,53,0,0
BRDA:510,53,1,0
BRF:108
BRH:77
end_of_record
TN:
SF:/Users/tgermaneri/git/canvas-datagrid/lib/draw.js
FN:3,(anonymous_1)
FN:5,(anonymous_2)
FN:13,drawPerfLine
FN:20,(anonymous_4)
FN:36,drawOnAllImagesLoaded
FN:38,(anonymous_6)
FN:47,drawHtml
FN:66,(anonymous_8)
FN:80,drawOrderByArrow
FN:105,drawTreeArrow
FN:130,radiusRect
FN:145,fillRect
FN:150,strokeRect
FN:155,fillText
FN:160,fillCircle
FN:167,strokeCircle
FN:174,fillHandle
FN:180,strokeHandle
FN:186,addselectionHandle
FN:189,(anonymous_20)
FN:193,(anonymous_21)
FN:197,(anonymous_22)
FN:201,(anonymous_23)
FN:208,addBorderLine
FN:211,(anonymous_25)
FN:215,(anonymous_26)
FN:219,(anonymous_27)
FN:223,(anonymous_28)
FN:231,addEllipsis
FN:243,drawText
FN:287,(anonymous_31)
FN:318,drawScrollBars
FN:432,createHandlesOverlayArray
FN:453,createBorderOverlayArray
FN:487,drawCell
FN:488,drawEach
FN:711,drawRowHeader
FN:730,drawHeaders
FN:732,(anonymous_39)
FN:796,drawRow
FN:862,initDraw
FN:874,drawBackground
FN:880,drawRows
FN:908,drawMoveMarkers
FN:913,(anonymous_45)
FN:918,drawReorderMarkers
FN:963,drawBorder
FN:968,drawSelectionBorders
FN:971,(anonymous_49)
FN:975,drawSelectionHandles
FN:980,(anonymous_51)
FN:995,drawActiveCell
FN:1009,drawPerfLines
FN:1013,(anonymous_54)
FN:1014,(anonymous_55)
FN:1017,dpl
FN:1026,(anonymous_57)
FN:1037,drawDebug
FN:1047,(anonymous_59)
FN:1080,(anonymous_60)
FNF:60
FNH:39
FNDA:1,(anonymous_1)
FNDA:164,(anonymous_2)
FNDA:0,drawPerfLine
FNDA:0,(anonymous_4)
FNDA:0,drawOnAllImagesLoaded
FNDA:0,(anonymous_6)
FNDA:0,drawHtml
FNDA:0,(anonymous_8)
FNDA:35,drawOrderByArrow
FNDA:613,drawTreeArrow
FNDA:31814,radiusRect
FNDA:31708,fillRect
FNDA:33480,strokeRect
FNDA:25215,fillText
FNDA:0,fillCircle
FNDA:0,strokeCircle
FNDA:0,fillHandle
FNDA:0,strokeHandle
FNDA:0,addselectionHandle
FNDA:0,(anonymous_20)
FNDA:0,(anonymous_21)
FNDA:0,(anonymous_22)
FNDA:0,(anonymous_23)
FNDA:698,addBorderLine
FNDA:175,(anonymous_25)
FNDA:144,(anonymous_26)
FNDA:167,(anonymous_27)
FNDA:212,(anonymous_28)
FNDA:25066,addEllipsis
FNDA:25066,drawText
FNDA:2313,(anonymous_31)
FNDA:2161,drawScrollBars
FNDA:25092,createHandlesOverlayArray
FNDA:25092,createBorderOverlayArray
FNDA:25092,drawCell
FNDA:25092,drawEach
FNDA:5533,drawRowHeader
FNDA:2161,drawHeaders
FNDA:5533,(anonymous_39)
FNDA:5982,drawRow
FNDA:2161,initDraw
FNDA:2161,drawBackground
FNDA:2161,drawRows
FNDA:2161,drawMoveMarkers
FNDA:0,(anonymous_45)
FNDA:2161,drawReorderMarkers
FNDA:2161,drawBorder
FNDA:2161,drawSelectionBorders
FNDA:688,(anonymous_49)
FNDA:2161,drawSelectionHandles
FNDA:0,(anonymous_51)
FNDA:2161,drawActiveCell
FNDA:2161,drawPerfLines
FNDA:0,(anonymous_54)
FNDA:0,(anonymous_55)
FNDA:0,dpl
FNDA:0,(anonymous_57)
FNDA:2161,drawDebug
FNDA:2107,(anonymous_59)
FNDA:149,(anonymous_60)
DA:3,1
DA:5,1
DA:6,164
DA:12,164
DA:13,1
DA:14,0
DA:16,0
DA:17,0
DA:18,0
DA:19,0
DA:20,0
DA:21,0
DA:24,0
DA:25,0
DA:27,0
DA:28,0
DA:29,0
DA:30,0
DA:32,0
DA:33,0
DA:34,0
DA:36,1
DA:37,0
DA:38,0
DA:39,0
DA:40,0
DA:43,0
DA:44,0
DA:47,1
DA:48,0
DA:52,0
DA:53,0
DA:54,0
DA:56,0
DA:58,0
DA:59,0
DA:61,0
DA:64,0
DA:65,0
DA:66,0
DA:67,0
DA:68,0
DA:70,0
DA:80,1
DA:81,35
DA:82,35
DA:83,35
DA:84,35
DA:85,35
DA:86,35
DA:87,35
DA:88,35
DA:89,33
DA:90,33
DA:91,33
DA:92,33
DA:94,2
DA:95,2
DA:96,2
DA:97,2
DA:99,35
DA:100,35
DA:101,35
DA:105,1
DA:106,613
DA:107,613
DA:108,613
DA:109,613
DA:110,613
DA:111,613
DA:112,613
DA:113,613
DA:114,272
DA:115,272
DA:116,272
DA:117,272
DA:119,341
DA:120,341
DA:121,341
DA:122,341
DA:124,613
DA:125,613
DA:126,613
DA:130,1
DA:131,31814
DA:132,31814
DA:133,31814
DA:134,31814
DA:135,31814
DA:136,31814
DA:137,31814
DA:138,31814
DA:139,31814
DA:140,31814
DA:141,31814
DA:142,31814
DA:143,31814
DA:145,1
DA:146,31708
DA:147,31708
DA:148,31708
DA:150,1
DA:151,33480
DA:152,33480
DA:153,33480
DA:155,1
DA:156,25215
DA:157,25215
DA:158,25215
DA:160,1
DA:161,0
DA:162,0
DA:163,0
DA:164,0
DA:165,0
DA:167,1
DA:168,0
DA:169,0
DA:170,0
DA:171,0
DA:172,0
DA:174,1
DA:175,0
DA:176,0
DA:178,0
DA:180,1
DA:181,0
DA:182,0
DA:184,0
DA:186,1
DA:187,0
DA:190,0
DA:191,0
DA:194,0
DA:195,0
DA:198,0
DA:199,0
DA:202,0
DA:203,0
DA:206,0
DA:208,1
DA:209,698
DA:210,698
DA:212,175
DA:213,175
DA:216,144
DA:217,144
DA:220,167
DA:221,167
DA:224,212
DA:225,212
DA:228,698
DA:229,698
DA:231,1
DA:232,25066
DA:233,25066
DA:234,15414
DA:237,9652
DA:238,9652
DA:239,9652
DA:240,9652
DA:241,9652
DA:243,1
DA:244,25066
DA:250,25066
DA:251,25066
DA:252,25066
DA:253,0
DA:254,25066
DA:255,0
DA:257,25066
DA:258,0
DA:259,25066
DA:260,0
DA:262,25066
DA:263,25066
DA:264,25066
DA:287,164
DA:288,2313
DA:289,2313
DA:290,5
DA:292,2308
DA:293,147
DA:294,147
DA:296,2161
DA:297,0
DA:300,2161
DA:311,2161
DA:312,2161
DA:313,2161
DA:315,2161
DA:316,157
DA:318,1
DA:319,2161
DA:358,2161
DA:359,2161
DA:361,2161
DA:362,2161
DA:363,2161
DA:364,2161
DA:365,2161
DA:366,2161
DA:367,2161
DA:369,2161
DA:370,2161
DA:373,2161
DA:374,2161
DA:375,2161
DA:376,2161
DA:377,23
DA:379,2161
DA:380,585
DA:381,585
DA:382,585
DA:385,2161
DA:386,2161
DA:387,2161
DA:388,2161
DA:389,2161
DA:390,2161
DA:391,2161
DA:393,2161
DA:394,2161
DA:397,2161
DA:398,2161
DA:399,2161
DA:400,2161
DA:401,66
DA:403,2161
DA:404,1815
DA:405,1815
DA:406,1815
DA:409,2161
DA:410,2161
DA:411,2161
DA:412,2161
DA:413,2161
DA:414,2161
DA:415,2161
DA:416,2161
DA:417,2161
DA:418,2161
DA:419,2161
DA:420,2161
DA:421,2161
DA:422,2161
DA:423,2161
DA:427,2161
DA:432,1
DA:433,25092
DA:434,25092
DA:435,0
DA:436,0
DA:438,25092
DA:439,0
DA:440,0
DA:442,25092
DA:443,0
DA:444,0
DA:446,25092
DA:448,0
DA:449,0
DA:453,1
DA:454,25092
DA:455,25092
DA:456,25092
DA:459,339
DA:463,171
DA:464,171
DA:465,171
DA:467,339
DA:469,167
DA:470,167
DA:471,167
DA:473,339
DA:475,206
DA:476,206
DA:477,206
DA:479,339
DA:481,144
DA:482,144
DA:483,144
DA:487,1
DA:488,25092
DA:489,25092
DA:514,25092
DA:515,378
DA:518,25092
DA:519,60
DA:521,25092
DA:522,49
DA:524,25092
DA:525,1923
DA:527,25092
DA:528,7694
DA:530,25092
DA:531,25092
DA:532,25092
DA:533,25092
DA:534,2159
DA:535,2159
DA:536,22933
DA:537,5533
DA:538,17400
DA:539,5200
DA:541,25092
DA:582,25092
DA:583,25092
DA:584,25092
DA:585,25092
DA:586,25092
DA:587,25092
DA:588,25092
DA:589,25092
DA:590,25092
DA:591,25092
DA:592,62
DA:593,62
DA:595,25092
DA:596,371
DA:597,371
DA:599,25092
DA:600,4080
DA:602,25092
DA:603,25092
DA:604,26
DA:605,0
DA:606,0
DA:608,26
DA:610,25092
DA:611,713
DA:613,25092
DA:614,25066
DA:615,25066
DA:617,25092
DA:618,25092
DA:619,25092
DA:620,25092
DA:621,25092
DA:622,0
DA:623,0
DA:625,25092
DA:626,0
DA:627,0
DA:629,25092
DA:630,613
DA:631,613
DA:634,25092
DA:636,25092
DA:637,26
DA:638,3
DA:639,3
DA:640,3
DA:641,3
DA:642,3
DA:643,3
DA:644,3
DA:645,3
DA:647,3
DA:649,26
DA:650,26
DA:651,26
DA:652,26
DA:653,26
DA:654,25066
DA:655,25066
DA:656,0
DA:658,25066
DA:659,35
DA:660,35
DA:663,25066
DA:664,25066
DA:665,62
DA:667,25066
DA:668,371
DA:670,25066
DA:671,4080
DA:673,25066
DA:674,25066
DA:675,25066
DA:676,25066
DA:677,25066
DA:679,25066
DA:680,0
DA:681,0
DA:684,25066
DA:685,25066
DA:686,54
DA:688,25066
DA:689,25066
DA:690,0
DA:692,25066
DA:697,25092
DA:698,1923
DA:700,25092
DA:702,25092
DA:703,25092
DA:704,0
DA:706,25092
DA:707,25092
DA:708,25092
DA:711,1
DA:712,5533
DA:713,5533
DA:714,5533
DA:715,5533
DA:716,5533
DA:717,5533
DA:725,5533
DA:726,5533
DA:727,5533
DA:730,1
DA:731,2161
DA:732,2161
DA:733,5533
DA:734,5533
DA:735,5533
DA:737,2161
DA:738,2161
DA:739,2161
DA:740,2161
DA:742,2161
DA:744,2161
DA:745,2161
DA:746,5200
DA:747,5200
DA:748,5200
DA:757,5200
DA:758,5200
DA:759,5200
DA:760,5200
DA:761,5200
DA:762,1521
DA:766,2161
DA:767,378
DA:776,378
DA:777,378
DA:780,2161
DA:781,2161
DA:782,2161
DA:783,2161
DA:784,2161
DA:791,2161
DA:792,2161
DA:796,1
DA:797,5982
DA:798,5982
DA:799,467
DA:801,5515
DA:802,5515
DA:803,5515
DA:804,5515
DA:805,5515
DA:806,5515
DA:807,0
DA:809,5515
DA:810,5515
DA:812,5515
DA:813,5515
DA:814,11802
DA:815,11802
DA:816,11802
DA:817,4669
DA:818,4669
DA:819,4669
DA:823,5515
DA:824,5515
DA:826,5515
DA:827,5515
DA:828,272
DA:829,272
DA:842,272
DA:852,272
DA:853,5243
DA:854,0
DA:855,0
DA:857,5515
DA:858,5515
DA:859,5515
DA:860,5515
DA:862,1
DA:863,2161
DA:864,2161
DA:865,2161
DA:866,2161
DA:867,2161
DA:868,2161
DA:869,2161
DA:870,2161
DA:871,1860
DA:874,1
DA:875,2161
DA:876,2161
DA:877,2161
DA:878,2161
DA:880,1
DA:881,2161
DA:882,2161
DA:883,2161
DA:884,2161
DA:885,5982
DA:886,5982
DA:887,467
DA:888,467
DA:889,467
DA:892,2161
DA:893,18
DA:894,18
DA:896,18
DA:897,18
DA:898,18
DA:899,18
DA:900,18
DA:901,18
DA:902,0
DA:905,18
DA:908,1
DA:909,2161
DA:910,0
DA:911,0
DA:912,0
DA:913,0
DA:914,0
DA:916,0
DA:918,1
DA:919,2161
DA:920,10
DA:932,10
DA:933,10
DA:934,10
DA:935,10
DA:936,4
DA:937,4
DA:938,4
DA:939,4
DA:940,4
DA:941,4
DA:942,4
DA:943,4
DA:944,4
DA:946,4
DA:948,6
DA:949,6
DA:950,6
DA:951,6
DA:952,6
DA:953,6
DA:954,6
DA:955,6
DA:956,6
DA:957,6
DA:959,6
DA:963,1
DA:964,2161
DA:965,2161
DA:966,2161
DA:968,1
DA:969,2161
DA:970,2161
DA:971,2161
DA:972,688
DA:975,1
DA:976,2161
DA:977,2161
DA:978,2161
DA:979,2161
DA:980,2161
DA:981,0
DA:982,0
DA:985,0
DA:995,1
DA:996,2161
DA:997,1921
DA:998,9
DA:999,9
DA:1000,9
DA:1001,9
DA:1004,1912
DA:1005,1912
DA:1006,1912
DA:1009,1
DA:1010,2161
DA:1011,0
DA:1013,0
DA:1014,0
DA:1015,0
DA:1016,0
DA:1017,1
DA:1018,0
DA:1020,0
DA:1026,0
DA:1027,0
DA:1028,0
DA:1029,0
DA:1030,0
DA:1031,0
DA:1032,0
DA:1033,0
DA:1034,0
DA:1035,0
DA:1037,1
DA:1038,2161
DA:1039,2161
DA:1040,7
DA:1041,7
DA:1042,7
DA:1044,2161
DA:1045,7
DA:1046,7
DA:1047,7
DA:1048,2107
DA:1050,7
DA:1051,7
DA:1052,7
DA:1053,7
DA:1054,7
DA:1055,7
DA:1056,7
DA:1057,7
DA:1058,7
DA:1059,7
DA:1060,7
DA:1061,7
DA:1063,7
DA:1064,7
DA:1065,7
DA:1067,7
DA:1068,7
DA:1069,7
DA:1070,7
DA:1071,2
DA:1072,2
DA:1073,2
DA:1074,2
DA:1075,2
DA:1076,2
DA:1077,2
DA:1078,2
DA:1080,7
DA:1081,149
DA:1083,149
DA:1084,149
DA:1085,149
DA:1086,149
DA:1089,2161
DA:1090,2161
DA:1091,2161
DA:1092,2161
DA:1093,2161
DA:1094,2161
DA:1095,2161
DA:1096,2161
DA:1097,2161
DA:1098,2161
DA:1099,2161
DA:1100,2161
DA:1101,3
DA:1103,2161
DA:1104,2161
DA:1105,2161
DA:1106,2161
DA:1107,2161
LF:662
LH:546
BRDA:21,1,0,0
BRDA:21,1,1,0
BRDA:24,2,0,0
BRDA:24,2,1,0
BRDA:39,3,0,0
BRDA:39,3,1,0
BRDA:43,4,0,0
BRDA:43,4,1,0
BRDA:49,5,0,0
BRDA:49,5,1,0
BRDA:52,6,0,0
BRDA:52,6,1,0
BRDA:54,7,0,0
BRDA:54,7,1,0
BRDA:54,8,0,0
BRDA:54,8,1,0
BRDA:58,9,0,0
BRDA:58,9,1,0
BRDA:88,10,0,33
BRDA:88,10,1,2
BRDA:113,11,0,272
BRDA:113,11,1,341
BRDA:175,12,0,0
BRDA:175,12,1,0
BRDA:181,13,0,0
BRDA:181,13,1,0
BRDA:233,14,0,15414
BRDA:233,14,1,9652
BRDA:233,15,0,25066
BRDA:233,15,1,16490
BRDA:238,16,0,9652
BRDA:238,16,1,8576
BRDA:252,17,0,0
BRDA:252,17,1,25066
BRDA:254,18,0,0
BRDA:254,18,1,25066
BRDA:257,19,0,0
BRDA:257,19,1,25066
BRDA:259,20,0,0
BRDA:259,20,1,25066
BRDA:288,21,0,0
BRDA:288,21,1,2313
BRDA:289,22,0,5
BRDA:289,22,1,2308
BRDA:289,23,0,2313
BRDA:289,23,1,1865
BRDA:289,23,2,1860
BRDA:292,24,0,147
BRDA:292,24,1,2161
BRDA:292,25,0,2308
BRDA:292,25,1,448
BRDA:296,26,0,0
BRDA:296,26,1,2161
BRDA:307,27,0,2161
BRDA:307,27,1,1275
BRDA:315,28,0,157
BRDA:315,28,1,2004
BRDA:376,29,0,23
BRDA:376,29,1,2138
BRDA:379,30,0,585
BRDA:379,30,1,1576
BRDA:400,31,0,66
BRDA:400,31,1,2095
BRDA:403,32,0,1815
BRDA:403,32,1,346
BRDA:433,33,0,25092
BRDA:433,33,1,0
BRDA:433,34,0,25092
BRDA:433,34,1,0
BRDA:434,35,0,0
BRDA:434,35,1,25092
BRDA:434,36,0,25092
BRDA:434,36,1,171
BRDA:434,36,2,73
BRDA:438,37,0,0
BRDA:438,37,1,25092
BRDA:438,38,0,25092
BRDA:438,38,1,171
BRDA:438,38,2,105
BRDA:442,39,0,0
BRDA:442,39,1,25092
BRDA:442,40,0,25092
BRDA:442,40,1,167
BRDA:442,40,2,103
BRDA:446,41,0,0
BRDA:446,41,1,25092
BRDA:446,42,0,25092
BRDA:446,42,1,167
BRDA:446,42,2,75
BRDA:454,43,0,25092
BRDA:454,43,1,25092
BRDA:456,44,0,339
BRDA:456,44,1,24753
BRDA:456,45,0,25092
BRDA:456,45,1,19559
BRDA:456,45,2,503
BRDA:459,46,0,171
BRDA:459,46,1,168
BRDA:459,47,0,339
BRDA:459,47,1,168
BRDA:459,47,2,168
BRDA:459,47,3,171
BRDA:467,48,0,167
BRDA:467,48,1,172
BRDA:467,49,0,339
BRDA:467,49,1,174
BRDA:473,50,0,206
BRDA:473,50,1,133
BRDA:473,51,0,339
BRDA:473,51,1,339
BRDA:473,51,2,139
BRDA:479,52,0,144
BRDA:479,52,1,195
BRDA:479,53,0,339
BRDA:479,53,1,339
BRDA:479,53,2,339
BRDA:489,54,0,25092
BRDA:489,54,1,11820
BRDA:496,55,0,25092
BRDA:496,55,1,736
BRDA:497,56,0,25092
BRDA:497,56,1,120
BRDA:498,57,0,25092
BRDA:498,57,1,6545
BRDA:499,58,0,25092
BRDA:499,58,1,34
BRDA:499,58,2,26
BRDA:500,59,0,4080
BRDA:500,59,1,21012
BRDA:500,60,0,25092
BRDA:500,60,1,18553
BRDA:500,60,2,11666
BRDA:500,60,3,9598
BRDA:503,61,0,2068
BRDA:503,61,1,2012
BRDA:505,62,0,25092
BRDA:505,62,1,0
BRDA:508,63,0,25092
BRDA:508,63,1,17320
BRDA:508,64,0,5533
BRDA:508,64,1,19559
BRDA:514,65,0,378
BRDA:514,65,1,24714
BRDA:518,66,0,60
BRDA:518,66,1,25032
BRDA:521,67,0,49
BRDA:521,67,1,25043
BRDA:524,68,0,1923
BRDA:524,68,1,23169
BRDA:527,69,0,7694
BRDA:527,69,1,17398
BRDA:527,70,0,25092
BRDA:527,70,1,12894
BRDA:533,71,0,2159
BRDA:533,71,1,22933
BRDA:536,72,0,5533
BRDA:536,72,1,17400
BRDA:538,73,0,5200
BRDA:538,73,1,12200
BRDA:542,74,0,26
BRDA:542,74,1,25066
BRDA:553,75,0,25092
BRDA:553,75,1,23169
BRDA:575,76,0,25092
BRDA:575,76,1,25066
BRDA:575,76,2,22905
BRDA:576,77,0,25092
BRDA:576,77,1,22329
BRDA:580,78,0,5200
BRDA:580,78,1,19892
BRDA:580,79,0,25092
BRDA:580,79,1,10733
BRDA:580,80,0,5200
BRDA:580,80,1,211
BRDA:583,81,0,10733
BRDA:583,81,1,14359
BRDA:584,82,0,10733
BRDA:584,82,1,14359
BRDA:587,83,0,0
BRDA:587,83,1,25092
BRDA:591,84,0,62
BRDA:591,84,1,25030
BRDA:595,85,0,371
BRDA:595,85,1,24721
BRDA:599,86,0,4080
BRDA:599,86,1,21012
BRDA:603,87,0,26
BRDA:603,87,1,25066
BRDA:604,88,0,0
BRDA:604,88,1,26
BRDA:605,89,0,0
BRDA:605,89,1,0
BRDA:608,90,0,26
BRDA:608,90,1,26
BRDA:610,91,0,713
BRDA:610,91,1,24379
BRDA:610,92,0,25092
BRDA:610,92,1,985
BRDA:611,93,0,713
BRDA:611,93,1,713
BRDA:613,94,0,25066
BRDA:613,94,1,26
BRDA:621,95,0,0
BRDA:621,95,1,25092
BRDA:621,96,0,25092
BRDA:621,96,1,713
BRDA:621,97,0,713
BRDA:621,97,1,713
BRDA:622,98,0,0
BRDA:622,98,1,0
BRDA:625,99,0,0
BRDA:625,99,1,25092
BRDA:629,100,0,613
BRDA:629,100,1,24479
BRDA:629,101,0,25092
BRDA:629,101,1,5533
BRDA:630,102,0,613
BRDA:630,102,1,0
BRDA:634,103,0,25092
BRDA:634,103,1,0
BRDA:634,104,0,25092
BRDA:634,104,1,25092
BRDA:634,104,2,19559
BRDA:636,105,0,26
BRDA:636,105,1,25066
BRDA:636,106,0,25092
BRDA:636,106,1,26
BRDA:637,107,0,3
BRDA:637,107,1,23
BRDA:638,108,0,3
BRDA:638,108,1,3
BRDA:639,109,0,3
BRDA:639,109,1,0
BRDA:643,110,0,0
BRDA:643,110,1,3
BRDA:646,111,0,3
BRDA:646,111,1,3
BRDA:654,112,0,25066
BRDA:654,112,1,0
BRDA:655,113,0,0
BRDA:655,113,1,25066
BRDA:658,114,0,35
BRDA:658,114,1,25031
BRDA:658,115,0,25066
BRDA:658,115,1,10733
BRDA:659,116,0,35
BRDA:659,116,1,0
BRDA:664,117,0,62
BRDA:664,117,1,25004
BRDA:667,118,0,371
BRDA:667,118,1,24695
BRDA:670,119,0,4080
BRDA:670,119,1,20986
BRDA:677,120,0,0
BRDA:677,120,1,25066
BRDA:677,121,0,25042
BRDA:677,121,1,24
BRDA:679,122,0,0
BRDA:679,122,1,25066
BRDA:679,123,0,25066
BRDA:679,123,1,0
BRDA:684,124,0,25058
BRDA:684,124,1,8
BRDA:684,125,0,25066
BRDA:684,125,1,25066
BRDA:685,126,0,54
BRDA:685,126,1,25012
BRDA:685,127,0,25066
BRDA:685,127,1,25066
BRDA:685,127,2,54
BRDA:688,128,0,25066
BRDA:688,128,1,0
BRDA:689,129,0,0
BRDA:689,129,1,25066
BRDA:689,130,0,25066
BRDA:689,130,1,25066
BRDA:697,131,0,1923
BRDA:697,131,1,23169
BRDA:703,132,0,0
BRDA:703,132,1,25092
BRDA:713,133,0,5533
BRDA:713,133,1,0
BRDA:737,134,0,2161
BRDA:737,134,1,0
BRDA:739,135,0,2161
BRDA:739,135,1,0
BRDA:757,136,0,5200
BRDA:757,136,1,211
BRDA:761,137,0,1521
BRDA:761,137,1,3679
BRDA:766,138,0,378
BRDA:766,138,1,1783
BRDA:780,139,0,2161
BRDA:780,139,1,0
BRDA:798,140,0,467
BRDA:798,140,1,5515
BRDA:803,141,0,5515
BRDA:803,141,1,5483
BRDA:804,142,0,272
BRDA:804,142,1,5243
BRDA:806,143,0,0
BRDA:806,143,1,5515
BRDA:809,144,0,5515
BRDA:809,144,1,0
BRDA:816,145,0,4669
BRDA:816,145,1,7133
BRDA:827,146,0,272
BRDA:827,146,1,5243
BRDA:827,147,0,5515
BRDA:827,147,1,5515
BRDA:853,148,0,0
BRDA:853,148,1,5243
BRDA:866,149,0,301
BRDA:866,149,1,1860
BRDA:867,150,0,301
BRDA:867,150,1,1860
BRDA:870,151,0,1860
BRDA:870,151,1,301
BRDA:886,152,0,467
BRDA:886,152,1,5515
BRDA:892,153,0,18
BRDA:892,153,1,2143
BRDA:893,154,0,18
BRDA:893,154,1,0
BRDA:901,155,0,0
BRDA:901,155,1,18
BRDA:909,156,0,2161
BRDA:909,156,1,0
BRDA:919,157,0,2151
BRDA:919,157,1,10
BRDA:935,158,0,4
BRDA:935,158,1,6
BRDA:944,159,0,4
BRDA:944,159,1,0
BRDA:944,160,0,4
BRDA:944,160,1,4
BRDA:948,161,0,6
BRDA:948,161,1,0
BRDA:948,162,0,6
BRDA:948,162,1,6
BRDA:957,163,0,6
BRDA:957,163,1,0
BRDA:957,164,0,6
BRDA:957,164,1,6
BRDA:976,165,0,2161
BRDA:976,165,1,0
BRDA:976,166,0,2161
BRDA:976,166,1,2161
BRDA:983,167,0,0
BRDA:983,167,1,0
BRDA:983,168,0,0
BRDA:983,168,1,0
BRDA:984,169,0,0
BRDA:984,169,1,0
BRDA:984,170,0,0
BRDA:984,170,1,0
BRDA:996,171,0,240
BRDA:996,171,1,1921
BRDA:997,172,0,9
BRDA:997,172,1,1912
BRDA:998,173,0,9
BRDA:998,173,1,0
BRDA:998,174,0,9
BRDA:998,174,1,9
BRDA:1010,175,0,2161
BRDA:1010,175,1,0
BRDA:1013,176,0,0
BRDA:1013,176,1,0
BRDA:1014,177,0,0
BRDA:1014,177,1,0
BRDA:1015,178,0,0
BRDA:1015,178,1,0
BRDA:1039,179,0,7
BRDA:1039,179,1,2154
BRDA:1039,180,0,2161
BRDA:1039,180,1,2161
BRDA:1040,181,0,1
BRDA:1040,181,1,6
BRDA:1044,182,0,2154
BRDA:1044,182,1,7
BRDA:1061,183,0,7
BRDA:1061,183,1,0
BRDA:1065,184,0,7
BRDA:1065,184,1,0
BRDA:1070,185,0,2
BRDA:1070,185,1,5
BRDA:1100,186,0,3
BRDA:1100,186,1,2158
BRDA:1106,187,0,0
BRDA:1106,187,1,2161
BRF:390
BRH:301
end_of_record
TN:
SF:/Users/tgermaneri/git/canvas-datagrid/lib/events.js
FN:3,(anonymous_1)
FN:5,(anonymous_2)
FN:7,calculateCssSize
FN:16,(anonymous_4)
FN:17,(anonymous_5)
FN:21,(anonymous_6)
FN:22,removeEachListener
FN:28,(anonymous_8)
FN:30,preventDefault
FN:34,dispatchEachEvent
FN:41,(anonymous_11)
FN:62,(anonymous_12)
FN:78,reduceData
FN:84,reduceSchema
FN:118,(anonymous_15)
FN:155,(anonymous_16)
FN:267,(anonymous_17)
FN:276,checkSelectionChange
FN:348,(anonymous_19)
FN:388,(anonymous_20)
FN:396,(anonymous_21)
FN:454,(anonymous_22)
FN:461,(anonymous_23)
FN:490,(anonymous_24)
FN:520,(anonymous_25)
FN:528,(anonymous_26)
FN:533,(anonymous_27)
FN:551,(anonymous_28)
FN:630,(anonymous_29)
FN:649,(anonymous_30)
FN:766,(anonymous_31)
FN:772,(anonymous_32)
FN:778,(anonymous_33)
FN:793,(anonymous_34)
FN:802,(anonymous_35)
FN:825,(anonymous_36)
FN:827,normalizeRowData
FN:830,(anonymous_38)
FN:841,(anonymous_39)
FN:863,(anonymous_40)
FN:870,(anonymous_41)
FN:872,getItem
FN:874,(anonymous_43)
FN:879,(anonymous_44)
FN:881,(anonymous_45)
FN:883,(anonymous_46)
FN:892,(anonymous_47)
FN:896,(anonymous_48)
FN:904,fCopyCell
FN:909,(anonymous_50)
FN:914,(anonymous_51)
FNF:51
FNH:33
FNDA:1,(anonymous_1)
FNDA:164,(anonymous_2)
FNDA:0,calculateCssSize
FNDA:6,(anonymous_4)
FNDA:113,(anonymous_5)
FNDA:0,(anonymous_6)
FNDA:0,removeEachListener
FNDA:132908,(anonymous_8)
FNDA:3,preventDefault
FNDA:1056,dispatchEachEvent
FNDA:393,(anonymous_11)
FNDA:406,(anonymous_12)
FNDA:1943,reduceData
FNDA:11344,reduceSchema
FNDA:917,(anonymous_15)
FNDA:50,(anonymous_16)
FNDA:24,(anonymous_17)
FNDA:17,checkSelectionChange
FNDA:4,(anonymous_19)
FNDA:4,(anonymous_20)
FNDA:82,(anonymous_21)
FNDA:148,(anonymous_22)
FNDA:5,(anonymous_23)
FNDA:7,(anonymous_24)
FNDA:0,(anonymous_25)
FNDA:0,(anonymous_26)
FNDA:0,(anonymous_27)
FNDA:26,(anonymous_28)
FNDA:7,(anonymous_29)
FNDA:31,(anonymous_30)
FNDA:1,(anonymous_31)
FNDA:1,(anonymous_32)
FNDA:1,(anonymous_33)
FNDA:3,(anonymous_34)
FNDA:3,(anonymous_35)
FNDA:0,(anonymous_36)
FNDA:0,normalizeRowData
FNDA:0,(anonymous_38)
FNDA:0,(anonymous_39)
FNDA:0,(anonymous_40)
FNDA:0,(anonymous_41)
FNDA:0,getItem
FNDA:0,(anonymous_43)
FNDA:0,(anonymous_44)
FNDA:0,(anonymous_45)
FNDA:0,(anonymous_46)
FNDA:0,(anonymous_47)
FNDA:1,(anonymous_48)
FNDA:4,fCopyCell
FNDA:2,(anonymous_50)
FNDA:4,(anonymous_51)
DA:3,1
DA:5,1
DA:6,164
DA:7,1
DA:8,0
DA:9,0
DA:10,0
DA:11,0
DA:12,0
DA:14,0
DA:16,164
DA:17,164
DA:18,113
DA:19,113
DA:21,164
DA:22,0
DA:23,0
DA:24,0
DA:28,164
DA:29,132908
DA:30,1
DA:31,3
DA:33,132908
DA:34,1023
DA:35,1056
DA:36,1056
DA:37,1056
DA:39,1023
DA:41,164
DA:42,393
DA:43,391
DA:45,0
DA:46,0
DA:51,391
DA:52,391
DA:54,391
DA:55,391
DA:56,391
DA:57,391
DA:59,393
DA:60,393
DA:62,164
DA:63,406
DA:72,406
DA:73,13
DA:74,13
DA:76,393
DA:78,406
DA:79,1943
DA:84,406
DA:85,11344
DA:86,11344
DA:88,406
DA:89,6
DA:91,406
DA:92,406
DA:93,406
DA:94,406
DA:95,406
DA:96,406
DA:97,406
DA:99,406
DA:102,406
DA:104,406
DA:107,406
DA:108,406
DA:109,406
DA:110,406
DA:111,406
DA:112,406
DA:113,197
DA:115,406
DA:116,406
DA:118,164
DA:119,917
DA:121,917
DA:122,917
DA:123,917
DA:124,917
DA:125,917
DA:126,325
DA:130,325
DA:132,917
DA:133,14148
DA:135,14148
DA:137,917
DA:138,885
DA:139,885
DA:141,885
DA:142,885
DA:146,917
DA:147,917
DA:148,917
DA:152,917
DA:153,917
DA:155,164
DA:156,50
DA:157,0
DA:159,50
DA:160,50
DA:171,50
DA:172,50
DA:173,1
DA:175,50
DA:176,0
DA:178,50
DA:180,14
DA:181,14
DA:182,14
DA:183,14
DA:184,14
DA:186,50
DA:187,50
DA:188,1
DA:190,49
DA:191,49
DA:194,33
DA:195,33
DA:196,33
DA:197,33
DA:198,29
DA:199,29
DA:201,33
DA:204,9
DA:205,9
DA:209,9
DA:210,0
DA:215,9
DA:221,9
DA:222,0
DA:223,0
DA:224,0
DA:225,0
DA:227,9
DA:229,2
DA:231,9
DA:232,9
DA:233,1
DA:235,8
DA:236,2
DA:237,1
DA:240,6
DA:241,6
DA:242,6
DA:247,9
DA:251,7
DA:252,7
DA:253,7
DA:254,1
DA:255,1
DA:258,6
DA:261,9
DA:264,49
DA:265,49
DA:267,164
DA:268,24
DA:272,24
DA:273,24
DA:274,0
DA:276,1
DA:277,17
DA:278,0
DA:284,24
DA:285,0
DA:287,24
DA:288,4
DA:289,4
DA:291,20
DA:292,20
DA:293,20
DA:294,0
DA:296,20
DA:297,7
DA:299,20
DA:300,20
DA:301,1
DA:302,1
DA:303,1
DA:304,1
DA:306,19
DA:307,10
DA:308,5
DA:309,1
DA:311,4
DA:313,5
DA:314,5
DA:315,5
DA:317,5
DA:318,5
DA:319,5
DA:320,5
DA:321,5
DA:324,9
DA:325,9
DA:326,3
DA:334,3
DA:335,3
DA:337,0
DA:338,0
DA:340,6
DA:341,0
DA:342,0
DA:345,6
DA:346,6
DA:348,164
DA:349,4
DA:350,4
DA:351,4
DA:352,4
DA:353,4
DA:354,1
DA:356,4
DA:357,0
DA:359,4
DA:360,4
DA:362,2
DA:363,2
DA:365,4
DA:366,2
DA:368,2
DA:369,0
DA:371,2
DA:372,2
DA:374,2
DA:375,2
DA:376,0
DA:377,2
DA:378,0
DA:380,2
DA:382,2
DA:383,2
DA:384,2
DA:386,0
DA:388,164
DA:389,4
DA:390,4
DA:391,4
DA:392,4
DA:393,4
DA:394,4
DA:396,164
DA:397,82
DA:398,82
DA:400,0
DA:401,0
DA:402,0
DA:403,0
DA:404,0
DA:406,82
DA:407,82
DA:408,1
DA:409,1
DA:410,1
DA:411,1
DA:412,1
DA:414,81
DA:415,3
DA:416,3
DA:417,3
DA:418,3
DA:419,3
DA:421,78
DA:423,1
DA:425,78
DA:427,1
DA:429,78
DA:430,78
DA:431,0
DA:433,78
DA:434,3
DA:436,75
DA:437,3
DA:438,3
DA:439,72
DA:440,14
DA:441,14
DA:443,78
DA:444,3
DA:446,75
DA:447,29
DA:448,29
DA:449,46
DA:450,26
DA:451,26
DA:454,164
DA:455,148
DA:456,148
DA:457,0
DA:459,148
DA:461,164
DA:462,5
DA:463,5
DA:464,5
DA:465,5
DA:466,5
DA:467,0
DA:469,5
DA:470,0
DA:472,5
DA:478,0
DA:480,5
DA:481,5
DA:482,5
DA:483,5
DA:487,5
DA:490,164
DA:491,7
DA:499,7
DA:500,7
DA:501,7
DA:503,4
DA:504,4
DA:511,4
DA:512,4
DA:513,4
DA:516,7
DA:517,7
DA:518,7
DA:520,164
DA:521,0
DA:522,0
DA:523,0
DA:527,0
DA:528,0
DA:529,0
DA:533,164
DA:534,0
DA:535,0
DA:536,0
DA:537,0
DA:538,0
DA:539,0
DA:540,0
DA:541,0
DA:543,0
DA:544,0
DA:545,0
DA:547,0
DA:548,0
DA:549,0
DA:551,164
DA:552,26
DA:553,26
DA:554,26
DA:555,0
DA:557,26
DA:558,26
DA:561,26
DA:562,26
DA:566,26
DA:567,26
DA:568,26
DA:574,14
DA:576,26
DA:577,0
DA:579,26
DA:580,8
DA:581,8
DA:582,8
DA:583,8
DA:585,0
DA:589,0
DA:591,8
DA:592,8
DA:593,8
DA:594,8
DA:596,18
DA:597,7
DA:598,7
DA:599,1
DA:601,7
DA:603,11
DA:604,0
DA:605,0
DA:606,0
DA:607,0
DA:608,0
DA:609,0
DA:610,0
DA:612,11
DA:613,4
DA:614,4
DA:615,0
DA:617,4
DA:619,4
DA:621,4
DA:622,4
DA:624,11
DA:625,7
DA:626,7
DA:627,7
DA:630,164
DA:631,7
DA:632,7
DA:633,7
DA:634,7
DA:635,7
DA:636,7
DA:637,7
DA:638,0
DA:640,7
DA:641,0
DA:643,7
DA:644,7
DA:645,7
DA:647,7
DA:649,164
DA:650,31
DA:656,31
DA:657,31
DA:658,1
DA:660,30
DA:661,30
DA:662,0
DA:664,30
DA:665,3
DA:668,30
DA:669,1
DA:670,1
DA:672,29
DA:673,1
DA:675,28
DA:676,6
DA:678,22
DA:679,2
DA:681,20
DA:682,3
DA:684,17
DA:685,7
DA:687,10
DA:688,1
DA:689,1
DA:691,9
DA:692,2
DA:693,2
DA:695,7
DA:696,0
DA:698,7
DA:699,0
DA:701,7
DA:702,0
DA:704,7
DA:705,0
DA:708,30
DA:709,2
DA:712,28
DA:713,5
DA:714,5
DA:715,5
DA:716,5
DA:717,5
DA:718,0
DA:719,0
DA:722,5
DA:724,5
DA:725,5
DA:726,5
DA:728,23
DA:729,0
DA:731,23
DA:732,0
DA:734,23
DA:735,0
DA:737,23
DA:738,0
DA:741,23
DA:742,6
DA:743,6
DA:744,6
DA:745,6
DA:746,6
DA:748,23
DA:749,21
DA:750,21
DA:751,21
DA:752,1
DA:753,1
DA:755,1
DA:756,1
DA:757,1
DA:763,21
DA:766,164
DA:767,1
DA:768,1
DA:769,0
DA:772,164
DA:773,1
DA:774,0
DA:776,1
DA:778,164
DA:779,1
DA:780,1
DA:781,0
DA:783,1
DA:785,0
DA:786,1
DA:788,0
DA:789,1
DA:790,1
DA:793,164
DA:794,3
DA:799,3
DA:800,0
DA:802,3
DA:803,3
DA:804,0
DA:806,3
DA:807,3
DA:808,3
DA:809,3
DA:810,3
DA:813,3
DA:815,1
DA:817,3
DA:819,3
DA:820,3
DA:822,3
DA:825,164
DA:826,0
DA:827,1
DA:828,0
DA:829,0
DA:830,0
DA:831,0
DA:834,0
DA:835,0
DA:837,0
DA:838,0
DA:840,0
DA:841,0
DA:842,0
DA:843,0
DA:844,0
DA:845,0
DA:847,0
DA:848,0
DA:850,0
DA:852,0
DA:853,0
DA:854,0
DA:855,0
DA:858,0
DA:860,0
DA:862,0
DA:863,0
DA:864,0
DA:865,0
DA:867,0
DA:868,0
DA:870,164
DA:871,0
DA:872,1
DA:873,0
DA:874,0
DA:875,0
DA:876,0
DA:879,0
DA:880,0
DA:882,0
DA:884,0
DA:886,0
DA:887,0
DA:888,0
DA:890,0
DA:892,164
DA:893,0
DA:896,164
DA:897,1
DA:898,1
DA:899,1
DA:904,1
DA:905,4
DA:906,4
DA:908,1
DA:909,1
DA:910,2
DA:912,2
DA:914,2
DA:916,4
DA:920,4
DA:921,4
DA:922,4
DA:924,0
DA:925,0
DA:927,2
DA:928,2
DA:931,1
DA:932,1
DA:933,1
DA:934,1
DA:935,1
DA:936,1
DA:939,164
LF:593
LH:454
BRDA:9,1,0,0
BRDA:9,1,1,0
BRDA:9,2,0,0
BRDA:9,2,1,0
BRDA:10,3,0,0
BRDA:10,3,1,0
BRDA:18,4,0,113
BRDA:18,4,1,90
BRDA:22,5,0,0
BRDA:22,5,1,0
BRDA:23,6,0,0
BRDA:23,6,1,0
BRDA:33,7,0,131885
BRDA:33,7,1,1023
BRDA:42,8,0,391
BRDA:42,8,1,2
BRDA:43,9,0,0
BRDA:43,9,1,391
BRDA:59,10,0,393
BRDA:59,10,1,393
BRDA:60,11,0,393
BRDA:60,11,1,393
BRDA:72,12,0,13
BRDA:72,12,1,393
BRDA:78,13,0,406
BRDA:78,13,1,32
BRDA:80,14,0,1943
BRDA:80,14,1,1937
BRDA:81,15,0,1943
BRDA:81,15,1,1940
BRDA:84,16,0,406
BRDA:84,16,1,0
BRDA:85,17,0,0
BRDA:85,17,1,11344
BRDA:86,18,0,11344
BRDA:86,18,1,11334
BRDA:86,18,2,31
BRDA:88,19,0,6
BRDA:88,19,1,400
BRDA:112,20,0,197
BRDA:112,20,1,209
BRDA:125,21,0,1242
BRDA:125,21,1,325
BRDA:127,22,0,325
BRDA:127,22,1,325
BRDA:128,23,0,325
BRDA:128,23,1,325
BRDA:132,24,0,15065
BRDA:132,24,1,14156
BRDA:134,25,0,14148
BRDA:134,25,1,14148
BRDA:137,26,0,885
BRDA:137,26,1,32
BRDA:140,27,0,885
BRDA:140,27,1,877
BRDA:143,28,0,885
BRDA:143,28,1,881
BRDA:144,29,0,885
BRDA:144,29,1,755
BRDA:147,30,0,917
BRDA:147,30,1,0
BRDA:156,31,0,0
BRDA:156,31,1,50
BRDA:156,32,0,50
BRDA:156,32,1,50
BRDA:159,33,0,50
BRDA:159,33,1,50
BRDA:160,34,0,50
BRDA:160,34,1,48
BRDA:160,34,2,48
BRDA:172,35,0,1
BRDA:172,35,1,49
BRDA:175,36,0,0
BRDA:175,36,1,50
BRDA:178,37,0,14
BRDA:178,37,1,36
BRDA:178,38,0,50
BRDA:178,38,1,50
BRDA:178,38,2,23
BRDA:178,38,3,16
BRDA:187,39,0,1
BRDA:187,39,1,49
BRDA:191,40,0,33
BRDA:191,40,1,16
BRDA:191,41,0,49
BRDA:191,41,1,40
BRDA:191,41,2,40
BRDA:197,42,0,29
BRDA:197,42,1,4
BRDA:197,43,0,33
BRDA:197,43,1,29
BRDA:201,44,0,9
BRDA:201,44,1,24
BRDA:201,45,0,33
BRDA:201,45,1,24
BRDA:201,45,2,9
BRDA:201,45,3,9
BRDA:209,46,0,0
BRDA:209,46,1,9
BRDA:209,47,0,9
BRDA:209,47,1,9
BRDA:221,48,0,0
BRDA:221,48,1,9
BRDA:227,49,0,2
BRDA:227,49,1,7
BRDA:227,50,0,9
BRDA:227,50,1,7
BRDA:231,51,0,9
BRDA:231,51,1,0
BRDA:231,52,0,9
BRDA:231,52,1,6
BRDA:231,52,2,6
BRDA:231,52,3,0
BRDA:232,53,0,1
BRDA:232,53,1,8
BRDA:232,54,0,9
BRDA:232,54,1,8
BRDA:235,55,0,2
BRDA:235,55,1,6
BRDA:235,56,0,8
BRDA:235,56,1,2
BRDA:236,57,0,1
BRDA:236,57,1,1
BRDA:236,58,0,2
BRDA:236,58,1,1
BRDA:240,59,0,6
BRDA:240,59,1,6
BRDA:241,60,0,6
BRDA:241,60,1,0
BRDA:247,61,0,7
BRDA:247,61,1,2
BRDA:247,62,0,9
BRDA:247,62,1,4
BRDA:247,62,2,3
BRDA:247,62,3,3
BRDA:247,62,4,1
BRDA:247,62,5,8
BRDA:253,63,0,1
BRDA:253,63,1,6
BRDA:270,64,0,24
BRDA:270,64,1,23
BRDA:270,64,2,23
BRDA:271,65,0,24
BRDA:271,65,1,24
BRDA:273,66,0,0
BRDA:273,66,1,24
BRDA:277,67,0,17
BRDA:277,67,1,0
BRDA:284,68,0,0
BRDA:284,68,1,24
BRDA:287,69,0,4
BRDA:287,69,1,20
BRDA:292,70,0,0
BRDA:292,70,1,20
BRDA:293,71,0,0
BRDA:293,71,1,20
BRDA:296,72,0,7
BRDA:296,72,1,13
BRDA:296,73,0,20
BRDA:296,73,1,7
BRDA:299,74,0,20
BRDA:299,74,1,0
BRDA:300,75,0,1
BRDA:300,75,1,19
BRDA:306,76,0,10
BRDA:306,76,1,9
BRDA:307,77,0,5
BRDA:307,77,1,5
BRDA:308,78,0,1
BRDA:308,78,1,4
BRDA:309,79,0,1
BRDA:309,79,1,0
BRDA:317,80,0,5
BRDA:317,80,1,0
BRDA:324,81,0,9
BRDA:324,81,1,8
BRDA:325,82,0,3
BRDA:325,82,1,6
BRDA:325,83,0,9
BRDA:325,83,1,9
BRDA:326,84,0,3
BRDA:326,84,1,0
BRDA:326,85,0,3
BRDA:326,85,1,3
BRDA:326,85,2,3
BRDA:326,85,3,3
BRDA:326,85,4,3
BRDA:326,85,5,3
BRDA:340,86,0,0
BRDA:340,86,1,6
BRDA:340,87,0,6
BRDA:340,87,1,0
BRDA:353,88,0,1
BRDA:353,88,1,3
BRDA:356,89,0,0
BRDA:356,89,1,4
BRDA:359,90,0,0
BRDA:359,90,1,4
BRDA:360,91,0,2
BRDA:360,91,1,2
BRDA:360,92,0,4
BRDA:360,92,1,4
BRDA:365,93,0,2
BRDA:365,93,1,2
BRDA:366,94,0,0
BRDA:366,94,1,2
BRDA:368,95,0,0
BRDA:368,95,1,2
BRDA:374,96,0,2
BRDA:374,96,1,0
BRDA:375,97,0,0
BRDA:375,97,1,2
BRDA:377,98,0,0
BRDA:377,98,1,2
BRDA:398,99,0,0
BRDA:398,99,1,82
BRDA:398,100,0,82
BRDA:398,100,1,0
BRDA:398,100,2,0
BRDA:407,101,0,1
BRDA:407,101,1,81
BRDA:407,102,0,82
BRDA:407,102,1,3
BRDA:414,103,0,3
BRDA:414,103,1,78
BRDA:414,104,0,81
BRDA:414,104,1,5
BRDA:421,105,0,1
BRDA:421,105,1,77
BRDA:421,106,0,78
BRDA:421,106,1,3
BRDA:425,107,0,1
BRDA:425,107,1,77
BRDA:425,108,0,78
BRDA:425,108,1,3
BRDA:430,109,0,0
BRDA:430,109,1,78
BRDA:433,110,0,3
BRDA:433,110,1,75
BRDA:436,111,0,3
BRDA:436,111,1,72
BRDA:439,112,0,14
BRDA:439,112,1,58
BRDA:443,113,0,3
BRDA:443,113,1,75
BRDA:446,114,0,29
BRDA:446,114,1,46
BRDA:449,115,0,26
BRDA:449,115,1,20
BRDA:456,116,0,0
BRDA:456,116,1,148
BRDA:466,117,0,0
BRDA:466,117,1,5
BRDA:466,118,0,5
BRDA:466,118,1,0
BRDA:469,119,0,0
BRDA:469,119,1,5
BRDA:469,120,0,5
BRDA:469,120,1,3
BRDA:472,121,0,0
BRDA:472,121,1,5
BRDA:480,122,0,5
BRDA:480,122,1,0
BRDA:480,123,0,5
BRDA:480,123,1,2
BRDA:501,124,0,4
BRDA:501,124,1,3
BRDA:501,125,0,7
BRDA:501,125,1,4
BRDA:504,126,0,4
BRDA:504,126,1,0
BRDA:504,127,0,4
BRDA:504,127,1,4
BRDA:521,128,0,0
BRDA:521,128,1,0
BRDA:527,129,0,0
BRDA:527,129,1,0
BRDA:527,130,0,0
BRDA:527,130,1,0
BRDA:537,131,0,0
BRDA:537,131,1,0
BRDA:543,132,0,0
BRDA:543,132,1,0
BRDA:553,133,0,0
BRDA:553,133,1,26
BRDA:554,134,0,0
BRDA:554,134,1,26
BRDA:557,135,0,0
BRDA:557,135,1,26
BRDA:557,136,0,26
BRDA:557,136,1,26
BRDA:558,137,0,26
BRDA:558,137,1,25
BRDA:561,138,0,26
BRDA:561,138,1,26
BRDA:568,139,0,14
BRDA:568,139,1,12
BRDA:568,140,0,26
BRDA:568,140,1,25
BRDA:568,140,2,25
BRDA:568,140,3,23
BRDA:568,140,4,23
BRDA:568,140,5,17
BRDA:568,140,6,17
BRDA:576,141,0,0
BRDA:576,141,1,26
BRDA:579,142,0,8
BRDA:579,142,1,18
BRDA:583,143,0,0
BRDA:583,143,1,8
BRDA:583,144,0,8
BRDA:583,144,1,0
BRDA:596,145,0,7
BRDA:596,145,1,11
BRDA:598,146,0,1
BRDA:598,146,1,6
BRDA:603,147,0,0
BRDA:603,147,1,11
BRDA:607,148,0,0
BRDA:607,148,1,0
BRDA:612,149,0,4
BRDA:612,149,1,7
BRDA:614,150,0,0
BRDA:614,150,1,4
BRDA:617,151,0,4
BRDA:617,151,1,4
BRDA:619,152,0,4
BRDA:619,152,1,3
BRDA:619,153,0,1
BRDA:619,153,1,3
BRDA:624,154,0,7
BRDA:624,154,1,4
BRDA:636,155,0,0
BRDA:636,155,1,7
BRDA:637,156,0,0
BRDA:637,156,1,7
BRDA:637,157,0,7
BRDA:637,157,1,0
BRDA:640,158,0,0
BRDA:640,158,1,7
BRDA:640,159,0,7
BRDA:640,159,1,7
BRDA:643,160,0,0
BRDA:643,160,1,7
BRDA:643,161,0,7
BRDA:643,161,1,7
BRDA:644,162,0,7
BRDA:644,162,1,0
BRDA:644,163,0,7
BRDA:644,163,1,7
BRDA:653,164,0,31
BRDA:653,164,1,29
BRDA:656,165,0,0
BRDA:656,165,1,31
BRDA:657,166,0,1
BRDA:657,166,1,30
BRDA:661,167,0,0
BRDA:661,167,1,30
BRDA:664,168,0,3
BRDA:664,168,1,27
BRDA:668,169,0,1
BRDA:668,169,1,29
BRDA:672,170,0,1
BRDA:672,170,1,28
BRDA:672,171,0,29
BRDA:672,171,1,1
BRDA:675,172,0,6
BRDA:675,172,1,22
BRDA:678,173,0,2
BRDA:678,173,1,20
BRDA:681,174,0,3
BRDA:681,174,1,17
BRDA:681,175,0,20
BRDA:681,175,1,18
BRDA:681,175,2,3
BRDA:684,176,0,7
BRDA:684,176,1,10
BRDA:684,177,0,17
BRDA:684,177,1,12
BRDA:684,177,2,12
BRDA:687,178,0,1
BRDA:687,178,1,9
BRDA:691,179,0,2
BRDA:691,179,1,7
BRDA:695,180,0,0
BRDA:695,180,1,7
BRDA:695,181,0,7
BRDA:695,181,1,7
BRDA:695,181,2,0
BRDA:698,182,0,0
BRDA:698,182,1,7
BRDA:698,183,0,7
BRDA:698,183,1,7
BRDA:698,183,2,0
BRDA:701,184,0,0
BRDA:701,184,1,7
BRDA:701,185,0,7
BRDA:701,185,1,0
BRDA:704,186,0,0
BRDA:704,186,1,7
BRDA:704,187,0,7
BRDA:704,187,1,0
BRDA:708,188,0,2
BRDA:708,188,1,28
BRDA:712,189,0,5
BRDA:712,189,1,23
BRDA:717,190,0,0
BRDA:717,190,1,5
BRDA:728,191,0,0
BRDA:728,191,1,23
BRDA:731,192,0,0
BRDA:731,192,1,23
BRDA:734,193,0,0
BRDA:734,193,1,23
BRDA:737,194,0,0
BRDA:737,194,1,23
BRDA:741,195,0,6
BRDA:741,195,1,17
BRDA:741,196,0,23
BRDA:741,196,1,7
BRDA:742,197,0,6
BRDA:742,197,1,2
BRDA:748,198,0,21
BRDA:748,198,1,2
BRDA:748,199,0,23
BRDA:748,199,1,13
BRDA:749,200,0,10
BRDA:749,200,1,11
BRDA:749,201,0,11
BRDA:749,201,1,10
BRDA:751,202,0,1
BRDA:751,202,1,20
BRDA:751,203,0,21
BRDA:751,203,1,14
BRDA:752,204,0,1
BRDA:752,204,1,0
BRDA:755,205,0,1
BRDA:755,205,1,1
BRDA:767,206,0,0
BRDA:767,206,1,1
BRDA:768,207,0,0
BRDA:768,207,1,1
BRDA:773,208,0,0
BRDA:773,208,1,1
BRDA:776,209,0,0
BRDA:776,209,1,1
BRDA:779,210,0,0
BRDA:779,210,1,1
BRDA:780,211,0,0
BRDA:780,211,1,1
BRDA:783,212,0,0
BRDA:783,212,1,1
BRDA:783,213,0,1
BRDA:783,213,1,0
BRDA:786,214,0,0
BRDA:786,214,1,1
BRDA:786,215,0,1
BRDA:786,215,1,0
BRDA:789,216,0,1
BRDA:789,216,1,0
BRDA:796,217,0,0
BRDA:796,217,1,3
BRDA:797,218,0,0
BRDA:797,218,1,3
BRDA:798,219,0,0
BRDA:798,219,1,3
BRDA:799,220,0,0
BRDA:799,220,1,3
BRDA:803,221,0,0
BRDA:803,221,1,3
BRDA:806,222,0,3
BRDA:806,222,1,3
BRDA:810,223,0,3
BRDA:810,223,1,0
BRDA:813,224,0,1
BRDA:813,224,1,2
BRDA:819,225,0,3
BRDA:819,225,1,0
BRDA:819,226,0,3
BRDA:819,226,1,1
BRDA:829,227,0,0
BRDA:829,227,1,0
BRDA:829,228,0,0
BRDA:829,228,1,0
BRDA:829,228,2,0
BRDA:834,229,0,0
BRDA:834,229,1,0
BRDA:837,230,0,0
BRDA:837,230,1,0
BRDA:843,231,0,0
BRDA:843,231,1,0
BRDA:843,232,0,0
BRDA:843,232,1,0
BRDA:852,233,0,0
BRDA:852,233,1,0
BRDA:853,234,0,0
BRDA:853,234,1,0
BRDA:879,235,0,0
BRDA:879,235,1,0
BRDA:879,235,2,0
BRDA:886,236,0,0
BRDA:886,236,1,0
BRDA:897,237,0,0
BRDA:897,237,1,1
BRDA:898,238,0,0
BRDA:898,238,1,1
BRDA:898,239,0,1
BRDA:898,239,1,1
BRDA:905,240,0,0
BRDA:905,240,1,4
BRDA:905,241,0,4
BRDA:905,241,1,4
BRDA:906,242,0,4
BRDA:906,242,1,0
BRDA:908,243,0,1
BRDA:908,243,1,0
BRDA:910,244,0,2
BRDA:910,244,1,0
BRDA:916,245,0,4
BRDA:916,245,1,0
BRDA:916,246,0,4
BRDA:916,246,1,4
BRDA:916,246,2,4
BRDA:916,246,3,4
BRF:524
BRH:385
end_of_record
TN:
SF:/Users/tgermaneri/git/canvas-datagrid/lib/intf.js
FN:3,(anonymous_1)
FN:5,(anonymous_2)
FN:39,(anonymous_3)
FN:76,(anonymous_4)
FN:78,(anonymous_5)
FN:85,(anonymous_6)
FN:92,(anonymous_7)
FN:100,(anonymous_8)
FN:104,(anonymous_9)
FN:108,(anonymous_10)
FN:123,(anonymous_11)
FN:126,(anonymous_12)
FN:130,(anonymous_13)
FN:133,(anonymous_14)
FN:134,(anonymous_15)
FN:136,(anonymous_16)
FN:143,(anonymous_17)
FN:147,forEachHeader
FN:151,(anonymous_19)
FN:159,(anonymous_20)
FN:167,(anonymous_21)
FN:177,(anonymous_22)
FN:178,(anonymous_23)
FN:182,(anonymous_24)
FN:183,(anonymous_25)
FN:187,(anonymous_26)
FN:211,(anonymous_27)
FN:212,(anonymous_28)
FN:216,(anonymous_29)
FN:220,(anonymous_30)
FN:226,(anonymous_31)
FN:229,(anonymous_32)
FN:230,eachAttribute
FN:234,(anonymous_34)
FN:235,eachStyle
FN:239,(anonymous_36)
FN:240,(anonymous_37)
FN:247,(anonymous_38)
FN:267,(anonymous_39)
FN:288,(anonymous_40)
FN:291,(anonymous_41)
FN:298,(anonymous_42)
FN:301,(anonymous_43)
FN:303,(anonymous_44)
FN:307,(anonymous_45)
FN:384,(anonymous_46)
FN:388,(anonymous_47)
FN:391,(anonymous_48)
FN:400,(anonymous_49)
FN:405,(anonymous_50)
FN:415,(anonymous_51)
FN:421,(anonymous_52)
FN:424,(anonymous_53)
FN:425,(anonymous_54)
FN:435,(anonymous_55)
FN:437,(anonymous_56)
FN:440,(anonymous_57)
FN:447,(anonymous_58)
FN:467,(anonymous_59)
FN:486,(anonymous_60)
FN:505,(anonymous_61)
FN:517,(anonymous_62)
FN:526,(anonymous_63)
FN:531,(anonymous_64)
FN:534,(anonymous_65)
FN:540,(anonymous_66)
FN:543,(anonymous_67)
FN:549,(anonymous_68)
FN:554,(anonymous_69)
FN:559,(anonymous_70)
FN:560,(anonymous_71)
FN:566,(anonymous_72)
FN:571,(anonymous_73)
FN:574,(anonymous_74)
FN:582,(anonymous_75)
FN:587,(anonymous_76)
FN:592,(anonymous_77)
FN:597,(anonymous_78)
FN:602,(anonymous_79)
FN:607,(anonymous_80)
FN:610,(anonymous_81)
FN:615,(anonymous_82)
FN:618,(anonymous_83)
FN:623,(anonymous_84)
FN:628,(anonymous_85)
FN:633,(anonymous_86)
FN:638,(anonymous_87)
FN:643,(anonymous_88)
FN:648,(anonymous_89)
FN:653,(anonymous_90)
FN:658,(anonymous_91)
FN:663,(anonymous_92)
FN:668,(anonymous_93)
FN:686,(anonymous_94)
FN:709,(anonymous_95)
FN:713,(anonymous_96)
FN:724,(anonymous_97)
FN:726,(anonymous_98)
FN:729,(anonymous_99)
FN:738,(anonymous_100)
FN:743,(anonymous_101)
FN:753,(anonymous_102)
FN:763,(anonymous_103)
FN:768,(anonymous_104)
FN:773,(anonymous_105)
FN:778,(anonymous_106)
FN:779,eachDataRow
FN:785,(anonymous_108)
FN:790,schemaGetter
FN:793,schemaSetter
FN:800,eachSchemaColumn
FN:819,dataGetter
FN:820,(anonymous_113)
FN:825,dataSetter
FN:826,(anonymous_115)
FN:827,eachDataRow
FN:860,(anonymous_117)
FN:869,setScrollTop
FN:887,setScrollLeft
FN:905,(anonymous_120)
FN:911,(anonymous_121)
FN:916,(anonymous_122)
FN:919,(anonymous_123)
FN:924,(anonymous_124)
FN:927,(anonymous_125)
FN:932,(anonymous_126)
FN:935,(anonymous_127)
FN:943,(anonymous_128)
FN:946,(anonymous_129)
FN:951,(anonymous_130)
FN:957,(anonymous_131)
FN:963,(anonymous_132)
FN:966,(anonymous_133)
FN:977,(anonymous_134)
FN:980,(anonymous_135)
FNF:135
FNH:109
FNDA:1,(anonymous_1)
FNDA:164,(anonymous_2)
FNDA:0,(anonymous_3)
FNDA:69,(anonymous_4)
FNDA:154,(anonymous_5)
FNDA:498,(anonymous_6)
FNDA:529,(anonymous_7)
FNDA:4776,(anonymous_8)
FNDA:2612,(anonymous_9)
FNDA:23,(anonymous_10)
FNDA:4172,(anonymous_11)
FNDA:195,(anonymous_12)
FNDA:333,(anonymous_13)
FNDA:3594,(anonymous_14)
FNDA:139980,(anonymous_15)
FNDA:5800,(anonymous_16)
FNDA:195,(anonymous_17)
FNDA:5795,forEachHeader
FNDA:5809,(anonymous_19)
FNDA:5791,(anonymous_20)
FNDA:5758,(anonymous_21)
FNDA:0,(anonymous_22)
FNDA:0,(anonymous_23)
FNDA:4,(anonymous_24)
FNDA:0,(anonymous_25)
FNDA:14,(anonymous_26)
FNDA:24,(anonymous_27)
FNDA:56,(anonymous_28)
FNDA:3,(anonymous_29)
FNDA:6,(anonymous_30)
FNDA:40180,(anonymous_31)
FNDA:164,(anonymous_32)
FNDA:10988,eachAttribute
FNDA:164,(anonymous_34)
FNDA:29192,eachStyle
FNDA:2,(anonymous_36)
FNDA:4,(anonymous_37)
FNDA:3,(anonymous_38)
FNDA:369,(anonymous_39)
FNDA:2132,(anonymous_40)
FNDA:29436,(anonymous_41)
FNDA:328,(anonymous_42)
FNDA:492,(anonymous_43)
FNDA:1,(anonymous_44)
FNDA:164,(anonymous_45)
FNDA:31324,(anonymous_46)
FNDA:191,(anonymous_47)
FNDA:244,(anonymous_48)
FNDA:0,(anonymous_49)
FNDA:9,(anonymous_50)
FNDA:2,(anonymous_51)
FNDA:436,(anonymous_52)
FNDA:0,(anonymous_53)
FNDA:0,(anonymous_54)
FNDA:10988,(anonymous_55)
FNDA:1,(anonymous_56)
FNDA:1,(anonymous_57)
FNDA:49,(anonymous_58)
FNDA:0,(anonymous_59)
FNDA:3,(anonymous_60)
FNDA:6,(anonymous_61)
FNDA:74,(anonymous_62)
FNDA:53,(anonymous_63)
FNDA:0,(anonymous_64)
FNDA:0,(anonymous_65)
FNDA:0,(anonymous_66)
FNDA:0,(anonymous_67)
FNDA:0,(anonymous_68)
FNDA:0,(anonymous_69)
FNDA:0,(anonymous_70)
FNDA:0,(anonymous_71)
FNDA:0,(anonymous_72)
FNDA:52095,(anonymous_73)
FNDA:298,(anonymous_74)
FNDA:1,(anonymous_75)
FNDA:1,(anonymous_76)
FNDA:1,(anonymous_77)
FNDA:2,(anonymous_78)
FNDA:2,(anonymous_79)
FNDA:7,(anonymous_80)
FNDA:1,(anonymous_81)
FNDA:11,(anonymous_82)
FNDA:1,(anonymous_83)
FNDA:0,(anonymous_84)
FNDA:4,(anonymous_85)
FNDA:39,(anonymous_86)
FNDA:1,(anonymous_87)
FNDA:1,(anonymous_88)
FNDA:1,(anonymous_89)
FNDA:3,(anonymous_90)
FNDA:0,(anonymous_91)
FNDA:0,(anonymous_92)
FNDA:178,(anonymous_93)
FNDA:2,(anonymous_94)
FNDA:3,(anonymous_95)
FNDA:3,(anonymous_96)
FNDA:7872,(anonymous_97)
FNDA:0,(anonymous_98)
FNDA:0,(anonymous_99)
FNDA:0,(anonymous_100)
FNDA:0,(anonymous_101)
FNDA:0,(anonymous_102)
FNDA:0,(anonymous_103)
FNDA:25,(anonymous_104)
FNDA:5,(anonymous_105)
FNDA:1,(anonymous_106)
FNDA:2,eachDataRow
FNDA:879,(anonymous_108)
FNDA:5,schemaGetter
FNDA:19,schemaSetter
FNDA:35,eachSchemaColumn
FNDA:40,dataGetter
FNDA:85,(anonymous_113)
FNDA:175,dataSetter
FNDA:175,(anonymous_115)
FNDA:909,eachDataRow
FNDA:164,(anonymous_117)
FNDA:425,setScrollTop
FNDA:472,setScrollLeft
FNDA:7,(anonymous_120)
FNDA:386,(anonymous_121)
FNDA:4758,(anonymous_122)
FNDA:812,(anonymous_123)
FNDA:4798,(anonymous_124)
FNDA:812,(anonymous_125)
FNDA:1624,(anonymous_126)
FNDA:406,(anonymous_127)
FNDA:1626,(anonymous_128)
FNDA:406,(anonymous_129)
FNDA:32310,(anonymous_130)
FNDA:58944,(anonymous_131)
FNDA:2569,(anonymous_132)
FNDA:406,(anonymous_133)
FNDA:2575,(anonymous_134)
FNDA:406,(anonymous_135)
DA:3,1
DA:5,1
DA:6,164
DA:10,164
DA:11,164
DA:12,164
DA:16,164
DA:17,164
DA:18,164
DA:19,164
DA:20,164
DA:21,164
DA:22,164
DA:23,164
DA:24,164
DA:25,164
DA:26,164
DA:27,164
DA:34,164
DA:39,164
DA:40,0
DA:42,164
DA:43,164
DA:44,164
DA:45,164
DA:46,164
DA:47,164
DA:48,164
DA:49,164
DA:50,164
DA:51,164
DA:52,164
DA:53,164
DA:54,164
DA:55,164
DA:56,164
DA:57,164
DA:58,164
DA:66,164
DA:67,164
DA:75,164
DA:76,164
DA:77,69
DA:78,69
DA:79,154
DA:80,154
DA:81,2
DA:82,2
DA:84,152
DA:85,152
DA:86,498
DA:87,469
DA:90,69
DA:92,164
DA:93,529
DA:94,529
DA:95,529
DA:96,7917
DA:98,529
DA:100,164
DA:101,4776
DA:102,4776
DA:104,164
DA:105,2612
DA:106,2612
DA:108,164
DA:109,23
DA:110,22
DA:123,164
DA:124,4172
DA:126,164
DA:127,195
DA:128,195
DA:130,164
DA:131,333
DA:133,164
DA:134,139980
DA:136,164
DA:137,5800
DA:138,5800
DA:139,2
DA:141,5800
DA:143,164
DA:144,195
DA:145,195
DA:146,195
DA:147,195
DA:148,5795
DA:151,164
DA:152,5809
DA:153,5809
DA:154,0
DA:155,0
DA:157,5809
DA:159,164
DA:160,5791
DA:161,5791
DA:162,2
DA:163,2
DA:165,5791
DA:167,164
DA:168,5758
DA:169,5758
DA:170,160537
DA:171,3
DA:172,3
DA:175,5755
DA:177,164
DA:178,0
DA:179,0
DA:182,164
DA:183,4
DA:184,0
DA:187,164
DA:188,14
DA:191,14
DA:192,0
DA:193,0
DA:195,14
DA:196,0
DA:197,0
DA:199,14
DA:200,7
DA:201,7
DA:203,14
DA:204,9
DA:205,9
DA:207,14
DA:208,8
DA:211,164
DA:212,24
DA:213,56
DA:216,164
DA:217,3
DA:218,0
DA:220,6
DA:221,0
DA:224,3
DA:226,164
DA:227,40180
DA:229,164
DA:230,164
DA:231,10988
DA:234,164
DA:235,164
DA:236,29192
DA:239,164
DA:240,2
DA:241,4
DA:242,3
DA:245,2
DA:247,164
DA:248,3
DA:249,2
DA:251,3
DA:252,3
DA:253,3
DA:254,3
DA:255,3
DA:256,3
DA:257,3
DA:258,3
DA:259,3
DA:260,3
DA:261,3
DA:262,3
DA:263,3
DA:264,3
DA:267,164
DA:268,369
DA:269,369
DA:272,2
DA:273,2
DA:275,2
DA:276,2
DA:277,2
DA:279,2
DA:281,2
DA:283,2
DA:284,2
DA:288,164
DA:289,2132
DA:291,164
DA:292,29436
DA:293,2132
DA:294,2132
DA:296,27304
DA:297,164
DA:298,328
DA:301,164
DA:302,492
DA:303,1
DA:304,1
DA:307,164
DA:308,164
DA:309,164
DA:310,164
DA:311,164
DA:312,164
DA:313,164
DA:314,164
DA:315,164
DA:316,164
DA:317,164
DA:318,164
DA:319,164
DA:320,164
DA:321,164
DA:322,164
DA:323,164
DA:324,164
DA:325,164
DA:326,164
DA:327,164
DA:328,164
DA:329,164
DA:330,164
DA:331,164
DA:332,164
DA:333,164
DA:334,164
DA:335,164
DA:336,164
DA:337,164
DA:338,164
DA:339,164
DA:340,164
DA:341,164
DA:342,164
DA:343,164
DA:344,164
DA:345,164
DA:346,164
DA:347,164
DA:348,164
DA:349,164
DA:350,164
DA:351,164
DA:352,164
DA:353,164
DA:354,164
DA:355,164
DA:356,164
DA:357,164
DA:358,164
DA:359,164
DA:360,164
DA:361,164
DA:362,164
DA:363,164
DA:364,164
DA:365,164
DA:366,164
DA:367,164
DA:368,164
DA:369,164
DA:370,164
DA:371,164
DA:372,164
DA:373,164
DA:374,164
DA:375,164
DA:376,164
DA:377,164
DA:378,164
DA:379,164
DA:380,164
DA:381,164
DA:382,164
DA:383,164
DA:384,164
DA:386,31324
DA:387,31324
DA:389,191
DA:392,244
DA:393,244
DA:394,244
DA:395,244
DA:399,164
DA:401,0
DA:404,164
DA:406,9
DA:414,164
DA:416,2
DA:419,164
DA:420,164
DA:422,436
DA:425,0
DA:426,0
DA:427,0
DA:429,0
DA:430,0
DA:434,164
DA:435,164
DA:436,10988
DA:438,1
DA:441,1
DA:442,1
DA:443,1
DA:447,164
DA:448,49
DA:449,49
DA:454,49
DA:455,49
DA:456,4
DA:457,4
DA:459,2
DA:460,2
DA:462,2
DA:464,45
DA:467,164
DA:468,0
DA:469,0
DA:471,164
DA:472,11
DA:473,11
DA:474,1
DA:475,1
DA:477,0
DA:478,0
DA:481,11
DA:482,1
DA:484,1
DA:485,1
DA:486,1
DA:487,3
DA:488,0
DA:494,164
DA:495,164
DA:496,148
DA:498,164
DA:499,16
DA:501,164
DA:502,15
DA:504,164
DA:505,6
DA:507,158
DA:509,164
DA:517,164
DA:518,74
DA:526,164
DA:527,53
DA:528,53
DA:530,164
DA:532,0
DA:535,0
DA:536,0
DA:539,164
DA:541,0
DA:544,0
DA:545,0
DA:548,164
DA:550,0
DA:553,164
DA:555,0
DA:558,164
DA:560,0
DA:561,0
DA:565,164
DA:567,0
DA:570,164
DA:572,52095
DA:575,298
DA:576,0
DA:578,298
DA:581,164
DA:583,1
DA:586,164
DA:588,1
DA:591,164
DA:593,1
DA:596,164
DA:598,2
DA:601,164
DA:603,2
DA:606,164
DA:608,7
DA:611,1
DA:614,164
DA:616,11
DA:619,1
DA:622,164
DA:624,0
DA:627,164
DA:629,4
DA:632,164
DA:634,39
DA:637,164
DA:639,1
DA:642,164
DA:644,1
DA:647,164
DA:649,1
DA:652,164
DA:654,3
DA:657,164
DA:659,0
DA:662,164
DA:664,0
DA:667,164
DA:668,164
DA:669,178
DA:670,178
DA:671,0
DA:673,178
DA:676,3
DA:678,178
DA:679,1
DA:681,178
DA:683,174
DA:685,4
DA:686,3
DA:687,2
DA:688,0
DA:690,2
DA:692,3
DA:693,1
DA:694,1
DA:696,3
DA:698,1
DA:699,0
DA:701,1
DA:702,1
DA:704,0
DA:707,1
DA:708,1
DA:709,1
DA:710,3
DA:713,1
DA:714,3
DA:715,3
DA:716,3
DA:717,9
DA:720,1
DA:722,0
DA:724,164
DA:725,7872
DA:727,0
DA:730,0
DA:731,0
DA:732,0
DA:733,0
DA:737,164
DA:739,0
DA:742,164
DA:744,0
DA:752,164
DA:754,0
DA:762,164
DA:764,0
DA:767,164
DA:769,25
DA:772,164
DA:774,5
DA:777,164
DA:779,1
DA:780,2
DA:784,164
DA:786,879
DA:789,164
DA:791,5
DA:794,19
DA:795,0
DA:797,19
DA:798,0
DA:800,19
DA:801,35
DA:802,35
DA:803,35
DA:804,35
DA:805,35
DA:806,35
DA:807,35
DA:808,35
DA:810,19
DA:811,19
DA:812,19
DA:813,19
DA:814,19
DA:815,19
DA:818,164
DA:820,40
DA:821,85
DA:822,85
DA:826,175
DA:827,175
DA:828,909
DA:829,909
DA:830,909
DA:832,175
DA:834,175
DA:835,175
DA:836,175
DA:838,175
DA:839,16
DA:840,16
DA:842,175
DA:843,175
DA:844,175
DA:845,175
DA:847,175
DA:848,175
DA:850,0
DA:852,175
DA:853,175
DA:854,175
DA:855,175
DA:856,175
DA:860,164
DA:861,164
DA:869,1
DA:870,425
DA:871,0
DA:873,425
DA:874,141
DA:876,425
DA:877,271
DA:879,425
DA:880,270
DA:882,425
DA:883,425
DA:884,425
DA:887,1
DA:888,472
DA:889,0
DA:891,472
DA:892,9
DA:894,472
DA:895,9
DA:897,472
DA:898,7
DA:900,472
DA:901,472
DA:902,86
DA:905,164
DA:906,7
DA:911,164
DA:912,386
DA:913,386
DA:915,164
DA:917,4758
DA:920,812
DA:923,164
DA:925,4798
DA:928,812
DA:931,164
DA:933,1624
DA:936,406
DA:937,380
DA:939,406
DA:942,164
DA:944,1626
DA:947,406
DA:950,164
DA:952,32310
DA:956,164
DA:958,58944
DA:962,164
DA:964,2569
DA:967,406
DA:968,346
DA:970,406
DA:971,380
DA:973,406
DA:976,164
DA:978,2575
DA:981,406
DA:982,118
DA:984,406
DA:988,164
LF:570
LH:513
BRDA:77,1,0,25
BRDA:77,1,1,44
BRDA:79,2,0,0
BRDA:79,2,1,154
BRDA:80,3,0,2
BRDA:80,3,1,152
BRDA:86,4,0,29
BRDA:86,4,1,469
BRDA:86,5,0,498
BRDA:86,5,1,480
BRDA:93,6,0,529
BRDA:93,6,1,528
BRDA:96,7,0,7616
BRDA:96,7,1,301
BRDA:96,8,0,0
BRDA:96,8,1,301
BRDA:101,9,0,0
BRDA:101,9,1,4776
BRDA:102,10,0,4776
BRDA:102,10,1,4776
BRDA:105,11,0,0
BRDA:105,11,1,2612
BRDA:106,12,0,2612
BRDA:106,12,1,6
BRDA:109,13,0,1
BRDA:109,13,1,22
BRDA:124,14,0,4172
BRDA:124,14,1,3946
BRDA:137,15,0,5800
BRDA:137,15,1,5790
BRDA:138,16,0,2
BRDA:138,16,1,5798
BRDA:161,17,0,2
BRDA:161,17,1,5789
BRDA:161,18,0,5791
BRDA:161,18,1,25
BRDA:170,19,0,3
BRDA:170,19,1,160534
BRDA:172,20,0,3
BRDA:172,20,1,0
BRDA:191,21,0,0
BRDA:191,21,1,14
BRDA:191,22,0,14
BRDA:191,22,1,0
BRDA:195,23,0,0
BRDA:195,23,1,14
BRDA:195,24,0,14
BRDA:195,24,1,0
BRDA:199,25,0,7
BRDA:199,25,1,7
BRDA:203,26,0,9
BRDA:203,26,1,5
BRDA:207,27,0,8
BRDA:207,27,1,6
BRDA:207,28,0,14
BRDA:207,28,1,11
BRDA:207,28,2,11
BRDA:207,28,3,11
BRDA:217,29,0,0
BRDA:217,29,1,3
BRDA:220,30,0,0
BRDA:220,30,1,3
BRDA:227,31,0,40103
BRDA:227,31,1,77
BRDA:236,32,0,29192
BRDA:236,32,1,26522
BRDA:241,33,0,3
BRDA:241,33,1,1
BRDA:241,34,0,4
BRDA:241,34,1,3
BRDA:248,35,0,2
BRDA:248,35,1,1
BRDA:248,36,0,3
BRDA:248,36,1,2
BRDA:248,36,2,2
BRDA:263,37,0,3
BRDA:263,37,1,0
BRDA:263,38,0,3
BRDA:263,38,1,3
BRDA:269,39,0,2
BRDA:269,39,1,367
BRDA:269,40,0,369
BRDA:269,40,1,2
BRDA:269,40,2,2
BRDA:272,41,0,2
BRDA:272,41,1,0
BRDA:276,42,0,2
BRDA:276,42,1,0
BRDA:279,43,0,0
BRDA:279,43,1,2
BRDA:281,44,0,0
BRDA:281,44,1,2
BRDA:283,45,0,2
BRDA:283,45,1,0
BRDA:283,46,0,2
BRDA:283,46,1,2
BRDA:283,46,2,2
BRDA:292,47,0,2132
BRDA:292,47,1,27304
BRDA:296,48,0,164
BRDA:296,48,1,27140
BRDA:302,49,0,491
BRDA:302,49,1,1
BRDA:308,50,0,0
BRDA:308,50,1,164
BRDA:322,51,0,164
BRDA:322,51,1,0
BRDA:323,52,0,164
BRDA:323,52,1,0
BRDA:419,53,0,164
BRDA:419,53,1,0
BRDA:452,54,0,4
BRDA:452,54,1,45
BRDA:455,55,0,4
BRDA:455,55,1,45
BRDA:455,56,0,49
BRDA:455,56,1,4
BRDA:464,57,0,45
BRDA:464,57,1,0
BRDA:468,58,0,0
BRDA:468,58,1,0
BRDA:471,59,0,11
BRDA:471,59,1,153
BRDA:471,60,0,164
BRDA:471,60,1,12
BRDA:473,61,0,1
BRDA:473,61,1,10
BRDA:481,62,0,1
BRDA:481,62,1,10
BRDA:482,63,0,1
BRDA:482,63,1,0
BRDA:482,64,0,1
BRDA:482,64,1,1
BRDA:487,65,0,0
BRDA:487,65,1,3
BRDA:495,66,0,148
BRDA:495,66,1,16
BRDA:498,67,0,16
BRDA:498,67,1,148
BRDA:501,68,0,15
BRDA:501,68,1,149
BRDA:504,69,0,6
BRDA:504,69,1,158
BRDA:575,70,0,0
BRDA:575,70,1,298
BRDA:670,71,0,0
BRDA:670,71,1,178
BRDA:670,72,0,178
BRDA:670,72,1,178
BRDA:670,72,2,178
BRDA:673,73,0,3
BRDA:673,73,1,175
BRDA:673,74,0,178
BRDA:673,74,1,177
BRDA:673,74,2,176
BRDA:678,75,0,1
BRDA:678,75,1,177
BRDA:678,76,0,178
BRDA:678,76,1,4
BRDA:681,77,0,174
BRDA:681,77,1,4
BRDA:681,78,0,178
BRDA:681,78,1,177
BRDA:681,78,2,158
BRDA:681,78,3,20
BRDA:681,78,4,17
BRDA:685,79,0,3
BRDA:685,79,1,1
BRDA:687,80,0,0
BRDA:687,80,1,2
BRDA:692,81,0,1
BRDA:692,81,1,2
BRDA:698,82,0,0
BRDA:698,82,1,1
BRDA:698,83,0,1
BRDA:698,83,1,0
BRDA:701,84,0,1
BRDA:701,84,1,0
BRDA:702,85,0,0
BRDA:702,85,1,1
BRDA:732,86,0,0
BRDA:732,86,1,0
BRDA:794,87,0,0
BRDA:794,87,1,19
BRDA:794,88,0,19
BRDA:794,88,1,19
BRDA:797,89,0,0
BRDA:797,89,1,19
BRDA:801,90,0,35
BRDA:801,90,1,27
BRDA:803,91,0,35
BRDA:803,91,1,33
BRDA:804,92,0,35
BRDA:804,92,1,23
BRDA:835,93,0,175
BRDA:835,93,1,0
BRDA:838,94,0,16
BRDA:838,94,1,159
BRDA:838,95,0,175
BRDA:838,95,1,175
BRDA:842,96,0,175
BRDA:842,96,1,0
BRDA:842,97,0,175
BRDA:842,97,1,175
BRDA:848,98,0,0
BRDA:848,98,1,175
BRDA:848,99,0,175
BRDA:848,99,1,0
BRDA:848,99,2,0
BRDA:853,100,0,168
BRDA:853,100,1,7
BRDA:853,101,0,175
BRDA:853,101,1,175
BRDA:870,102,0,0
BRDA:870,102,1,425
BRDA:873,103,0,141
BRDA:873,103,1,284
BRDA:876,104,0,271
BRDA:876,104,1,154
BRDA:879,105,0,270
BRDA:879,105,1,155
BRDA:883,106,0,425
BRDA:883,106,1,0
BRDA:888,107,0,0
BRDA:888,107,1,472
BRDA:891,108,0,9
BRDA:891,108,1,463
BRDA:894,109,0,9
BRDA:894,109,1,463
BRDA:897,110,0,7
BRDA:897,110,1,465
BRDA:901,111,0,86
BRDA:901,111,1,386
BRDA:936,112,0,380
BRDA:936,112,1,26
BRDA:967,113,0,346
BRDA:967,113,1,60
BRDA:970,114,0,380
BRDA:970,114,1,26
BRDA:981,115,0,118
BRDA:981,115,1,288
BRF:241
BRH:196
end_of_record
TN:
SF:/Users/tgermaneri/git/canvas-datagrid/lib/main.js
FN:13,context
FN:17,Grid
FN:23,grid
FN:27,(anonymous_4)
FN:43,(anonymous_5)
FN:51,(anonymous_6)
FN:54,grid
FNF:7
FNH:5
FNDA:1,context
FNDA:164,Grid
FNDA:6,grid
FNDA:1476,(anonymous_4)
FNDA:0,(anonymous_5)
FNDA:0,(anonymous_6)
FNDA:158,grid
DA:3,1
DA:15,1
DA:16,1
DA:17,1
DA:18,164
DA:19,164
DA:20,164
DA:21,164
DA:22,164
DA:23,164
DA:24,6
DA:25,6
DA:27,164
DA:28,1476
DA:30,164
DA:31,164
DA:32,164
DA:33,164
DA:35,164
DA:37,1
DA:38,1
DA:41,1
DA:42,0
DA:43,0
DA:44,0
DA:45,0
DA:46,0
DA:47,0
DA:50,1
DA:51,1
DA:54,1
DA:55,158
DA:56,158
DA:57,158
DA:59,1
LF:35
LH:29
BRDA:18,1,0,164
BRDA:18,1,1,0
BRDA:21,2,0,0
BRDA:21,2,1,164
BRDA:32,3,0,164
BRDA:32,3,1,0
BRDA:37,4,0,1
BRDA:37,4,1,0
BRDA:41,5,0,0
BRDA:41,5,1,1
BRDA:50,6,0,1
BRDA:50,6,1,0
BRDA:50,7,0,1
BRDA:50,7,1,1
BRDA:50,7,2,1
BRDA:55,8,0,158
BRDA:55,8,1,1
BRF:17
BRH:11
end_of_record
TN:
SF:/Users/tgermaneri/git/canvas-datagrid/lib/publicMethods.js
FN:3,(anonymous_1)
FN:5,(anonymous_2)
FN:15,(anonymous_3)
FN:36,(anonymous_4)
FN:43,(anonymous_5)
FN:56,(anonymous_6)
FN:59,(anonymous_7)
FN:74,(anonymous_8)
FN:78,(anonymous_9)
FN:90,(anonymous_10)
FN:103,(anonymous_11)
FN:108,(anonymous_12)
FN:123,(anonymous_13)
FN:125,(anonymous_14)
FN:141,(anonymous_15)
FN:153,(anonymous_16)
FN:165,(anonymous_17)
FN:176,(anonymous_18)
FN:188,(anonymous_19)
FN:189,applyFilter
FN:191,(anonymous_21)
FN:197,(anonymous_22)
FN:222,(anonymous_23)
FN:245,(anonymous_24)
FN:264,(anonymous_25)
FN:279,(anonymous_26)
FN:290,(anonymous_27)
FN:291,(anonymous_28)
FN:310,(anonymous_29)
FN:322,(anonymous_30)
FN:337,(anonymous_31)
FN:339,(anonymous_32)
FN:356,(anonymous_33)
FN:358,addCol
FN:359,(anonymous_35)
FN:366,removeCol
FN:367,(anonymous_37)
FN:409,(anonymous_38)
FN:411,addRow
FN:414,(anonymous_40)
FN:452,(anonymous_41)
FN:477,(anonymous_42)
FN:523,(anonymous_43)
FN:539,(anonymous_44)
FN:555,(anonymous_45)
FN:581,(anonymous_46)
FN:584,(anonymous_47)
FN:607,(anonymous_48)
FN:609,(anonymous_49)
FN:626,(anonymous_50)
FN:643,(anonymous_51)
FN:645,(anonymous_52)
FN:647,(anonymous_53)
FN:662,(anonymous_54)
FN:668,(anonymous_55)
FN:671,(anonymous_56)
FN:676,(anonymous_57)
FN:679,(anonymous_58)
FN:698,(anonymous_59)
FN:699,(anonymous_60)
FN:711,(anonymous_61)
FN:712,(anonymous_62)
FN:725,(anonymous_63)
FN:726,(anonymous_64)
FN:739,(anonymous_65)
FN:740,getBorder
FN:898,(anonymous_67)
FN:901,(anonymous_68)
FN:927,(anonymous_69)
FN:928,mapEachSchemaColumn
FN:953,(anonymous_71)
FN:963,(anonymous_72)
FN:997,(anonymous_73)
FN:1008,(anonymous_74)
FN:1016,(anonymous_75)
FN:1031,(anonymous_76)
FN:1032,(anonymous_77)
FN:1036,cellFormatterString
FN:1044,(anonymous_79)
FN:1046,(anonymous_80)
FN:1061,(anonymous_81)
FN:1063,(anonymous_82)
FN:1070,(anonymous_83)
FN:1072,(anonymous_84)
FNF:84
FNH:70
FNDA:1,(anonymous_1)
FNDA:164,(anonymous_2)
FNDA:6,(anonymous_3)
FNDA:4,(anonymous_4)
FNDA:2,(anonymous_5)
FNDA:1,(anonymous_6)
FNDA:1,(anonymous_7)
FNDA:1,(anonymous_8)
FNDA:1,(anonymous_9)
FNDA:1,(anonymous_10)
FNDA:2,(anonymous_11)
FNDA:2,(anonymous_12)
FNDA:2,(anonymous_13)
FNDA:4,(anonymous_14)
FNDA:2,(anonymous_15)
FNDA:2,(anonymous_16)
FNDA:1,(anonymous_17)
FNDA:1,(anonymous_18)
FNDA:24,(anonymous_19)
FNDA:24,applyFilter
FNDA:22,(anonymous_21)
FNDA:49,(anonymous_22)
FNDA:9,(anonymous_23)
FNDA:16,(anonymous_24)
FNDA:19,(anonymous_25)
FNDA:1,(anonymous_26)
FNDA:44,(anonymous_27)
FNDA:745,(anonymous_28)
FNDA:46,(anonymous_29)
FNDA:5,(anonymous_30)
FNDA:4,(anonymous_31)
FNDA:12,(anonymous_32)
FNDA:13,(anonymous_33)
FNDA:16,addCol
FNDA:48,(anonymous_35)
FNDA:1,removeCol
FNDA:3,(anonymous_37)
FNDA:11,(anonymous_38)
FNDA:12,addRow
FNDA:48,(anonymous_40)
FNDA:1,(anonymous_41)
FNDA:3,(anonymous_42)
FNDA:3,(anonymous_43)
FNDA:28,(anonymous_44)
FNDA:181,(anonymous_45)
FNDA:2,(anonymous_46)
FNDA:0,(anonymous_47)
FNDA:14,(anonymous_48)
FNDA:54,(anonymous_49)
FNDA:57,(anonymous_50)
FNDA:0,(anonymous_51)
FNDA:0,(anonymous_52)
FNDA:0,(anonymous_53)
FNDA:0,(anonymous_54)
FNDA:0,(anonymous_55)
FNDA:0,(anonymous_56)
FNDA:0,(anonymous_57)
FNDA:0,(anonymous_58)
FNDA:0,(anonymous_59)
FNDA:0,(anonymous_60)
FNDA:0,(anonymous_61)
FNDA:0,(anonymous_62)
FNDA:56,(anonymous_63)
FNDA:833,(anonymous_64)
FNDA:215,(anonymous_65)
FNDA:111,getBorder
FNDA:28,(anonymous_67)
FNDA:78,(anonymous_68)
FNDA:175,(anonymous_69)
FNDA:5758,mapEachSchemaColumn
FNDA:0,(anonymous_71)
FNDA:22,(anonymous_72)
FNDA:181,(anonymous_73)
FNDA:40,(anonymous_74)
FNDA:33,(anonymous_75)
FNDA:9,(anonymous_76)
FNDA:27,(anonymous_77)
FNDA:25035,cellFormatterString
FNDA:12,(anonymous_79)
FNDA:65,(anonymous_80)
FNDA:1,(anonymous_81)
FNDA:11,(anonymous_82)
FNDA:1,(anonymous_83)
FNDA:11,(anonymous_84)
DA:3,1
DA:5,1
DA:15,164
DA:16,6
DA:20,6
DA:21,6
DA:22,6
DA:24,6
DA:36,164
DA:37,4
DA:38,4
DA:39,2
DA:41,2
DA:42,2
DA:43,2
DA:44,2
DA:46,2
DA:56,164
DA:57,1
DA:59,1
DA:60,1
DA:62,1
DA:63,1
DA:74,164
DA:75,1
DA:76,1
DA:77,1
DA:78,1
DA:79,1
DA:81,1
DA:90,164
DA:91,1
DA:92,1
DA:93,1
DA:103,164
DA:104,2
DA:105,1
DA:107,1
DA:108,1
DA:109,2
DA:110,1
DA:113,1
DA:114,1
DA:123,164
DA:124,2
DA:125,2
DA:126,4
DA:127,1
DA:130,2
DA:131,2
DA:141,164
DA:142,2
DA:143,2
DA:153,164
DA:154,2
DA:155,2
DA:156,2
DA:165,164
DA:166,1
DA:167,1
DA:176,164
DA:177,1
DA:178,1
DA:188,164
DA:189,1
DA:190,24
DA:191,24
DA:192,22
DA:193,22
DA:194,0
DA:196,22
DA:197,22
DA:198,49
DA:201,24
DA:202,24
DA:204,24
DA:205,5
DA:206,5
DA:208,19
DA:209,2
DA:211,17
DA:213,19
DA:222,164
DA:223,9
DA:225,9
DA:226,9
DA:228,9
DA:229,0
DA:231,9
DA:232,29
DA:233,29
DA:236,9
DA:245,164
DA:246,16
DA:247,16
DA:248,0
DA:250,16
DA:251,13
DA:252,13
DA:254,16
DA:264,164
DA:265,19
DA:266,16
DA:268,19
DA:269,9
DA:279,164
DA:280,1
DA:290,164
DA:291,44
DA:292,745
DA:299,18
DA:310,164
DA:311,46
DA:322,164
DA:323,5
DA:337,164
DA:338,4
DA:339,4
DA:340,12
DA:341,9
DA:344,4
DA:356,164
DA:357,13
DA:358,1
DA:359,16
DA:360,48
DA:361,48
DA:362,42
DA:366,1
DA:367,1
DA:368,3
DA:369,3
DA:370,3
DA:374,13
DA:375,2
DA:376,2
DA:377,2
DA:378,2
DA:379,4
DA:382,13
DA:383,7
DA:384,7
DA:385,7
DA:387,13
DA:388,1
DA:390,12
DA:392,13
DA:393,8
DA:409,164
DA:410,11
DA:411,1
DA:412,12
DA:413,12
DA:414,12
DA:415,48
DA:418,11
DA:419,11
DA:420,2
DA:421,1
DA:422,1
DA:426,10
DA:427,10
DA:428,1
DA:429,1
DA:430,1
DA:431,1
DA:432,3
DA:435,9
DA:438,10
DA:439,7
DA:452,164
DA:453,1
DA:454,1
DA:459,1
DA:460,1
DA:461,1
DA:462,1
DA:463,1
DA:464,1
DA:467,1
DA:468,1
DA:477,164
DA:478,3
DA:483,3
DA:484,3
DA:502,3
DA:504,3
DA:505,3
DA:506,3
DA:511,3
DA:512,3
DA:513,3
DA:514,3
DA:523,164
DA:524,3
DA:525,3
DA:526,1
DA:528,2
DA:539,164
DA:540,28
DA:541,28
DA:542,37
DA:543,28
DA:555,164
DA:556,181
DA:558,181
DA:559,6
DA:560,6
DA:581,164
DA:583,2
DA:584,0
DA:585,0
DA:588,2
DA:589,2
DA:590,32
DA:591,1
DA:594,1
DA:607,164
DA:608,14
DA:610,54
DA:612,14
DA:613,14
DA:614,0
DA:616,14
DA:617,14
DA:618,0
DA:620,14
DA:621,14
DA:622,14
DA:623,14
DA:624,14
DA:626,164
DA:627,57
DA:631,1
DA:633,56
DA:643,164
DA:644,0
DA:645,0
DA:646,0
DA:647,0
DA:648,0
DA:651,0
DA:662,164
DA:663,0
DA:668,0
DA:669,0
DA:670,0
DA:671,0
DA:672,0
DA:673,0
DA:676,0
DA:677,0
DA:678,0
DA:679,0
DA:680,0
DA:681,0
DA:685,0
DA:686,0
DA:698,164
DA:699,0
DA:700,0
DA:711,164
DA:712,0
DA:713,0
DA:725,164
DA:726,56
DA:727,833
DA:739,164
DA:740,1
DA:741,111
DA:742,5
DA:744,106
DA:745,0
DA:747,106
DA:748,4
DA:750,102
DA:751,9
DA:754,215
DA:763,215
DA:764,215
DA:765,215
DA:769,2
DA:770,2
DA:775,213
DA:776,1856
DA:777,1856
DA:778,21
DA:779,21
DA:780,21
DA:781,21
DA:783,1856
DA:787,211
DA:788,0
DA:789,0
DA:790,0
DA:792,211
DA:793,30
DA:794,30
DA:795,30
DA:796,30
DA:797,30
DA:798,19
DA:799,19
DA:800,11
DA:801,5
DA:802,5
DA:804,30
DA:805,30
DA:807,181
DA:808,70
DA:809,70
DA:810,70
DA:811,70
DA:812,70
DA:813,36
DA:814,36
DA:815,34
DA:816,28
DA:817,28
DA:819,70
DA:820,70
DA:822,111
DA:824,111
DA:825,111
DA:829,5
DA:830,5
DA:831,5
DA:832,5
DA:834,0
DA:835,0
DA:836,0
DA:837,0
DA:840,106
DA:844,5
DA:845,4
DA:846,4
DA:847,4
DA:849,1
DA:850,0
DA:851,0
DA:852,0
DA:855,102
DA:856,28
DA:857,28
DA:858,28
DA:860,74
DA:861,10
DA:862,10
DA:863,10
DA:865,64
DA:866,0
DA:867,0
DA:868,0
DA:869,0
DA:871,64
DA:872,3
DA:873,3
DA:874,3
DA:875,3
DA:877,61
DA:878,61
DA:879,61
DA:882,2
DA:883,2
DA:884,2
DA:898,164
DA:899,28
DA:901,28
DA:902,78
DA:903,78
DA:904,43
DA:905,43
DA:906,43
DA:907,43
DA:908,43
DA:909,43
DA:912,28
DA:927,164
DA:928,175
DA:929,5758
DA:938,5758
DA:939,159
DA:941,5758
DA:942,5758
DA:953,164
DA:954,0
DA:963,164
DA:964,22
DA:965,22
DA:966,22
DA:967,16
DA:969,22
DA:973,0
DA:975,22
DA:976,43
DA:977,43
DA:978,160
DA:979,160
DA:983,22
DA:997,164
DA:998,181
DA:999,181
DA:1000,177
DA:1001,177
DA:1008,4
DA:1009,40
DA:1010,4
DA:1011,4
DA:1014,4
DA:1016,4
DA:1017,33
DA:1018,33
DA:1021,33
DA:1023,4
DA:1031,164
DA:1032,9
DA:1033,27
DA:1036,164
DA:1037,25035
DA:1039,164
DA:1040,164
DA:1041,164
DA:1042,164
DA:1043,164
DA:1044,164
DA:1045,12
DA:1046,12
DA:1047,65
DA:1048,5
DA:1050,60
DA:1051,0
DA:1053,60
DA:1054,43
DA:1055,18
DA:1057,17
DA:1058,17
DA:1061,164
DA:1062,1
DA:1063,1
DA:1064,11
DA:1065,0
DA:1067,11
DA:1070,164
DA:1071,1
DA:1072,1
DA:1073,11
DA:1074,0
DA:1077,11
LF:448
LH:396
BRDA:38,1,0,2
BRDA:38,1,1,2
BRDA:104,2,0,1
BRDA:104,2,1,1
BRDA:109,3,0,1
BRDA:109,3,1,1
BRDA:126,4,0,1
BRDA:126,4,1,3
BRDA:193,5,0,0
BRDA:193,5,1,22
BRDA:196,6,0,22
BRDA:196,6,1,0
BRDA:196,7,0,0
BRDA:196,7,1,0
BRDA:204,8,0,5
BRDA:204,8,1,19
BRDA:204,9,0,24
BRDA:204,9,1,5
BRDA:208,10,0,2
BRDA:208,10,1,17
BRDA:208,11,0,19
BRDA:208,11,1,19
BRDA:208,11,2,18
BRDA:225,12,0,9
BRDA:225,12,1,0
BRDA:228,13,0,0
BRDA:228,13,1,9
BRDA:232,14,0,29
BRDA:232,14,1,29
BRDA:236,15,0,9
BRDA:236,15,1,9
BRDA:247,16,0,0
BRDA:247,16,1,16
BRDA:251,17,0,13
BRDA:251,17,1,13
BRDA:265,18,0,16
BRDA:265,18,1,3
BRDA:268,19,0,9
BRDA:268,19,1,10
BRDA:291,20,0,18
BRDA:291,20,1,26
BRDA:292,21,0,745
BRDA:292,21,1,602
BRDA:292,21,2,275
BRDA:292,21,3,214
BRDA:292,21,4,89
BRDA:292,21,5,67
BRDA:292,21,6,60
BRDA:292,21,7,28
BRDA:340,22,0,9
BRDA:340,22,1,3
BRDA:340,23,0,12
BRDA:340,23,1,12
BRDA:360,24,0,48
BRDA:360,24,1,21
BRDA:361,25,0,42
BRDA:361,25,1,6
BRDA:368,26,0,3
BRDA:368,26,1,0
BRDA:369,27,0,3
BRDA:369,27,1,0
BRDA:374,28,0,2
BRDA:374,28,1,11
BRDA:375,29,0,0
BRDA:375,29,1,2
BRDA:382,30,0,7
BRDA:382,30,1,6
BRDA:382,31,0,13
BRDA:382,31,1,9
BRDA:387,32,0,1
BRDA:387,32,1,12
BRDA:387,33,0,13
BRDA:387,33,1,4
BRDA:392,34,0,5
BRDA:392,34,1,8
BRDA:418,35,0,11
BRDA:418,35,1,0
BRDA:418,36,0,11
BRDA:418,36,1,11
BRDA:419,37,0,2
BRDA:419,37,1,9
BRDA:419,38,0,11
BRDA:419,38,1,2
BRDA:420,39,0,1
BRDA:420,39,1,1
BRDA:426,40,0,10
BRDA:426,40,1,0
BRDA:426,41,0,10
BRDA:426,41,1,7
BRDA:427,42,0,1
BRDA:427,42,1,9
BRDA:427,43,0,10
BRDA:427,43,1,1
BRDA:428,44,0,0
BRDA:428,44,1,1
BRDA:438,45,0,3
BRDA:438,45,1,7
BRDA:479,46,0,3
BRDA:479,46,1,0
BRDA:481,47,0,3
BRDA:481,47,1,3
BRDA:483,48,0,3
BRDA:483,48,1,0
BRDA:486,49,0,3
BRDA:486,49,1,0
BRDA:525,50,0,1
BRDA:525,50,1,2
BRDA:542,51,0,28
BRDA:542,51,1,9
BRDA:556,52,0,177
BRDA:556,52,1,4
BRDA:558,53,0,6
BRDA:558,53,1,175
BRDA:583,54,0,0
BRDA:583,54,1,2
BRDA:585,55,0,0
BRDA:585,55,1,0
BRDA:590,56,0,1
BRDA:590,56,1,31
BRDA:590,57,0,32
BRDA:590,57,1,8
BRDA:613,58,0,0
BRDA:613,58,1,14
BRDA:616,59,0,14
BRDA:616,59,1,14
BRDA:617,60,0,0
BRDA:617,60,1,14
BRDA:617,61,0,14
BRDA:617,61,1,0
BRDA:620,62,0,14
BRDA:620,62,1,0
BRDA:623,63,0,0
BRDA:623,63,1,14
BRDA:627,64,0,1
BRDA:627,64,1,56
BRDA:627,65,0,57
BRDA:627,65,1,57
BRDA:627,65,2,57
BRDA:627,65,3,56
BRDA:669,66,0,0
BRDA:669,66,1,0
BRDA:670,67,0,0
BRDA:670,67,1,0
BRDA:672,68,0,0
BRDA:672,68,1,0
BRDA:681,69,0,0
BRDA:681,69,1,0
BRDA:681,70,0,0
BRDA:681,70,1,0
BRDA:681,70,2,0
BRDA:681,70,3,0
BRDA:681,70,4,0
BRDA:727,71,0,833
BRDA:727,71,1,184
BRDA:741,72,0,5
BRDA:741,72,1,106
BRDA:741,73,0,111
BRDA:741,73,1,5
BRDA:744,74,0,0
BRDA:744,74,1,106
BRDA:744,75,0,106
BRDA:744,75,1,106
BRDA:747,76,0,4
BRDA:747,76,1,102
BRDA:747,77,0,106
BRDA:747,77,1,4
BRDA:750,78,0,9
BRDA:750,78,1,93
BRDA:750,79,0,102
BRDA:750,79,1,102
BRDA:755,80,0,6
BRDA:755,80,1,209
BRDA:760,81,0,0
BRDA:760,81,1,215
BRDA:761,82,0,0
BRDA:761,82,1,215
BRDA:763,83,0,0
BRDA:763,83,1,215
BRDA:763,84,0,215
BRDA:763,84,1,215
BRDA:765,85,0,2
BRDA:765,85,1,213
BRDA:765,86,0,215
BRDA:765,86,1,215
BRDA:765,86,2,213
BRDA:765,86,3,213
BRDA:777,87,0,21
BRDA:777,87,1,1835
BRDA:777,88,0,1856
BRDA:777,88,1,77
BRDA:783,89,0,211
BRDA:783,89,1,1645
BRDA:783,90,0,1856
BRDA:783,90,1,1040
BRDA:783,90,2,640
BRDA:783,90,3,315
BRDA:787,91,0,0
BRDA:787,91,1,211
BRDA:792,92,0,30
BRDA:792,92,1,181
BRDA:797,93,0,19
BRDA:797,93,1,11
BRDA:800,94,0,5
BRDA:800,94,1,6
BRDA:807,95,0,70
BRDA:807,95,1,111
BRDA:812,96,0,36
BRDA:812,96,1,34
BRDA:815,97,0,28
BRDA:815,97,1,6
BRDA:824,98,0,111
BRDA:824,98,1,0
BRDA:824,98,2,0
BRDA:825,99,0,5
BRDA:825,99,1,106
BRDA:825,100,0,111
BRDA:825,100,1,5
BRDA:825,100,2,0
BRDA:825,100,3,5
BRDA:825,100,4,2
BRDA:825,100,5,3
BRDA:825,100,6,0
BRDA:825,100,7,5
BRDA:825,100,8,5
BRDA:825,100,9,5
BRDA:825,100,10,5
BRDA:828,101,0,5
BRDA:828,101,1,0
BRDA:829,102,0,5
BRDA:829,102,1,0
BRDA:829,103,0,5
BRDA:829,103,1,2
BRDA:829,103,2,2
BRDA:829,103,3,2
BRDA:829,103,4,5
BRDA:834,104,0,0
BRDA:834,104,1,0
BRDA:834,105,0,0
BRDA:834,105,1,0
BRDA:834,106,0,0
BRDA:834,106,1,0
BRDA:840,107,0,5
BRDA:840,107,1,101
BRDA:840,108,0,106
BRDA:840,108,1,13
BRDA:840,108,2,0
BRDA:840,108,3,13
BRDA:840,108,4,2
BRDA:840,108,5,11
BRDA:840,108,6,8
BRDA:840,108,7,5
BRDA:844,109,0,4
BRDA:844,109,1,1
BRDA:844,110,0,5
BRDA:844,110,1,2
BRDA:844,110,2,2
BRDA:844,110,3,2
BRDA:844,110,4,5
BRDA:849,111,0,0
BRDA:849,111,1,1
BRDA:849,112,0,1
BRDA:849,112,1,0
BRDA:849,113,0,1
BRDA:849,113,1,0
BRDA:855,114,0,28
BRDA:855,114,1,74
BRDA:860,115,0,10
BRDA:860,115,1,64
BRDA:865,116,0,0
BRDA:865,116,1,64
BRDA:871,117,0,3
BRDA:871,117,1,61
BRDA:903,118,0,43
BRDA:903,118,1,35
BRDA:903,119,0,78
BRDA:903,119,1,43
BRDA:904,120,0,23
BRDA:904,120,1,20
BRDA:905,121,0,43
BRDA:905,121,1,0
BRDA:908,122,0,23
BRDA:908,122,1,20
BRDA:909,123,0,23
BRDA:909,123,1,20
BRDA:928,124,0,175
BRDA:928,124,1,16
BRDA:932,125,0,5752
BRDA:932,125,1,6
BRDA:938,126,0,159
BRDA:938,126,1,5599
BRDA:964,127,0,22
BRDA:964,127,1,11
BRDA:966,128,0,16
BRDA:966,128,1,6
BRDA:969,129,0,0
BRDA:969,129,1,22
BRDA:969,130,0,22
BRDA:969,130,1,22
BRDA:969,130,2,22
BRDA:969,130,3,22
BRDA:978,131,0,160
BRDA:978,131,1,0
BRDA:999,132,0,177
BRDA:999,132,1,4
BRDA:1001,133,0,2
BRDA:1001,133,1,175
BRDA:1005,134,0,3
BRDA:1005,134,1,174
BRDA:1009,135,0,36
BRDA:1009,135,1,4
BRDA:1011,136,0,4
BRDA:1011,136,1,0
BRDA:1014,137,0,0
BRDA:1014,137,1,4
BRDA:1021,138,0,5
BRDA:1021,138,1,28
BRDA:1037,139,0,24646
BRDA:1037,139,1,389
BRDA:1047,140,0,5
BRDA:1047,140,1,60
BRDA:1047,141,0,65
BRDA:1047,141,1,62
BRDA:1050,142,0,0
BRDA:1050,142,1,60
BRDA:1050,143,0,60
BRDA:1050,143,1,60
BRDA:1053,144,0,43
BRDA:1053,144,1,17
BRDA:1054,145,0,25
BRDA:1054,145,1,18
BRDA:1057,146,0,0
BRDA:1057,146,1,17
BRDA:1064,147,0,0
BRDA:1064,147,1,11
BRDA:1073,148,0,0
BRDA:1073,148,1,11
BRF:336
BRH:268
end_of_record
TN:
SF:/Users/tgermaneri/git/canvas-datagrid/lib/touch.js
FN:3,(anonymous_1)
FN:5,(anonymous_2)
FN:12,(anonymous_3)
FN:30,(anonymous_4)
FN:31,(anonymous_5)
FN:32,(anonymous_6)
FN:33,(anonymous_7)
FN:34,(anonymous_8)
FN:35,(anonymous_9)
FN:36,(anonymous_10)
FN:37,(anonymous_11)
FN:38,(anonymous_12)
FN:39,(anonymous_13)
FN:40,(anonymous_14)
FN:41,(anonymous_15)
FN:42,(anonymous_16)
FN:44,(anonymous_17)
FN:47,(anonymous_18)
FN:56,(anonymous_19)
FN:65,(anonymous_20)
FN:81,(anonymous_21)
FN:84,(anonymous_22)
FN:85,(anonymous_23)
FN:110,(anonymous_24)
FN:143,(anonymous_25)
FN:184,(anonymous_26)
FN:218,(anonymous_27)
FN:230,touchScroll
FN:274,(anonymous_29)
FN:284,(anonymous_30)
FN:314,(anonymous_31)
FNF:31
FNH:13
FNDA:1,(anonymous_1)
FNDA:164,(anonymous_2)
FNDA:17,(anonymous_3)
FNDA:0,(anonymous_4)
FNDA:0,(anonymous_5)
FNDA:754,(anonymous_6)
FNDA:0,(anonymous_7)
FNDA:0,(anonymous_8)
FNDA:0,(anonymous_9)
FNDA:0,(anonymous_10)
FNDA:0,(anonymous_11)
FNDA:0,(anonymous_12)
FNDA:0,(anonymous_13)
FNDA:0,(anonymous_14)
FNDA:0,(anonymous_15)
FNDA:0,(anonymous_16)
FNDA:754,(anonymous_17)
FNDA:151,(anonymous_18)
FNDA:11,(anonymous_19)
FNDA:377,(anonymous_20)
FNDA:0,(anonymous_21)
FNDA:0,(anonymous_22)
FNDA:0,(anonymous_23)
FNDA:7,(anonymous_24)
FNDA:2,(anonymous_25)
FNDA:0,(anonymous_26)
FNDA:11,(anonymous_27)
FNDA:0,touchScroll
FNDA:5,(anonymous_29)
FNDA:7,(anonymous_30)
FNDA:0,(anonymous_31)
DA:3,1
DA:5,1
DA:6,164
DA:8,164
DA:9,164
DA:10,164
DA:11,164
DA:12,164
DA:13,17
DA:18,17
DA:19,3
DA:20,3
DA:22,17
DA:29,164
DA:30,0
DA:31,0
DA:32,754
DA:33,0
DA:34,0
DA:35,0
DA:36,0
DA:37,0
DA:38,0
DA:39,0
DA:40,0
DA:41,0
DA:42,0
DA:44,164
DA:45,754
DA:47,164
DA:48,151
DA:49,151
DA:50,151
DA:56,164
DA:57,11
DA:58,11
DA:59,11
DA:65,164
DA:66,377
DA:67,377
DA:70,377
DA:71,377
DA:72,377
DA:73,377
DA:74,377
DA:76,3
DA:78,374
DA:79,374
DA:81,164
DA:82,0
DA:84,164
DA:85,0
DA:86,0
DA:87,0
DA:88,0
DA:89,0
DA:90,0
DA:91,0
DA:93,0
DA:94,0
DA:96,0
DA:97,0
DA:99,0
DA:100,0
DA:106,0
DA:110,164
DA:111,7
DA:112,6
DA:113,6
DA:114,6
DA:115,6
DA:116,6
DA:117,6
DA:118,6
DA:119,6
DA:120,6
DA:121,6
DA:126,6
DA:133,6
DA:138,6
DA:143,6
DA:144,2
DA:146,6
DA:147,6
DA:148,6
DA:149,0
DA:150,0
DA:156,0
DA:157,0
DA:158,0
DA:159,0
DA:160,0
DA:162,0
DA:164,0
DA:166,0
DA:167,0
DA:173,0
DA:176,0
DA:177,0
DA:179,6
DA:180,6
DA:181,6
DA:182,6
DA:184,164
DA:185,0
DA:186,0
DA:187,0
DA:188,0
DA:191,0
DA:192,0
DA:193,0
DA:196,0
DA:197,0
DA:198,0
DA:201,0
DA:202,0
DA:203,0
DA:206,0
DA:207,0
DA:209,0
DA:210,0
DA:211,0
DA:213,0
DA:215,0
DA:216,0
DA:218,164
DA:219,11
DA:220,11
DA:221,11
DA:222,11
DA:223,11
DA:230,1
DA:231,0
DA:233,0
DA:234,0
DA:235,0
DA:236,0
DA:237,0
DA:238,0
DA:240,11
DA:241,11
DA:248,11
DA:249,11
DA:250,11
DA:251,11
DA:252,11
DA:253,11
DA:254,0
DA:256,11
DA:257,0
DA:259,0
DA:261,11
DA:262,2
DA:264,2
DA:266,9
DA:267,0
DA:268,0
DA:270,9
DA:272,9
DA:274,164
DA:275,5
DA:276,5
DA:277,5
DA:278,5
DA:279,5
DA:280,5
DA:281,5
DA:282,5
DA:284,164
DA:285,7
DA:286,5
DA:287,5
DA:288,0
DA:290,5
DA:291,0
DA:293,5
DA:294,0
DA:296,5
DA:297,0
DA:299,5
DA:300,5
DA:301,5
DA:302,5
DA:303,0
DA:304,5
DA:309,3
DA:310,3
DA:312,5
DA:314,164
DA:315,0
DA:316,0
LF:191
LH:110
BRDA:18,1,0,3
BRDA:18,1,1,14
BRDA:33,2,0,0
BRDA:33,2,1,0
BRDA:36,3,0,0
BRDA:36,3,1,0
BRDA:39,4,0,0
BRDA:39,4,1,0
BRDA:42,5,0,0
BRDA:42,5,1,0
BRDA:66,6,0,0
BRDA:66,6,1,377
BRDA:66,7,0,377
BRDA:66,7,1,377
BRDA:74,8,0,3
BRDA:74,8,1,374
BRDA:74,9,0,377
BRDA:74,9,1,374
BRDA:74,9,2,249
BRDA:74,9,3,374
BRDA:88,10,0,0
BRDA:88,10,1,0
BRDA:90,11,0,0
BRDA:90,11,1,0
BRDA:91,12,0,0
BRDA:91,12,1,0
BRDA:91,13,0,0
BRDA:91,13,1,0
BRDA:91,13,2,0
BRDA:96,14,0,0
BRDA:96,14,1,0
BRDA:111,15,0,1
BRDA:111,15,1,6
BRDA:148,16,0,0
BRDA:148,16,1,6
BRDA:149,17,0,0
BRDA:149,17,1,0
BRDA:157,18,0,0
BRDA:157,18,1,0
BRDA:158,19,0,0
BRDA:158,19,1,0
BRDA:159,20,0,0
BRDA:159,20,1,0
BRDA:160,21,0,0
BRDA:160,21,1,0
BRDA:166,22,0,0
BRDA:166,22,1,0
BRDA:185,23,0,0
BRDA:185,23,1,0
BRDA:185,24,0,0
BRDA:185,24,1,0
BRDA:188,25,0,0
BRDA:188,25,1,0
BRDA:188,26,0,0
BRDA:188,26,1,0
BRDA:188,26,2,0
BRDA:193,27,0,0
BRDA:193,27,1,0
BRDA:193,28,0,0
BRDA:193,28,1,0
BRDA:193,28,2,0
BRDA:198,29,0,0
BRDA:198,29,1,0
BRDA:198,30,0,0
BRDA:198,30,1,0
BRDA:198,30,2,0
BRDA:203,31,0,0
BRDA:203,31,1,0
BRDA:203,32,0,0
BRDA:203,32,1,0
BRDA:203,32,2,0
BRDA:209,33,0,0
BRDA:209,33,1,0
BRDA:209,34,0,0
BRDA:209,34,1,0
BRDA:219,35,0,0
BRDA:219,35,1,11
BRDA:233,36,0,0
BRDA:233,36,1,0
BRDA:234,37,0,0
BRDA:234,37,1,0
BRDA:235,38,0,0
BRDA:235,38,1,0
BRDA:236,39,0,0
BRDA:236,39,1,0
BRDA:253,40,0,0
BRDA:253,40,1,11
BRDA:253,41,0,11
BRDA:253,41,1,0
BRDA:253,41,2,0
BRDA:253,41,3,0
BRDA:253,41,4,0
BRDA:256,42,0,0
BRDA:256,42,1,11
BRDA:261,43,0,2
BRDA:261,43,1,9
BRDA:266,44,0,0
BRDA:266,44,1,9
BRDA:285,45,0,2
BRDA:285,45,1,5
BRDA:287,46,0,0
BRDA:287,46,1,5
BRDA:290,47,0,0
BRDA:290,47,1,5
BRDA:293,48,0,0
BRDA:293,48,1,5
BRDA:296,49,0,0
BRDA:296,49,1,5
BRDA:302,50,0,0
BRDA:302,50,1,5
BRDA:302,51,0,5
BRDA:302,51,1,1
BRDA:304,52,0,3
BRDA:304,52,1,2
BRDA:304,53,0,5
BRDA:304,53,1,5
BRDA:304,53,2,1
BRDA:304,53,3,4
BRDA:304,53,4,3
BRDA:315,54,0,0
BRDA:315,54,1,0
BRF:121
BRH:37
end_of_record
