{"/Users/tgermaneri/git/canvas-datagrid/lib/component.js":{"b":{"1":[0,0],"2":[0,0],"3":[0,0,0],"4":[0,0],"5":[0,0],"6":[0,0],"7":[0,0],"8":[0,0],"9":[0,0],"10":[0,0],"11":[0,0],"12":[0,0],"13":[0,0],"14":[0,0],"15":[0,0],"16":[0,0],"17":[0,0],"18":[0,0],"19":[0,0],"20":[0,0],"21":[0,0],"22":[0,0],"23":[0,0],"24":[0,0],"25":[0,0]},"branchMap":{"1":{"line":10,"locations":[{"end":{"column":16,"line":10},"start":{"column":16,"line":10}},{"end":{"column":16,"line":10},"start":{"column":16,"line":10}}],"type":"if"},"2":{"line":16,"locations":[{"end":{"column":35,"line":16},"start":{"column":27,"line":16}},{"end":{"column":40,"line":16},"start":{"column":38,"line":16}}],"type":"cond-expr"},"3":{"line":23,"locations":[{"end":{"column":64,"line":23},"start":{"column":23,"line":23}},{"end":{"column":69,"line":24},"start":{"column":23,"line":24}},{"end":{"column":75,"line":25},"start":{"column":23,"line":25}}],"type":"binary-expr"},"4":{"line":38,"locations":[{"end":{"column":16,"line":38},"start":{"column":16,"line":38}},{"end":{"column":16,"line":38},"start":{"column":16,"line":38}}],"type":"if"},"5":{"line":41,"locations":[{"end":{"column":16,"line":41},"start":{"column":16,"line":41}},{"end":{"column":16,"line":41},"start":{"column":16,"line":41}}],"type":"if"},"6":{"line":46,"locations":[{"end":{"column":12,"line":46},"start":{"column":12,"line":46}},{"end":{"column":12,"line":46},"start":{"column":12,"line":46}}],"type":"if"},"7":{"line":46,"locations":[{"end":{"column":43,"line":46},"start":{"column":16,"line":46}},{"end":{"column":65,"line":46},"start":{"column":47,"line":46}}],"type":"binary-expr"},"8":{"line":67,"locations":[{"end":{"column":37,"line":67},"start":{"column":34,"line":67}},{"end":{"column":41,"line":67},"start":{"column":40,"line":67}}],"type":"cond-expr"},"9":{"line":99,"locations":[{"end":{"column":12,"line":99},"start":{"column":12,"line":99}},{"end":{"column":12,"line":99},"start":{"column":12,"line":99}}],"type":"if"},"10":{"line":103,"locations":[{"end":{"column":12,"line":103},"start":{"column":12,"line":103}},{"end":{"column":12,"line":103},"start":{"column":12,"line":103}}],"type":"if"},"11":{"line":107,"locations":[{"end":{"column":12,"line":107},"start":{"column":12,"line":107}},{"end":{"column":12,"line":107},"start":{"column":12,"line":107}}],"type":"if"},"12":{"line":111,"locations":[{"end":{"column":12,"line":111},"start":{"column":12,"line":111}},{"end":{"column":12,"line":111},"start":{"column":12,"line":111}}],"type":"if"},"13":{"line":115,"locations":[{"end":{"column":12,"line":115},"start":{"column":12,"line":115}},{"end":{"column":12,"line":115},"start":{"column":12,"line":115}}],"type":"if"},"14":{"line":115,"locations":[{"end":{"column":36,"line":115},"start":{"column":16,"line":115}},{"end":{"column":64,"line":115},"start":{"column":40,"line":115}}],"type":"binary-expr"},"15":{"line":119,"locations":[{"end":{"column":12,"line":119},"start":{"column":12,"line":119}},{"end":{"column":12,"line":119},"start":{"column":12,"line":119}}],"type":"if"},"16":{"line":124,"locations":[{"end":{"column":12,"line":124},"start":{"column":12,"line":124}},{"end":{"column":12,"line":124},"start":{"column":12,"line":124}}],"type":"if"},"17":{"line":133,"locations":[{"end":{"column":12,"line":133},"start":{"column":12,"line":133}},{"end":{"column":12,"line":133},"start":{"column":12,"line":133}}],"type":"if"},"18":{"line":144,"locations":[{"end":{"column":20,"line":144},"start":{"column":20,"line":144}},{"end":{"column":20,"line":144},"start":{"column":20,"line":144}}],"type":"if"},"19":{"line":144,"locations":[{"end":{"column":58,"line":144},"start":{"column":24,"line":144}},{"end":{"column":65,"line":145},"start":{"column":31,"line":145}}],"type":"binary-expr"},"20":{"line":149,"locations":[{"end":{"column":20,"line":149},"start":{"column":20,"line":149}},{"end":{"column":20,"line":149},"start":{"column":20,"line":149}}],"type":"if"},"21":{"line":149,"locations":[{"end":{"column":50,"line":149},"start":{"column":24,"line":149}},{"end":{"column":78,"line":150},"start":{"column":31,"line":150}}],"type":"binary-expr"},"22":{"line":154,"locations":[{"end":{"column":20,"line":154},"start":{"column":20,"line":154}},{"end":{"column":20,"line":154},"start":{"column":20,"line":154}}],"type":"if"},"23":{"line":154,"locations":[{"end":{"column":54,"line":154},"start":{"column":24,"line":154}},{"end":{"column":91,"line":154},"start":{"column":58,"line":154}}],"type":"binary-expr"},"24":{"line":158,"locations":[{"end":{"column":16,"line":158},"start":{"column":16,"line":158}},{"end":{"column":16,"line":158},"start":{"column":16,"line":158}}],"type":"if"},"25":{"line":161,"locations":[{"end":{"column":16,"line":161},"start":{"column":16,"line":161}},{"end":{"column":16,"line":161},"start":{"column":16,"line":161}}],"type":"if"}},"f":{"1":1,"2":3,"3":0,"4":0,"5":0,"6":0,"7":0,"8":0,"9":0,"10":0,"11":0,"12":0,"13":0,"14":0,"15":0,"16":0,"17":0,"18":0,"19":0,"20":0,"21":0,"22":0,"23":0,"24":0,"25":0,"26":0,"27":0},"fnMap":{"1":{"line":3,"loc":{"end":{"column":43,"line":3},"start":{"column":23,"line":3}},"name":"(anonymous_1)"},"2":{"line":5,"loc":{"end":{"column":23,"line":5},"start":{"column":11,"line":5}},"name":"(anonymous_2)"},"3":{"line":7,"loc":{"end":{"column":47,"line":7},"start":{"column":8,"line":7}},"name":"hyphenateProperty"},"4":{"line":9,"loc":{"end":{"column":63,"line":9},"start":{"column":47,"line":9}},"name":"(anonymous_4)"},"5":{"line":18,"loc":{"end":{"column":44,"line":18},"start":{"column":8,"line":18}},"name":"getDefaultItem"},"6":{"line":22,"loc":{"end":{"column":53,"line":22},"start":{"column":40,"line":22}},"name":"(anonymous_6)"},"7":{"line":29,"loc":{"end":{"column":71,"line":29},"start":{"column":8,"line":29}},"name":"applyComponentStyle"},"8":{"line":36,"loc":{"end":{"column":40,"line":36},"start":{"column":25,"line":36}},"name":"(anonymous_8)"},"9":{"line":45,"loc":{"end":{"column":46,"line":45},"start":{"column":34,"line":45}},"name":"(anonymous_9)"},"10":{"line":51,"loc":{"end":{"column":37,"line":51},"start":{"column":18,"line":51}},"name":"(anonymous_10)"},"11":{"line":58,"loc":{"end":{"column":41,"line":58},"start":{"column":20,"line":58}},"name":"(anonymous_11)"},"12":{"line":65,"loc":{"end":{"column":43,"line":65},"start":{"column":20,"line":65}},"name":"(anonymous_12)"},"13":{"line":69,"loc":{"end":{"column":40,"line":69},"start":{"column":21,"line":69}},"name":"(anonymous_13)"},"14":{"line":72,"loc":{"end":{"column":35,"line":72},"start":{"column":20,"line":72}},"name":"(anonymous_14)"},"15":{"line":76,"loc":{"end":{"column":56,"line":76},"start":{"column":44,"line":76}},"name":"(anonymous_15)"},"16":{"line":79,"loc":{"end":{"column":58,"line":79},"start":{"column":42,"line":79}},"name":"(anonymous_16)"},"17":{"line":84,"loc":{"end":{"column":53,"line":84},"start":{"column":41,"line":84}},"name":"(anonymous_17)"},"18":{"line":87,"loc":{"end":{"column":50,"line":87},"start":{"column":38,"line":87}},"name":"(anonymous_18)"},"19":{"line":94,"loc":{"end":{"column":48,"line":94},"start":{"column":36,"line":94}},"name":"(anonymous_19)"},"20":{"line":97,"loc":{"end":{"column":81,"line":97},"start":{"column":45,"line":97}},"name":"(anonymous_20)"},"21":{"line":100,"loc":{"end":{"column":50,"line":100},"start":{"column":38,"line":100}},"name":"(anonymous_21)"},"22":{"line":125,"loc":{"end":{"column":68,"line":125},"start":{"column":55,"line":125}},"name":"(anonymous_22)"},"23":{"line":131,"loc":{"end":{"column":44,"line":131},"start":{"column":28,"line":131}},"name":"(anonymous_23)"},"24":{"line":134,"loc":{"end":{"column":51,"line":134},"start":{"column":39,"line":134}},"name":"(anonymous_24)"},"25":{"line":141,"loc":{"end":{"column":72,"line":141},"start":{"column":51,"line":141}},"name":"(anonymous_25)"},"26":{"line":143,"loc":{"end":{"column":76,"line":143},"start":{"column":56,"line":143}},"name":"(anonymous_26)"},"27":{"line":167,"loc":{"end":{"column":91,"line":167},"start":{"column":77,"line":167}},"name":"(anonymous_27)"}},"path":"/Users/tgermaneri/git/canvas-datagrid/lib/component.js","s":{"1":1,"2":1,"3":3,"4":1,"5":0,"6":0,"7":0,"8":0,"9":0,"10":0,"11":0,"12":1,"13":0,"14":0,"15":0,"16":0,"17":0,"18":1,"19":0,"20":0,"21":0,"22":0,"23":0,"24":0,"25":0,"26":0,"27":0,"28":0,"29":0,"30":0,"31":0,"32":0,"33":0,"34":3,"35":0,"36":0,"37":0,"38":0,"39":0,"40":0,"41":0,"42":0,"43":0,"44":0,"45":3,"46":0,"47":0,"48":0,"49":0,"50":0,"51":3,"52":0,"53":3,"54":0,"55":0,"56":0,"57":0,"58":0,"59":3,"60":0,"61":3,"62":0,"63":0,"64":0,"65":0,"66":0,"67":0,"68":0,"69":0,"70":0,"71":0,"72":0,"73":0,"74":0,"75":0,"76":0,"77":0,"78":0,"79":0,"80":0,"81":0,"82":0,"83":0,"84":0,"85":0,"86":0,"87":3,"88":0,"89":0,"90":0,"91":0,"92":0,"93":0,"94":0,"95":0,"96":0,"97":0,"98":0,"99":0,"100":0,"101":0,"102":0,"103":0,"104":0,"105":0,"106":0,"107":0,"108":0,"109":0,"110":0,"111":0,"112":0,"113":3},"statementMap":{"1":{"end":{"column":3,"line":173},"start":{"column":0,"line":3}},"2":{"end":{"column":6,"line":172},"start":{"column":4,"line":5}},"3":{"end":{"column":36,"line":6},"start":{"column":8,"line":6}},"4":{"end":{"column":9,"line":17},"start":{"column":8,"line":7}},"5":{"end":{"column":23,"line":8},"start":{"column":12,"line":8}},"6":{"end":{"column":15,"line":15},"start":{"column":12,"line":9}},"7":{"end":{"column":17,"line":13},"start":{"column":16,"line":10}},"8":{"end":{"column":50,"line":11},"start":{"column":20,"line":11}},"9":{"end":{"column":27,"line":12},"start":{"column":20,"line":12}},"10":{"end":{"column":26,"line":14},"start":{"column":16,"line":14}},"11":{"end":{"column":46,"line":16},"start":{"column":12,"line":16}},"12":{"end":{"column":9,"line":28},"start":{"column":8,"line":18}},"13":{"end":{"column":18,"line":20},"start":{"column":12,"line":19}},"14":{"end":{"column":24,"line":21},"start":{"column":12,"line":21}},"15":{"end":{"column":18,"line":26},"start":{"column":12,"line":22}},"16":{"end":{"column":76,"line":25},"start":{"column":16,"line":23}},"17":{"end":{"column":21,"line":27},"start":{"column":12,"line":27}},"18":{"end":{"column":9,"line":49},"start":{"column":8,"line":29}},"19":{"end":{"column":47,"line":30},"start":{"column":12,"line":30}},"20":{"end":{"column":26,"line":32},"start":{"column":12,"line":31}},"21":{"end":{"column":40,"line":33},"start":{"column":12,"line":33}},"22":{"end":{"column":27,"line":34},"start":{"column":12,"line":34}},"23":{"end":{"column":40,"line":35},"start":{"column":12,"line":35}},"24":{"end":{"column":15,"line":44},"start":{"column":12,"line":36}},"25":{"end":{"column":83,"line":37},"start":{"column":16,"line":37}},"26":{"end":{"column":17,"line":40},"start":{"column":16,"line":38}},"27":{"end":{"column":84,"line":39},"start":{"column":20,"line":39}},"28":{"end":{"column":17,"line":43},"start":{"column":16,"line":41}},"29":{"end":{"column":87,"line":42},"start":{"column":20,"line":42}},"30":{"end":{"column":70,"line":45},"start":{"column":12,"line":45}},"31":{"end":{"column":66,"line":45},"start":{"column":48,"line":45}},"32":{"end":{"column":13,"line":48},"start":{"column":12,"line":46}},"33":{"end":{"column":63,"line":47},"start":{"column":16,"line":47}},"34":{"end":{"column":10,"line":75},"start":{"column":8,"line":50}},"35":{"end":{"column":17,"line":56},"start":{"column":16,"line":52}},"36":{"end":{"column":47,"line":53},"start":{"column":20,"line":53}},"37":{"end":{"column":86,"line":55},"start":{"column":20,"line":55}},"38":{"end":{"column":17,"line":63},"start":{"column":16,"line":59}},"39":{"end":{"column":49,"line":60},"start":{"column":20,"line":60}},"40":{"end":{"column":98,"line":62},"start":{"column":20,"line":62}},"41":{"end":{"column":45,"line":66},"start":{"column":16,"line":66}},"42":{"end":{"column":42,"line":67},"start":{"column":16,"line":67}},"43":{"end":{"column":47,"line":70},"start":{"column":16,"line":70}},"44":{"end":{"column":27,"line":73},"start":{"column":16,"line":73}},"45":{"end":{"column":10,"line":83},"start":{"column":8,"line":76}},"46":{"end":{"column":81,"line":77},"start":{"column":12,"line":77}},"47":{"end":{"column":24,"line":78},"start":{"column":12,"line":78}},"48":{"end":{"column":15,"line":81},"start":{"column":12,"line":79}},"49":{"end":{"column":50,"line":80},"start":{"column":16,"line":80}},"50":{"end":{"column":25,"line":82},"start":{"column":12,"line":82}},"51":{"end":{"column":10,"line":86},"start":{"column":8,"line":84}},"52":{"end":{"column":35,"line":85},"start":{"column":12,"line":85}},"53":{"end":{"column":10,"line":93},"start":{"column":8,"line":87}},"54":{"end":{"column":28,"line":88},"start":{"column":12,"line":88}},"55":{"end":{"column":34,"line":89},"start":{"column":12,"line":89}},"56":{"end":{"column":36,"line":90},"start":{"column":12,"line":90}},"57":{"end":{"column":44,"line":91},"start":{"column":12,"line":91}},"58":{"end":{"column":30,"line":92},"start":{"column":12,"line":92}},"59":{"end":{"column":10,"line":96},"start":{"column":8,"line":94}},"60":{"end":{"column":26,"line":95},"start":{"column":12,"line":95}},"61":{"end":{"column":10,"line":130},"start":{"column":8,"line":97}},"62":{"end":{"column":38,"line":98},"start":{"column":12,"line":98}},"63":{"end":{"column":13,"line":102},"start":{"column":12,"line":99}},"64":{"end":{"column":89,"line":100},"start":{"column":16,"line":100}},"65":{"end":{"column":85,"line":100},"start":{"column":52,"line":100}},"66":{"end":{"column":23,"line":101},"start":{"column":16,"line":101}},"67":{"end":{"column":13,"line":106},"start":{"column":12,"line":103}},"68":{"end":{"column":54,"line":104},"start":{"column":16,"line":104}},"69":{"end":{"column":23,"line":105},"start":{"column":16,"line":105}},"70":{"end":{"column":13,"line":110},"start":{"column":12,"line":107}},"71":{"end":{"column":58,"line":108},"start":{"column":16,"line":108}},"72":{"end":{"column":23,"line":109},"start":{"column":16,"line":109}},"73":{"end":{"column":13,"line":114},"start":{"column":12,"line":111}},"74":{"end":{"column":35,"line":112},"start":{"column":16,"line":112}},"75":{"end":{"column":23,"line":113},"start":{"column":16,"line":113}},"76":{"end":{"column":13,"line":117},"start":{"column":12,"line":115}},"77":{"end":{"column":23,"line":116},"start":{"column":16,"line":116}},"78":{"end":{"column":57,"line":118},"start":{"column":12,"line":118}},"79":{"end":{"column":13,"line":123},"start":{"column":12,"line":119}},"80":{"end":{"column":45,"line":120},"start":{"column":16,"line":120}},"81":{"end":{"column":54,"line":121},"start":{"column":16,"line":121}},"82":{"end":{"column":23,"line":122},"start":{"column":16,"line":122}},"83":{"end":{"column":13,"line":128},"start":{"column":12,"line":124}},"84":{"end":{"column":19,"line":127},"start":{"column":16,"line":125}},"85":{"end":{"column":33,"line":126},"start":{"column":20,"line":126}},"86":{"end":{"column":19,"line":129},"start":{"column":12,"line":129}},"87":{"end":{"column":10,"line":170},"start":{"column":8,"line":131}},"88":{"end":{"column":25,"line":132},"start":{"column":12,"line":132}},"89":{"end":{"column":53,"line":133},"start":{"column":12,"line":133}},"90":{"end":{"column":51,"line":133},"start":{"column":44,"line":133}},"91":{"end":{"column":104,"line":134},"start":{"column":12,"line":134}},"92":{"end":{"column":86,"line":134},"start":{"column":53,"line":134}},"93":{"end":{"column":101,"line":134},"start":{"column":87,"line":134}},"94":{"end":{"column":15,"line":164},"start":{"column":12,"line":141}},"95":{"end":{"column":47,"line":142},"start":{"column":16,"line":142}},"96":{"end":{"column":19,"line":157},"start":{"column":16,"line":143}},"97":{"end":{"column":21,"line":148},"start":{"column":20,"line":144}},"98":{"end":{"column":62,"line":146},"start":{"column":24,"line":146}},"99":{"end":{"column":31,"line":147},"start":{"column":24,"line":147}},"100":{"end":{"column":21,"line":153},"start":{"column":20,"line":149}},"101":{"end":{"column":42,"line":151},"start":{"column":24,"line":151}},"102":{"end":{"column":31,"line":152},"start":{"column":24,"line":152}},"103":{"end":{"column":21,"line":156},"start":{"column":20,"line":154}},"104":{"end":{"column":46,"line":155},"start":{"column":24,"line":155}},"105":{"end":{"column":17,"line":160},"start":{"column":16,"line":158}},"106":{"end":{"column":58,"line":159},"start":{"column":20,"line":159}},"107":{"end":{"column":17,"line":163},"start":{"column":16,"line":161}},"108":{"end":{"column":61,"line":162},"start":{"column":20,"line":162}},"109":{"end":{"column":110,"line":165},"start":{"column":12,"line":165}},"110":{"end":{"column":64,"line":166},"start":{"column":12,"line":166}},"111":{"end":{"column":15,"line":169},"start":{"column":12,"line":167}},"112":{"end":{"column":112,"line":168},"start":{"column":16,"line":168}},"113":{"end":{"column":25,"line":171},"start":{"column":8,"line":171}}}},"/Users/tgermaneri/git/canvas-datagrid/lib/contextMenu.js":{"b":{"1":[0,0],"2":[0,0],"3":[0,0],"4":[0,0,0,0,0],"5":[0,0],"6":[0,0],"7":[0,0],"8":[0,0],"9":[0,0],"10":[0,0],"11":[0,0],"12":[0,0],"13":[0,0],"14":[0,0],"15":[0,0,0],"16":[0,0],"17":[0,0],"18":[0,0],"19":[0,0],"20":[0,0],"21":[0,0],"22":[0,0],"23":[0,0],"24":[0,0],"25":[0,0],"26":[0,0],"27":[0,0],"28":[0,0],"29":[0,0],"30":[0,0],"31":[0,0],"32":[0,0],"33":[0,0],"34":[0,0],"35":[0,0],"36":[0,0],"37":[0,0],"38":[0,0],"39":[0,0],"40":[0,0],"41":[0,0],"42":[0,0],"43":[0,0],"44":[0,0],"45":[0,0],"46":[0,0],"47":[0,0],"48":[0,0],"49":[0,0],"50":[0,0],"51":[0,0],"52":[0,0],"53":[0,0],"54":[0,0],"55":[0,0],"56":[0,0],"57":[0,0],"58":[0,0],"59":[0,0],"60":[0,0],"61":[0,0],"62":[0,0],"63":[0,0],"64":[0,0],"65":[0,0],"66":[0,0],"67":[0,0],"68":[0,0],"69":[0,0,0,0,0],"70":[0,0],"71":[0,0],"72":[0,0],"73":[0,0],"74":[0,0],"75":[0,0],"76":[0,0],"77":[0,0],"78":[0,0],"79":[0,0],"80":[0,0],"81":[0,0],"82":[0,0],"83":[0,0],"84":[0,0,0,0],"85":[0,0],"86":[0,0,0],"87":[0,0],"88":[0,0],"89":[0,0],"90":[0,0],"91":[0,0],"92":[0,0],"93":[0,0],"94":[0,0],"95":[0,0],"96":[0,0],"97":[0,0],"98":[0,0],"99":[0,0]},"branchMap":{"1":{"line":8,"locations":[{"end":{"column":119,"line":8},"start":{"column":110,"line":8}},{"end":{"column":124,"line":8},"start":{"column":122,"line":8}}],"type":"cond-expr"},"2":{"line":24,"locations":[{"end":{"column":12,"line":24},"start":{"column":12,"line":24}},{"end":{"column":12,"line":24},"start":{"column":12,"line":24}}],"type":"if"},"3":{"line":30,"locations":[{"end":{"column":24,"line":30},"start":{"column":24,"line":30}},{"end":{"column":24,"line":30},"start":{"column":24,"line":30}}],"type":"if"},"4":{"line":30,"locations":[{"end":{"column":57,"line":30},"start":{"column":28,"line":30}},{"end":{"column":81,"line":31},"start":{"column":35,"line":31}},{"end":{"column":69,"line":32},"start":{"column":35,"line":32}},{"end":{"column":76,"line":33},"start":{"column":36,"line":33}},{"end":{"column":87,"line":34},"start":{"column":35,"line":34}}],"type":"binary-expr"},"5":{"line":46,"locations":[{"end":{"column":24,"line":46},"start":{"column":24,"line":46}},{"end":{"column":24,"line":46},"start":{"column":24,"line":46}}],"type":"if"},"6":{"line":46,"locations":[{"end":{"column":80,"line":46},"start":{"column":28,"line":46}},{"end":{"column":88,"line":47},"start":{"column":32,"line":47}}],"type":"binary-expr"},"7":{"line":65,"locations":[{"end":{"column":24,"line":65},"start":{"column":24,"line":65}},{"end":{"column":24,"line":65},"start":{"column":24,"line":65}}],"type":"if"},"8":{"line":69,"locations":[{"end":{"column":24,"line":69},"start":{"column":24,"line":69}},{"end":{"column":24,"line":69},"start":{"column":24,"line":69}}],"type":"if"},"9":{"line":73,"locations":[{"end":{"column":28,"line":73},"start":{"column":28,"line":73}},{"end":{"column":28,"line":73},"start":{"column":28,"line":73}}],"type":"if"},"10":{"line":73,"locations":[{"end":{"column":47,"line":73},"start":{"column":32,"line":73}},{"end":{"column":67,"line":73},"start":{"column":51,"line":73}}],"type":"binary-expr"},"11":{"line":82,"locations":[{"end":{"column":28,"line":82},"start":{"column":28,"line":82}},{"end":{"column":28,"line":82},"start":{"column":28,"line":82}}],"type":"if"},"12":{"line":83,"locations":[{"end":{"column":28,"line":83},"start":{"column":28,"line":83}},{"end":{"column":28,"line":83},"start":{"column":28,"line":83}}],"type":"if"},"13":{"line":86,"locations":[{"end":{"column":28,"line":86},"start":{"column":28,"line":86}},{"end":{"column":28,"line":86},"start":{"column":28,"line":86}}],"type":"if"},"14":{"line":96,"locations":[{"end":{"column":24,"line":96},"start":{"column":24,"line":96}},{"end":{"column":24,"line":96},"start":{"column":24,"line":96}}],"type":"if"},"15":{"line":96,"locations":[{"end":{"column":39,"line":96},"start":{"column":29,"line":96}},{"end":{"column":64,"line":96},"start":{"column":43,"line":96}},{"end":{"column":101,"line":96},"start":{"column":69,"line":96}}],"type":"binary-expr"},"16":{"line":106,"locations":[{"end":{"column":24,"line":106},"start":{"column":24,"line":106}},{"end":{"column":24,"line":106},"start":{"column":24,"line":106}}],"type":"if"},"17":{"line":120,"locations":[{"end":{"column":16,"line":120},"start":{"column":16,"line":120}},{"end":{"column":16,"line":120},"start":{"column":16,"line":120}}],"type":"if"},"18":{"line":122,"locations":[{"end":{"column":23,"line":122},"start":{"column":23,"line":122}},{"end":{"column":23,"line":122},"start":{"column":23,"line":122}}],"type":"if"},"19":{"line":125,"locations":[{"end":{"column":16,"line":125},"start":{"column":16,"line":125}},{"end":{"column":16,"line":125},"start":{"column":16,"line":125}}],"type":"if"},"20":{"line":125,"locations":[{"end":{"column":90,"line":125},"start":{"column":20,"line":125}},{"end":{"column":114,"line":125},"start":{"column":94,"line":125}}],"type":"binary-expr"},"21":{"line":127,"locations":[{"end":{"column":23,"line":127},"start":{"column":23,"line":127}},{"end":{"column":23,"line":127},"start":{"column":23,"line":127}}],"type":"if"},"22":{"line":127,"locations":[{"end":{"column":78,"line":127},"start":{"column":27,"line":127}},{"end":{"column":100,"line":128},"start":{"column":27,"line":128}}],"type":"binary-expr"},"23":{"line":135,"locations":[{"end":{"column":20,"line":135},"start":{"column":20,"line":135}},{"end":{"column":20,"line":135},"start":{"column":20,"line":135}}],"type":"if"},"24":{"line":135,"locations":[{"end":{"column":37,"line":135},"start":{"column":24,"line":135}},{"end":{"column":66,"line":135},"start":{"column":41,"line":135}}],"type":"binary-expr"},"25":{"line":136,"locations":[{"end":{"column":20,"line":136},"start":{"column":20,"line":136}},{"end":{"column":20,"line":136},"start":{"column":20,"line":136}}],"type":"if"},"26":{"line":136,"locations":[{"end":{"column":39,"line":136},"start":{"column":24,"line":136}},{"end":{"column":89,"line":136},"start":{"column":43,"line":136}}],"type":"binary-expr"},"27":{"line":137,"locations":[{"end":{"column":62,"line":137},"start":{"column":60,"line":137}},{"end":{"column":66,"line":137},"start":{"column":65,"line":137}}],"type":"cond-expr"},"28":{"line":150,"locations":[{"end":{"column":107,"line":150},"start":{"column":98,"line":150}},{"end":{"column":112,"line":150},"start":{"column":110,"line":150}}],"type":"cond-expr"},"29":{"line":164,"locations":[{"end":{"column":16,"line":164},"start":{"column":16,"line":164}},{"end":{"column":16,"line":164},"start":{"column":16,"line":164}}],"type":"if"},"30":{"line":164,"locations":[{"end":{"column":37,"line":164},"start":{"column":20,"line":164}},{"end":{"column":72,"line":164},"start":{"column":41,"line":164}}],"type":"binary-expr"},"31":{"line":169,"locations":[{"end":{"column":16,"line":169},"start":{"column":16,"line":169}},{"end":{"column":16,"line":169},"start":{"column":16,"line":169}}],"type":"if"},"32":{"line":176,"locations":[{"end":{"column":20,"line":176},"start":{"column":20,"line":176}},{"end":{"column":20,"line":176},"start":{"column":20,"line":176}}],"type":"if"},"33":{"line":188,"locations":[{"end":{"column":16,"line":188},"start":{"column":16,"line":188}},{"end":{"column":16,"line":188},"start":{"column":16,"line":188}}],"type":"if"},"34":{"line":188,"locations":[{"end":{"column":52,"line":188},"start":{"column":20,"line":188}},{"end":{"column":111,"line":188},"start":{"column":56,"line":188}}],"type":"binary-expr"},"35":{"line":188,"locations":[{"end":{"column":75,"line":188},"start":{"column":58,"line":188}},{"end":{"column":110,"line":188},"start":{"column":79,"line":188}}],"type":"binary-expr"},"36":{"line":190,"locations":[{"end":{"column":20,"line":190},"start":{"column":20,"line":190}},{"end":{"column":20,"line":190},"start":{"column":20,"line":190}}],"type":"if"},"37":{"line":191,"locations":[{"end":{"column":20,"line":191},"start":{"column":20,"line":191}},{"end":{"column":20,"line":191},"start":{"column":20,"line":191}}],"type":"if"},"38":{"line":196,"locations":[{"end":{"column":16,"line":196},"start":{"column":16,"line":196}},{"end":{"column":16,"line":196},"start":{"column":16,"line":196}}],"type":"if"},"39":{"line":197,"locations":[{"end":{"column":20,"line":197},"start":{"column":20,"line":197}},{"end":{"column":20,"line":197},"start":{"column":20,"line":197}}],"type":"if"},"40":{"line":197,"locations":[{"end":{"column":41,"line":197},"start":{"column":24,"line":197}},{"end":{"column":72,"line":197},"start":{"column":45,"line":197}}],"type":"binary-expr"},"41":{"line":233,"locations":[{"end":{"column":20,"line":233},"start":{"column":20,"line":233}},{"end":{"column":20,"line":233},"start":{"column":20,"line":233}}],"type":"if"},"42":{"line":241,"locations":[{"end":{"column":20,"line":241},"start":{"column":20,"line":241}},{"end":{"column":20,"line":241},"start":{"column":20,"line":241}}],"type":"if"},"43":{"line":241,"locations":[{"end":{"column":49,"line":241},"start":{"column":24,"line":241}},{"end":{"column":85,"line":241},"start":{"column":53,"line":241}}],"type":"binary-expr"},"44":{"line":241,"locations":[{"end":{"column":64,"line":241},"start":{"column":59,"line":241}},{"end":{"column":84,"line":241},"start":{"column":68,"line":241}}],"type":"binary-expr"},"45":{"line":245,"locations":[{"end":{"column":20,"line":245},"start":{"column":20,"line":245}},{"end":{"column":20,"line":245},"start":{"column":20,"line":245}}],"type":"if"},"46":{"line":248,"locations":[{"end":{"column":20,"line":248},"start":{"column":20,"line":248}},{"end":{"column":20,"line":248},"start":{"column":20,"line":248}}],"type":"if"},"47":{"line":252,"locations":[{"end":{"column":24,"line":252},"start":{"column":24,"line":252}},{"end":{"column":24,"line":252},"start":{"column":24,"line":252}}],"type":"if"},"48":{"line":266,"locations":[{"end":{"column":87,"line":266},"start":{"column":46,"line":266}},{"end":{"column":92,"line":266},"start":{"column":90,"line":266}}],"type":"cond-expr"},"49":{"line":266,"locations":[{"end":{"column":26,"line":266},"start":{"column":20,"line":266}},{"end":{"column":43,"line":266},"start":{"column":30,"line":266}}],"type":"binary-expr"},"50":{"line":266,"locations":[{"end":{"column":65,"line":266},"start":{"column":46,"line":266}},{"end":{"column":87,"line":266},"start":{"column":69,"line":266}}],"type":"binary-expr"},"51":{"line":272,"locations":[{"end":{"column":16,"line":272},"start":{"column":16,"line":272}},{"end":{"column":16,"line":272},"start":{"column":16,"line":272}}],"type":"if"},"52":{"line":282,"locations":[{"end":{"column":20,"line":282},"start":{"column":20,"line":282}},{"end":{"column":20,"line":282},"start":{"column":20,"line":282}}],"type":"if"},"53":{"line":282,"locations":[{"end":{"column":48,"line":282},"start":{"column":24,"line":282}},{"end":{"column":96,"line":282},"start":{"column":52,"line":282}}],"type":"binary-expr"},"54":{"line":285,"locations":[{"end":{"column":65,"line":285},"start":{"column":47,"line":285}},{"end":{"column":77,"line":285},"start":{"column":69,"line":285}}],"type":"binary-expr"},"55":{"line":300,"locations":[{"end":{"column":16,"line":300},"start":{"column":16,"line":300}},{"end":{"column":16,"line":300},"start":{"column":16,"line":300}}],"type":"if"},"56":{"line":300,"locations":[{"end":{"column":22,"line":300},"start":{"column":20,"line":300}},{"end":{"column":68,"line":300},"start":{"column":26,"line":300}}],"type":"binary-expr"},"57":{"line":303,"locations":[{"end":{"column":16,"line":303},"start":{"column":16,"line":303}},{"end":{"column":16,"line":303},"start":{"column":16,"line":303}}],"type":"if"},"58":{"line":324,"locations":[{"end":{"column":16,"line":324},"start":{"column":16,"line":324}},{"end":{"column":16,"line":324},"start":{"column":16,"line":324}}],"type":"if"},"59":{"line":328,"locations":[{"end":{"column":16,"line":328},"start":{"column":16,"line":328}},{"end":{"column":16,"line":328},"start":{"column":16,"line":328}}],"type":"if"},"60":{"line":332,"locations":[{"end":{"column":16,"line":332},"start":{"column":16,"line":332}},{"end":{"column":16,"line":332},"start":{"column":16,"line":332}}],"type":"if"},"61":{"line":337,"locations":[{"end":{"column":16,"line":337},"start":{"column":16,"line":337}},{"end":{"column":16,"line":337},"start":{"column":16,"line":337}}],"type":"if"},"62":{"line":342,"locations":[{"end":{"column":16,"line":342},"start":{"column":16,"line":342}},{"end":{"column":16,"line":342},"start":{"column":16,"line":342}}],"type":"if"},"63":{"line":353,"locations":[{"end":{"column":92,"line":353},"start":{"column":48,"line":353}},{"end":{"column":97,"line":353},"start":{"column":95,"line":353}}],"type":"cond-expr"},"64":{"line":353,"locations":[{"end":{"column":86,"line":353},"start":{"column":48,"line":353}},{"end":{"column":92,"line":353},"start":{"column":90,"line":353}}],"type":"binary-expr"},"65":{"line":356,"locations":[{"end":{"column":16,"line":356},"start":{"column":16,"line":356}},{"end":{"column":16,"line":356},"start":{"column":16,"line":356}}],"type":"if"},"66":{"line":371,"locations":[{"end":{"column":12,"line":371},"start":{"column":12,"line":371}},{"end":{"column":12,"line":371},"start":{"column":12,"line":371}}],"type":"if"},"67":{"line":375,"locations":[{"end":{"column":92,"line":375},"start":{"column":85,"line":375}},{"end":{"column":102,"line":375},"start":{"column":96,"line":375}}],"type":"binary-expr"},"68":{"line":386,"locations":[{"end":{"column":83,"line":387},"start":{"column":31,"line":386}},{"end":{"column":36,"line":388},"start":{"column":23,"line":388}}],"type":"binary-expr"},"69":{"line":386,"locations":[{"end":{"column":52,"line":386},"start":{"column":33,"line":386}},{"end":{"column":78,"line":386},"start":{"column":56,"line":386}},{"end":{"column":41,"line":387},"start":{"column":23,"line":387}},{"end":{"column":60,"line":387},"start":{"column":45,"line":387}},{"end":{"column":82,"line":387},"start":{"column":64,"line":387}}],"type":"binary-expr"},"70":{"line":389,"locations":[{"end":{"column":12,"line":389},"start":{"column":12,"line":389}},{"end":{"column":12,"line":389},"start":{"column":12,"line":389}}],"type":"if"},"71":{"line":389,"locations":[{"end":{"column":42,"line":389},"start":{"column":16,"line":389}},{"end":{"column":58,"line":389},"start":{"column":46,"line":389}}],"type":"binary-expr"},"72":{"line":392,"locations":[{"end":{"column":12,"line":392},"start":{"column":12,"line":392}},{"end":{"column":12,"line":392},"start":{"column":12,"line":392}}],"type":"if"},"73":{"line":392,"locations":[{"end":{"column":40,"line":392},"start":{"column":16,"line":392}},{"end":{"column":29,"line":395},"start":{"column":23,"line":393}}],"type":"binary-expr"},"74":{"line":405,"locations":[{"end":{"column":12,"line":405},"start":{"column":12,"line":405}},{"end":{"column":12,"line":405},"start":{"column":12,"line":405}}],"type":"if"},"75":{"line":405,"locations":[{"end":{"column":41,"line":405},"start":{"column":16,"line":405}},{"end":{"column":63,"line":405},"start":{"column":45,"line":405}}],"type":"binary-expr"},"76":{"line":414,"locations":[{"end":{"column":12,"line":414},"start":{"column":12,"line":414}},{"end":{"column":12,"line":414},"start":{"column":12,"line":414}}],"type":"if"},"77":{"line":420,"locations":[{"end":{"column":28,"line":420},"start":{"column":28,"line":420}},{"end":{"column":28,"line":420},"start":{"column":28,"line":420}}],"type":"if"},"78":{"line":432,"locations":[{"end":{"column":100,"line":432},"start":{"column":60,"line":432}},{"end":{"column":79,"line":433},"start":{"column":38,"line":433}}],"type":"cond-expr"},"79":{"line":434,"locations":[{"end":{"column":51,"line":434},"start":{"column":39,"line":434}},{"end":{"column":66,"line":434},"start":{"column":55,"line":434}}],"type":"binary-expr"},"80":{"line":442,"locations":[{"end":{"column":16,"line":442},"start":{"column":16,"line":442}},{"end":{"column":16,"line":442},"start":{"column":16,"line":442}}],"type":"if"},"81":{"line":442,"locations":[{"end":{"column":26,"line":442},"start":{"column":20,"line":442}},{"end":{"column":43,"line":442},"start":{"column":30,"line":442}}],"type":"binary-expr"},"82":{"line":445,"locations":[{"end":{"column":64,"line":445},"start":{"column":45,"line":445}},{"end":{"column":86,"line":445},"start":{"column":68,"line":445}}],"type":"binary-expr"},"83":{"line":456,"locations":[{"end":{"column":12,"line":456},"start":{"column":12,"line":456}},{"end":{"column":12,"line":456},"start":{"column":12,"line":456}}],"type":"if"},"84":{"line":456,"locations":[{"end":{"column":46,"line":456},"start":{"column":16,"line":456}},{"end":{"column":89,"line":456},"start":{"column":50,"line":456}},{"end":{"column":63,"line":457},"start":{"column":24,"line":457}},{"end":{"column":69,"line":458},"start":{"column":27,"line":458}}],"type":"binary-expr"},"85":{"line":477,"locations":[{"end":{"column":12,"line":477},"start":{"column":12,"line":477}},{"end":{"column":12,"line":477},"start":{"column":12,"line":477}}],"type":"if"},"86":{"line":477,"locations":[{"end":{"column":44,"line":477},"start":{"column":16,"line":477}},{"end":{"column":81,"line":477},"start":{"column":48,"line":477}},{"end":{"column":97,"line":477},"start":{"column":85,"line":477}}],"type":"binary-expr"},"87":{"line":479,"locations":[{"end":{"column":101,"line":479},"start":{"column":82,"line":479}},{"end":{"column":123,"line":479},"start":{"column":105,"line":479}}],"type":"binary-expr"},"88":{"line":487,"locations":[{"end":{"column":102,"line":487},"start":{"column":83,"line":487}},{"end":{"column":124,"line":487},"start":{"column":106,"line":487}}],"type":"binary-expr"},"89":{"line":498,"locations":[{"end":{"column":12,"line":498},"start":{"column":12,"line":498}},{"end":{"column":12,"line":498},"start":{"column":12,"line":498}}],"type":"if"},"90":{"line":507,"locations":[{"end":{"column":12,"line":507},"start":{"column":12,"line":507}},{"end":{"column":12,"line":507},"start":{"column":12,"line":507}}],"type":"if"},"91":{"line":513,"locations":[{"end":{"column":12,"line":513},"start":{"column":12,"line":513}},{"end":{"column":12,"line":513},"start":{"column":12,"line":513}}],"type":"if"},"92":{"line":513,"locations":[{"end":{"column":30,"line":513},"start":{"column":16,"line":513}},{"end":{"column":58,"line":513},"start":{"column":34,"line":513}}],"type":"binary-expr"},"93":{"line":524,"locations":[{"end":{"column":33,"line":524},"start":{"column":22,"line":524}},{"end":{"column":56,"line":524},"start":{"column":37,"line":524}}],"type":"binary-expr"},"94":{"line":532,"locations":[{"end":{"column":12,"line":532},"start":{"column":12,"line":532}},{"end":{"column":12,"line":532},"start":{"column":12,"line":532}}],"type":"if"},"95":{"line":535,"locations":[{"end":{"column":12,"line":535},"start":{"column":12,"line":535}},{"end":{"column":12,"line":535},"start":{"column":12,"line":535}}],"type":"if"},"96":{"line":539,"locations":[{"end":{"column":12,"line":539},"start":{"column":12,"line":539}},{"end":{"column":12,"line":539},"start":{"column":12,"line":539}}],"type":"if"},"97":{"line":542,"locations":[{"end":{"column":12,"line":542},"start":{"column":12,"line":542}},{"end":{"column":12,"line":542},"start":{"column":12,"line":542}}],"type":"if"},"98":{"line":543,"locations":[{"end":{"column":16,"line":543},"start":{"column":16,"line":543}},{"end":{"column":16,"line":543},"start":{"column":16,"line":543}}],"type":"if"},"99":{"line":554,"locations":[{"end":{"column":16,"line":554},"start":{"column":16,"line":554}},{"end":{"column":16,"line":554},"start":{"column":16,"line":554}}],"type":"if"}},"f":{"1":1,"2":0,"3":0,"4":0,"5":0,"6":0,"7":0,"8":0,"9":0,"10":0,"11":0,"12":0,"13":0,"14":0,"15":0,"16":0,"17":0,"18":0,"19":0,"20":0,"21":0,"22":0,"23":0,"24":0,"25":0,"26":0,"27":0,"28":0,"29":0,"30":0,"31":0,"32":0,"33":0,"34":0,"35":0,"36":0,"37":0,"38":0,"39":0,"40":0,"41":0,"42":0,"43":0,"44":0,"45":0,"46":0,"47":0,"48":0,"49":0,"50":0,"51":0,"52":0,"53":0,"54":0,"55":0,"56":0,"57":0,"58":0,"59":0,"60":0,"61":0,"62":0},"fnMap":{"1":{"line":3,"loc":{"end":{"column":23,"line":3},"start":{"column":11,"line":3}},"name":"(anonymous_1)"},"2":{"line":5,"loc":{"end":{"column":27,"line":5},"start":{"column":11,"line":5}},"name":"(anonymous_2)"},"3":{"line":7,"loc":{"end":{"column":61,"line":7},"start":{"column":8,"line":7}},"name":"applyContextItemStyle"},"4":{"line":9,"loc":{"end":{"column":75,"line":9},"start":{"column":63,"line":9}},"name":"(anonymous_4)"},"5":{"line":12,"loc":{"end":{"column":74,"line":12},"start":{"column":62,"line":12}},"name":"(anonymous_5)"},"6":{"line":16,"loc":{"end":{"column":70,"line":16},"start":{"column":8,"line":16}},"name":"createContextMenu"},"7":{"line":25,"loc":{"end":{"column":35,"line":25},"start":{"column":12,"line":25}},"name":"createItems"},"8":{"line":26,"loc":{"end":{"column":46,"line":26},"start":{"column":30,"line":26}},"name":"(anonymous_8)"},"9":{"line":29,"loc":{"end":{"column":51,"line":29},"start":{"column":20,"line":29}},"name":"removeChildContext"},"10":{"line":44,"loc":{"end":{"column":55,"line":44},"start":{"column":20,"line":44}},"name":"contextAddCallback"},"11":{"line":63,"loc":{"end":{"column":50,"line":63},"start":{"column":20,"line":63}},"name":"createChildContext"},"12":{"line":70,"loc":{"end":{"column":74,"line":70},"start":{"column":57,"line":70}},"name":"(anonymous_12)"},"13":{"line":80,"loc":{"end":{"column":43,"line":80},"start":{"column":20,"line":80}},"name":"addItem"},"14":{"line":81,"loc":{"end":{"column":53,"line":81},"start":{"column":24,"line":81}},"name":"addContent"},"15":{"line":102,"loc":{"end":{"column":90,"line":102},"start":{"column":78,"line":102}},"name":"(anonymous_15)"},"16":{"line":107,"loc":{"end":{"column":89,"line":107},"start":{"column":75,"line":107}},"name":"(anonymous_16)"},"17":{"line":116,"loc":{"end":{"column":37,"line":116},"start":{"column":12,"line":116}},"name":"clickIndex"},"18":{"line":119,"loc":{"end":{"column":44,"line":119},"start":{"column":12,"line":119}},"name":"checkArrowVisibility"},"19":{"line":132,"loc":{"end":{"column":44,"line":132},"start":{"column":12,"line":132}},"name":"startHoverScroll"},"20":{"line":133,"loc":{"end":{"column":36,"line":133},"start":{"column":23,"line":133}},"name":"t"},"21":{"line":141,"loc":{"end":{"column":42,"line":141},"start":{"column":12,"line":141}},"name":"endHoverScroll"},"22":{"line":142,"loc":{"end":{"column":35,"line":142},"start":{"column":23,"line":142}},"name":"(anonymous_22)"},"23":{"line":146,"loc":{"end":{"column":28,"line":146},"start":{"column":12,"line":146}},"name":"init"},"24":{"line":158,"loc":{"end":{"column":59,"line":158},"start":{"column":45,"line":158}},"name":"(anonymous_24)"},"25":{"line":175,"loc":{"end":{"column":65,"line":175},"start":{"column":52,"line":175}},"name":"(anonymous_25)"},"26":{"line":227,"loc":{"end":{"column":39,"line":227},"start":{"column":27,"line":227}},"name":"(anonymous_26)"},"27":{"line":229,"loc":{"end":{"column":46,"line":229},"start":{"column":33,"line":229}},"name":"(anonymous_27)"},"28":{"line":232,"loc":{"end":{"column":70,"line":232},"start":{"column":56,"line":232}},"name":"(anonymous_28)"},"29":{"line":237,"loc":{"end":{"column":33,"line":237},"start":{"column":21,"line":237}},"name":"(anonymous_29)"},"30":{"line":240,"loc":{"end":{"column":38,"line":240},"start":{"column":21,"line":240}},"name":"(anonymous_30)"},"31":{"line":251,"loc":{"end":{"column":57,"line":251},"start":{"column":34,"line":251}},"name":"(anonymous_31)"},"32":{"line":261,"loc":{"end":{"column":49,"line":261},"start":{"column":8,"line":261}},"name":"createFilterContextMenuItems"},"33":{"line":269,"loc":{"end":{"column":45,"line":269},"start":{"column":12,"line":269}},"name":"checkRegExpErrorState"},"34":{"line":277,"loc":{"end":{"column":40,"line":277},"start":{"column":12,"line":277}},"name":"fillAutoComplete"},"35":{"line":280,"loc":{"end":{"column":49,"line":280},"start":{"column":34,"line":280}},"name":"(anonymous_35)"},"36":{"line":286,"loc":{"end":{"column":44,"line":286},"start":{"column":31,"line":286}},"name":"(anonymous_36)"},"37":{"line":295,"loc":{"end":{"column":86,"line":295},"start":{"column":71,"line":295}},"name":"(anonymous_37)"},"38":{"line":299,"loc":{"end":{"column":51,"line":299},"start":{"column":12,"line":299}},"name":"createAutoCompleteContext"},"39":{"line":322,"loc":{"end":{"column":65,"line":322},"start":{"column":52,"line":322}},"name":"(anonymous_39)"},"40":{"line":346,"loc":{"end":{"column":62,"line":346},"start":{"column":50,"line":346}},"name":"(anonymous_40)"},"41":{"line":350,"loc":{"end":{"column":82,"line":350},"start":{"column":68,"line":350}},"name":"(anonymous_41)"},"42":{"line":355,"loc":{"end":{"column":59,"line":355},"start":{"column":47,"line":355}},"name":"(anonymous_42)"},"43":{"line":362,"loc":{"end":{"column":67,"line":362},"start":{"column":54,"line":362}},"name":"(anonymous_43)"},"44":{"line":372,"loc":{"end":{"column":70,"line":372},"start":{"column":56,"line":372}},"name":"(anonymous_44)"},"45":{"line":376,"loc":{"end":{"column":61,"line":376},"start":{"column":31,"line":376}},"name":"removeFilterClick"},"46":{"line":385,"loc":{"end":{"column":46,"line":385},"start":{"column":8,"line":385}},"name":"addDefaultContextMenuItem"},"47":{"line":393,"loc":{"end":{"column":62,"line":393},"start":{"column":46,"line":393}},"name":"(anonymous_47)"},"48":{"line":398,"loc":{"end":{"column":39,"line":398},"start":{"column":27,"line":398}},"name":"(anonymous_48)"},"49":{"line":408,"loc":{"end":{"column":39,"line":408},"start":{"column":27,"line":408}},"name":"(anonymous_49)"},"50":{"line":417,"loc":{"end":{"column":39,"line":417},"start":{"column":27,"line":417}},"name":"(anonymous_50)"},"51":{"line":419,"loc":{"end":{"column":67,"line":419},"start":{"column":49,"line":419}},"name":"(anonymous_51)"},"52":{"line":421,"loc":{"end":{"column":63,"line":421},"start":{"column":28,"line":421}},"name":"toggleColumnVisibility"},"53":{"line":446,"loc":{"end":{"column":45,"line":446},"start":{"column":31,"line":446}},"name":"(anonymous_53)"},"54":{"line":451,"loc":{"end":{"column":51,"line":451},"start":{"column":39,"line":451}},"name":"(anonymous_54)"},"55":{"line":461,"loc":{"end":{"column":40,"line":461},"start":{"column":27,"line":461}},"name":"(anonymous_55)"},"56":{"line":480,"loc":{"end":{"column":41,"line":480},"start":{"column":27,"line":480}},"name":"(anonymous_56)"},"57":{"line":488,"loc":{"end":{"column":41,"line":488},"start":{"column":27,"line":488}},"name":"(anonymous_57)"},"58":{"line":497,"loc":{"end":{"column":47,"line":497},"start":{"column":35,"line":497}},"name":"(anonymous_58)"},"59":{"line":503,"loc":{"end":{"column":46,"line":503},"start":{"column":34,"line":503}},"name":"(anonymous_59)"},"60":{"line":512,"loc":{"end":{"column":58,"line":512},"start":{"column":32,"line":512}},"name":"(anonymous_60)"},"61":{"line":516,"loc":{"end":{"column":41,"line":516},"start":{"column":12,"line":516}},"name":"createDiposeEvent"},"62":{"line":517,"loc":{"end":{"column":50,"line":517},"start":{"column":38,"line":517}},"name":"(anonymous_62)"}},"path":"/Users/tgermaneri/git/canvas-datagrid/lib/contextMenu.js","s":{"1":1,"2":1,"3":0,"4":1,"5":0,"6":0,"7":0,"8":0,"9":0,"10":1,"11":0,"12":0,"13":0,"14":1,"15":0,"16":0,"17":1,"18":0,"19":0,"20":0,"21":0,"22":0,"23":0,"24":0,"25":0,"26":0,"27":1,"28":0,"29":0,"30":0,"31":0,"32":0,"33":0,"34":0,"35":0,"36":0,"37":1,"38":0,"39":0,"40":0,"41":0,"42":0,"43":0,"44":0,"45":0,"46":0,"47":0,"48":0,"49":1,"50":1,"51":0,"52":0,"53":0,"54":0,"55":0,"56":0,"57":0,"58":0,"59":0,"60":0,"61":0,"62":0,"63":0,"64":0,"65":0,"66":0,"67":0,"68":0,"69":0,"70":0,"71":0,"72":0,"73":0,"74":0,"75":0,"76":1,"77":0,"78":1,"79":0,"80":0,"81":0,"82":0,"83":0,"84":0,"85":0,"86":0,"87":1,"88":0,"89":0,"90":0,"91":0,"92":0,"93":0,"94":0,"95":0,"96":1,"97":0,"98":0,"99":1,"100":0,"101":0,"102":0,"103":0,"104":0,"105":0,"106":0,"107":0,"108":0,"109":0,"110":0,"111":0,"112":0,"113":0,"114":0,"115":0,"116":0,"117":0,"118":0,"119":0,"120":0,"121":0,"122":0,"123":0,"124":0,"125":0,"126":0,"127":0,"128":0,"129":0,"130":0,"131":0,"132":0,"133":0,"134":0,"135":0,"136":0,"137":0,"138":0,"139":0,"140":0,"141":0,"142":0,"143":0,"144":0,"145":0,"146":0,"147":0,"148":0,"149":0,"150":0,"151":0,"152":0,"153":0,"154":0,"155":0,"156":0,"157":0,"158":0,"159":0,"160":0,"161":0,"162":0,"163":0,"164":0,"165":0,"166":0,"167":0,"168":0,"169":0,"170":0,"171":0,"172":0,"173":0,"174":0,"175":0,"176":0,"177":0,"178":0,"179":0,"180":0,"181":0,"182":0,"183":0,"184":0,"185":0,"186":0,"187":0,"188":0,"189":0,"190":1,"191":0,"192":1,"193":0,"194":0,"195":0,"196":0,"197":0,"198":1,"199":0,"200":0,"201":0,"202":0,"203":0,"204":0,"205":0,"206":0,"207":0,"208":0,"209":0,"210":0,"211":0,"212":0,"213":0,"214":1,"215":0,"216":0,"217":0,"218":0,"219":0,"220":0,"221":0,"222":0,"223":0,"224":0,"225":0,"226":0,"227":0,"228":0,"229":0,"230":0,"231":0,"232":0,"233":0,"234":0,"235":0,"236":0,"237":0,"238":0,"239":0,"240":0,"241":0,"242":0,"243":0,"244":0,"245":0,"246":0,"247":0,"248":0,"249":0,"250":0,"251":0,"252":0,"253":0,"254":0,"255":0,"256":0,"257":0,"258":0,"259":0,"260":0,"261":0,"262":0,"263":0,"264":0,"265":0,"266":0,"267":1,"268":0,"269":0,"270":0,"271":0,"272":0,"273":0,"274":0,"275":0,"276":0,"277":0,"278":0,"279":0,"280":0,"281":0,"282":0,"283":0,"284":0,"285":0,"286":0,"287":1,"288":0,"289":0,"290":0,"291":0,"292":0,"293":0,"294":0,"295":0,"296":0,"297":0,"298":0,"299":0,"300":0,"301":0,"302":0,"303":0,"304":0,"305":0,"306":0,"307":0,"308":0,"309":0,"310":0,"311":0,"312":0,"313":0,"314":0,"315":0,"316":0,"317":0,"318":0,"319":0,"320":0,"321":0,"322":0,"323":0,"324":0,"325":0,"326":0,"327":0,"328":0,"329":0,"330":0,"331":0,"332":0,"333":0,"334":0,"335":0,"336":0,"337":0,"338":0,"339":0,"340":0,"341":0,"342":0,"343":0,"344":0,"345":0,"346":1,"347":0,"348":0,"349":0,"350":0,"351":0,"352":0,"353":0,"354":0,"355":0,"356":0,"357":0,"358":0,"359":0,"360":0,"361":0,"362":0,"363":0,"364":0,"365":0,"366":0,"367":0,"368":0},"statementMap":{"1":{"end":{"column":3,"line":565},"start":{"column":0,"line":3}},"2":{"end":{"column":6,"line":564},"start":{"column":4,"line":5}},"3":{"end":{"column":70,"line":6},"start":{"column":8,"line":6}},"4":{"end":{"column":9,"line":15},"start":{"column":8,"line":7}},"5":{"end":{"column":127,"line":8},"start":{"column":12,"line":8}},"6":{"end":{"column":15,"line":11},"start":{"column":12,"line":9}},"7":{"end":{"column":104,"line":10},"start":{"column":16,"line":10}},"8":{"end":{"column":15,"line":14},"start":{"column":12,"line":12}},"9":{"end":{"column":98,"line":13},"start":{"column":16,"line":13}},"10":{"end":{"column":9,"line":260},"start":{"column":8,"line":16}},"11":{"end":{"column":21,"line":23},"start":{"column":12,"line":17}},"12":{"end":{"column":98,"line":24},"start":{"column":12,"line":24}},"13":{"end":{"column":96,"line":24},"start":{"column":41,"line":24}},"14":{"end":{"column":13,"line":115},"start":{"column":12,"line":25}},"15":{"end":{"column":19,"line":114},"start":{"column":16,"line":26}},"16":{"end":{"column":39,"line":28},"start":{"column":20,"line":27}},"17":{"end":{"column":21,"line":43},"start":{"column":20,"line":29}},"18":{"end":{"column":45,"line":35},"start":{"column":24,"line":30}},"19":{"end":{"column":43,"line":35},"start":{"column":36,"line":35}},"20":{"end":{"column":51,"line":36},"start":{"column":24,"line":36}},"21":{"end":{"column":79,"line":37},"start":{"column":24,"line":37}},"22":{"end":{"column":53,"line":38},"start":{"column":24,"line":38}},"23":{"end":{"column":97,"line":39},"start":{"column":24,"line":39}},"24":{"end":{"column":86,"line":40},"start":{"column":24,"line":40}},"25":{"end":{"column":78,"line":41},"start":{"column":24,"line":41}},"26":{"end":{"column":74,"line":42},"start":{"column":24,"line":42}},"27":{"end":{"column":21,"line":62},"start":{"column":20,"line":44}},"28":{"end":{"column":25,"line":49},"start":{"column":24,"line":46}},"29":{"end":{"column":35,"line":48},"start":{"column":28,"line":48}},"30":{"end":{"column":80,"line":50},"start":{"column":24,"line":50}},"31":{"end":{"column":26,"line":56},"start":{"column":24,"line":51}},"32":{"end":{"column":84,"line":57},"start":{"column":24,"line":57}},"33":{"end":{"column":78,"line":58},"start":{"column":24,"line":58}},"34":{"end":{"column":94,"line":59},"start":{"column":24,"line":59}},"35":{"end":{"column":83,"line":60},"start":{"column":24,"line":60}},"36":{"end":{"column":56,"line":61},"start":{"column":24,"line":61}},"37":{"end":{"column":21,"line":79},"start":{"column":20,"line":63}},"38":{"end":{"column":30,"line":64},"start":{"column":24,"line":64}},"39":{"end":{"column":25,"line":67},"start":{"column":24,"line":65}},"40":{"end":{"column":35,"line":66},"start":{"column":28,"line":66}},"41":{"end":{"column":74,"line":68},"start":{"column":24,"line":68}},"42":{"end":{"column":25,"line":77},"start":{"column":24,"line":69}},"43":{"end":{"column":32,"line":72},"start":{"column":28,"line":70}},"44":{"end":{"column":58,"line":71},"start":{"column":32,"line":71}},"45":{"end":{"column":29,"line":75},"start":{"column":28,"line":73}},"46":{"end":{"column":54,"line":74},"start":{"column":32,"line":74}},"47":{"end":{"column":35,"line":76},"start":{"column":28,"line":76}},"48":{"end":{"column":55,"line":78},"start":{"column":24,"line":78}},"49":{"end":{"column":21,"line":111},"start":{"column":20,"line":80}},"50":{"end":{"column":25,"line":93},"start":{"column":24,"line":81}},"51":{"end":{"column":61,"line":82},"start":{"column":28,"line":82}},"52":{"end":{"column":59,"line":82},"start":{"column":52,"line":82}},"53":{"end":{"column":29,"line":85},"start":{"column":28,"line":83}},"54":{"end":{"column":63,"line":84},"start":{"column":32,"line":84}},"55":{"end":{"column":29,"line":89},"start":{"column":28,"line":86}},"56":{"end":{"column":74,"line":87},"start":{"column":32,"line":87}},"57":{"end":{"column":39,"line":88},"start":{"column":32,"line":88}},"58":{"end":{"column":72,"line":90},"start":{"column":28,"line":90}},"59":{"end":{"column":69,"line":91},"start":{"column":28,"line":91}},"60":{"end":{"column":35,"line":92},"start":{"column":28,"line":92}},"61":{"end":{"column":47,"line":94},"start":{"column":24,"line":94}},"62":{"end":{"column":73,"line":95},"start":{"column":24,"line":95}},"63":{"end":{"column":25,"line":105},"start":{"column":24,"line":96}},"64":{"end":{"column":75,"line":97},"start":{"column":28,"line":97}},"65":{"end":{"column":106,"line":98},"start":{"column":28,"line":98}},"66":{"end":{"column":92,"line":99},"start":{"column":28,"line":99}},"67":{"end":{"column":77,"line":100},"start":{"column":28,"line":100}},"68":{"end":{"column":99,"line":101},"start":{"column":28,"line":101}},"69":{"end":{"column":31,"line":104},"start":{"column":28,"line":102}},"70":{"end":{"column":82,"line":103},"start":{"column":32,"line":103}},"71":{"end":{"column":25,"line":110},"start":{"column":24,"line":106}},"72":{"end":{"column":31,"line":109},"start":{"column":28,"line":107}},"73":{"end":{"column":61,"line":108},"start":{"column":32,"line":108}},"74":{"end":{"column":34,"line":112},"start":{"column":20,"line":112}},"75":{"end":{"column":64,"line":113},"start":{"column":20,"line":113}},"76":{"end":{"column":13,"line":118},"start":{"column":12,"line":116}},"77":{"end":{"column":82,"line":117},"start":{"column":16,"line":117}},"78":{"end":{"column":13,"line":131},"start":{"column":12,"line":119}},"79":{"end":{"column":17,"line":124},"start":{"column":16,"line":120}},"80":{"end":{"column":60,"line":121},"start":{"column":20,"line":121}},"81":{"end":{"column":17,"line":124},"start":{"column":23,"line":122}},"82":{"end":{"column":60,"line":123},"start":{"column":20,"line":123}},"83":{"end":{"column":17,"line":130},"start":{"column":16,"line":125}},"84":{"end":{"column":64,"line":126},"start":{"column":20,"line":126}},"85":{"end":{"column":17,"line":130},"start":{"column":23,"line":127}},"86":{"end":{"column":62,"line":129},"start":{"column":20,"line":129}},"87":{"end":{"column":13,"line":140},"start":{"column":12,"line":132}},"88":{"end":{"column":18,"line":139},"start":{"column":16,"line":133}},"89":{"end":{"column":69,"line":134},"start":{"column":20,"line":134}},"90":{"end":{"column":79,"line":135},"start":{"column":20,"line":135}},"91":{"end":{"column":77,"line":135},"start":{"column":70,"line":135}},"92":{"end":{"column":102,"line":136},"start":{"column":20,"line":136}},"93":{"end":{"column":100,"line":136},"start":{"column":93,"line":136}},"94":{"end":{"column":68,"line":137},"start":{"column":20,"line":137}},"95":{"end":{"column":103,"line":138},"start":{"column":20,"line":138}},"96":{"end":{"column":13,"line":145},"start":{"column":12,"line":141}},"97":{"end":{"column":18,"line":144},"start":{"column":16,"line":142}},"98":{"end":{"column":53,"line":143},"start":{"column":20,"line":143}},"99":{"end":{"column":13,"line":217},"start":{"column":12,"line":146}},"100":{"end":{"column":55,"line":148},"start":{"column":16,"line":147}},"101":{"end":{"column":30,"line":149},"start":{"column":16,"line":149}},"102":{"end":{"column":115,"line":150},"start":{"column":16,"line":150}},"103":{"end":{"column":42,"line":151},"start":{"column":16,"line":151}},"104":{"end":{"column":40,"line":152},"start":{"column":16,"line":152}},"105":{"end":{"column":31,"line":153},"start":{"column":16,"line":153}},"106":{"end":{"column":31,"line":154},"start":{"column":16,"line":154}},"107":{"end":{"column":54,"line":155},"start":{"column":16,"line":155}},"108":{"end":{"column":71,"line":156},"start":{"column":16,"line":156}},"109":{"end":{"column":73,"line":157},"start":{"column":16,"line":157}},"110":{"end":{"column":19,"line":162},"start":{"column":16,"line":158}},"111":{"end":{"column":50,"line":159},"start":{"column":20,"line":159}},"112":{"end":{"column":51,"line":160},"start":{"column":20,"line":160}},"113":{"end":{"column":52,"line":161},"start":{"column":20,"line":161}},"114":{"end":{"column":51,"line":163},"start":{"column":16,"line":163}},"115":{"end":{"column":17,"line":168},"start":{"column":16,"line":164}},"116":{"end":{"column":120,"line":165},"start":{"column":20,"line":165}},"117":{"end":{"column":64,"line":166},"start":{"column":20,"line":166}},"118":{"end":{"column":40,"line":167},"start":{"column":20,"line":167}},"119":{"end":{"column":17,"line":171},"start":{"column":16,"line":169}},"120":{"end":{"column":61,"line":170},"start":{"column":20,"line":170}},"121":{"end":{"column":52,"line":172},"start":{"column":16,"line":172}},"122":{"end":{"column":51,"line":173},"start":{"column":16,"line":173}},"123":{"end":{"column":75,"line":174},"start":{"column":16,"line":174}},"124":{"end":{"column":19,"line":181},"start":{"column":16,"line":175}},"125":{"end":{"column":21,"line":179},"start":{"column":20,"line":176}},"126":{"end":{"column":56,"line":177},"start":{"column":24,"line":177}},"127":{"end":{"column":57,"line":178},"start":{"column":24,"line":178}},"128":{"end":{"column":43,"line":180},"start":{"column":20,"line":180}},"129":{"end":{"column":70,"line":182},"start":{"column":16,"line":182}},"130":{"end":{"column":74,"line":183},"start":{"column":16,"line":183}},"131":{"end":{"column":47,"line":184},"start":{"column":16,"line":184}},"132":{"end":{"column":53,"line":185},"start":{"column":16,"line":185}},"133":{"end":{"column":53,"line":186},"start":{"column":16,"line":186}},"134":{"end":{"column":57,"line":187},"start":{"column":16,"line":187}},"135":{"end":{"column":17,"line":195},"start":{"column":16,"line":188}},"136":{"end":{"column":72,"line":189},"start":{"column":20,"line":189}},"137":{"end":{"column":49,"line":190},"start":{"column":20,"line":190}},"138":{"end":{"column":47,"line":190},"start":{"column":37,"line":190}},"139":{"end":{"column":21,"line":194},"start":{"column":20,"line":191}},"140":{"end":{"column":112,"line":192},"start":{"column":24,"line":192}},"141":{"end":{"column":74,"line":193},"start":{"column":24,"line":193}},"142":{"end":{"column":17,"line":202},"start":{"column":16,"line":196}},"143":{"end":{"column":21,"line":201},"start":{"column":20,"line":197}},"144":{"end":{"column":95,"line":198},"start":{"column":24,"line":198}},"145":{"end":{"column":74,"line":200},"start":{"column":24,"line":200}},"146":{"end":{"column":52,"line":203},"start":{"column":16,"line":203}},"147":{"end":{"column":51,"line":204},"start":{"column":16,"line":204}},"148":{"end":{"column":57,"line":205},"start":{"column":16,"line":205}},"149":{"end":{"column":52,"line":206},"start":{"column":16,"line":206}},"150":{"end":{"column":93,"line":207},"start":{"column":16,"line":207}},"151":{"end":{"column":54,"line":208},"start":{"column":16,"line":208}},"152":{"end":{"column":56,"line":209},"start":{"column":16,"line":209}},"153":{"end":{"column":69,"line":210},"start":{"column":16,"line":210}},"154":{"end":{"column":67,"line":211},"start":{"column":16,"line":211}},"155":{"end":{"column":82,"line":212},"start":{"column":16,"line":212}},"156":{"end":{"column":79,"line":213},"start":{"column":16,"line":213}},"157":{"end":{"column":78,"line":214},"start":{"column":16,"line":214}},"158":{"end":{"column":75,"line":215},"start":{"column":16,"line":215}},"159":{"end":{"column":39,"line":216},"start":{"column":16,"line":216}},"160":{"end":{"column":40,"line":218},"start":{"column":12,"line":218}},"161":{"end":{"column":55,"line":219},"start":{"column":12,"line":219}},"162":{"end":{"column":39,"line":220},"start":{"column":12,"line":220}},"163":{"end":{"column":19,"line":221},"start":{"column":12,"line":221}},"164":{"end":{"column":41,"line":222},"start":{"column":12,"line":222}},"165":{"end":{"column":29,"line":223},"start":{"column":12,"line":223}},"166":{"end":{"column":31,"line":224},"start":{"column":12,"line":224}},"167":{"end":{"column":35,"line":225},"start":{"column":12,"line":225}},"168":{"end":{"column":39,"line":226},"start":{"column":12,"line":226}},"169":{"end":{"column":14,"line":235},"start":{"column":12,"line":227}},"170":{"end":{"column":49,"line":228},"start":{"column":16,"line":228}},"171":{"end":{"column":19,"line":231},"start":{"column":16,"line":229}},"172":{"end":{"column":32,"line":230},"start":{"column":20,"line":230}},"173":{"end":{"column":19,"line":234},"start":{"column":16,"line":232}},"174":{"end":{"column":73,"line":233},"start":{"column":20,"line":233}},"175":{"end":{"column":71,"line":233},"start":{"column":41,"line":233}},"176":{"end":{"column":15,"line":258},"start":{"column":12,"line":236}},"177":{"end":{"column":41,"line":238},"start":{"column":20,"line":238}},"178":{"end":{"column":21,"line":243},"start":{"column":20,"line":241}},"179":{"end":{"column":94,"line":242},"start":{"column":24,"line":242}},"180":{"end":{"column":42,"line":244},"start":{"column":20,"line":244}},"181":{"end":{"column":21,"line":247},"start":{"column":20,"line":245}},"182":{"end":{"column":57,"line":246},"start":{"column":24,"line":246}},"183":{"end":{"column":21,"line":250},"start":{"column":20,"line":248}},"184":{"end":{"column":42,"line":249},"start":{"column":24,"line":249}},"185":{"end":{"column":23,"line":256},"start":{"column":20,"line":251}},"186":{"end":{"column":25,"line":254},"start":{"column":24,"line":252}},"187":{"end":{"column":128,"line":253},"start":{"column":28,"line":253}},"188":{"end":{"column":111,"line":255},"start":{"column":24,"line":255}},"189":{"end":{"column":24,"line":259},"start":{"column":12,"line":259}},"190":{"end":{"column":9,"line":384},"start":{"column":8,"line":261}},"191":{"end":{"column":22,"line":268},"start":{"column":12,"line":262}},"192":{"end":{"column":13,"line":276},"start":{"column":12,"line":269}},"193":{"end":{"column":87,"line":270},"start":{"column":16,"line":270}},"194":{"end":{"column":77,"line":271},"start":{"column":16,"line":271}},"195":{"end":{"column":17,"line":275},"start":{"column":16,"line":272}},"196":{"end":{"column":99,"line":273},"start":{"column":20,"line":273}},"197":{"end":{"column":89,"line":274},"start":{"column":20,"line":274}},"198":{"end":{"column":13,"line":298},"start":{"column":12,"line":277}},"199":{"end":{"column":30,"line":278},"start":{"column":16,"line":278}},"200":{"end":{"column":39,"line":279},"start":{"column":16,"line":279}},"201":{"end":{"column":19,"line":294},"start":{"column":16,"line":280}},"202":{"end":{"column":56,"line":281},"start":{"column":20,"line":281}},"203":{"end":{"column":109,"line":282},"start":{"column":20,"line":282}},"204":{"end":{"column":107,"line":282},"start":{"column":100,"line":282}},"205":{"end":{"column":31,"line":283},"start":{"column":20,"line":283}},"206":{"end":{"column":22,"line":293},"start":{"column":20,"line":284}},"207":{"end":{"column":54,"line":287},"start":{"column":28,"line":287}},"208":{"end":{"column":48,"line":288},"start":{"column":28,"line":288}},"209":{"end":{"column":74,"line":289},"start":{"column":28,"line":289}},"210":{"end":{"column":55,"line":290},"start":{"column":28,"line":290}},"211":{"end":{"column":35,"line":291},"start":{"column":28,"line":291}},"212":{"end":{"column":19,"line":297},"start":{"column":16,"line":295}},"213":{"end":{"column":50,"line":296},"start":{"column":20,"line":296}},"214":{"end":{"column":13,"line":316},"start":{"column":12,"line":299}},"215":{"end":{"column":81,"line":300},"start":{"column":16,"line":300}},"216":{"end":{"column":79,"line":300},"start":{"column":72,"line":300}},"217":{"end":{"column":35,"line":301},"start":{"column":16,"line":301}},"218":{"end":{"column":60,"line":302},"start":{"column":16,"line":302}},"219":{"end":{"column":17,"line":306},"start":{"column":16,"line":303}},"220":{"end":{"column":50,"line":304},"start":{"column":20,"line":304}},"221":{"end":{"column":52,"line":305},"start":{"column":20,"line":305}},"222":{"end":{"column":61,"line":314},"start":{"column":16,"line":307}},"223":{"end":{"column":54,"line":315},"start":{"column":16,"line":315}},"224":{"end":{"column":86,"line":317},"start":{"column":12,"line":317}},"225":{"end":{"column":107,"line":318},"start":{"column":12,"line":318}},"226":{"end":{"column":93,"line":319},"start":{"column":12,"line":319}},"227":{"end":{"column":36,"line":320},"start":{"column":12,"line":320}},"228":{"end":{"column":59,"line":321},"start":{"column":12,"line":321}},"229":{"end":{"column":15,"line":345},"start":{"column":12,"line":322}},"230":{"end":{"column":17,"line":326},"start":{"column":16,"line":324}},"231":{"end":{"column":59,"line":325},"start":{"column":20,"line":325}},"232":{"end":{"column":17,"line":330},"start":{"column":16,"line":328}},"233":{"end":{"column":59,"line":329},"start":{"column":20,"line":329}},"234":{"end":{"column":17,"line":335},"start":{"column":16,"line":332}},"235":{"end":{"column":86,"line":333},"start":{"column":20,"line":333}},"236":{"end":{"column":46,"line":334},"start":{"column":20,"line":334}},"237":{"end":{"column":17,"line":340},"start":{"column":16,"line":337}},"238":{"end":{"column":86,"line":338},"start":{"column":20,"line":338}},"239":{"end":{"column":39,"line":339},"start":{"column":20,"line":339}},"240":{"end":{"column":17,"line":344},"start":{"column":16,"line":342}},"241":{"end":{"column":46,"line":343},"start":{"column":20,"line":343}},"242":{"end":{"column":15,"line":348},"start":{"column":12,"line":346}},"243":{"end":{"column":70,"line":347},"start":{"column":16,"line":347}},"244":{"end":{"column":77,"line":349},"start":{"column":12,"line":349}},"245":{"end":{"column":15,"line":352},"start":{"column":12,"line":350}},"246":{"end":{"column":72,"line":351},"start":{"column":16,"line":351}},"247":{"end":{"column":98,"line":353},"start":{"column":12,"line":353}},"248":{"end":{"column":87,"line":354},"start":{"column":12,"line":354}},"249":{"end":{"column":14,"line":360},"start":{"column":12,"line":355}},"250":{"end":{"column":17,"line":358},"start":{"column":16,"line":356}},"251":{"end":{"column":54,"line":357},"start":{"column":20,"line":357}},"252":{"end":{"column":44,"line":359},"start":{"column":16,"line":359}},"253":{"end":{"column":84,"line":361},"start":{"column":12,"line":361}},"254":{"end":{"column":15,"line":364},"start":{"column":12,"line":362}},"255":{"end":{"column":43,"line":363},"start":{"column":16,"line":363}},"256":{"end":{"column":53,"line":365},"start":{"column":12,"line":365}},"257":{"end":{"column":53,"line":366},"start":{"column":12,"line":366}},"258":{"end":{"column":66,"line":367},"start":{"column":12,"line":367}},"259":{"end":{"column":15,"line":370},"start":{"column":12,"line":368}},"260":{"end":{"column":13,"line":383},"start":{"column":12,"line":371}},"261":{"end":{"column":19,"line":382},"start":{"column":16,"line":372}},"262":{"end":{"column":53,"line":373},"start":{"column":20,"line":373}},"263":{"end":{"column":23,"line":381},"start":{"column":20,"line":374}},"264":{"end":{"column":47,"line":377},"start":{"column":28,"line":377}},"265":{"end":{"column":51,"line":378},"start":{"column":28,"line":378}},"266":{"end":{"column":54,"line":379},"start":{"column":28,"line":379}},"267":{"end":{"column":9,"line":496},"start":{"column":8,"line":385}},"268":{"end":{"column":37,"line":388},"start":{"column":12,"line":386}},"269":{"end":{"column":13,"line":391},"start":{"column":12,"line":389}},"270":{"end":{"column":48,"line":390},"start":{"column":16,"line":390}},"271":{"end":{"column":13,"line":404},"start":{"column":12,"line":392}},"272":{"end":{"column":44,"line":394},"start":{"column":24,"line":394}},"273":{"end":{"column":19,"line":403},"start":{"column":16,"line":396}},"274":{"end":{"column":53,"line":399},"start":{"column":24,"line":399}},"275":{"end":{"column":50,"line":400},"start":{"column":24,"line":400}},"276":{"end":{"column":50,"line":401},"start":{"column":24,"line":401}},"277":{"end":{"column":13,"line":413},"start":{"column":12,"line":405}},"278":{"end":{"column":19,"line":412},"start":{"column":16,"line":406}},"279":{"end":{"column":92,"line":409},"start":{"column":24,"line":409}},"280":{"end":{"column":36,"line":410},"start":{"column":24,"line":410}},"281":{"end":{"column":13,"line":455},"start":{"column":12,"line":414}},"282":{"end":{"column":19,"line":441},"start":{"column":16,"line":415}},"283":{"end":{"column":35,"line":418},"start":{"column":24,"line":418}},"284":{"end":{"column":27,"line":438},"start":{"column":24,"line":419}},"285":{"end":{"column":74,"line":420},"start":{"column":28,"line":420}},"286":{"end":{"column":72,"line":420},"start":{"column":65,"line":420}},"287":{"end":{"column":29,"line":427},"start":{"column":28,"line":421}},"288":{"end":{"column":63,"line":422},"start":{"column":32,"line":422}},"289":{"end":{"column":51,"line":423},"start":{"column":32,"line":423}},"290":{"end":{"column":56,"line":424},"start":{"column":32,"line":424}},"291":{"end":{"column":58,"line":425},"start":{"column":32,"line":425}},"292":{"end":{"column":50,"line":426},"start":{"column":32,"line":426}},"293":{"end":{"column":67,"line":428},"start":{"column":28,"line":428}},"294":{"end":{"column":54,"line":429},"start":{"column":28,"line":429}},"295":{"end":{"column":86,"line":430},"start":{"column":28,"line":430}},"296":{"end":{"column":81,"line":431},"start":{"column":28,"line":431}},"297":{"end":{"column":68,"line":434},"start":{"column":28,"line":432}},"298":{"end":{"column":31,"line":437},"start":{"column":28,"line":435}},"299":{"end":{"column":33,"line":439},"start":{"column":24,"line":439}},"300":{"end":{"column":17,"line":454},"start":{"column":16,"line":442}},"301":{"end":{"column":23,"line":453},"start":{"column":20,"line":443}},"302":{"end":{"column":56,"line":447},"start":{"column":28,"line":447}},"303":{"end":{"column":48,"line":448},"start":{"column":28,"line":448}},"304":{"end":{"column":53,"line":449},"start":{"column":28,"line":449}},"305":{"end":{"column":54,"line":450},"start":{"column":28,"line":450}},"306":{"end":{"column":79,"line":451},"start":{"column":28,"line":451}},"307":{"end":{"column":71,"line":451},"start":{"column":53,"line":451}},"308":{"end":{"column":13,"line":476},"start":{"column":12,"line":456}},"309":{"end":{"column":19,"line":475},"start":{"column":16,"line":459}},"310":{"end":{"column":43,"line":462},"start":{"column":24,"line":462}},"311":{"end":{"column":45,"line":463},"start":{"column":24,"line":463}},"312":{"end":{"column":48,"line":464},"start":{"column":24,"line":464}},"313":{"end":{"column":47,"line":465},"start":{"column":24,"line":465}},"314":{"end":{"column":50,"line":466},"start":{"column":24,"line":466}},"315":{"end":{"column":56,"line":467},"start":{"column":24,"line":467}},"316":{"end":{"column":96,"line":468},"start":{"column":24,"line":468}},"317":{"end":{"column":93,"line":469},"start":{"column":24,"line":469}},"318":{"end":{"column":46,"line":470},"start":{"column":24,"line":470}},"319":{"end":{"column":42,"line":471},"start":{"column":24,"line":471}},"320":{"end":{"column":50,"line":472},"start":{"column":24,"line":472}},"321":{"end":{"column":50,"line":473},"start":{"column":24,"line":473}},"322":{"end":{"column":13,"line":495},"start":{"column":12,"line":477}},"323":{"end":{"column":19,"line":485},"start":{"column":16,"line":478}},"324":{"end":{"column":44,"line":481},"start":{"column":24,"line":481}},"325":{"end":{"column":62,"line":482},"start":{"column":24,"line":482}},"326":{"end":{"column":50,"line":483},"start":{"column":24,"line":483}},"327":{"end":{"column":19,"line":494},"start":{"column":16,"line":486}},"328":{"end":{"column":44,"line":489},"start":{"column":24,"line":489}},"329":{"end":{"column":63,"line":490},"start":{"column":24,"line":490}},"330":{"end":{"column":50,"line":491},"start":{"column":24,"line":491}},"331":{"end":{"column":50,"line":492},"start":{"column":24,"line":492}},"332":{"end":{"column":10,"line":502},"start":{"column":8,"line":497}},"333":{"end":{"column":13,"line":501},"start":{"column":12,"line":498}},"334":{"end":{"column":46,"line":499},"start":{"column":16,"line":499}},"335":{"end":{"column":48,"line":500},"start":{"column":16,"line":500}},"336":{"end":{"column":10,"line":511},"start":{"column":8,"line":503}},"337":{"end":{"column":75,"line":504},"start":{"column":12,"line":504}},"338":{"end":{"column":29,"line":505},"start":{"column":12,"line":505}},"339":{"end":{"column":39,"line":506},"start":{"column":12,"line":506}},"340":{"end":{"column":13,"line":509},"start":{"column":12,"line":507}},"341":{"end":{"column":43,"line":508},"start":{"column":16,"line":508}},"342":{"end":{"column":41,"line":510},"start":{"column":12,"line":510}},"343":{"end":{"column":10,"line":562},"start":{"column":8,"line":512}},"344":{"end":{"column":13,"line":515},"start":{"column":12,"line":513}},"345":{"end":{"column":23,"line":514},"start":{"column":16,"line":514}},"346":{"end":{"column":13,"line":521},"start":{"column":12,"line":516}},"347":{"end":{"column":19,"line":520},"start":{"column":16,"line":517}},"348":{"end":{"column":80,"line":518},"start":{"column":20,"line":518}},"349":{"end":{"column":79,"line":519},"start":{"column":20,"line":519}},"350":{"end":{"column":19,"line":531},"start":{"column":12,"line":522}},"351":{"end":{"column":13,"line":534},"start":{"column":12,"line":532}},"352":{"end":{"column":46,"line":533},"start":{"column":16,"line":533}},"353":{"end":{"column":13,"line":538},"start":{"column":12,"line":535}},"354":{"end":{"column":58,"line":536},"start":{"column":16,"line":536}},"355":{"end":{"column":57,"line":537},"start":{"column":16,"line":537}},"356":{"end":{"column":13,"line":541},"start":{"column":12,"line":539}},"357":{"end":{"column":23,"line":540},"start":{"column":16,"line":540}},"358":{"end":{"column":13,"line":561},"start":{"column":12,"line":542}},"359":{"end":{"column":17,"line":545},"start":{"column":16,"line":543}},"360":{"end":{"column":46,"line":544},"start":{"column":20,"line":544}},"361":{"end":{"column":18,"line":553},"start":{"column":16,"line":546}},"362":{"end":{"column":17,"line":557},"start":{"column":16,"line":554}},"363":{"end":{"column":85,"line":555},"start":{"column":20,"line":555}},"364":{"end":{"column":105,"line":556},"start":{"column":20,"line":556}},"365":{"end":{"column":81,"line":558},"start":{"column":16,"line":558}},"366":{"end":{"column":72,"line":559},"start":{"column":16,"line":559}},"367":{"end":{"column":35,"line":560},"start":{"column":16,"line":560}},"368":{"end":{"column":15,"line":563},"start":{"column":8,"line":563}}}},"/Users/tgermaneri/git/canvas-datagrid/lib/defaults.js":{"b":{},"branchMap":{},"f":{"1":1,"2":2},"fnMap":{"1":{"line":3,"loc":{"end":{"column":23,"line":3},"start":{"column":11,"line":3}},"name":"(anonymous_1)"},"2":{"line":5,"loc":{"end":{"column":27,"line":5},"start":{"column":11,"line":5}},"name":"(anonymous_2)"}},"path":"/Users/tgermaneri/git/canvas-datagrid/lib/defaults.js","s":{"1":1,"2":1,"3":2},"statementMap":{"1":{"end":{"column":3,"line":274},"start":{"column":0,"line":3}},"2":{"end":{"column":6,"line":273},"start":{"column":4,"line":5}},"3":{"end":{"column":10,"line":272},"start":{"column":8,"line":6}}}},"/Users/tgermaneri/git/canvas-datagrid/lib/dom.js":{"b":{"1":[0,0],"2":[0,0],"3":[0,0],"4":[0,0],"5":[0,0],"6":[0,0],"7":[0,0,0],"8":[0,0],"9":[0,0],"10":[0,0],"11":[0,0],"12":[0,0],"13":[0,0],"14":[0,0],"15":[0,0],"16":[0,0],"17":[0,0],"18":[0,0],"19":[0,0],"20":[0,0],"21":[0,0],"22":[0,0],"23":[0,0],"24":[0,0],"25":[0,0],"26":[0,0],"27":[0,0],"28":[0,0],"29":[0,0],"30":[0,0],"31":[0,0],"32":[0,0],"33":[0,0],"34":[0,0],"35":[0,0],"36":[0,0],"37":[0,0],"38":[0,0],"39":[0,0],"40":[0,0],"41":[0,0,0,0],"42":[0,0],"43":[0,0],"44":[0,0],"45":[0,0],"46":[0,0],"47":[0,0],"48":[0,0],"49":[0,0],"50":[0,0],"51":[0,0],"52":[0,0],"53":[0,0]},"branchMap":{"1":{"line":33,"locations":[{"end":{"column":57,"line":33},"start":{"column":47,"line":33}},{"end":{"column":72,"line":33},"start":{"column":60,"line":33}}],"type":"cond-expr"},"2":{"line":34,"locations":[{"end":{"column":57,"line":34},"start":{"column":47,"line":34}},{"end":{"column":72,"line":34},"start":{"column":60,"line":34}}],"type":"cond-expr"},"3":{"line":35,"locations":[{"end":{"column":57,"line":35},"start":{"column":47,"line":35}},{"end":{"column":72,"line":35},"start":{"column":60,"line":35}}],"type":"cond-expr"},"4":{"line":36,"locations":[{"end":{"column":57,"line":36},"start":{"column":47,"line":36}},{"end":{"column":72,"line":36},"start":{"column":60,"line":36}}],"type":"cond-expr"},"5":{"line":41,"locations":[{"end":{"column":12,"line":41},"start":{"column":12,"line":41}},{"end":{"column":12,"line":41},"start":{"column":12,"line":41}}],"type":"if"},"6":{"line":42,"locations":[{"end":{"column":12,"line":42},"start":{"column":12,"line":42}},{"end":{"column":12,"line":42},"start":{"column":12,"line":42}}],"type":"if"},"7":{"line":63,"locations":[{"end":{"column":31,"line":63},"start":{"column":19,"line":63}},{"end":{"column":67,"line":63},"start":{"column":35,"line":63}},{"end":{"column":86,"line":63},"start":{"column":71,"line":63}}],"type":"binary-expr"},"8":{"line":64,"locations":[{"end":{"column":16,"line":64},"start":{"column":16,"line":64}},{"end":{"column":16,"line":64},"start":{"column":16,"line":64}}],"type":"if"},"9":{"line":64,"locations":[{"end":{"column":57,"line":64},"start":{"column":20,"line":64}},{"end":{"column":64,"line":65},"start":{"column":27,"line":65}}],"type":"binary-expr"},"10":{"line":74,"locations":[{"end":{"column":12,"line":74},"start":{"column":12,"line":74}},{"end":{"column":12,"line":74},"start":{"column":12,"line":74}}],"type":"if"},"11":{"line":74,"locations":[{"end":{"column":26,"line":74},"start":{"column":16,"line":74}},{"end":{"column":49,"line":74},"start":{"column":30,"line":74}}],"type":"binary-expr"},"12":{"line":77,"locations":[{"end":{"column":73,"line":77},"start":{"column":72,"line":77}},{"end":{"column":77,"line":77},"start":{"column":76,"line":77}}],"type":"cond-expr"},"13":{"line":79,"locations":[{"end":{"column":116,"line":79},"start":{"column":27,"line":79}},{"end":{"column":66,"line":80},"start":{"column":27,"line":80}}],"type":"binary-expr"},"14":{"line":81,"locations":[{"end":{"column":16,"line":81},"start":{"column":16,"line":81}},{"end":{"column":16,"line":81},"start":{"column":16,"line":81}}],"type":"if"},"15":{"line":97,"locations":[{"end":{"column":33,"line":97},"start":{"column":19,"line":97}},{"end":{"column":69,"line":97},"start":{"column":37,"line":97}}],"type":"binary-expr"},"16":{"line":104,"locations":[{"end":{"column":12,"line":104},"start":{"column":12,"line":104}},{"end":{"column":12,"line":104},"start":{"column":12,"line":104}}],"type":"if"},"17":{"line":117,"locations":[{"end":{"column":12,"line":117},"start":{"column":12,"line":117}},{"end":{"column":12,"line":117},"start":{"column":12,"line":117}}],"type":"if"},"18":{"line":140,"locations":[{"end":{"column":12,"line":140},"start":{"column":12,"line":140}},{"end":{"column":12,"line":140},"start":{"column":12,"line":140}}],"type":"if"},"19":{"line":147,"locations":[{"end":{"column":12,"line":147},"start":{"column":12,"line":147}},{"end":{"column":12,"line":147},"start":{"column":12,"line":147}}],"type":"if"},"20":{"line":147,"locations":[{"end":{"column":47,"line":147},"start":{"column":16,"line":147}},{"end":{"column":57,"line":147},"start":{"column":51,"line":147}}],"type":"binary-expr"},"21":{"line":148,"locations":[{"end":{"column":49,"line":148},"start":{"column":34,"line":148}},{"end":{"column":55,"line":148},"start":{"column":53,"line":148}}],"type":"binary-expr"},"22":{"line":151,"locations":[{"end":{"column":16,"line":151},"start":{"column":16,"line":151}},{"end":{"column":16,"line":151},"start":{"column":16,"line":151}}],"type":"if"},"23":{"line":152,"locations":[{"end":{"column":20,"line":152},"start":{"column":20,"line":152}},{"end":{"column":20,"line":152},"start":{"column":20,"line":152}}],"type":"if"},"24":{"line":185,"locations":[{"end":{"column":12,"line":185},"start":{"column":12,"line":185}},{"end":{"column":12,"line":185},"start":{"column":12,"line":185}}],"type":"if"},"25":{"line":186,"locations":[{"end":{"column":12,"line":186},"start":{"column":12,"line":186}},{"end":{"column":12,"line":186},"start":{"column":12,"line":186}}],"type":"if"},"26":{"line":195,"locations":[{"end":{"column":12,"line":195},"start":{"column":12,"line":195}},{"end":{"column":12,"line":195},"start":{"column":12,"line":195}}],"type":"if"},"27":{"line":195,"locations":[{"end":{"column":22,"line":195},"start":{"column":18,"line":195}},{"end":{"column":37,"line":195},"start":{"column":26,"line":195}}],"type":"binary-expr"},"28":{"line":198,"locations":[{"end":{"column":12,"line":198},"start":{"column":12,"line":198}},{"end":{"column":12,"line":198},"start":{"column":12,"line":198}}],"type":"if"},"29":{"line":201,"locations":[{"end":{"column":12,"line":201},"start":{"column":12,"line":201}},{"end":{"column":12,"line":201},"start":{"column":12,"line":201}}],"type":"if"},"30":{"line":204,"locations":[{"end":{"column":32,"line":205},"start":{"column":22,"line":205}},{"end":{"column":42,"line":205},"start":{"column":35,"line":205}}],"type":"cond-expr"},"31":{"line":209,"locations":[{"end":{"column":12,"line":209},"start":{"column":12,"line":209}},{"end":{"column":12,"line":209},"start":{"column":12,"line":209}}],"type":"if"},"32":{"line":210,"locations":[{"end":{"column":12,"line":210},"start":{"column":12,"line":210}},{"end":{"column":12,"line":210},"start":{"column":12,"line":210}}],"type":"if"},"33":{
[...]
":30,"line":316}},"name":"(anonymous_29)"},"30":{"line":327,"loc":{"end":{"column":37,"line":327},"start":{"column":24,"line":327}},"name":"(anonymous_30)"},"31":{"line":370,"loc":{"end":{"column":40,"line":370},"start":{"column":27,"line":370}},"name":"(anonymous_31)"}},"path":"/Users/tgermaneri/git/canvas-datagrid/lib/touch.js","s":{"1":1,"2":1,"3":2,"4":2,"5":2,"6":2,"7":2,"8":2,"9":0,"10":0,"11":0,"12":0,"13":0,"14":0,"15":0,"16":0,"17":2,"18":0,"19":0,"20":0,"21":0,"22":0,"23":0,"24":0,"25":0,"26":0,"27":0,"28":0,"29":0,"30":0,"31":2,"32":0,"33":2,"34":0,"35":0,"36":0,"37":2,"38":0,"39":0,"40":0,"41":2,"42":0,"43":0,"44":0,"45":0,"46":0,"47":0,"48":0,"49":0,"50":0,"51":0,"52":0,"53":2,"54":0,"55":2,"56":0,"57":0,"58":0,"59":0,"60":0,"61":0,"62":0,"63":0,"64":0,"65":0,"66":0,"67":0,"68":0,"69":0,"70":0,"71":2,"72":0,"73":0,"74":0,"75":0,"76":0,"77":0,"78":0,"79":0,"80":0,"81":0,"82":0,"83":0,"84":0,"85":0,"86":0,"87":0,"88":0,"89":0,"90":0,"91":0,"92":0,"93":0,"94":0,"95":0,"96":0,"97":0,"98":0,"99":0,"100":0,"101":0,"102":0,"103":0,"104":0,"105":0,"106":0,"107":0,"108":0,"109":0,"110":0,"111":0,"112":0,"113":0,"114":0,"115":0,"116":0,"117":0,"118":0,"119":0,"120":2,"121":0,"122":0,"123":0,"124":0,"125":0,"126":0,"127":0,"128":0,"129":0,"130":0,"131":0,"132":0,"133":0,"134":0,"135":0,"136":0,"137":0,"138":0,"139":0,"140":0,"141":0,"142":0,"143":2,"144":0,"145":0,"146":0,"147":0,"148":0,"149":0,"150":0,"151":0,"152":0,"153":0,"154":0,"155":0,"156":0,"157":0,"158":0,"159":0,"160":0,"161":0,"162":0,"163":0,"164":0,"165":0,"166":0,"167":0,"168":0,"169":0,"170":0,"171":0,"172":0,"173":0,"174":0,"175":0,"176":0,"177":0,"178":0,"179":1,"180":0,"181":0,"182":0,"183":0,"184":0,"185":0,"186":0,"187":0,"188":0,"189":0,"190":0,"191":0,"192":0,"193":0,"194":0,"195":0,"196":0,"197":0,"198":0,"199":0,"200":0,"201":0,"202":0,"203":0,"204":0,"205":0,"206":0,"207":2,"208":0,"209":0,"210":0,"211":0,"212":0,"213":0,"214":0,"215":0,"216":0,"217":2,"218":0,"219":0,"220":0,"221":0,"222":0,"223":0,"224":0,"225":0,"226":0,"227":0,"228":0,"229":0,"230":0,"231":0,"232":0,"233":0,"234":0,"235":0,"236":0,"237":0,"238":0,"239":0,"240":0,"241":0,"242":0,"243":0,"244":0,"245":0,"246":0,"247":2,"248":0,"249":0,"250":0},"statementMap":{"1":{"end":{"column":3,"line":375},"start":{"column":0,"line":3}},"2":{"end":{"column":6,"line":374},"start":{"column":4,"line":5}},"3":{"end":{"column":31,"line":7},"start":{"column":8,"line":6}},"4":{"end":{"column":34,"line":8},"start":{"column":8,"line":8}},"5":{"end":{"column":29,"line":9},"start":{"column":8,"line":9}},"6":{"end":{"column":33,"line":10},"start":{"column":8,"line":10}},"7":{"end":{"column":33,"line":11},"start":{"column":8,"line":11}},"8":{"end":{"column":10,"line":30},"start":{"column":8,"line":12}},"9":{"end":{"column":20,"line":15},"start":{"column":12,"line":13}},"10":{"end":{"column":31,"line":16},"start":{"column":12,"line":16}},"11":{"end":{"column":29,"line":16},"start":{"column":22,"line":16}},"12":{"end":{"column":14,"line":20},"start":{"column":12,"line":17}},"13":{"end":{"column":13,"line":24},"start":{"column":12,"line":21}},"14":{"end":{"column":47,"line":22},"start":{"column":16,"line":22}},"15":{"end":{"column":46,"line":23},"start":{"column":16,"line":23}},"16":{"end":{"column":14,"line":29},"start":{"column":12,"line":25}},"17":{"end":{"column":10,"line":46},"start":{"column":8,"line":32}},"18":{"end":{"column":44,"line":33},"start":{"column":35,"line":33}},"19":{"end":{"column":52,"line":34},"start":{"column":39,"line":34}},"20":{"end":{"column":59,"line":35},"start":{"column":40,"line":35}},"21":{"end":{"column":92,"line":36},"start":{"column":42,"line":36}},"22":{"end":{"column":57,"line":37},"start":{"column":40,"line":37}},"23":{"end":{"column":66,"line":38},"start":{"column":41,"line":38}},"24":{"end":{"column":116,"line":39},"start":{"column":43,"line":39}},"25":{"end":{"column":61,"line":40},"start":{"column":40,"line":40}},"26":{"end":{"column":70,"line":41},"start":{"column":41,"line":41}},"27":{"end":{"column":108,"line":42},"start":{"column":43,"line":42}},"28":{"end":{"column":65,"line":43},"start":{"column":40,"line":43}},"29":{"end":{"column":75,"line":44},"start":{"column":41,"line":44}},"30":{"end":{"column":116,"line":45},"start":{"column":43,"line":45}},"31":{"end":{"column":10,"line":49},"start":{"column":8,"line":47}},"32":{"end":{"column":90,"line":48},"start":{"column":12,"line":48}},"33":{"end":{"column":10,"line":58},"start":{"column":8,"line":50}},"34":{"end":{"column":120,"line":51},"start":{"column":12,"line":51}},"35":{"end":{"column":120,"line":52},"start":{"column":12,"line":52}},"36":{"end":{"column":14,"line":57},"start":{"column":12,"line":53}},"37":{"end":{"column":10,"line":67},"start":{"column":8,"line":59}},"38":{"end":{"column":109,"line":60},"start":{"column":12,"line":60}},"39":{"end":{"column":109,"line":61},"start":{"column":12,"line":61}},"40":{"end":{"column":14,"line":66},"start":{"column":12,"line":62}},"41":{"end":{"column":10,"line":83},"start":{"column":8,"line":68}},"42":{"end":{"column":115,"line":69},"start":{"column":12,"line":69}},"43":{"end":{"column":113,"line":69},"start":{"column":60,"line":69}},"44":{"end":{"column":18,"line":72},"start":{"column":12,"line":70}},"45":{"end":{"column":38,"line":73},"start":{"column":12,"line":73}},"46":{"end":{"column":38,"line":74},"start":{"column":12,"line":74}},"47":{"end":{"column":106,"line":75},"start":{"column":12,"line":75}},"48":{"end":{"column":105,"line":76},"start":{"column":12,"line":76}},"49":{"end":{"column":13,"line":80},"start":{"column":12,"line":77}},"50":{"end":{"column":23,"line":79},"start":{"column":16,"line":79}},"51":{"end":{"column":84,"line":81},"start":{"column":12,"line":81}},"52":{"end":{"column":58,"line":82},"start":{"column":12,"line":82}},"53":{"end":{"column":10,"line":86},"start":{"column":8,"line":84}},"54":{"end":{"column":62,"line":85},"start":{"column":12,"line":85}},"55":{"end":{"column":10,"line":112},"start":{"column":8,"line":87}},"56":{"end":{"column":14,"line":111},"start":{"column":12,"line":88}},"57":{"end":{"column":54,"line":89},"start":{"column":16,"line":89}},"58":{"end":{"column":49,"line":90},"start":{"column":16,"line":90}},"59":{"end":{"column":17,"line":110},"start":{"column":16,"line":91}},"60":{"end":{"column":53,"line":92},"start":{"column":20,"line":92}},"61":{"end":{"column":39,"line":93},"start":{"column":20,"line":93}},"62":{"end":{"column":37,"line":93},"start":{"column":30,"line":93}},"63":{"end":{"column":21,"line":98},"start":{"column":20,"line":94}},"64":{"end":{"column":46,"line":96},"start":{"column":24,"line":96}},"65":{"end":{"column":31,"line":97},"start":{"column":24,"line":97}},"66":{"end":{"column":21,"line":101},"start":{"column":20,"line":99}},"67":{"end":{"column":39,"line":100},"start":{"column":24,"line":100}},"68":{"end":{"column":42,"line":102},"start":{"column":20,"line":102}},"69":{"end":{"column":23,"line":108},"start":{"column":20,"line":103}},"70":{"end":{"column":36,"line":109},"start":{"column":20,"line":109}},"71":{"end":{"column":10,"line":198},"start":{"column":8,"line":113}},"72":{"end":{"column":79,"line":114},"start":{"column":12,"line":114}},"73":{"end":{"column":77,"line":114},"start":{"column":70,"line":114}},"74":{"end":{"column":38,"line":115},"start":{"column":12,"line":115}},"75":{"end":{"column":50,"line":116},"start":{"column":12,"line":116}},"76":{"end":{"column":51,"line":117},"start":{"column":12,"line":117}},"77":{"end":{"column":37,"line":118},"start":{"column":12,"line":118}},"78":{"end":{"column":38,"line":119},"start":{"column":12,"line":119}},"79":{"end":{"column":37,"line":120},"start":{"column":12,"line":120}},"80":{"end":{"column":36,"line":121},"start":{"column":12,"line":121}},"81":{"end":{"column":31,"line":122},"start":{"column":12,"line":122}},"82":{"end":{"column":13,"line":125},"start":{"column":12,"line":123}},"83":{"end":{"column":54,"line":124},"start":{"column":16,"line":124}},"84":{"end":{"column":13,"line":192},"start":{"column":12,"line":126}},"85":{"end":{"column":37,"line":127},"start":{"column":16,"line":127}},"86":{"end":{"column":70,"line":128},"start":{"column":16,"line":128}},"87":{"end":{"column":18,"line":133},"start":{"column":16,"line":129}},"88":{"end":{"column":18,"line":140},"start":{"column":16,"line":134}},"89":{"end":{"column":18,"line":145},"start":{"column":16,"line":141}},"90":{"end":{"column":18,"line":150},"start":{"column":16,"line":146}},"91":{"end":{"column":59,"line":153},"start":{"column":16,"line":151}},"92":{"end":{"column":62,"line":152},"start":{"column":20,"line":152}},"93":{"end":{"column":91,"line":154},"start":{"column":16,"line":154}},"94":{"end":{"column":95,"line":155},"start":{"column":16,"line":155}},"95":{"end":{"column":17,"line":159},"start":{"column":16,"line":156}},"96":{"end":{"column":42,"line":157},"start":{"column":20,"line":157}},"97":{"end":{"column":27,"line":158},"start":{"column":20,"line":158}},"98":{"end":{"column":37,"line":160},"start":{"column":16,"line":160}},"99":{"end":{"column":17,"line":191},"start":{"column":16,"line":161}},"100":{"end":{"column":21,"line":188},"start":{"column":20,"line":162}},"101":{"end":{"column":27,"line":168},"start":{"column":24,"line":163}},"102":{"end":{"column":40,"line":169},"start":{"column":24,"line":169}},"103":{"end":{"column":21,"line":188},"start":{"column":27,"line":170}},"104":{"end":{"column":25,"line":178},"start":{"column":24,"line":171}},"105":{"end":{"column":29,"line":176},"start":{"column":28,"line":172}},"106":{"end":{"column":101,"line":173},"start":{"column":32,"line":173}},"107":{"end":{"column":60,"line":175},"start":{"column":32,"line":175}},"108":{"end":{"column":91,"line":177},"start":{"column":28,"line":177}},"109":{"end":{"column":25,"line":187},"start":{"column":24,"line":179}},"110":{"end":{"column":31,"line":185},"start":{"column":28,"line":180}},"111":{"end":{"column":44,"line":186},"start":{"column":28,"line":186}},"112":{"end":{"column":43,"line":189},"start":{"column":20,"line":189}},"113":{"end":{"column":27,"line":190},"start":{"column":20,"line":190}},"114":{"end":{"column":45,"line":193},"start":{"column":12,"line":193}},"115":{"end":{"column":43,"line":193},"start":{"column":36,"line":193}},"116":{"end":{"column":90,"line":194},"start":{"column":12,"line":194}},"117":{"end":{"column":77,"line":195},"start":{"column":12,"line":195}},"118":{"end":{"column":83,"line":196},"start":{"column":12,"line":196}},"119":{"end":{"column":28,"line":197},"start":{"column":12,"line":197}},"120":{"end":{"column":10,"line":232},"start":{"column":8,"line":199}},"121":{"end":{"column":90,"line":200},"start":{"column":12,"line":200}},"122":{"end":{"column":88,"line":200},"start":{"column":81,"line":200}},"123":{"end":{"column":39,"line":201},"start":{"column":12,"line":201}},"124":{"end":{"column":51,"line":202},"start":{"column":12,"line":202}},"125":{"end":{"column":13,"line":223},"start":{"column":12,"line":203}},"126":{"end":{"column":46,"line":206},"start":{"column":16,"line":206}},"127":{"end":{"column":47,"line":207},"start":{"column":16,"line":207}},"128":{"end":{"column":13,"line":223},"start":{"column":19,"line":208}},"129":{"end":{"column":43,"line":211},"start":{"column":16,"line":211}},"130":{"end":{"column":47,"line":212},"start":{"column":16,"line":212}},"131":{"end":{"column":13,"line":223},"start":{"column":19,"line":213}},"132":{"end":{"column":43,"line":216},"start":{"column":16,"line":216}},"133":{"end":{"column":48,"line":217},"start":{"column":16,"line":217}},"134":{"end":{"column":13,"line":223},"start":{"column":19,"line":218}},"135":{"end":{"column":46,"line":221},"start":{"column":16,"line":221}},"136":{"end":{"column":48,"line":222},"start":{"column":16,"line":222}},"137":{"end":{"column":13,"line":229},"start":{"column":12,"line":224}},"138":{"end":{"column":32,"line":225},"start":{"column":16,"line":225}},"139":{"end":{"column":59,"line":226},"start":{"column":16,"line":226}},"140":{"end":{"column":55,"line":228},"start":{"column":16,"line":228}},"141":{"end":{"column":36,"line":230},"start":{"column":12,"line":230}},"142":{"end":{"column":28,"line":231},"start":{"column":12,"line":231}},"143":{"end":{"column":10,"line":315},"start":{"column":8,"line":233}},"144":{"end":{"column":88,"line":234},"start":{"column":12,"line":234}},"145":{"end":{"column":78,"line":235},"start":{"column":12,"line":235}},"146":{"end":{"column":76,"line":235},"start":{"column":69,"line":235}},"147":{"end":{"column":45,"line":236},"start":{"column":12,"line":236}},"148":{"end":{"column":13,"line":239},"start":{"column":12,"line":237}},"149":{"end":{"column":57,"line":238},"start":{"column":16,"line":238}},"150":{"end":{"column":13,"line":242},"start":{"column":12,"line":240}},"151":{"end":{"column":61,"line":241},"start":{"column":16,"line":241}},"152":{"end":{"column":13,"line":245},"start":{"column":12,"line":243}},"153":{"end":{"column":55,"line":244},"start":{"column":16,"line":244}},"154":{"end":{"column":13,"line":261},"start":{"column":12,"line":246}},"155":{"end":{"column":42,"line":247},"start":{"column":16,"line":247}},"156":{"end":{"column":43,"line":248},"start":{"column":16,"line":248}},"157":{"end":{"column":17,"line":252},"start":{"column":16,"line":249}},"158":{"end":{"column":60,"line":250},"start":{"column":20,"line":250}},"159":{"end":{"column":49,"line":251},"start":{"column":20,"line":251}},"160":{"end":{"column":37,"line":253},"start":{"column":16,"line":253}},"161":{"end":{"column":74,"line":254},"start":{"column":16,"line":254}},"162":{"end":{"column":104,"line":255},"start":{"column":16,"line":255}},"163":{"end":{"column":120,"line":256},"start":{"column":16,"line":256}},"164":{"end":{"column":40,"line":257},"start":{"column":16,"line":257}},"165":{"end":{"column":34,"line":258},"start":{"column":16,"line":258}},"166":{"end":{"column":40,"line":259},"start":{"column":16,"line":259}},"167":{"end":{"column":23,"line":260},"start":{"column":16,"line":260}},"168":{"end":{"column":45,"line":262},"start":{"column":12,"line":262}},"169":{"end":{"column":43,"line":262},"start":{"column":36,"line":262}},"170":{"end":{"column":33,"line":263},"start":{"column":12,"line":263}},"171":{"end":{"column":75,"line":264},"start":{"column":12,"line":264}},"172":{"end":{"column":50,"line":265},"start":{"column":12,"line":265}},"173":{"end":{"column":46,"line":266},"start":{"column":12,"line":266}},"174":{"end":{"column":126,"line":267},"start":{"column":12,"line":267}},"175":{"end":{"column":90,"line":268},"start":{"column":12,"line":268}},"176":{"end":{"column":127,"line":269},"start":{"column":12,"line":269}},"177":{"end":{"column":90,"line":270},"start":{"column":12,"line":270}},"178":{"end":{"column":44,"line":271},"start":{"column":12,"line":271}},"179":{"end":{"column":13,"line":281},"start":{"column":12,"line":272}},"180":{"end":{"column":49,"line":274},"start":{"column":16,"line":273}},"181":{"end":{"column":82,"line":275},"start":{"column":16,"line":275}},"182":{"end":{"column":82,"line":276},"start":{"column":16,"line":276}},"183":{"end":{"column":82,"line":277},"start":{"column":16,"line":277}},"184":{"end":{"column":82,"line":278},"start":{"column":16,"line":278}},"185":{"end":{"column":46,"line":279},"start":{"column":16,"line":279}},"186":{"end":{"column":95,"line":280},"start":{"column":16,"line":280}},"187":{"end":{"column":32,"line":282},"start":{"column":12,"line":282}},"188":{"end":{"column":14,"line":289},"start":{"column":12,"line":283}},"189":{"end":{"column":90,"line":290},"start":{"column":12,"line":290}},"190":{"end":{"column":32,"line":291},"start":{"column":12,"line":291}},"191":{"end":{"column":77,"line":292},"start":{"column":12,"line":292}},"192":{"end":{"column":38,"line":293},"start":{"column":12,"line":293}},"193":{"end":{"column":37,"line":294},"start":{"column":12,"line":294}},"194":{"end":{"column":13,"line":297},"start":{"column":12,"line":295}},"195":{"end":{"column":30,"line":296},"start":{"column":16,"line":296}},"196":{"end":{"column":13,"line":302},"start":{"column":12,"line":298}},"197":{"end":{"column":95,"line":300},"start":{"column":16,"line":299}},"198":{"end":{"column":23,"line":301},"start":{"column":16,"line":301}},"199":{"end":{"column":13,"line":307},"start":{"column":12,"line":303}},"200":{"end":{"column":94,"line":305},"start":{"column":16,"line":304}},"201":{"end":{"column":23,"line":306},"start":{"column":16,"line":306}},"202":{"end":{"column":13,"line":311},"start":{"column":12,"line":308}},"203":{"end":{"column":76,"line":309},"start":{"column":16,"line":309}},"204":{"end":{"column":23,"line":310},"start":{"column":16,"line":310}},"205":{"end":{"column":61,"line":313},"start":{"column":12,"line":312}},"206":{"end":{"column":28,"line":314},"start":{"column":12,"line":314}},"207":{"end":{"column":10,"line":326},"start":{"column":8,"line":316}},"208":{"end":{"column":44,"line":317},"start":{"column":12,"line":317}},"209":{"end":{"column":40,"line":318},"start":{"column":12,"line":318}},"210":{"end":{"column":51,"line":319},"start":{"column":12,"line":319}},"211":{"end":{"column":52,"line":320},"start":{"column":12,"line":320}},"212":{"end":{"column":50,"line":321},"start":{"column":12,"line":321}},"213":{"end":{"column":32,"line":322},"start":{"column":12,"line":322}},"214":{"end":{"column":93,"line":323},"start":{"column":12,"line":323}},"215":{"end":{"column":80,"line":324},"start":{"column":12,"line":324}},"216":{"end":{"column":86,"line":325},"start":{"column":12,"line":325}},"217":{"end":{"column":10,"line":369},"start":{"column":8,"line":327}},"218":{"end":{"column":77,"line":328},"start":{"column":12,"line":328}},"219":{"end":{"column":75,"line":328},"start":{"column":68,"line":328}},"220":{"end":{"column":44,"line":329},"start":{"column":12,"line":329}},"221":{"end":{"column":13,"line":332},"start":{"column":12,"line":330}},"222":{"end":{"column":47,"line":331},"start":{"column":16,"line":331}},"223":{"end":{"column":13,"line":335},"start":{"column":12,"line":333}},"224":{"end":{"column":48,"line":334},"start":{"column":16,"line":334}},"225":{"end":{"column":13,"line":341},"start":{"column":12,"line":336}},"226":{"end":{"column":17,"line":339},"start":{"column":16,"line":337}},"227":{"end":{"column":45,"line":338},"start":{"column":20,"line":338}},"228":{"end":{"column":23,"line":340},"start":{"column":16,"line":340}},"229":{"end":{"column":111,"line":342},"start":{"column":12,"line":342}},"230":{"end":{"column":13,"line":345},"start":{"column":12,"line":343}},"231":{"end":{"column":30,"line":344},"start":{"column":16,"line":344}},"232":{"end":{"column":13,"line":348},"start":{"column":12,"line":346}},"233":{"end":{"column":30,"line":347},"start":{"column":16,"line":347}},"234":{"end":{"column":13,"line":351},"start":{"column":12,"line":349}},"235":{"end":{"column":31,"line":350},"start":{"column":16,"line":350}},"236":{"end":{"column":13,"line":354},"start":{"column":12,"line":352}},"237":{"end":{"column":31,"line":353},"start":{"column":16,"line":353}},"238":{"end":{"column":89,"line":355},"start":{"column":12,"line":355}},"239":{"end":{"column":89,"line":356},"start":{"column":12,"line":356}},"240":{"end":{"column":37,"line":357},"start":{"column":12,"line":357}},"241":{"end":{"column":13,"line":367},"start":{"column":12,"line":358}},"242":{"end":{"column":55,"line":359},"start":{"column":16,"line":359}},"243":{"end":{"column":13,"line":367},"start":{"column":19,"line":360}},"244":{"end":{"column":43,"line":365},"start":{"column":16,"line":365}},"245":{"end":{"column":41,"line":366},"start":{"column":16,"line":366}},"246":{"end":{"column":35,"line":368},"start":{"column":12,"line":368}},"247":{"end":{"column":10,"line":373},"start":{"column":8,"line":370}},"248":{"end":{"column":80,"line":371},"start":{"column":12,"line":371}},"249":{"end":{"column":78,"line":371},"start":{"column":71,"line":371}},"250":{"end":{"column":35,"line":372},"start":{"column":12,"line":372}}}}}