{"/Users/tgermaneri/git/canvas-datagrid/lib/component.js":{"b":{"1":[165,1],"2":[0,0],"3":[0,0],"4":[0,0,0],"5":[0,0],"6":[0,0],"7":[0,0],"8":[0,0],"9":[0,0],"10":[0,0],"11":[0,0],"12":[0,0],"13":[0,0],"14":[0,0],"15":[0,0],"16":[0,0],"17":[0,0],"18":[0,0],"19":[0,0],"20":[0,0],"21":[0,0],"22":[0,0],"23":[0,0],"24":[0,0]},"branchMap":{"1":{"line":6,"locations":[{"end":{"column":19,"line":6},"start":{"column":15,"line":6}},{"end":{"column":25,"line":6},"start":{"column":23,"line":6}}],"type":"binary-expr"},"2":{"line":11,"locations":[{"end":{"column":16,"line":11},"start":{"column":16,"line":11}},{"end":{"column":16,"line":11},"start":{"column":16,"line":11}}],"type":"if"},"3":{"line":17,"locations":[{"end":{"column":35,"line":17},"start":{"column":27,"line":17}},{"end":{"column":40,"line":17},"start":{"column":38,"line":17}}],"type":"cond-expr"},"4":{"line":24,"locations":[{"end":{"column":64,"line":24},"start":{"column":23,"line":24}},{"end":{"column":69,"line":25},"start":{"column":23,"line":25}},{"end":{"column":75,"line":26},"start":{"column":23,"line":26}}],"type":"binary-expr"},"5":{"line":38,"locations":[{"end":{"column":16,"line":38},"start":{"column":16,"line":38}},{"end":{"column":16,"line":38},"start":{"column":16,"line":38}}],"type":"if"},"6":{"line":43,"locations":[{"end":{"column":12,"line":43},"start":{"column":12,"line":43}},{"end":{"column":12,"line":43},"start":{"column":12,"line":43}}],"type":"if"},"7":{"line":64,"locations":[{"end":{"column":37,"line":64},"start":{"column":34,"line":64}},{"end":{"column":41,"line":64},"start":{"column":40,"line":64}}],"type":"cond-expr"},"8":{"line":83,"locations":[{"end":{"column":12,"line":83},"start":{"column":12,"line":83}},{"end":{"column":12,"line":83},"start":{"column":12,"line":83}}],"type":"if"},"9":{"line":97,"locations":[{"end":{"column":16,"line":97},"start":{"column":16,"line":97}},{"end":{"column":16,"line":97},"start":{"column":16,"line":97}}],"type":"if"},"10":{"line":118,"locations":[{"end":{"column":12,"line":118},"start":{"column":12,"line":118}},{"end":{"column":12,"line":118},"start":{"column":12,"line":118}}],"type":"if"},"11":{"line":121,"locations":[{"end":{"column":12,"line":121},"start":{"column":12,"line":121}},{"end":{"column":12,"line":121},"start":{"column":12,"line":121}}],"type":"if"},"12":{"line":125,"locations":[{"end":{"column":12,"line":125},"start":{"column":12,"line":125}},{"end":{"column":12,"line":125},"start":{"column":12,"line":125}}],"type":"if"},"13":{"line":129,"locations":[{"end":{"column":12,"line":129},"start":{"column":12,"line":129}},{"end":{"column":12,"line":129},"start":{"column":12,"line":129}}],"type":"if"},"14":{"line":129,"locations":[{"end":{"column":36,"line":129},"start":{"column":16,"line":129}},{"end":{"column":64,"line":129},"start":{"column":40,"line":129}}],"type":"binary-expr"},"15":{"line":133,"locations":[{"end":{"column":12,"line":133},"start":{"column":12,"line":133}},{"end":{"column":12,"line":133},"start":{"column":12,"line":133}}],"type":"if"},"16":{"line":138,"locations":[{"end":{"column":12,"line":138},"start":{"column":12,"line":138}},{"end":{"column":12,"line":138},"start":{"column":12,"line":138}}],"type":"if"},"17":{"line":147,"locations":[{"end":{"column":12,"line":147},"start":{"column":12,"line":147}},{"end":{"column":12,"line":147},"start":{"column":12,"line":147}}],"type":"if"},"18":{"line":159,"locations":[{"end":{"column":20,"line":159},"start":{"column":20,"line":159}},{"end":{"column":20,"line":159},"start":{"column":20,"line":159}}],"type":"if"},"19":{"line":159,"locations":[{"end":{"column":58,"line":159},"start":{"column":24,"line":159}},{"end":{"column":65,"line":160},"start":{"column":31,"line":160}}],"type":"binary-expr"},"20":{"line":164,"locations":[{"end":{"column":20,"line":164},"start":{"column":20,"line":164}},{"end":{"column":20,"line":164},"start":{"column":20,"line":164}}],"type":"if"},"21":{"line":168,"locations":[{"end":{"column":20,"line":168},"start":{"column":20,"line":168}},{"end":{"column":20,"line":168},"start":{"column":20,"line":168}}],"type":"if"},"22":{"line":168,"locations":[{"end":{"column":54,"line":168},"start":{"column":24,"line":168}},{"end":{"column":91,"line":168},"start":{"column":58,"line":168}}],"type":"binary-expr"},"23":{"line":172,"locations":[{"end":{"column":16,"line":172},"start":{"column":16,"line":172}},{"end":{"column":16,"line":172},"start":{"column":16,"line":172}}],"type":"if"},"24":{"line":175,"locations":[{"end":{"column":16,"line":175},"start":{"column":16,"line":175}},{"end":{"column":16,"line":175},"start":{"column":16,"line":175}}],"type":"if"}},"f":{"1":1,"2":165,"3":0,"4":0,"5":0,"6":0,"7":0,"8":0,"9":0,"10":0,"11":0,"12":0,"13":0,"14":0,"15":0,"16":0,"17":0,"18":0,"19":0,"20":0,"21":0,"22":0,"23":0,"24":0,"25":0,"26":0,"27":0,"28":0},"fnMap":{"1":{"line":3,"loc":{"end":{"column":43,"line":3},"start":{"column":23,"line":3}},"name":"(anonymous_1)"},"2":{"line":5,"loc":{"end":{"column":27,"line":5},"start":{"column":11,"line":5}},"name":"(anonymous_2)"},"3":{"line":8,"loc":{"end":{"column":47,"line":8},"start":{"column":8,"line":8}},"name":"hyphenateProperty"},"4":{"line":10,"loc":{"end":{"column":63,"line":10},"start":{"column":47,"line":10}},"name":"(anonymous_4)"},"5":{"line":19,"loc":{"end":{"column":44,"line":19},"start":{"column":8,"line":19}},"name":"getDefaultItem"},"6":{"line":23,"loc":{"end":{"column":53,"line":23},"start":{"column":40,"line":23}},"name":"(anonymous_6)"},"7":{"line":30,"loc":{"end":{"column":77,"line":30},"start":{"column":8,"line":30}},"name":"applyComponentStyle"},"8":{"line":36,"loc":{"end":{"column":40,"line":36},"start":{"column":25,"line":36}},"name":"(anonymous_8)"},"9":{"line":48,"loc":{"end":{"column":37,"line":48},"start":{"column":18,"line":48}},"name":"(anonymous_9)"},"10":{"line":55,"loc":{"end":{"column":41,"line":55},"start":{"column":20,"line":55}},"name":"(anonymous_10)"},"11":{"line":62,"loc":{"end":{"column":43,"line":62},"start":{"column":20,"line":62}},"name":"(anonymous_11)"},"12":{"line":66,"loc":{"end":{"column":40,"line":66},"start":{"column":21,"line":66}},"name":"(anonymous_12)"},"13":{"line":69,"loc":{"end":{"column":35,"line":69},"start":{"column":20,"line":69}},"name":"(anonymous_13)"},"14":{"line":73,"loc":{"end":{"column":56,"line":73},"start":{"column":44,"line":73}},"name":"(anonymous_14)"},"15":{"line":76,"loc":{"end":{"column":58,"line":76},"start":{"column":42,"line":76}},"name":"(anonymous_15)"},"16":{"line":81,"loc":{"end":{"column":50,"line":81},"start":{"column":38,"line":81}},"name":"(anonymous_16)"},"17":{"line":96,"loc":{"end":{"column":69,"line":96},"start":{"column":54,"line":96}},"name":"(anonymous_17)"},"18":{"line":101,"loc":{"end":{"column":63,"line":101},"start":{"column":48,"line":101}},"name":"(anonymous_18)"},"19":{"line":103,"loc":{"end":{"column":42,"line":103},"start":{"column":25,"line":103}},"name":"(anonymous_19)"},"20":{"line":107,"loc":{"end":{"column":37,"line":107},"start":{"column":25,"line":107}},"name":"(anonymous_20)"},"21":{"line":113,"loc":{"end":{"column":48,"line":113},"start":{"column":36,"line":113}},"name":"(anonymous_21)"},"22":{"line":116,"loc":{"end":{"column":81,"line":116},"start":{"column":45,"line":116}},"name":"(anonymous_22)"},"23":{"line":139,"loc":{"end":{"column":68,"line":139},"start":{"column":55,"line":139}},"name":"(anonymous_23)"},"24":{"line":145,"loc":{"end":{"column":50,"line":145},"start":{"column":28,"line":145}},"name":"(anonymous_24)"},"25":{"line":148,"loc":{"end":{"column":51,"line":148},"start":{"column":39,"line":148}},"name":"(anonymous_25)"},"26":{"line":156,"loc":{"end":{"column":72,"line":156},"start":{"column":51,"line":156}},"name":"(anonymous_26)"},"27":{"line":158,"loc":{"end":{"column":76,"line":158},"start":{"column":56,"line":158}},"name":"(anonymous_27)"},"28":{"line":180,"loc":{"end":{"column":91,"line":180},"start":{"column":77,"line":180}},"name":"(anonymous_28)"}},"path":"/Users/tgermaneri/git/canvas-datagrid/lib/component.js","s":{"1":1,"2":1,"3":165,"4":165,"5":1,"6":0,"7":0,"8":0,"9":0,"10":0,"11":0,"12":0,"13":1,"14":0,"15":0,"16":0,"17":0,"18":0,"19":1,"20":0,"21":0,"22":0,"23":0,"24":0,"25":0,"26":0,"27":0,"28":0,"29":0,"30":0,"31":165,"32":0,"33":0,"34":0,"35":0,"36":0,"37":0,"38":0,"39":0,"40":0,"41":0,"42":165,"43":0,"44":0,"45":0,"46":0,"47":0,"48":165,"49":0,"50":0,"51":0,"52":0,"53":0,"54":0,"55":0,"56":0,"57":0,"58":0,"59":0,"60":0,"61":0,"62":0,"63":0,"64":0,"65":0,"66":0,"67":0,"68":165,"69":0,"70":165,"71":0,"72":0,"73":0,"74":0,"75":0,"76":0,"77":0,"78":0,"79":0,"80":0,"81":0,"82":0,"83":0,"84":0,"85":0,"86":0,"87":0,"88":0,"89":0,"90":0,"91":165,"92":0,"93":0,"94":0,"95":0,"96":0,"97":0,"98":0,"99":0,"100":0,"101":0,"102":0,"103":0,"104":0,"105":0,"106":0,"107":0,"108":0,"109":0,"110":0,"111":0,"112":0,"113":0,"114":0,"115":0,"116":0,"117":165,"118":165},"statementMap":{"1":{"end":{"column":3,"line":187},"start":{"column":0,"line":3}},"2":{"end":{"column":6,"line":186},"start":{"column":4,"line":5}},"3":{"end":{"column":26,"line":6},"start":{"column":8,"line":6}},"4":{"end":{"column":36,"line":7},"start":{"column":8,"line":7}},"5":{"end":{"column":9,"line":18},"start":{"column":8,"line":8}},"6":{"end":{"column":23,"line":9},"start":{"column":12,"line":9}},"7":{"end":{"column":15,"line":16},"start":{"column":12,"line":10}},"8":{"end":{"column":17,"line":14},"start":{"column":16,"line":11}},"9":{"end":{"column":50,"line":12},"start":{"column":20,"line":12}},"10":{"end":{"column":27,"line":13},"start":{"column":20,"line":13}},"11":{"end":{"column":26,"line":15},"start":{"column":16,"line":15}},"12":{"end":{"column":46,"line":17},"start":{"column":12,"line":17}},"13":{"end":{"column":9,"line":29},"start":{"column":8,"line":19}},"14":{"end":{"column":18,"line":21},"start":{"column":12,"line":20}},"15":{"end":{"column":24,"line":22},"start":{"column":12,"line":22}},"16":{"end":{"column":18,"line":27},"start":{"column":12,"line":23}},"17":{"end":{"column":76,"line":26},"start":{"column":16,"line":24}},"18":{"end":{"column":21,"line":28},"start":{"column":12,"line":28}},"19":{"end":{"column":9,"line":46},"start":{"column":8,"line":30}},"20":{"end":{"column":26,"line":32},"start":{"column":12,"line":31}},"21":{"end":{"column":40,"line":33},"start":{"column":12,"line":33}},"22":{"end":{"column":27,"line":34},"start":{"column":12,"line":34}},"23":{"end":{"column":40,"line":35},"start":{"column":12,"line":35}},"24":{"end":{"column":15,"line":41},"start":{"column":12,"line":36}},"25":{"end":{"column":83,"line":37},"start":{"column":16,"line":37}},"26":{"end":{"column":17,"line":40},"start":{"column":16,"line":38}},"27":{"end":{"column":77,"line":39},"start":{"column":20,"line":39}},"28":{"end":{"column":28,"line":42},"start":{"column":12,"line":42}},"29":{"end":{"column":13,"line":45},"start":{"column":12,"line":43}},"30":{"end":{"column":63,"line":44},"start":{"column":16,"line":44}},"31":{"end":{"column":10,"line":72},"start":{"column":8,"line":47}},"32":{"end":{"column":17,"line":53},"start":{"column":16,"line":49}},"33":{"end":{"column":47,"line":50},"start":{"column":20,"line":50}},"34":{"end":{"column":86,"line":52},"start":{"column":20,"line":52}},"35":{"end":{"column":17,"line":60},"start":{"column":16,"line":56}},"36":{"end":{"column":49,"line":57},"start":{"column":20,"line":57}},"37":{"end":{"column":98,"line":59},"start":{"column":20,"line":59}},"38":{"end":{"column":45,"line":63},"start":{"column":16,"line":63}},"39":{"end":{"column":42,"line":64},"start":{"column":16,"line":64}},"40":{"end":{"column":47,"line":67},"start":{"column":16,"line":67}},"41":{"end":{"column":27,"line":70},"start":{"column":16,"line":70}},"42":{"end":{"column":10,"line":80},"start":{"column":8,"line":73}},"43":{"end":{"column":51,"line":74},"start":{"column":12,"line":74}},"44":{"end":{"column":24,"line":75},"start":{"column":12,"line":75}},"45":{"end":{"column":15,"line":78},"start":{"column":12,"line":76}},"46":{"end":{"column":50,"line":77},"start":{"column":16,"line":77}},"47":{"end":{"column":25,"line":79},"start":{"column":12,"line":79}},"48":{"end":{"column":10,"line":112},"start":{"column":8,"line":81}},"49":{"end":{"column":31,"line":82},"start":{"column":12,"line":82}},"50":{"end":{"column":45,"line":83},"start":{"column":12,"line":83}},"51":{"end":{"column":43,"line":83},"start":{"column":36,"line":83}},"52":{"end":{"column":36,"line":84},"start":{"column":12,"line":84}},"53":{"end":{"column":40,"line":85},"start":{"column":12,"line":85}},"54":{"end":{"column":51,"line":86},"start":{"column":12,"line":86}},"55":{"end":{"column":28,"line":93},"start":{"column":12,"line":93}},"56":{"end":{"column":39,"line":94},"start":{"column":12,"line":94}},"57":{"end":{"column":47,"line":95},"start":{"column":12,"line":95}},"58":{"end":{"column":15,"line":99},"start":{"column":12,"line":96}},"59":{"end":{"column":67,"line":97},"start":{"column":16,"line":97}},"60":{"end":{"column":65,"line":97},"start":{"column":58,"line":97}},"61":{"end":{"column":65,"line":98},"start":{"column":16,"line":98}},"62":{"end":{"column":23,"line":100},"start":{"column":12,"line":100}},"63":{"end":{"column":15,"line":111},"start":{"column":12,"line":101}},"64":{"end":{"column":19,"line":110},"start":{"column":16,"line":102}},"65":{"end":{"column":39,"line":104},"start":{"column":24,"line":104}},"66":{"end":{"column":36,"line":105},"start":{"column":24,"line":105}},"67":{"end":{"column":38,"line":108},"start":{"column":24,"line":108}},"68":{"end":{"column":10,"line":115},"start":{"column":8,"line":113}},"69":{"end":{"column":26,"line":114},"start":{"column":12,"line":114}},"70":{"end":{"column":10,"line":144},"start":{"column":8,"line":116}},"71":{"end":{"column":38,"line":117},"start":{"column":12,"line":117}},"72":{"end":{"column":13,"line":120},"start":{"column":12,"line":118}},"73":{"end":{"column":23,"line":119},"start":{"column":16,"line":119}},"74":{"end":{"column":13,"line":124},"start":{"column":12,"line":121}},"75":{"end":{"column":54,"line":122},"start":{"column":16,"line":122}},"76":{"end":{"column":23,"line":123},"start":{"column":16,"line":123}},"77":{"end":{"column":13,"line":128},"start":{"column":12,"line":125}},"78":{"end":{"column":58,"line":126},"start":{"column":16,"line":126}},"79":{"end":{"column":23,"line":127},"start":{"column":16,"line":127}},"80":{"end":{"column":13,"line":131},"start":{"column":12,"line":129}},"81":{"end":{"column":23,"line":130},"start":{"column":16,"line":130}},"82":{"end":{"column":57,"line":132},"start":{"column":12,"line":132}},"83":{"end":{"column":13,"line":137},"start":{"column":12,"line":133}},"84":{"end":{"column":45,"line":134},"start":{"column":16,"line":134}},"85":{"end":{"column":54,"line":135},"start":{"column":16,"line":135}},"86":{"end":{"column":23,"line":136},"start":{"column":16,"line":136}},"87":{"end":{"column":13,"line":142},"start":{"column":12,"line":138}},"88":{"end":{"column":19,"line":141},"start":{"column":16,"line":139}},"89":{"end":{"column":33,"line":140},"start":{"column":20,"line":140}},"90":{"end":{"column":19,"line":143},"start":{"column":12,"line":143}},"91":{"end":{"column":10,"line":183},"start":{"column":8,"line":145}},"92":{"end":{"column":25,"line":146},"start":{"column":12,"line":146}},"93":{"end":{"column":53,"line":147},"start":{"column":12,"line":147}},"94":{"end":{"column":51,"line":147},"start":{"column":44,"line":147}},"95":{"end":{"column":103,"line":148},"start":{"column":12,"line":148}},"96":{"end":{"column":85,"line":148},"start":{"column":53,"line":148}},"97":{"end":{"column":100,"line":148},"start":{"column":86,"line":148}},"98":{"end":{"column":64,"line":155},"start":{"column":12,"line":155}},"99":{"end":{"column":15,"line":178},"start":{"column":12,"line":156}},"100":{"end":{"column":47,"line":157},"start":{"column":16,"line":157}},"101":{"end":{"column":19,"line":171},"start":{"column":16,"line":158}},"102":{"end":{"column":21,"line":163},"start":{"column":20,"line":159}},"103":{"end":{"column":51,"line":161},"start":{"column":24,"line":161}},"104":{"end":{"column":31,"line":162},"start":{"column":24,"line":162}},"105":{"end":{"column":21,"line":167},"start":{"column":20,"line":164}},"106":{"end":{"column":42,"line":165},"start":{"column":24,"line":165}},"107":{"end":{"column":31,"line":166},"start":{"column":24,"line":166}},"108":{"end":{"column":21,"line":170},"start":{"column":20,"line":168}},"109":{"end":{"column":46,"line":169},"start":{"column":24,"line":169}},"110":{"end":{"column":17,"line":174},"start":{"column":16,"line":172}},"111":{"end":{"column":47,"line":173},"start":{"column":20,"line":173}},"112":{"end":{"column":17,"line":177},"start":{"column":16,"line":175}},"113":{"end":{"column":61,"line":176},"start":{"column":20,"line":176}},"114":{"end":{"column":110,"line":179},"start":{"column":12,"line":179}},"115":{"end":{"column":15,"line":182},"start":{"column":12,"line":180}},"116":{"end":{"column":112,"line":181},"start":{"column":16,"line":181}},"117":{"end":{"column":35,"line":184},"start":{"column":8,"line":184}},"118":{"end":{"column":25,"line":185},"start":{"column":8,"line":185}}}},"/Users/tgermaneri/git/canvas-datagrid/lib/contextMenu.js":{"b":{"1":[0,28],"2":[0,1],"3":[1,1,1,1,1],"4":[0,4],"5":[4,4],"6":[0,4],"7":[3,1],"8":[2,1],"9":[3,2],"10":[0,509],"11":[0,509],"12":[15,494],"13":[20,489],"14":[509,20,507],"15":[74,435],"16":[373,29],"17":[29,0],"18":[24,378],"19":[402,24],"20":[378,0],"21":[378,378],"22":[1,374],"23":[375,188],"24":[0,374],"25":[374,187],"26":[187,187],"27":[8,20],"28":[28,12],"29":[0,0],"30":[20,8],"31":[28,20],"32":[20,4],"33":[4,16],"34":[4,16],"35":[3,25],"36":[1,2],"37":[32,52],"38":[0,11],"39":[11,11],"40":[11,9],"41":[0,11],"42":[0,11],"43":[11,5],"44":[15,0],"45":[15,15],"46":[15,0],"47":[0,30],"48":[0,10],"49":[10,0],"50":[0,8],"51":[8,8],"52":[3,5],"53":[2,5],"54":[1,6],"55":[2,5],"56":[1,6],"57":[1,6],"58":[15,0],"59":[15,15],"60":[0,0],"61":[0,15],"62":[0,0],"63":[16,16],"64":[16,16,16,16,16],"65":[15,1],"66":[16,15],"67":[0,16],"68":[16,16],"69":[0,16],"70":[16,0],"71":[16,0],"72":[0,0],"73":[0,0],"74":[16,0],"75":[16,0],"76":[16,16,16,16],"77":[16,0],"78":[16,16,16],"79":[16,0],"80":[16,0],"81":[5,164],"82":[16,150],"83":[0,16],"84":[16,14],"85":[16,14],"86":[16,0],"87":[0,16],"88":[16,0],"89":[0,16]},"branchMap":{"1":{"line":24,"locations":[{"end":{"column":12,"line":24},"start":{"column":12,"line":24}},{"end":{"column":12,"line":24},"start":{"column":12,"line":24}}],"type":"if"},"2":{"line":30,"locations":[{"end":{"column":24,"line":30},"start":{"column":24,"line":30}},{"end":{"column":24,"line":30},"start":{"column":24,"line":30}}],"type":"if"},"3":{"line":30,"locations":[{"end":{"column":57,"line":30},"start":{"column":28,"line":30}},{"end":{"column":81,"line":31},"start":{"column":35,"line":31}},{"end":{"column":69,"line":32},"start":{"column":35,"line":32}},{"end":{"column":76,"line":33},"start":{"column":36,"line":33}},{"end":{"column":87,"line":34},"start":{"column":35,"line":34}}],"type":"binary-expr"},"4":{"line":46,"locations":[{"end":{"column":24,"line":46},"start":{"column":24,"line":46}},{"end":{"column":24,"line":46},"start":{"column":24,"line":46}}],"type":"if"},"5":{"line":46,"locations":[{"end":{"column":80,"line":46},"start":{"column":28,"line":46}},{"end":{"column":88,"line":47},"start":{"column":32,"line":47}}],"type":"binary-expr"},"6":{"line":65,"locations":[{"end":{"column":24,"line":65},"start":{"column":24,"line":65}},{"end":{"column":24,"line":65},"start":{"column":24,"line":65}}],"type":"if"},"7":{"line":69,"locations":[{"end":{"column":24,"line":69},"start":{"column":24,"line":69}},{"end":{"column":24,"line":69},"start":{"column":24,"line":69}}],"type":"if"},"8":{"line":73,"locations":[{"end":{"column":28,"line":73},"start":{"column":28,"line":73}},{"end":{"column":28,"line":73},"start":{"column":28,"line":73}}],"type":"if"},"9":{"line":73,"locations":[{"end":{"column":47,"line":73},"start":{"column":32,"line":73}},{"end":{"column":67,"line":73},"start":{"column":51,"line":73}}],"type":"binary-expr"},"10":{"line":82,"locations":[{"end":{"column":28,"line":82},"start":{"column":28,"line":82}},{"end":{"column":28,"line":82},"start":{"column":28,"line":82}}],"type":"if"},"11":{"line":83,"locations":[{"end":{"column":28,"line":83},"start":{"column":28,"line":83}},{"end":{"column":28,"line":83},"start":{"column":28,"line":83}}],"type":"if"},"12":{"line":86,"locations":[{"end":{"column":28,"line":86},"start":{"column":28,"line":86}},{"end":{"column":28,"line":86},"start":{"column":28,"line":86}}],"type":"if"},"13":{"line":96,"locations":[{"end":{"column":24,"line":96},"start":{"column":24,"line":96}},{"end":{"column":24,"line":96},"start":{"column":24,"line":96}}],"type":"if"},"14":{"line":96,"locations":[{"end":{"column":39,"line":96},"start":{"column":29,"line":96}},{"end":{"column":64,"line":96},"start":{"column":43,"line":96}},{"end":{"column":101,"line":96},"start":{"column":69,"line":96}}],"type":"binary-expr"},"15":{"line":106,"locations":[{"end":{"column":24,"line":106},"start":{"column":24,"line":106}},{"end":{"column":24,"line":106},"start":{"column":24,"line":106}}],"type":"if"},"16":{"line":120,"locations":[{"end":{"column":16,"line":120},"start":{"column":16,"line":120}},{"end":{"column":16,"line":120},"start":{"column":16,"line":120}}],"type":"if"},"17":{"line":122,"locations":[{"end":{"column":23,"line":122},"start":{"column":23,"line":122}},{"end":{"column":23,"line":122},"start":{"column":23,"line":122}}],"type":"if"},"18":{"line":125,"locations":[{"end":{"column":16,"line":125},"start":{"column":16,"line":125}},{"end":{"column":16,"line":125},"start":{"column":16,"line":125}}],"type":"if"},"19":{"line":125,"locations":[{"end":{"column":90,"line":125},"start":{"column":20,"line":125}},{"end":{"column":114,"line":125},"start":{"column":94,"line":125}}],"type":"binary-expr"},"20":{"line":127,"locations":[{"end":{"column":23,"line":127},"start":{"column":23,"line":127}},{"end":{"column":23,"line":127},"start":{"column":23,"line":127}}],"type":"if"},"21":{"line":127,"locations":[{"end":{"column":78,"line":127},"start":{"column":27,"line":127}},{"end":{"column":100,"line":128},"start":{"column":27,"line":128}}],"type":"binary-expr"},"22":{"line":135,"locations":[{"end":{"column":20,"line":135},"start":{"column":20,"line":135}},{"end":{"column":20,"line":135},"start":{"column":20,"line":135}}],"type":"if"},"23":{"line":135,"locations":[{"end":{"column":37,"line":135},"start":{"column":24,"line":135}},{"end":{"column":66,"line":135},"start":{"column":41,"line":135}}],"type":"binary-expr"},"24":{"line":136,"locations":[{"end":{"column":20,"line":136},"start":{"column":20,"line":136}},{"end":{"column":20,"line":136},"start":{"column":20,"line":136}}],"type":"if"},"25":{"line":136,"locations":[{"end":{"column":39,"line":136},"start":{"column":24,"line":136}},{"end":{"column":89,"line":136},"start":{"column":43,"line":136}}],"type":"binary-expr"},"26":{"line":137,"locations":[{"end":{"column":62,"line":137},"start":{"column":60,"line":137}},{"end":{"column":66,"line":137},"start":{"column":65,"line":137}}],"type":"cond-expr"},"27":{"line":164,"locations":[{"end":{"column":16,"line":164},"start":{"column":16,"line":164}},{"end":{"column":16,"line":164},"start":{"column":16,"line":164}}],"type":"if"},"28":{"line":164,"locations":[{"end":{"column":37,"line":164},"start":{"column":20,"line":164}},{"end":{"column":72,"line":164},"start":{"column":41,"line":164}}],"type":"binary-expr"},"29":{"line":173,"locations":[{"end":{"column":20,"line":173},"start":{"column":20,"line":173}},{"end":{"column":20,"line":173},"start":{"column":20,"line":173}}],"type":"if"},"30":{"line":185,"locations":[{"end":{"column":16,"line":185},"start":{"column":16,"line":185}},{"end":{"column":16,"line":185},"start":{"column":16,"line":185}}],"type":"if"},"31":{"line":185,"locations":[{"end":{"column":52,"line":185},"start":{"column":20,"line":185}},{"end":{"column":111,"line":185},"start":{"column":56,"line":185}}],"type":"binary-expr"},"32":{"line":185,"locations":[{"end":{"column":75,"line":185},"start":{"column":58,"line":185}},{"end":{"column":110,"line":185},"start":{"column":79,"line":185}}],"type":"binary-expr"},"33":{"line":187,"locations":[{"end":{"column":20,"line":187},"start":{"column":20,"line":187}},{"end":{"column":20,"line":187},"start":{"column":20,"line":187}}],"type":"if"},"34":{"line":188,"locations":[{"end":{"column":20,"line":188},"start":{"column":20,"line":188}},{"end":{"column":20,"line":188},"start":{"column":20,"line":188}}],"type":"if"},"35":{"line":192,"locations":[{"end":{"column":16,"line":192},"start":{"column":16,"line":192}},{"end":{"column":16,"line":192},"start":{"column":16,"line":192}}],"type":"if"},"36":{"line":193,"locations":[{"end":{"column":20,"line":193},"start":{"column":20,"line":193}},{"end":{"column":20,"line":193},"start":{"column":20,"line":193}}],"type":"if"},"37":{"line":229,"locations":[{"end":{"column":20,"line":229},"start":{"column":20,"line":229}},{"end":{"column":20,"line":229},"start":{"column":20,"line":229}}],"type":"if"},"38":{"line":237,"locations":[{"end":{"column":20,"line":237},"start":{"column":20,"line":237}},{"end":{"column":20,"line":237},"start":{"column":20,"line":237}}],"type":"if"},"39":{"line":237,"locations":[{"end":{"column":49,"line":237},"start":{"column":24,"line":237}},{"end":{"column":85,"line":237},"start":{"column":53,"line":237}}],"type":"binary-expr"},"40":{"line":237,"locations":[{"end":{"column":64,"line":237},"start":{"column":59,"line":237}},{"end":{"column":84,"line":237},"start":{"column":68,"line":237}}],"type":"binary-expr"},"41":{"line":241,"locations":[{"end":{"column":20,"line":241},"start":{"column":20,"line":241}},{"end":{"column":20,"line":241},"start":{"column":20,"line":241}}],"type":"if"},"42":{"line":244,"locations":[{"end":{"column":20,"line":244},"start":{"column":20,"line":244}},{"end":{"column":20,"line":244},"start":{"column":20,"line":244}}],"type":"if"},"43":{"line":248,"locations":[{"end":{"column":24,"line":248},"start":{"column":24,"line":248}},{"end":{"column":24,"line":248},"start":{"column":24,"line":248}}],"type":"if"},"44":{"line":262,"locations":[{"end":{"column":87,"line":262},"start":{"column":46,"line":262}},{"end":{"column":92,"line":262},"start":{"column":90,"line":262}}],"type":"cond-expr"},"45":{"line":262,"locations":[{"end":{"column":26,"line":262},"start":{"column":20,"line":262}},{"end":{"column":43,"line":262},"start":{"column":30,"line":262}}],"type":"binary-expr"},"46":{"line":262,"locations":[{"end":{"column":65,"line":262},"start":{"column":46,"line":262}},{"end":{"column":87,"line":262},"start":{"column":69,"line":262}}],"type":"binary-expr"},"47":{"line":268,"locations":[{"end":{"column":16,"line":268},"start":{"column":16,"line":268}},{"end":{"column":16,"line":268},"start":{"column":16,"line":268}}],"type":"if"},"48":{"line":277,"locations":[{"end":{"column":20,"line":277},"start":{"column":20,"line":277}},{"end":{"column":20,"line":277},"start":{"column":20,"line":277}}],"type":"if"},"49":{"line":279,"locations":[{"end":{"column":65,"line":279},"start":{"column":47,"line":279}},{"end":{"column":77,"line":279},"start":{"column":69,"line":279}}],"type":"binary-expr"},"50":{"line":294,"locations":[{"end":{"column":16,"line":294},"start":{"column":16,"line":294}},{"end":{"column":16,"line":294},"start":{"column":16,"line":294}}],"type":"if"},"51":{"line":294,"locations":[{"end":{"column":22,"line":294},"start":{"column":20,"line":294}},{"end":{"column":72,"line":294},"start":{"column":26,"line":294}}],"type":"binary-expr"},"52":{"line":297,"locations":[{"end":{"column":16,"line":297},"start":{"column":16,"line":297}},{"end":{"column":16,"line":297},"start":{"column":16,"line":297}}],"type":"if"},"53":{"line":318,"locations":[{"end":{"column":16,"line":318},"start":{"column":16,"line":318}},{"end":{"column":16,"line":318},"start":{"column":16,"line":318}}],"type":"if"},"54":{"line":322,"locations":[{"end":{"column":16,"line":322},"start":{"column":16,"line":322}},{"end":{"column":16,"line":322},"start":{"column":16,"line":322}}],"type":"if"},"55":{"line":326,"locations":[{"end":{"column":16,"line":326},"start":{"column":16,"line":326}},{"end":{"column":16,"line":326},"start":{"column":16,"line":326}}],"type":"if"},"56":{"line":331,"locations":[{"end":{"column":16,"line":331},"start":{"column":16,"line":331}},{"end":{"column":16,"line":331},"start":{"column":16,"line":331}}],"type":"if"},"57":{"line":336,"locations":[{"end":{"column":16,"line":336},"start":{"column":16,"line":336}},{"end":{"column":16,"line":336},"start":{"column":16,"line":336}}],"type":"if"},"58":{"line":347,"locations":[{"end":{"column":92,"line":347},"start":{"column":48,"line":347}},{"end":{"column":97,"line":347},"start":{"column":95,"line":347}}],"type":"cond-expr"},"59":{"line":347,"locations":[{"end":{"column":86,"line":347},"start":{"column":48,"line":347}},{"end":{"column":92,"line":347},"start":{"column":90,"line":347}}],"type":"binary-expr"},"60":{"line":350,"locations":[{"end":{"column":16,"line":350},"start":{"column":16,"line":350}},{"end":{"column":16,"line":350},"start":{"column":16,"line":350}}],"type":"if"},"61":{"line":365,"locations":[{"end":{"column":12,"line":365},"start":{"column":12,"line":365}},{"end":{"column":12,"line":365},"start":{"column":12,"line":365}}],"type":"if"},"62":{"line":369,"locations":[{"end":{"column":92,"line":369},"start":{"column":85,"line":369}},{"end":{"column":102,"line":369},"start":{"column":96,"line":369}}],"type":"binary-expr"},"63":{"line":380,"locations":[{"end":{"column":83,"line":381},"start":{"column":31,"line":380}},{"end":{"column":36,"line":382},"start":{"column":23,"line":382}}],"type":"binary-expr"},"64":{"line":380,"locations":[{"end":{"column":52,"line":380},"start":{"column":33,"line":380}},{"end":{"column":78,"line":380},"start":{"column":56,"line":380}},{"end":{"column":41,"line":381},"start":{"column":23,"line":381}},{"end":{"column":60,"line":381},"start":{"column":45,"line":381}},{"end":{"column":82,"line":381},"start":{"column":64,"line":381}}],"type":"binary-expr"},"65":{"line":383,"locations":[{"end":{"column":12,"line":383},"start":{"column":12,"line":383}},{"end":{"column":12,"line":383},"start":{"column":12,"line":383}}],"type":"if"},"66":{"line":383,"locations":[{"end":{"column":42,"line":383},"start":{"column":16,"line":383}},{"end":{"column":58,"line":383},"start":{"column":46,"line":383}}],"type":"binary-expr"},"67":{"line":386,"locations":[{"end":{"column":12,"line":386},"start":{"column":12,"line":386}},{"end":{"column":12,"line":386},"start":{"column":12,"line":386}}],"type":"if"},"68":{"line":386,"locations":[{"end":{"column":40,"line":386},"start":{"column":16,"line":386}},{"end":{"column":29,"line":389},"start":{"column":23,"line":387}}],"type":"binary-expr"},"69":{"line":399,"locations":[{"end":{"column":12,"line":399},"start":{"column":12,"line":399}},{"end":{"column":12,"line":399},"start":{"column":12,"line":399}}],"type":"if"},"70":{"line":399,"locations":[{"end":{"column":41,"line":399},"start":{"column":16,"line":399}},{"end":{"column":63,"line":399},"start":{"column":45,"line":399}}],"type":"binary-expr"},"71":{"line":408,"locations":[{"end":{"column":12,"line":408},"start":{"column":12,"line":408}},{"end":{"column":12,"line":408},"start":{"column":12,"line":408}}],"type":"if"},"72":{"line":425,"locations":[{"end":{"column":100,"line":425},"start":{"column":60,"line":425}},{"end":{"column":79,"line":426},"start":{"column":38,"line":426}}],"type":"cond-expr"},"73":{"line":427,"locations":[{"end":{"column":51,"line":427},"start":{"column":39,"line":427}},{"end":{"column":66,"line":427},"start":{"column":55,"line":427}}],"type":"binary-expr"},"74":{"line":437,"locations":[{"end":{"column":60,"line":437},"start":{"column":41,"line":437}},{"end":{"column":82,"line":437},"start":{"column":64,"line":437}}],"type":"binary-expr"},"75":{"line":447,"locations":[{"end":{"column":12,"line":447},"start":{"column":12,"line":447}},{"end":{"column":12,"line":447},"start":{"column":12,"line":447}}],"type":"if"},"76":{"line":447,"locations":[{"end":{"column":46,"line":447},"start":{"column":16,"line":447}},{"end":{"column":89,"line":447},"start":{"column":50,"line":447}},{"end":{"column":63,"line":448},"start":{"column":24,"line":448}},{"end":{"column":69,"line":449},"start":{"column":27,"line":449}}],"type":"binary-expr"},"77":{"line":468,"locations":[{"end":{"column":12,"line":468},"start":{"column":12,"line":468}},{"end":{"column":12,"line":468},"start":{"column":12,"line":468}}],"type":"if"},"78":{"line":468,"locations":[{"end":{"column":44,"line":468},"start":{"column":16,"line":468}},{"end":{"column":81,"line":468},"start":{"column":48,"line":468}},{"end":{"column":97,"line":468},"start":{"column":85,"line":468}}],"type":"binary-expr"},"79":{"line":470,"locations":[{"end":{"column":101,"line":470},"start":{"column":82,"line":470}},{"end":{"column":123,"line":470},"start":{"column":105,"line":470}}],"type":"binary-expr"},"80":{"line":478,"locations":[{"end":{"column":102,"line":478},"start":{"column":83,"line":478}},{"end":{"column":124,"line":478},"start":{"column":106,"line":478}}],"type":"binary-expr"},"81":{"line":489,"locations":[{"end":{"column":12,"line":489},"start":{"column":12,"line":489}},{"end":{"column":12,"line":489},"start":{"column":12,"line":489}}],"type":"if"},"82":{"line":498,"locations":[{"end":{"column":12,"line":498},"start":{"column":12,"line":498}},{"end":{"column":12,"line":498},"start":{"column":12,"line":498}}],"type":"if"},"83":{"line":504,"locations":[{"end":{"column":12,"line":504},"start":{"column":12,"line":504}},{"end":{"column":12,"line":504},"start":{"column":12,"line":504}}],"type":"if"},"84":{"line":504,"locations":[{"end":{"column":30,"line":504},"start":{"column":16,"line":504}},{"end":{"column":58,"line":504},"start":{"column":34,"line":504}}],"type":"binary-expr"},"85":{"line":514,"locations":[{"end":{"column":33,"line":514},"start":{"column":22,"line":514}},{"end":{"column":62,"line":514},"start":{"column":37,"line":514}}],"type":"binary-expr"},"86":{"line":520,"locations":[{"end":{"column":12,"line":520},"start":{"column":12,"line":520}},{"end":{"column":12,"line":520},"start":{"column":12,"line":520}}],"type":"if"},"87":{"line":523,"locations":[{"end":{"column":12,"line":523},"start":{"column":12,"line":523}},{"end":{"column":12,"line":523},"start":{"column":12,"line":523}}],"type":"if"},"88":{"line":526,"locations":[{"end":{"column":12,"line":526},"start":{"column":12,"line":526}},{"end":{"column":12,"line":526},"start":{"column":12,"line":526}}],"type":"if"},"89":{"line":527,"locations":[{"end":{"column":16,"line":527},"start":{"column":16,"line":527}},{"end":{"column":16,"line":527},"start":{"column":16,"line":527}}],"type":"if"}},"f":{"1":1,"2":164,"3":494,"4":4,"5":1,"6":28,"7":28,"8":509,"9":1,"10":4,"11":4,"12":1,"13":509,"14":509,"15":1,"16":5,"17":3,"18":402,"19":56,"20":375,"21":56,"22":2,"23":28,"24":56,"25":0,"26":28,"27":3,"28":84,"29":6,"30":11,"31":16,"32":15,"33":30,"34":8,"35":10,"36":10,"37":3,"38":10,"39":8,"40":7,"41":8,"42":75,"43":0,"44":0,"45":0,"46":0,"47":16,"48":0,"49":0,"50":0,"51":0,"52":0,"53":0,"54":0,"55":1,"56":1,"57":0,"58":169,"59":166,"60":16,"61":0,"62":0},"fnMap":{"1":{"line":3,"loc":{"end":{"column":23,"line":3},"start":{"column":11,"line":3}},"name":"(anonymous_1)"},"2":{"line":5,"loc":{"end":{"column":27,"line":5},"start":{"column":11,"line":5}},"name":"(anonymous_2)"},"3":{"line":7,"loc":{"end":{"column":61,"line":7},"start":{"column":8,"line":7}},"name":"applyContextItemStyle"},"4":{"line":9,"loc":{"end":{"column":75,"line":9},"start":{"column":63,"line":9}},"name":"(anonymous_4)"},"5":{"line":12,"loc":{"end":{"column":74,"line":12},"start":{"column":62,"line":12}},"name":"(anonymous_5)"},"6":{"line":16,"loc":{"end":{"column":70,"line":16},"start":{"column":8,"line":16}},"name":"createContextMenu"},"7":{"line":25,"loc":{"end":{"column":35,"line":25},"start":{"column":12,"line":25}},"name":"createItems"},"8":{"line":26,"loc":{"end":{"column":46,"line":26},"start":{"column":30,"line":26}},"name":"(anonymous_8)"},"9":{"line":29,"loc":{"end":{"column":51,"line":29},"start":{"column":20,"line":29}},"name":"removeChildContext"},"10":{"line":44,"loc":{"end":{"column":55,"line":44},"start":{"column":20,"line":44}},"name":"contextAddCallback"},"11":{"line":63,"loc":{"end":{"column":50,"line":63},"start":{"column":20,"line":63}},"name":"createChildContext"},"12":{"line":70,"loc":{"end":{"column":74,"line":70},"start":{"column":57,"line":70}},"name":"(anonymous_12)"},"13":{"line":80,"loc":{"end":{"column":43,"line":80},"start":{"column":20,"line":80}},"name":"addItem"},"14":{"line":81,"loc":{"end":{"column":53,"line":81},"start":{"column":24,"line":81}},"name":"addContent"},"15":{"line":102,"loc":{"end":{"column":90,"line":102},"start":{"column":78,"line":102}},"name":"(anonymous_15)"},"16":{"line":107,"loc":{"end":{"column":89,"line":107},"start":{"column":75,"line":107}},"name":"(anonymous_16)"},"17":{"line":116,"loc":{"end":{"column":37,"line":116},"start":{"column":12,"line":116}},"name":"clickIndex"},"18":{"line":119,"loc":{"end":{"column":44,"line":119},"start":{"column":12,"line":119}},"name":"checkArrowVisibility"},"19":{"line":132,"loc":{"end":{"column":44,"line":132},"start":{"column":12,"line":132}},"name":"startHoverScroll"},"20":{"line":133,"loc":{"end":{"column":36,"line":133},"start":{"column":23,"line":133}},"name":"t"},"21":{"line":141,"loc":{"end":{"column":42,"line":141},"start":{"column":12,"line":141}},"name":"endHoverScroll"},"22":{"line":142,"loc":{"end":{"column":35,"line":142},"start":{"column":23,"line":142}},"name":"(anonymous_22)"},"23":{"line":146,"loc":{"end":{"column":28,"line":146},"start":{"column":12,"line":146}},"name":"init"},"24":{"line":158,"loc":{"end":{"column":59,"line":158},"start":{"column":45,"line":158}},"name":"(anonymous_24)"},"25":{"line":172,"loc":{"end":{"column":65,"line":172},"start":{"column":52,"line":172}},"name":"(anonymous_25)"},"26":{"line":223,"loc":{"end":{"column":39,"line":223},"start":{"column":27,"line":223}},"name":"(anonymous_26)"},"27":{"line":225,"loc":{"end":{"column":46,"line":225},"start":{"column":33,"line":225}},"name":"(anonymous_27)"},"28":{"line":228,"loc":{"end":{"column":70,"line":228},"start":{"column":56,"line":228}},"name":"(anonymous_28)"},"29":{"line":233,"loc":{"end":{"column":33,"line":233},"start":{"column":21,"line":233}},"name":"(anonymous_29)"},"30":{"line":236,"loc":{"end":{"column":38,"line":236},"start":{"column":21,"line":236}},"name":"(anonymous_30)"},"31":{"line":247,"loc":{"end":{"column":57,"line":247},"start":{"column":34,"line":247}},"name":"(anonymous_31)"},"32":{"line":257,"loc":{"end":{"column":49,"line":257},"start":{"column":8,"line":257}},"name":"createFilterContextMenuItems"},"33":{"line":265,"loc":{"end":{"column":45,"line":265},"start":{"column":12,"line":265}},"name":"checkRegExpErrorState"},"34":{"line":273,"loc":{"end":{"column":40,"line":273},"start":{"column":12,"line":273}},"name":"fillAutoComplete"},"35":{"line":275,"loc":{"end":{"column":49,"line":275},"start":{"column":33,"line":275}},"name":"(anonymous_35)"},"36":{"line":275,"loc":{"end":{"column":126,"line":275},"start":{"column":111,"line":275}},"name":"(anonymous_36)"},"37":{"line":280,"loc":{"end":{"column":44,"line":280},"start":{"column":31,"line":280}},"name":"(anonymous_37)"},"38":{"line":289,"loc":{"end":{"column":86,"line":289},"start":{"column":71,"line":289}},"name":"(anonymous_38)"},"39":{"line":293,"loc":{"end":{"column":51,"line":293},"start":{"column":12,"line":293}},"name":"createAutoCompleteContext"},"40":{"line":316,"loc":{"end":{"column":65,"line":316},"start":{"column":52,"line":316}},"name":"(anonymous_40)"},"41":{"line":340,"loc":{"end":{"column":62,"line":340},"start":{"column":50,"line":340}},"name":"(anonymous_41)"},"42":{"line":344,"loc":{"end":{"column":82,"line":344},"start":{"column":68,"line":344}},"name":"(anonymous_42)"},"43":{"line":349,"loc":{"end":{"column":59,"line":349},"start":{"column":47,"line":349}},"name":"(anonymous_43)"},"44":{"line":356,"loc":{"end":{"column":67,"line":356},"start":{"column":54,"line":356}},"name":"(anonymous_44)"},"45":{"line":366,"loc":{"end":{"column":70,"line":366},"start":{"column":56,"line":366}},"name":"(anonymous_45)"},"46":{"line":370,"loc":{"end":{"column":61,"line":370},"start":{"column":31,"line":370}},"name":"removeFilterClick"},"47":{"line":379,"loc":{"end":{"column":46,"line":379},"start":{"column":8,"line":379}},"name":"addDefaultContextMenuItem"},"48":{"line":387,"loc":{"end":{"column":62,"line":387},"start":{"column":46,"line":387}},"name":"(anonymous_48)"},"49":{"line":392,"loc":{"end":{"column":39,"line":392},"start":{"column":27,"line":392}},"name":"(anonymous_49)"},"50":{"line":402,"loc":{"end":{"column":39,"line":402},"start":{"column":27,"line":402}},"name":"(anonymous_50)"},"51":{"line":411,"loc":{"end":{"column":39,"line":411},"start":{"column":27,"line":411}},"name":"(anonymous_51)"},"52":{"line":413,"loc":{"end":{"column":67,"line":413},"start":{"column":49,"line":413}},"name":"(anonymous_52)"},"53":{"line":414,"loc":{"end":{"column":63,"line":414},"start":{"column":28,"line":414}},"name":"toggleColumnVisibility"},"54":{"line":438,"loc":{"end":{"column":41,"line":438},"start":{"column":27,"line":438}},"name":"(anonymous_54)"},"55":{"line":452,"loc":{"end":{"column":40,"line":452},"start":{"column":27,"line":452}},"name":"(anonymous_55)"},"56":{"line":471,"loc":{"end":{"column":41,"line":471},"start":{"column":27,"line":471}},"name":"(anonymous_56)"},"57":{"line":479,"loc":{"end":{"column":41,"line":479},"start":{"column":27,"line":479}},"name":"(anonymous_57)"},"58":{"line":488,"loc":{"end":{"column":47,"line":488},"start":{"column":35,"line":488}},"name":"(anonymous_58)"},"59":{"line":494,"loc":{"end":{"column":46,"line":494},"start":{"column":34,"line":494}},"name":"(anonymous_59)"},"60":{"line":503,"loc":{"end":{"column":58,"line":503},"start":{"column":32,"line":503}},"name":"(anonymous_60)"},"61":{"line":507,"loc":{"end":{"column":41,"line":507},"start":{"column":12,"line":507}},"name":"createDiposeEvent"},"62":{"line":508,"loc":{"end":{"column":50,"line":508},"start":{"column":38,"line":508}},"name":"(anonymous_62)"}},"path":"/Users/tgermaneri/git/canvas-datagrid/lib/contextMenu.js","s":{"1":1,"2":1,"3":164,"4":1,"5":494,"6":494,"7":4,"8":494,"9":1,"10":1,"11":28,"12":28,"13":0,"14":1,"15":28,"16":509,"17":1,"18":1,"19":0,"20":1,"21":1,"22":1,"23":1,"24":1,"25":1,"26":1,"27":1,"28":4,"29":0,"30":4,"31":4,"32":4,"33":4,"34":4,"35":4,"36":4,"37":1,"38":4,"39":4,"40":0,"41":4,"42":4,"43":3,"44":1,"45":3,"46":2,"47":3,"48":1,"49":1,"50":1,"51":509,"52":0,"53":509,"54":0,"55":509,"56":15,"57":15,"58":494,"59":494,"60":494,"61":509,"62":509,"63":509,"64":20,"65":20,"66":20,"67":20,"68":20,"69":20,"70":1,"71":509,"72":74,"73":5,"74":509,"75":509,"76":1,"77":3,"78":1,"79":402,"80":373,"81":29,"82":29,"83":402,"84":24,"85":378,"86":378,"87":1,"88":56,"89":375,"90":375,"91":1,"92":374,"93":0,"94":374,"95":374,"96":1,"97":56,"98":2,"99":1,"100":28,"101":28,"102":28,"103":28,"104":28,"105":28,"106":28,"107":28,"108":28,"109":28,"110":28,"111":56,"112":56,"113":56,"114":28,"115":28,"116":8,"117":8,"118":8,"119":28,"120":28,"121":28,"122":28,"123":0,"124":0,"125":0,"126":0,"127":28,"128":28,"129":28,"130":28,"131":28,"132":28,"133":28,"134":20,"135":20,"136":4,"137":20,"138":4,"139":28,"140":3,"141":1,"142":2,"143":28,"144":28,"145":28,"146":28,"147":28,"148":28,"149":28,"150":28,"151":28,"152":28,"153":28,"154":28,"155":28,"156":28,"157":28,"158":28,"159":28,"160":28,"161":28,"162":28,"163":28,"164":28,"165":28,"166":28,"167":28,"168":28,"169":3,"170":28,"171":84,"172":32,"173":28,"174":6,"175":11,"176":0,"177":11,"178":11,"179":0,"180":11,"181":0,"182":11,"183":16,"184":11,"185":5,"186":28,"187":1,"188":15,"189":1,"190":30,"191":30,"192":30,"193":0,"194":0,"195":1,"196":8,"197":8,"198":10,"199":10,"200":10,"201":0,"202":10,"203":3,"204":3,"205":3,"206":3,"207":3,"208":8,"209":10,"210":1,"211":8,"212":0,"213":8,"214":8,"215":8,"216":3,"217":3,"218":8,"219":8,"220":15,"221":15,"222":15,"223":15,"224":15,"225":15,"226":7,"227":2,"228":7,"229":1,"230":7,"231":2,"232":2,"233":7,"234":1,"235":1,"236":7,"237":1,"238":15,"239":8,"240":15,"241":15,"242":75,"243":15,"244":15,"245":15,"246":0,"247":0,"248":0,"249":15,"250":15,"251":0,"252":15,"253":15,"254":15,"255":15,"256":15,"257":0,"258":0,"259":0,"260":0,"261":0,"262":0,"263":1,"264":16,"265":16,"266":15,"267":16,"268":0,"269":0,"270":0,"271":0,"272":0,"273":16,"274":0,"275":0,"276":0,"277":16,"278":16,"279":0,"280":0,"281":1,"282":0,"283":0,"284":0,"285":0,"286":0,"287":0,"288":0,"289":0,"290":0,"291":0,"292":0,"293":0,"294":16,"295":0,"296":0,"297":0,"298":0,"299":0,"300":16,"301":16,"302":1,"303":1,"304":1,"305":1,"306":1,"307":1,"308":1,"309":1,"310":1,"311":1,"312":1,"313":1,"314":16,"315":16,"316":1,"317":1,"318":1,"319":16,"320":0,"321":0,"322":0,"323":0,"324":164,"325":169,"326":5,"327":5,"328":164,"329":166,"330":166,"331":166,"332":166,"333":16,"334":166,"335":164,"336":16,"337":0,"338":1,"339":0,"340":0,"341":0,"342":16,"343":16,"344":16,"345":16,"346":0,"347":16,"348":16,"349":0,"350":16,"351":16,"352":16,"353":164},"statementMap":{"1":{"end":{"column":3,"line":544},"start":{"column":0,"line":3}},"2":{"end":{"column":6,"line":543},"start":{"column":4,"line":5}},"3":{"end":{"column":70,"line":6},"start":{"column":8,"line":6}},"4":{"end":{"column":9,"line":15},"start":{"column":8,"line":7}},"5":{"end":{"column":94,"line":8},"start":{"column":12,"line":8}},"6":{"end":{"column":15,"line":11},"start":{"column":12,"line":9}},"7":{"end":{"column":104,"line":10},"start":{"column":16,"line":10}},"8":{"end":{"column":15,"line":14},"start":{"column":12,"line":12}},"9":{"end":{"column":98,"line":13},"start":{"column":16,"line":13}},"10":{"end":{"column":9,"line":256},"start":{"column":8,"line":16}},"11":{"end":{"column":21,"line":23},"start":{"column":12,"line":17}},"12":{"end":{"column":98,"line":24},"start":{"column":12,"line":24}},"13":{"end":{"column":96,"line":24},"start":{"column":41,"line":24}},"14":{"end":{"column":13,"line":115},"start":{"column":12,"line":25}},"15":{"end":{"column":19,"line":114},"start":{"column":16,"line":26}},"16":{"end":{"column":39,"line":28},"start":{"column":20,"line":27}},"17":{"end":{"column":21,"line":43},"start":{"column":20,"line":29}},"18":{"end":{"column":45,"line":35},"start":{"column":24,"line":30}},"19":{"end":{"column":43,"line":35},"start":{"column":36,"line":35}},"20":{"end":{"column":51,"line":36},"start":{"column":24,"line":36}},"21":{"end":{"column":79,"line":37},"start":{"column":24,"line":37}},"22":{"end":{"column":53,"line":38},"start":{"column":24,"line":38}},"23":{"end":{"column":97,"line":39},"start":{"column":24,"line":39}},"24":{"end":{"column":86,"line":40},"start":{"column":24,"line":40}},"25":{"end":{"column":78,"line":41},"start":{"column":24,"line":41}},"26":{"end":{"column":74,"line":42},"start":{"column":24,"line":42}},"27":{"end":{"column":21,"line":62},"start":{"column":20,"line":44}},"28":{"end":{"column":25,"line":49},"start":{"column":24,"line":46}},"29":{"end":{"column":35,"line":48},"start":{"column":28,"line":48}},"30":{"end":{"column":80,"line":50},"start":{"column":24,"line":50}},"31":{"end":{"column":26,"line":56},"start":{"column":24,"line":51}},"32":{"end":{"column":84,"line":57},"start":{"column":24,"line":57}},"33":{"end":{"column":78,"line":58},"start":{"column":24,"line":58}},"34":{"end":{"column":94,"line":59},"start":{"column":24,"line":59}},"35":{"end":{"column":83,"line":60},"start":{"column":24,"line":60}},"36":{"end":{"column":56,"line":61},"start":{"column":24,"line":61}},"37":{"end":{"column":21,"line":79},"start":{"column":20,"line":63}},"38":{"end":{"column":30,"line":64},"start":{"column":24,"line":64}},"39":{"end":{"column":25,"line":67},"start":{"column":24,"line":65}},"40":{"end":{"column":35,"line":66},"start":{"column":28,"line":66}},"41":{"end":{"column":74,"line":68},"start":{"column":24,"line":68}},"42":{"end":{"column":25,"line":77},"start":{"column":24,"line":69}},"43":{"end":{"column":32,"line":72},"start":{"column":28,"line":70}},"44":{"end":{"column":58,"line":71},"start":{"column":32,"line":71}},"45":{"end":{"column":29,"line":75},"start":{"column":28,"line":73}},"46":{"end":{"column":54,"line":74},"start":{"column":32,"line":74}},"47":{"end":{"column":35,"line":76},"start":{"column":28,"line":76}},"48":{"end":{"column":55,"line":78},"start":{"column":24,"line":78}},"49":{"end":{"column":21,"line":111},"start":{"column":20,"line":80}},"50":{"end":{"column":25,"line":93},"start":{"column":24,"line":81}},"51":{"end":{"column":61,"line":82},"start":{"column":28,"line":82}},"52":{"end":{"column":59,"line":82},"start":{"column":52,"line":82}},"53":{"end":{"column":29,"line":85},"start":{"column":28,"line":83}},"54":{"end":{"column":63,"line":84},"start":{"column":32,"line":84}},"55":{"end":{"column":29,"line":89},"start":{"column":28,"line":86}},"56":{"end":{"column":74,"line":87},"start":{"column":32,"line":87}},"57":{"end":{"column":39,"line":88},"start":{"column":32,"line":88}},"58":{"end":{"column":72,"line":90},"start":{"column":28,"line":90}},"59":{"end":{"column":69,"line":91},"start":{"column":28,"line":91}},"60":{"end":{"column":35,"line":92},"start":{"column":28,"line":92}},"61":{"end":{"column":47,"line":94},"start":{"column":24,"line":94}},"62":{"end":{"column":73,"line":95},"start":{"column":24,"line":95}},"63":{"end":{"column":25,"line":105},"start":{"column":24,"line":96}},"64":{"end":{"column":75,"line":97},"start":{"column":28,"line":97}},"65":{"end":{"column":106,"line":98},"start":{"column":28,"line":98}},"66":{"end":{"column":92,"line":99},"start":{"column":28,"line":99}},"67":{"end":{"column":77,"line":100},"start":{"column":28,"line":100}},"68":{"end":{"column":99,"line":101},"start":{"column":28,"line":101}},"69":{"end":{"column":31,"line":104},"start":{"column":28,"line":102}},"70":{"end":{"column":82,"line":103},"start":{"column":32,"line":103}},"71":{"end":{"column":25,"line":110},"start":{"column":24,"line":106}},"72":{"end":{"column":31,"line":109},"start":{"column":28,"line":107}},"73":{"end":{"column":61,"line":108},"start":{"column":32,"line":108}},"74":{"end":{"column":34,"line":112},"start":{"column":20,"line":112}},"75":{"end":{"column":64,"line":113},"start":{"column":20,"line":113}},"76":{"end":{"column":13,"line":118},"start":{"column":12,"line":116}},"77":{"end":{"column":82,"line":117},"start":{"column":16,"line":117}},"78":{"end":{"column":13,"line":131},"start":{"column":12,"line":119}},"79":{"end":{"column":17,"line":124},"start":{"column":16,"line":120}},"80":{"end":{"column":60,"line":121},"start":{"column":20,"line":121}},"81":{"end":{"column":17,"line":124},"start":{"column":23,"line":122}},"82":{"end":{"column":60,"line":123},"start":{"column":20,"line":123}},"83":{"end":{"column":17,"line":130},"start":{"column":16,"line":125}},"84":{"end":{"column":64,"line":126},"start":{"column":20,"line":126}},"85":{"end":{"column":17,"line":130},"start":{"column":23,"line":127}},"86":{"end":{"column":62,"line":129},"start":{"column":20,"line":129}},"87":{"end":{"column":13,"line":140},"start":{"column":12,"line":132}},"88":{"end":{"column":18,"line":139},"start":{"column":16,"line":133}},"89":{"end":{"column":69,"line":134},"start":{"column":20,"line":134}},"90":{"end":{"column":79,"line":135},"start":{"column":20,"line":135}},"91":{"end":{"column":77,"line":135},"start":{"column":70,"line":135}},"92":{"end":{"column":102,"line":136},"start":{"column":20,"line":136}},"93":{"end":{"column":100,"line":136},"start":{"column":93,"line":136}},"94":{"end":{"column":68,"line":137},"start":{"column":20,"line":137}},"95":{"end":{"column":103,"line":138},"start":{"column":20,"line":138}},"96":{"end":{"column":13,"line":145},"start":{"column":12,"line":141}},"97":{"end":{"column":18,"line":144},"start":{"column":16,"line":142}},"98":{"end":{"column":53,"line":143},"start":{"column":20,"line":143}},"99":{"end":{"column":13,"line":213},"start":{"column":12,"line":146}},"100":{"end":{"column":55,"line":148},"start":{"column":16,"line":147}},"101":{"end":{"column":30,"line":149},"start":{"column":16,"line":149}},"102":{"end":{"column":82,"line":150},"start":{"column":16,"line":150}},"103":{"end":{"column":42,"line":151},"start":{"column":16,"line":151}},"104":{"end":{"column":40,"line":152},"start":{"column":16,"line":152}},"105":{"end":{"column":31,"line":153},"start":{"column":16,"line":153}},"106":{"end":{"column":31,"line":154},"start":{"column":16,"line":154}},"107":{"end":{"column":54,"line":155},"start":{"column":16,"line":155}},"108":{"end":{"column":71,"line":156},"start":{"column":16,"line":156}},"109":{"end":{"column":73,"line":157},"start":{"column":16,"line":157}},"110":{"end":{"column":19,"line":162},"start":{"column":16,"line":158}},"111":{"end":{"column":50,"line":159},"start":{"column":20,"line":159}},"112":{"end":{"column":51,"line":160},"start":{"column":20,"line":160}},"113":{"end":{"column":52,"line":161},"start":{"column":20,"line":161}},"114":{"end":{"column":51,"line":163},"start":{"column":16,"line":163}},"115":{"end":{"column":17,"line":168},"start":{"column":16,"line":164}},"116":{"end":{"column":120,"line":165},"start":{"column":20,"line":165}},"117":{"end":{"column":64,"line":166},"start":{"column":20,"line":166}},"118":{"end":{"column":40,"line":167},"start":{"column":20,"line":167}},"119":{"end":{"column":52,"line":169},"start":{"column":16,"line":169}},"120":{"end":{"column":51,"line":170},"start":{"column":16,"line":170}},"121":{"end":{"column":75,"line":171},"start":{"column":16,"line":171}},"122":{"end":{"column":19,"line":178},"start":{"column":16,"line":172}},"123":{"end":{"column":21,"line":176},"start":{"column":20,"line":173}},"124":{"end":{"column":56,"line":174},"start":{"column":24,"line":174}},"125":{"end":{"column":57,"line":175},"start":{"column":24,"line":175}},"126":{"end":{"column":43,"line":177},"start":{"column":20,"line":177}},"127":{"end":{"column":70,"line":179},"start":{"column":16,"line":179}},"128":{"end":{"column":74,"line":180},"start":{"column":16,"line":180}},"129":{"end":{"column":47,"line":181},"start":{"column":16,"line":181}},"130":{"end":{"column":53,"line":182},"start":{"column":16,"line":182}},"131":{"end":{"column":53,"line":183},"start":{"column":16,"line":183}},"132":{"end":{"column":57,"line":184},"start":{"column":16,"line":184}},"133":{"end":{"column":17,"line":191},"start":{"column":16,"line":185}},"134":{"end":{"column":72,"line":186},"start":{"column":20,"line":186}},"135":{"end":{"column":49,"line":187},"start":{"column":20,"line":187}},"136":{"end":{"column":47,"line":187},"start":{"column":37,"line":187}},"137":{"end":{"column":21,"line":190},"start":{"column":20,"line":188}},"138":{"end":{"column":112,"line":189},"start":{"column":24,"line":189}},"139":{"end":{"column":17,"line":198},"start":{"column":16,"line":192}},"140":{"end":{"column":21,"line":197},"start":{"column":20,"line":193}},"141":{"end":{"column":95,"line":194},"start":{"column":24,"line":194}},"142":{"end":{"column":74,"line":196},"start":{"column":24,"line":196}},"143":{"end":{"column":52,"line":199},"start":{"column":16,"line":199}},"144":{"end":{"column":51,"line":200},"start":{"column":16,"line":200}},"145":{"end":{"column":57,"line":201},"start":{"column":16,"line":201}},"146":{"end":{"column":52,"line":202},"start":{"column":16,"line":202}},"147":{"end":{"column":93,"line":203},"start":{"column":16,"line":203}},"148":{"end":{"column":54,"line":204},"start":{"column":16,"line":204}},"149":{"end":{"column":56,"line":205},"start":{"column":16,"line":205}},"150":{"end":{"column":69,"line":206},"start":{"column":16,"line":206}},"151":{"end":{"column":67,"line":207},"start":{"column":16,"line":207}},"152":{"end":{"column":82,"line":208},"start":{"column":16,"line":208}},"153":{"end":{"column":79,"line":209},"start":{"column":16,"line":209}},"154":{"end":{"column":78,"line":210},"start":{"column":16,"line":210}},"155":{"end":{"column":75,"line":211},"start":{"column":16,"line":211}},"156":{"end":{"column":39,"line":212},"start":{"column":16,"line":212}},"157":{"end":{"column":40,"line":214},"start":{"column":12,"line":214}},"158":{"end":{"column":55,"line":215},"start":{"column":12,"line":215}},"159":{"end":{"column":39,"line":216},"start":{"column":12,"line":216}},"160":{"end":{"column":19,"line":217},"start":{"column":12,"line":217}},"161":{"end":{"column":41,"line":218},"start":{"column":12,"line":218}},"162":{"end":{"column":29,"line":219},"start":{"column":12,"line":219}},"163":{"end":{"column":31,"line":220},"start":{"column":12,"line":220}},"164":{"end":{"column":35,"line":221},"start":{"column":12,"line":221}},"165":{"end":{"column":39,"line":222},"start":{"column":12,"line":222}},"166":{"end":{"column":14,"line":231},"start":{"column":12,"line":223}},"167":{"end":{"column":49,"line":224},"start":{"column":16,"line":224}},"168":{"end":{"column":19,"line":227},"start":{"column":16,"line":225}},"169":{"end":{"column":32,"line":226},"start":{"column":20,"line":226}},"170":{"end":{"column":19,"line":230},"start":{"column":16,"line":228}},"171":{"end":{"column":73,"line":229},"start":{"column":20,"line":229}},"172":{"end":{"column":71,"line":229},"start":{"column":41,"line":229}},"173":{"end":{"column":15,"line":254},"start":{"column":12,"line":232}},"174":{"end":{"column":41,"line":234},"start":{"column":20,"line":234}},"175":{"end":{"column":21,"line":239},"start":{"column":20,"line":237}},"176":{"end":{"column":94,"line":238},"start":{"column":24,"line":238}},"177":{"end":{"column":42,"line":240},"start":{"column":20,"line":240}},"178":{"end":{"column":21,"line":243},"start":{"column":20,"line":241}},"179":{"end":{"column":57,"line":242},"start":{"column":24,"line":242}},"180":{"end":{"column":21,"line":246},"start":{"column":20,"line":244}},"181":{"end":{"column":42,"line":245},"start":{"column":24,"line":245}},"182":{"end":{"column":23,"line":252},"start":{"column":20,"line":247}},"183":{"end":{"column":25,"line":250},"start":{"column":24,"line":248}},"184":{"end":{"column":128,"line":249},"start":{"column":28,"line":249}},"185":{"end":{"column":111,"line":251},"start":{"column":24,"line":251}},"186":{"end":{"column":24,"line":255},"start":{"column":12,"line":255}},"187":{"end":{"column":9,"line":378},"start":{"column":8,"line":257}},"188":{"end":{"column":22,"line":264},"start":{"column":12,"line":258}},"189":{"end":{"column":13,"line":272},"start":{"column":12,"line":265}},"190":{"end":{"column":87,"line":266},"start":{"column":16,"line":266}},"191":{"end":{"column":77,"line":267},"start":{"column":16,"line":267}},"192":{"end":{"column":17,"line":271},"start":{"column":16,"line":268}},"193":{"end":{"column":99,"line":269},"start":{"column":20,"line":269}},"194":{"end":{"column":89,"line":270},"start":{"column":20,"line":270}},"195":{"end":{"column":13,"line":292},"start":{"column":12,"line":273}},"196":{"end":{"column":39,"line":274},"start":{"column":16,"line":274}},"197":{"end":{"column":19,"line":288},"start":{"column":16,"line":275}},"198":{"end":{"column":99,"line":275},"start":{"column":51,"line":275}},"199":{"end":{"column":56,"line":276},"start":{"column":20,"line":276}},"200":{"end":{"column":61,"line":277},"start":{"column":20,"line":277}},"201":{"end":{"column":59,"line":277},"start":{"column":52,"line":277}},"202":{"end":{"column":22,"line":287},"start":{"column":20,"line":278}},"203":{"end":{"column":54,"line":281},"start":{"column":28,"line":281}},"204":{"end":{"column":48,"line":282},"start":{"column":28,"line":282}},"205":{"end":{"column":74,"line":283},"start":{"column":28,"line":283}},"206":{"end":{"column":55,"line":284},"start":{"column":28,"line":284}},"207":{"end":{"column":35,"line":285},"start":{"column":28,"line":285}},"208":{"end":{"column":19,"line":291},"start":{"column":16,"line":289}},"209":{"end":{"column":50,"line":290},"start":{"column":20,"line":290}},"210":{"end":{"column":13,"line":310},"start":{"column":12,"line":293}},"211":{"end":{"column":85,"line":294},"start":{"column":16,"line":294}},"212":{"end":{"column":83,"line":294},"start":{"column":76,"line":294}},"213":{"end":{"column":35,"line":295},"start":{"column":16,"line":295}},"214":{"end":{"column":60,"line":296},"start":{"column":16,"line":296}},"215":{"end":{"column":17,"line":300},"start":{"column":16,"line":297}},"216":{"end":{"column":50,"line":298},"start":{"column":20,"line":298}},"217":{"end":{"column":52,"line":299},"start":{"column":20,"line":299}},"218":{"end":{"column":61,"line":308},"start":{"column":16,"line":301}},"219":{"end":{"column":54,"line":309},"start":{"column":16,"line":309}},"220":{"end":{"column":86,"line":311},"start":{"column":12,"line":311}},"221":{"end":{"column":107,"line":312},"start":{"column":12,"line":312}},"222":{"end":{"column":93,"line":313},"start":{"column":12,"line":313}},"223":{"end":{"column":36,"line":314},"start":{"column":12,"line":314}},"224":{"end":{"column":59,"line":315},"start":{"column":12,"line":315}},"225":{"end":{"column":15,"line":339},"start":{"column":12,"line":316}},"226":{"end":{"column":17,"line":320},"start":{"column":16,"line":318}},"227":{"end":{"column":59,"line":319},"start":{"column":20,"line":319}},"228":{"end":{"column":17,"line":324},"start":{"column":16,"line":322}},"229":{"end":{"column":59,"line":323},"start":{"column":20,"line":323}},"230":{"end":{"column":17,"line":329},"start":{"column":16,"line":326}},"231":{"end":{"column":86,"line":327},"start":{"column":20,"line":327}},"232":{"end":{"column":46,"line":328},"start":{"column":20,"line":328}},"233":{"end":{"column":17,"line":334},"start":{"column":16,"line":331}},"234":{"end":{"column":86,"line":332},"start":{"column":20,"line":332}},"235":{"end":{"column":39,"line":333},"start":{"column":20,"line":333}},"236":{"end":{"column":17,"line":338},"start":{"column":16,"line":336}},"237":{"end":{"column":46,"line":337},"start":{"column":20,"line":337}},"238":{"end":{"column":15,"line":342},"start":{"column":12,"line":340}},"239":{"end":{"column":70,"line":341},"start":{"column":16,"line":341}},"240":{"end":{"column":77,"line":343},"start":{"column":12,"line":343}},"241":{"end":{"column":15,"line":346},"start":{"column":12,"line":344}},"242":{"end":{"column":72,"line":345},"start":{"column":16,"line":345}},"243":{"end":{"column":98,"line":347},"start":{"column":12,"line":347}},"244":{"end":{"column":87,"line":348},"start":{"column":12,"line":348}},"245":{"end":{"column":14,"line":354},"start":{"column":12,"line":349}},"246":{"end":{"column":17,"line":352},"start":{"column":16,"line":350}},"247":{"end":{"column":54,"line":351},"start":{"column":20,"line":351}},"248":{"end":{"column":44,"line":353},"start":{"column":16,"line":353}},"249":{"end":{"column":84,"line":355},"start":{"column":12,"line":355}},"250":{"end":{"column":15,"line":358},"start":{"column":12,"line":356}},"251":{"end":{"column":43,"line":357},"start":{"column":16,"line":357}},"252":{"end":{"column":53,"line":359},"start":{"column":12,"line":359}},"253":{"end":{"column":53,"line":360},"start":{"column":12,"line":360}},"254":{"end":{"column":66,"line":361},"start":{"column":12,"line":361}},"255":{"end":{"column":15,"line":364},"start":{"column":12,"line":362}},"256":{"end":{"column":13,"line":377},"start":{"column":12,"line":365}},"257":{"end":{"column":19,"line":376},"start":{"column":16,"line":366}},"258":{"end":{"column":53,"line":367},"start":{"column":20,"line":367}},"259":{"end":{"column":23,"line":375},"start":{"column":20,"line":368}},"260":{"end":{"column":47,"line":371},"start":{"column":28,"line":371}},"261":{"end":{"column":51,"line":372},"start":{"column":28,"line":372}},"262":{"end":{"column":54,"line":373},"start":{"column":28,"line":373}},"263":{"end":{"column":9,"line":487},"start":{"column":8,"line":379}},"264":{"end":{"column":37,"line":382},"start":{"column":12,"line":380}},"265":{"end":{"column":13,"line":385},"start":{"column":12,"line":383}},"266":{"end":{"column":48,"line":384},"start":{"column":16,"line":384}},"267":{"end":{"column":13,"line":398},"start":{"column":12,"line":386}},"268":{"end":{"column":44,"line":388},"start":{"column":24,"line":388}},"269":{"end":{"column":19,"line":397},"start":{"column":16,"line":390}},"270":{"end":{"column":53,"line":393},"start":{"column":24,"line":393}},"271":{"end":{"column":50,"line":394},"start":{"column":24,"line":394}},"272":{"end":{"column":50,"line":395},"start":{"column":24,"line":395}},"273":{"end":{"column":13,"line":407},"start":{"column":12,"line":399}},"274":{"end":{"column":19,"line":406},"start":{"column":16,"line":400}},"275":{"end":{"column":92,"line":403},"start":{"column":24,"line":403}},"276":{"end":{"column":36,"line":404},"start":{"column":24,"line":404}},"277":{"end":{"column":13,"line":446},"start":{"column":12,"line":408}},"278":{"end":{"column":19,"line":434},"start":{"column":16,"line":409}},"279":{"end":{"column":35,"line":412},"start":{"column":24,"line":412}},"280":{"end":{"column":27,"line":431},"start":{"column":24,"line":413}},"281":{"end":{"column":29,"line":420},"start":{"column":28,"line":414}},"282":{"end":{"column":63,"line":415},"start":{"column":32,"line":415}},"283":{"end":{"column":51,"line":416},"start":{"column":32,"line":416}},"284":{"end":{"column":56,"line":417},"start":{"column":32,"line":417}},"285":{"end":{"column":58,"line":418},"start":{"column":32,"line":418}},"286":{"end":{"column":44,"line":419},"start":{"column":32,"line":419}},"287":{"end":{"column":67,"line":421},"start":{"column":28,"line":421}},"288":{"end":{"column":54,"line":422},"start":{"column":28,"line":422}},"289":{"end":{"column":86,"line":423},"start":{"column":28,"line":423}},"290":{"end":{"column":81,"line":424},"start":{"column":28,"line":424}},"291":{"end":{"column":68,"line":427},"start":{"column":28,"line":425}},"292":{"end":{"column":31,"line":430},"start":{"column":28,"line":428}},"293":{"end":{"column":33,"line":432},"start":{"column":24,"line":432}},"294":{"end":{"column":19,"line":445},"start":{"column":16,"line":435}},"295":{"end":{"column":52,"line":439},"start":{"column":24,"line":439}},"296":{"end":{"column":44,"line":440},"start":{"column":24,"line":440}},"297":{"end":{"column":49,"line":441},"start":{"column":24,"line":441}},"298":{"end":{"column":50,"line":442},"start":{"column":24,"line":442}},"299":{"end":{"column":50,"line":443},"start":{"column":24,"line":443}},"300":{"end":{"column":13,"line":467},"start":{"column":12,"line":447}},"301":{"end":{"column":19,"line":466},"start":{"column":16,"line":450}},"302":{"end":{"column":43,"line":453},"start":{"column":24,"line":453}},"303":{"end":{"column":45,"line":454},"start":{"column":24,"line":454}},"304":{"end":{"column":48,"line":455},"start":{"column":24,"line":455}},"305":{"end":{"column":47,"line":456},"start":{"column":24,"line":456}},"306":{"end":{"column":50,"line":457},"start":{"column":24,"line":457}},"307":{"end":{"column":56,"line":458},"start":{"column":24,"line":458}},"308":{"end":{"column":98,"line":459},"start":{"column":24,"line":459}},"309":{"end":{"column":93,"line":460},"start":{"column":24,"line":460}},"310":{"end":{"column":46,"line":461},"start":{"column":24,"line":461}},"311":{"end":{"column":42,"line":462},"start":{"column":24,"line":462}},"312":{"end":{"column":50,"line":463},"start":{"column":24,"line":463}},"313":{"end":{"column":50,"line":464},"start":{"column":24,"line":464}},"314":{"end":{"column":13,"line":486},"start":{"column":12,"line":468}},"315":{"end":{"column":19,"line":476},"start":{"column":16,"line":469}},"316":{"end":{"column":44,"line":472},"start":{"column":24,"line":472}},"317":{"end":{"column":62,"line":473},"start":{"column":24,"line":473}},"318":{"end":{"column":50,"line":474},"start":{"column":24,"line":474}},"319":{"end":{"column":19,"line":485},"start":{"column":16,"line":477}},"320":{"end":{"column":44,"line":480},"start":{"column":24,"line":480}},"321":{"end":{"column":63,"line":481},"start":{"column":24,"line":481}},"322":{"end":{"column":50,"line":482},"start":{"column":24,"line":482}},"323":{"end":{"column":50,"line":483},"start":{"column":24,"line":483}},"324":{"end":{"column":10,"line":493},"start":{"column":8,"line":488}},"325":{"end":{"column":13,"line":492},"start":{"column":12,"line":489}},"326":{"end":{"column":46,"line":490},"start":{"column":16,"line":490}},"327":{"end":{"column":48,"line":491},"start":{"column":16,"line":491}},"328":{"end":{"column":10,"line":502},"start":{"column":8,"line":494}},"329":{"end":{"column":75,"line":495},"start":{"column":12,"line":495}},"330":{"end":{"column":29,"line":496},"start":{"column":12,"line":496}},"331":{"end":{"column":39,"line":497},"start":{"column":12,"line":497}},"332":{"end":{"column":13,"line":500},"start":{"column":12,"line":498}},"333":{"end":{"column":43,"line":499},"start":{"column":16,"line":499}},"334":{"end":{"column":41,"line":501},"start":{"column":12,"line":501}},"335":{"end":{"column":10,"line":541},"start":{"column":8,"line":503}},"336":{"end":{"column":13,"line":506},"start":{"column":12,"line":504}},"337":{"end":{"column":23,"line":505},"start":{"column":16,"line":505}},"338":{"end":{"column":13,"line":512},"start":{"column":12,"line":507}},"339":{"end":{"column":19,"line":511},"start":{"column":16,"line":508}},"340":{"end":{"column":80,"line":509},"start":{"column":20,"line":509}},"341":{"end":{"column":79,"line":510},"start":{"column":20,"line":510}},"342":{"end":{"column":18,"line":519},"start":{"column":12,"line":513}},"343":{"end":{"column":13,"line":522},"start":{"column":12,"line":520}},"344":{"end":{"column":46,"line":521},"start":{"column":16,"line":521}},"345":{"end":{"column":13,"line":525},"start":{"column":12,"line":523}},"346":{"end":{"column":23,"line":524},"start":{"column":16,"line":524}},"347":{"end":{"column":13,"line":540},"start":{"column":12,"line":526}},"348":{"end":{"column":17,"line":529},"start":{"column":16,"line":527}},"349":{"end":{"column":46,"line":528},"start":{"column":20,"line":528}},"350":{"end":{"column":26,"line":537},"start":{"column":16,"line":530}},"351":{"end":{"column":72,"line":538},"start":{"column":16,"line":538}},"352":{"end":{"column":35,"line":539},"start":{"column":16,"line":539}},"353":{"end":{"column":15,"line":542},"start":{"column":8,"line":542}}}},"/Users/tgermaneri/git/canvas-datagrid/lib/defaults.js":{"b":{},"branchMap":{},"f":{"1":1,"2":164},"fnMap":{"1":{"line":3,"loc":{"end":{"column":23,"line":3},"start":{"column":11,"line":3}},"name":"(anonymous_1)"},"2":{"line":5,"loc":{"end":{"column":27,"line":5},"start":{"column":11,"line":5}},"name":"(anonymous_2)"}},"path":"/Users/tgermaneri/git/canvas-datagrid/lib/defaults.js","s":{"1":1,"2":1,"3":164},"statementMap":{"1":{"end":{"column":3,"line":258},"start":{"column":0,"line":3}},"2":{"end":{"column":6,"line":257},"start":{"column":4,"line":5}},"3":{"end":{"column":10,"line":256},"start":{"column":8,"line":6}}}},"/Users/tgermaneri/git/canvas-datagrid/lib/dom.js":{"b":{"1":[20,0],"2":[20,0],"3":[20,0],"4":[20,0],"5":[0,20],"6":[0,20],"7":[676,568],"8":[568,0],"9":[568,568],"10":[20,1322],"11":[20,0],"12":[80,40],"13":[0,40],"14":[0,205],"15":[0,18],"16":[4,14],"17":[18,5],"18":[4,4],"19":[1,3],"20":[0,1],"21":[1,18],"22":[0,18],"23":[2,16],"24":[1,15],"25":[2,16],"26":[0,2],"27":[2,0],"28":[3,3],"29":[0,6],"30":[2,0],"31":[1,8],"32":[3,5],"33":[8,3,0,0],"34":[5,0],"35":[0,5],"36":[1,4],"37":[1,4],"38":[1,4],"39":[1,4],"40":[0,5],"41":[942,0],"42":[164,1],"43":[6,158],"44":[164,164],"45":[0,158],"46":[1,157],"47":[73,0],"48":[164,0],"49":[1,163],"50":[0,164],"51":[164,163],"52":[0,0],"53":[0,0]},"branchMap":{"1":{"line":33,"locations":[{"end":{"column":57,"line":33},"start":{"column":47,"line":33}},{"end":{"column":72,"line":33},"start":{"column":60,"line":33}}],"type":"cond-expr"},"2":{"line":34,"locations":[{"end":{"column":57,"line":34},"start":{"column":47,"line":34}},{"end":{"column":72,"line":34},"start":{"column":60,"line":34}}],"type":"cond-expr"},"3":{"line":35,"locations":[{"end":{"column":57,"line":35},"start":{"column":47,"line":35}},{"end":{"column":72,"line":35},"start":{"column":60,"line":35}}],"type":"cond-expr"},"4":{"line":36,"locations":[{"end":{"column":57,"line":36},"start":{"column":47,"line":36}},{"end":{"column":72,"line":36},"start":{"column":60,"line":36}}],"type":"cond-expr"},"5":{"line":41,"locations":[{"end":{"column":12,"line":41},"start":{"column":12,"line":41}},{"end":{"column":12,"line":41},"start":{"column":12,"line":41}}],"type":"if"},"6":{"line":42,"locations":[{"end":{"column":12,"line":42},"start":{"column":12,"line":42}},{"end":{"column":12,"line":42},"start":{"column":12,"line":42}}],"type":"if"},"7":{"line":63,"locations":[{"end":{"column":31,"line":63},"start":{"column":19,"line":63}},{"end":{"column":67,"line":63},"start":{"column":35,"line":63}}],"type":"binary-expr"},"8":{"line":64,"locations":[{"end":{"column":16,"line":64},"start":{"column":16,"line":64}},{"end":{"column":16,"line":64},"start":{"column":16,"line":64}}],"type":"if"},"9":{"line":64,"locations":[{"end":{"column":57,"line":64},"start":{"column":20,"line":64}},{"end":{"column":64,"line":65},"start":{"column":27,"line":65}}],"type":"binary-expr"},"10":{"line":74,"locations":[{"end":{"column":12,"line":74},"start":{"column":12,"line":74}},{"end":{"column":12,"line":74},"start":{"column":12,"line":74}}],"type":"if"},"11":{"line":78,"locations":[{"end":{"column":116,"line":78},"start":{"column":27,"line":78}},{"end":{"column":66,"line":79},"start":{"column":27,"line":79}}],"type":"binary-expr"},"12":{"line":89,"locations":[{"end":{"column":33,"line":89},"start":{"column":19,"line":89}},{"end":{"column":69,"line":89},"start":{"column":37,"line":89}}],"type":"binary-expr"},"13":{"line":96,"locations":[{"end":{"column":12,"line":96},"start":{"column":12,"line":96}},{"end":{"column":12,"line":96},"start":{"column":12,"line":96}}],"type":"if"},"14":{"line":109,"locations":[{"end":{"column":12,"line":109},"start":{"column":12,"line":109}},{"end":{"column":12,"line":109},"start":{"column":12,"line":109}}],"type":"if"},"15":{"line":132,"locations":[{"end":{"column":12,"line":132},"start":{"column":12,"line":132}},{"end":{"column":12,"line":132},"start":{"column":12,"line":132}}],"type":"if"},"16":{"line":139,"locations":[{"end":{"column":12,"line":139},"start":{"column":12,"line":139}},{"end":{"column":12,"line":139},"start":{"column":12,"line":139}}],"type":"if"},"17":{"line":139,"locations":[{"end":{"column":47,"line":139},"start":{"column":16,"line":139}},{"end":{"column":57,"line":139},"start":{"column":51,"line":139}}],"type":"binary-expr"},"18":{"line":140,"locations":[{"end":{"column":49,"line":140},"start":{"column":34,"line":140}},{"end":{"column":55,"line":140},"start":{"column":53,"line":140}}],"type":"binary-expr"},"19":{"line":143,"locations":[{"end":{"column":16,"line":143},"start":{"column":16,"line":143}},{"end":{"column":16,"line":143},"start":{"column":16,"line":143}}],"type":"if"},"20":{"line":144,"locations":[{"end":{"column":20,"line":144},"start":{"column":20,"line":144}},{"end":{"column":20,"line":144},"start":{"column":20,"line":144}}],"type":"if"},"21":{"line":177,"locations":[{"end":{"column":12,"line":177},"start":{"column":12,"line":177}},{"end":{"column":12,"line":177},"start":{"column":12,"line":177}}],"type":"if"},"22":{"line":185,"locations":[{"end":{"column":12,"line":185},"start":{"column":12,"line":185}},{"end":{"column":12,"line":185},"start":{"column":12,"line":185}}],"type":"if"},"23":{"line":188,"locations":[{"end":{"column":12,"line":188},"start":{"column":12,"line":188}},{"end":{"column":12,"line":188},"start":{"column":12,"line":188}}],"type":"if"},"24":{"line":191,"locations":[{"end":{"column":32,"line":192},"start":{"column":22,"line":192}},{"end":{"column":42,"line":192},"start":{"column":35,"line":192}}],"type":"cond-expr"},"25":{"line":195,"locations":[{"end":{"column":12,"line":195},"start":{"column":12,"line":195}},{"end":{"column":12,"line":195},"start":{"column":12,"line":195}}],"type":"if"},"26":{"line":197,"locations":[{"end":{"column":16,"line":197},"start":{"column":16,"line":197}},{"end":{"column":16,"line":197},"start":{"column":16,"line":197}}],"type":"if"},"27":{"line":199,"locations":[{"end":{"column":23,"line":199},"start":{"column":23,"line":199}},{"end":{"column":23,"line":199},"start":{"column":23,"line":199}}],"type":"if"},"28":{"line":206,"locations":[{"end":{"column":20,"line":206},"start":{"column":20,"line":206}},{"end":{"column":20,"line":206},"start":{"column":20,"line":206}}],"type":"if"},"29":{"line":213,"locations":[{"end":{"column":20,"line":213},"start":{"column":20,"line":213}},{"end":{"column":20,"line":213},"start":{"column":20,"line":213}}],"type":"if"},"30":{"line":218,"locations":[{"end":{"column":16,"line":218},"start":{"column":16,"line":218}},{"end":{"column":16,"line":218},"start":{"column":16,"line":218}}],"type":"if"},"31":{"line":245,"locations":[{"end":{"column":16,"line":245},"start":{"column":16,"line":245}},{"end":{"column":16,"line":245},"start":{"column":16,"line":245}}],"type":"if"},"32":{"line":249,"locations":[{"end":{"column":23,"line":249},"start":{"column":23,"line":249}},{"end":{"column":23,"line":249},"start":{"column":23,"line":249}}],"type":"if"},"33":{"line":249,"locations":[{"end":{"column":43,"line":249},"start":{"column":27,"line":249}},{"end":{"column":54,"line":250},"start":{"column":28,"line":250}},{"end":{"column":57,"line":251},"start":{"column":32,"line":251}},{"end":{"column":71,"line":251},"start":{"column":61,"line":251}}],"type":"binary-expr"},"34":{"line":254,"locations":[{"end":{"column":23,"line":254},"start":{"column":23,"line":254}},{"end":{"column":23,"line":254},"start":{"column":23,"line":254}}],"type":"if"},"35":{"line":256,"locations":[{"end":{"column":20,"line":256},"start":{"column":20,"line":256}},{"end":{"column":20,"line":256},"start":{"column":20,"line":256}}],"type":"if"},"36":{"line":259,"locations":[{"end":{"column":20,"line":259},"start":{"column":20,"line":259}},{"end":{"column":20,"line":259},"start":{"column":20,"line":259}}],"type":"if"},"37":{"line":264,"locations":[{"end":{"column":20,"line":264},"start":{"column":20,"line":264}},{"end":{"column":20,"line":264},"start":{"column":20,"line":264}}],"type":"if"},"38":{"line":268,"locations":[{"end":{"column":20,"line":268},"start":{"column":20,"line":268}},{"end":{"column":20,"line":268},"start":{"column":20,"line":268}}],"type":"if"},"39":{"line":272,"locations":[{"end":{"column":20,"line":272},"start":{"column":20,"line":272}},{"end":{"column":20,"line":272},"start":{"column":20,"line":272}}],"type":"if"},"40":{"line":275,"locations":[{"end":{"column":20,"line":275},"start":{"column":20,"line":275}},{"end":{"column":20,"line":275},"start":{"column":20,"line":275}}],"type":"if"},"41":{"line":424,"locations":[{"end":{"column":12,"line":424},"start":{"column":12,"line":424}},{"end":{"column":12,"line":424},"start":{"column":12,"line":424}}],"type":"if"},"42":{"line":432,"locations":[{"end":{"column":31,"line":432},"start":{"column":30,"line":432}},{"end":{"column":67,"line":432},"start":{"column":35,"line":432}}],"type":"binary-expr"},"43":{"line":433,"locations":[{"end":{"column":12,"line":433},"start":{"column":12,"line":433}},{"end":{"column":12,"line":433},"start":{"column":12,"line":433}}],"type":"if"},"44":{"line":433,"locations":[{"end":{"column":31,"line":433},"start":{"column":16,"line":433}},{"end":{"column":95,"line":433},"start":{"column":35,"line":433}}],"type":"binary-expr"},"45":{"line":448,"locations":[{"end":{"column":16,"line":448},"start":{"column":16,"line":448}},{"end":{"column":16,"line":448},"start":
[...]
"start":{"column":19,"line":304}},{"end":{"column":19,"line":304},"start":{"column":19,"line":304}}],"type":"if"},"53":{"line":304,"locations":[{"end":{"column":49,"line":304},"start":{"column":23,"line":304}},{"end":{"column":90,"line":305},"start":{"column":24,"line":305}},{"end":{"column":93,"line":306},"start":{"column":27,"line":306}},{"end":{"column":64,"line":307},"start":{"column":23,"line":307}},{"end":{"column":26,"line":308},"start":{"column":23,"line":308}}],"type":"binary-expr"},"54":{"line":315,"locations":[{"end":{"column":12,"line":315},"start":{"column":12,"line":315}},{"end":{"column":12,"line":315},"start":{"column":12,"line":315}}],"type":"if"}},"f":{"1":1,"2":164,"3":17,"4":0,"5":0,"6":756,"7":0,"8":0,"9":0,"10":0,"11":0,"12":0,"13":0,"14":0,"15":0,"16":0,"17":756,"18":151,"19":11,"20":378,"21":0,"22":0,"23":0,"24":7,"25":2,"26":0,"27":11,"28":0,"29":5,"30":7,"31":0},"fnMap":{"1":{"line":3,"loc":{"end":{"column":23,"line":3},"start":{"column":11,"line":3}},"name":"(anonymous_1)"},"2":{"line":5,"loc":{"end":{"column":27,"line":5},"start":{"column":11,"line":5}},"name":"(anonymous_2)"},"3":{"line":12,"loc":{"end":{"column":40,"line":12},"start":{"column":27,"line":12}},"name":"(anonymous_3)"},"4":{"line":30,"loc":{"end":{"column":33,"line":30},"start":{"column":20,"line":30}},"name":"(anonymous_4)"},"5":{"line":31,"loc":{"end":{"column":37,"line":31},"start":{"column":24,"line":31}},"name":"(anonymous_5)"},"6":{"line":32,"loc":{"end":{"column":38,"line":32},"start":{"column":25,"line":32}},"name":"(anonymous_6)"},"7":{"line":33,"loc":{"end":{"column":40,"line":33},"start":{"column":27,"line":33}},"name":"(anonymous_7)"},"8":{"line":34,"loc":{"end":{"column":38,"line":34},"start":{"column":25,"line":34}},"name":"(anonymous_8)"},"9":{"line":35,"loc":{"end":{"column":39,"line":35},"start":{"column":26,"line":35}},"name":"(anonymous_9)"},"10":{"line":36,"loc":{"end":{"column":41,"line":36},"start":{"column":28,"line":36}},"name":"(anonymous_10)"},"11":{"line":37,"loc":{"end":{"column":38,"line":37},"start":{"column":25,"line":37}},"name":"(anonymous_11)"},"12":{"line":38,"loc":{"end":{"column":39,"line":38},"start":{"column":26,"line":38}},"name":"(anonymous_12)"},"13":{"line":39,"loc":{"end":{"column":41,"line":39},"start":{"column":28,"line":39}},"name":"(anonymous_13)"},"14":{"line":40,"loc":{"end":{"column":38,"line":40},"start":{"column":25,"line":40}},"name":"(anonymous_14)"},"15":{"line":41,"loc":{"end":{"column":39,"line":41},"start":{"column":26,"line":41}},"name":"(anonymous_15)"},"16":{"line":42,"loc":{"end":{"column":41,"line":42},"start":{"column":28,"line":42}},"name":"(anonymous_16)"},"17":{"line":44,"loc":{"end":{"column":44,"line":44},"start":{"column":22,"line":44}},"name":"(anonymous_17)"},"18":{"line":47,"loc":{"end":{"column":45,"line":47},"start":{"column":33,"line":47}},"name":"(anonymous_18)"},"19":{"line":56,"loc":{"end":{"column":40,"line":56},"start":{"column":28,"line":56}},"name":"(anonymous_19)"},"20":{"line":65,"loc":{"end":{"column":45,"line":65},"start":{"column":33,"line":65}},"name":"(anonymous_20)"},"21":{"line":81,"loc":{"end":{"column":45,"line":81},"start":{"column":29,"line":81}},"name":"(anonymous_21)"},"22":{"line":84,"loc":{"end":{"column":38,"line":84},"start":{"column":25,"line":84}},"name":"(anonymous_22)"},"23":{"line":85,"loc":{"end":{"column":31,"line":85},"start":{"column":19,"line":85}},"name":"(anonymous_23)"},"24":{"line":110,"loc":{"end":{"column":39,"line":110},"start":{"column":26,"line":110}},"name":"(anonymous_24)"},"25":{"line":143,"loc":{"end":{"column":62,"line":143},"start":{"column":50,"line":143}},"name":"(anonymous_25)"},"26":{"line":184,"loc":{"end":{"column":55,"line":184},"start":{"column":27,"line":184}},"name":"(anonymous_26)"},"27":{"line":218,"loc":{"end":{"column":38,"line":218},"start":{"column":25,"line":218}},"name":"(anonymous_27)"},"28":{"line":230,"loc":{"end":{"column":35,"line":230},"start":{"column":12,"line":230}},"name":"touchScroll"},"29":{"line":274,"loc":{"end":{"column":43,"line":274},"start":{"column":30,"line":274}},"name":"(anonymous_29)"},"30":{"line":284,"loc":{"end":{"column":37,"line":284},"start":{"column":24,"line":284}},"name":"(anonymous_30)"},"31":{"line":314,"loc":{"end":{"column":40,"line":314},"start":{"column":27,"line":314}},"name":"(anonymous_31)"}},"path":"/Users/tgermaneri/git/canvas-datagrid/lib/touch.js","s":{"1":1,"2":1,"3":164,"4":164,"5":164,"6":164,"7":164,"8":164,"9":17,"10":17,"11":3,"12":3,"13":17,"14":164,"15":0,"16":0,"17":756,"18":0,"19":0,"20":0,"21":0,"22":0,"23":0,"24":0,"25":0,"26":0,"27":0,"28":164,"29":756,"30":164,"31":151,"32":151,"33":151,"34":164,"35":11,"36":11,"37":11,"38":164,"39":378,"40":0,"41":378,"42":378,"43":378,"44":378,"45":378,"46":378,"47":3,"48":375,"49":375,"50":164,"51":0,"52":164,"53":0,"54":0,"55":0,"56":0,"57":0,"58":0,"59":0,"60":0,"61":0,"62":0,"63":0,"64":0,"65":0,"66":0,"67":0,"68":164,"69":7,"70":1,"71":6,"72":6,"73":6,"74":6,"75":6,"76":6,"77":6,"78":6,"79":6,"80":6,"81":6,"82":6,"83":6,"84":6,"85":2,"86":6,"87":6,"88":6,"89":0,"90":0,"91":0,"92":0,"93":0,"94":0,"95":0,"96":0,"97":0,"98":0,"99":0,"100":0,"101":0,"102":0,"103":6,"104":6,"105":6,"106":6,"107":164,"108":0,"109":0,"110":0,"111":0,"112":0,"113":0,"114":0,"115":0,"116":0,"117":0,"118":0,"119":0,"120":0,"121":0,"122":0,"123":0,"124":0,"125":0,"126":0,"127":0,"128":0,"129":0,"130":164,"131":11,"132":0,"133":11,"134":11,"135":11,"136":11,"137":1,"138":0,"139":0,"140":0,"141":0,"142":0,"143":0,"144":0,"145":11,"146":11,"147":11,"148":11,"149":11,"150":11,"151":11,"152":11,"153":0,"154":11,"155":0,"156":0,"157":11,"158":2,"159":2,"160":9,"161":0,"162":0,"163":9,"164":9,"165":164,"166":5,"167":5,"168":5,"169":5,"170":5,"171":5,"172":5,"173":5,"174":164,"175":7,"176":2,"177":5,"178":5,"179":0,"180":5,"181":0,"182":5,"183":0,"184":5,"185":0,"186":5,"187":5,"188":5,"189":5,"190":0,"191":5,"192":3,"193":3,"194":5,"195":164,"196":0,"197":0,"198":0},"statementMap":{"1":{"end":{"column":3,"line":319},"start":{"column":0,"line":3}},"2":{"end":{"column":6,"line":318},"start":{"column":4,"line":5}},"3":{"end":{"column":31,"line":7},"start":{"column":8,"line":6}},"4":{"end":{"column":34,"line":8},"start":{"column":8,"line":8}},"5":{"end":{"column":29,"line":9},"start":{"column":8,"line":9}},"6":{"end":{"column":33,"line":10},"start":{"column":8,"line":10}},"7":{"end":{"column":33,"line":11},"start":{"column":8,"line":11}},"8":{"end":{"column":10,"line":27},"start":{"column":8,"line":12}},"9":{"end":{"column":18,"line":17},"start":{"column":12,"line":13}},"10":{"end":{"column":13,"line":21},"start":{"column":12,"line":18}},"11":{"end":{"column":47,"line":19},"start":{"column":16,"line":19}},"12":{"end":{"column":46,"line":20},"start":{"column":16,"line":20}},"13":{"end":{"column":14,"line":26},"start":{"column":12,"line":22}},"14":{"end":{"column":10,"line":43},"start":{"column":8,"line":29}},"15":{"end":{"column":44,"line":30},"start":{"column":35,"line":30}},"16":{"end":{"column":52,"line":31},"start":{"column":39,"line":31}},"17":{"end":{"column":59,"line":32},"start":{"column":40,"line":32}},"18":{"end":{"column":92,"line":33},"start":{"column":42,"line":33}},"19":{"end":{"column":57,"line":34},"start":{"column":40,"line":34}},"20":{"end":{"column":66,"line":35},"start":{"column":41,"line":35}},"21":{"end":{"column":116,"line":36},"start":{"column":43,"line":36}},"22":{"end":{"column":61,"line":37},"start":{"column":40,"line":37}},"23":{"end":{"column":70,"line":38},"start":{"column":41,"line":38}},"24":{"end":{"column":108,"line":39},"start":{"column":43,"line":39}},"25":{"end":{"column":65,"line":40},"start":{"column":40,"line":40}},"26":{"end":{"column":75,"line":41},"start":{"column":41,"line":41}},"27":{"end":{"column":116,"line":42},"start":{"column":43,"line":42}},"28":{"end":{"column":10,"line":46},"start":{"column":8,"line":44}},"29":{"end":{"column":90,"line":45},"start":{"column":12,"line":45}},"30":{"end":{"column":10,"line":55},"start":{"column":8,"line":47}},"31":{"end":{"column":120,"line":48},"start":{"column":12,"line":48}},"32":{"end":{"column":120,"line":49},"start":{"column":12,"line":49}},"33":{"end":{"column":14,"line":54},"start":{"column":12,"line":50}},"34":{"end":{"column":10,"line":64},"start":{"column":8,"line":56}},"35":{"end":{"column":109,"line":57},"start":{"column":12,"line":57}},"36":{"end":{"column":109,"line":58},"start":{"column":12,"line":58}},"37":{"end":{"column":14,"line":63},"start":{"column":12,"line":59}},"38":{"end":{"column":10,"line":80},"start":{"column":8,"line":65}},"39":{"end":{"column":115,"line":66},"start":{"column":12,"line":66}},"40":{"end":{"column":113,"line":66},"start":{"column":60,"line":66}},"41":{"end":{"column":18,"line":69},"start":{"column":12,"line":67}},"42":{"end":{"column":38,"line":70},"start":{"column":12,"line":70}},"43":{"end":{"column":38,"line":71},"start":{"column":12,"line":71}},"44":{"end":{"column":106,"line":72},"start":{"column":12,"line":72}},"45":{"end":{"column":105,"line":73},"start":{"column":12,"line":73}},"46":{"end":{"column":13,"line":77},"start":{"column":12,"line":74}},"47":{"end":{"column":23,"line":76},"start":{"column":16,"line":76}},"48":{"end":{"column":84,"line":78},"start":{"column":12,"line":78}},"49":{"end":{"column":58,"line":79},"start":{"column":12,"line":79}},"50":{"end":{"column":10,"line":83},"start":{"column":8,"line":81}},"51":{"end":{"column":62,"line":82},"start":{"column":12,"line":82}},"52":{"end":{"column":10,"line":109},"start":{"column":8,"line":84}},"53":{"end":{"column":14,"line":108},"start":{"column":12,"line":85}},"54":{"end":{"column":54,"line":86},"start":{"column":16,"line":86}},"55":{"end":{"column":49,"line":87},"start":{"column":16,"line":87}},"56":{"end":{"column":17,"line":107},"start":{"column":16,"line":88}},"57":{"end":{"column":53,"line":89},"start":{"column":20,"line":89}},"58":{"end":{"column":39,"line":90},"start":{"column":20,"line":90}},"59":{"end":{"column":37,"line":90},"start":{"column":30,"line":90}},"60":{"end":{"column":21,"line":95},"start":{"column":20,"line":91}},"61":{"end":{"column":46,"line":93},"start":{"column":24,"line":93}},"62":{"end":{"column":31,"line":94},"start":{"column":24,"line":94}},"63":{"end":{"column":21,"line":98},"start":{"column":20,"line":96}},"64":{"end":{"column":39,"line":97},"start":{"column":24,"line":97}},"65":{"end":{"column":42,"line":99},"start":{"column":20,"line":99}},"66":{"end":{"column":23,"line":105},"start":{"column":20,"line":100}},"67":{"end":{"column":32,"line":106},"start":{"column":20,"line":106}},"68":{"end":{"column":10,"line":183},"start":{"column":8,"line":110}},"69":{"end":{"column":79,"line":111},"start":{"column":12,"line":111}},"70":{"end":{"column":77,"line":111},"start":{"column":70,"line":111}},"71":{"end":{"column":38,"line":112},"start":{"column":12,"line":112}},"72":{"end":{"column":50,"line":113},"start":{"column":12,"line":113}},"73":{"end":{"column":51,"line":114},"start":{"column":12,"line":114}},"74":{"end":{"column":37,"line":115},"start":{"column":12,"line":115}},"75":{"end":{"column":38,"line":116},"start":{"column":12,"line":116}},"76":{"end":{"column":37,"line":117},"start":{"column":12,"line":117}},"77":{"end":{"column":36,"line":118},"start":{"column":12,"line":118}},"78":{"end":{"column":31,"line":119},"start":{"column":12,"line":119}},"79":{"end":{"column":50,"line":120},"start":{"column":12,"line":120}},"80":{"end":{"column":14,"line":125},"start":{"column":12,"line":121}},"81":{"end":{"column":14,"line":132},"start":{"column":12,"line":126}},"82":{"end":{"column":14,"line":137},"start":{"column":12,"line":133}},"83":{"end":{"column":14,"line":142},"start":{"column":12,"line":138}},"84":{"end":{"column":55,"line":145},"start":{"column":12,"line":143}},"85":{"end":{"column":58,"line":144},"start":{"column":16,"line":144}},"86":{"end":{"column":87,"line":146},"start":{"column":12,"line":146}},"87":{"end":{"column":91,"line":147},"start":{"column":12,"line":147}},"88":{"end":{"column":13,"line":178},"start":{"column":12,"line":148}},"89":{"end":{"column":17,"line":175},"start":{"column":16,"line":149}},"90":{"end":{"column":23,"line":155},"start":{"column":20,"line":150}},"91":{"end":{"column":32,"line":156},"start":{"column":20,"line":156}},"92":{"end":{"column":17,"line":175},"start":{"column":23,"line":157}},"93":{"end":{"column":21,"line":165},"start":{"column":20,"line":158}},"94":{"end":{"column":25,"line":163},"start":{"column":24,"line":159}},"95":{"end":{"column":97,"line":160},"start":{"column":28,"line":160}},"96":{"end":{"column":56,"line":162},"start":{"column":28,"line":162}},"97":{"end":{"column":87,"line":164},"start":{"column":24,"line":164}},"98":{"end":{"column":21,"line":174},"start":{"column":20,"line":166}},"99":{"end":{"column":27,"line":172},"start":{"column":24,"line":167}},"100":{"end":{"column":36,"line":173},"start":{"column":24,"line":173}},"101":{"end":{"column":39,"line":176},"start":{"column":16,"line":176}},"102":{"end":{"column":23,"line":177},"start":{"column":16,"line":177}},"103":{"end":{"column":90,"line":179},"start":{"column":12,"line":179}},"104":{"end":{"column":77,"line":180},"start":{"column":12,"line":180}},"105":{"end":{"column":83,"line":181},"start":{"column":12,"line":181}},"106":{"end":{"column":24,"line":182},"start":{"column":12,"line":182}},"107":{"end":{"column":10,"line":217},"start":{"column":8,"line":184}},"108":{"end":{"column":90,"line":185},"start":{"column":12,"line":185}},"109":{"end":{"column":88,"line":185},"start":{"column":81,"line":185}},"110":{"end":{"column":39,"line":186},"start":{"column":12,"line":186}},"111":{"end":{"column":51,"line":187},"start":{"column":12,"line":187}},"112":{"end":{"column":13,"line":208},"start":{"column":12,"line":188}},"113":{"end":{"column":46,"line":191},"start":{"column":16,"line":191}},"114":{"end":{"column":47,"line":192},"start":{"column":16,"line":192}},"115":{"end":{"column":13,"line":208},"start":{"column":19,"line":193}},"116":{"end":{"column":43,"line":196},"start":{"column":16,"line":196}},"117":{"end":{"column":47,"line":197},"start":{"column":16,"line":197}},"118":{"end":{"column":13,"line":208},"start":{"column":19,"line":198}},"119":{"end":{"column":43,"line":201},"start":{"column":16,"line":201}},"120":{"end":{"column":48,"line":202},"start":{"column":16,"line":202}},"121":{"end":{"column":13,"line":208},"start":{"column":19,"line":203}},"122":{"end":{"column":46,"line":206},"start":{"column":16,"line":206}},"123":{"end":{"column":48,"line":207},"start":{"column":16,"line":207}},"124":{"end":{"column":13,"line":214},"start":{"column":12,"line":209}},"125":{"end":{"column":32,"line":210},"start":{"column":16,"line":210}},"126":{"end":{"column":59,"line":211},"start":{"column":16,"line":211}},"127":{"end":{"column":55,"line":213},"start":{"column":16,"line":213}},"128":{"end":{"column":36,"line":215},"start":{"column":12,"line":215}},"129":{"end":{"column":24,"line":216},"start":{"column":12,"line":216}},"130":{"end":{"column":10,"line":273},"start":{"column":8,"line":218}},"131":{"end":{"column":78,"line":219},"start":{"column":12,"line":219}},"132":{"end":{"column":76,"line":219},"start":{"column":69,"line":219}},"133":{"end":{"column":45,"line":220},"start":{"column":12,"line":220}},"134":{"end":{"column":51,"line":221},"start":{"column":12,"line":221}},"135":{"end":{"column":53,"line":222},"start":{"column":12,"line":222}},"136":{"end":{"column":48,"line":229},"start":{"column":12,"line":223}},"137":{"end":{"column":13,"line":239},"start":{"column":12,"line":230}},"138":{"end":{"column":49,"line":232},"start":{"column":16,"line":231}},"139":{"end":{"column":82,"line":233},"start":{"column":16,"line":233}},"140":{"end":{"column":82,"line":234},"start":{"column":16,"line":234}},"141":{"end":{"column":82,"line":235},"start":{"column":16,"line":235}},"142":{"end":{"column":82,"line":236},"start":{"column":16,"line":236}},"143":{"end":{"column":46,"line":237},"start":{"column":16,"line":237}},"144":{"end":{"column":95,"line":238},"start":{"column":16,"line":238}},"145":{"end":{"column":32,"line":240},"start":{"column":12,"line":240}},"146":{"end":{"column":14,"line":247},"start":{"column":12,"line":241}},"147":{"end":{"column":90,"line":248},"start":{"column":12,"line":248}},"148":{"end":{"column":32,"line":249},"start":{"column":12,"line":249}},"149":{"end":{"column":77,"line":250},"start":{"column":12,"line":250}},"150":{"end":{"column":38,"line":251},"start":{"column":12,"line":251}},"151":{"end":{"column":37,"line":252},"start":{"column":12,"line":252}},"152":{"end":{"column":13,"line":255},"start":{"column":12,"line":253}},"153":{"end":{"column":30,"line":254},"start":{"column":16,"line":254}},"154":{"end":{"column":13,"line":260},"start":{"column":12,"line":256}},"155":{"end":{"column":95,"line":258},"start":{"column":16,"line":257}},"156":{"end":{"column":23,"line":259},"start":{"column":16,"line":259}},"157":{"end":{"column":13,"line":265},"start":{"column":12,"line":261}},"158":{"end":{"column":94,"line":263},"start":{"column":16,"line":262}},"159":{"end":{"column":23,"line":264},"start":{"column":16,"line":264}},"160":{"end":{"column":13,"line":269},"start":{"column":12,"line":266}},"161":{"end":{"column":76,"line":267},"start":{"column":16,"line":267}},"162":{"end":{"column":23,"line":268},"start":{"column":16,"line":268}},"163":{"end":{"column":61,"line":271},"start":{"column":12,"line":270}},"164":{"end":{"column":24,"line":272},"start":{"column":12,"line":272}},"165":{"end":{"column":10,"line":283},"start":{"column":8,"line":274}},"166":{"end":{"column":40,"line":275},"start":{"column":12,"line":275}},"167":{"end":{"column":51,"line":276},"start":{"column":12,"line":276}},"168":{"end":{"column":52,"line":277},"start":{"column":12,"line":277}},"169":{"end":{"column":50,"line":278},"start":{"column":12,"line":278}},"170":{"end":{"column":32,"line":279},"start":{"column":12,"line":279}},"171":{"end":{"column":93,"line":280},"start":{"column":12,"line":280}},"172":{"end":{"column":80,"line":281},"start":{"column":12,"line":281}},"173":{"end":{"column":86,"line":282},"start":{"column":12,"line":282}},"174":{"end":{"column":10,"line":313},"start":{"column":8,"line":284}},"175":{"end":{"column":77,"line":285},"start":{"column":12,"line":285}},"176":{"end":{"column":75,"line":285},"start":{"column":68,"line":285}},"177":{"end":{"column":111,"line":286},"start":{"column":12,"line":286}},"178":{"end":{"column":13,"line":289},"start":{"column":12,"line":287}},"179":{"end":{"column":30,"line":288},"start":{"column":16,"line":288}},"180":{"end":{"column":13,"line":292},"start":{"column":12,"line":290}},"181":{"end":{"column":30,"line":291},"start":{"column":16,"line":291}},"182":{"end":{"column":13,"line":295},"start":{"column":12,"line":293}},"183":{"end":{"column":31,"line":294},"start":{"column":16,"line":294}},"184":{"end":{"column":13,"line":298},"start":{"column":12,"line":296}},"185":{"end":{"column":31,"line":297},"start":{"column":16,"line":297}},"186":{"end":{"column":89,"line":299},"start":{"column":12,"line":299}},"187":{"end":{"column":89,"line":300},"start":{"column":12,"line":300}},"188":{"end":{"column":37,"line":301},"start":{"column":12,"line":301}},"189":{"end":{"column":13,"line":311},"start":{"column":12,"line":302}},"190":{"end":{"column":55,"line":303},"start":{"column":16,"line":303}},"191":{"end":{"column":13,"line":311},"start":{"column":19,"line":304}},"192":{"end":{"column":43,"line":309},"start":{"column":16,"line":309}},"193":{"end":{"column":41,"line":310},"start":{"column":16,"line":310}},"194":{"end":{"column":35,"line":312},"start":{"column":12,"line":312}},"195":{"end":{"column":10,"line":317},"start":{"column":8,"line":314}},"196":{"end":{"column":80,"line":315},"start":{"column":12,"line":315}},"197":{"end":{"column":78,"line":315},"start":{"column":71,"line":315}},"198":{"end":{"column":35,"line":316},"start":{"column":12,"line":316}}}}}